Initialization:
    Waiting to connect ...
    AI0: HY_ZYH_Final from 127.0.0.1 connected
    AI1: mamisan from 127.0.0.1 connected
    mamisan is the first player
    HY_ZYH_Final is the second player
Step 1:
    Send to player 1 [name: mamisan] a signal: ACTION
    Receive message form player 1 [name: mamisan]: 2 2 R
    Transform message form [number: 1] [name: mamisan]: 6 4 L
    Correct move!
    Player 1 [name mamisan] choose (6,4) move to (6 3)
    Send to player 0 [name: HY_ZYH_Final] infomation : (1 6 4 6 3)
    Send to player 1 [name: mamisan] infomation : (1 2 2 2 3)
Step 2:
    Send to player 0 [name: HY_ZYH_Final] a signal: ACTION
    Receive message form player 0 [name: HY_ZYH_Final]: 1 1 D
    Transform message form [number: 0] [name: HY_ZYH_Final]: 1 1 D
    Correct move!
    Player 0 [name HY_ZYH_Final] choose (1,1) move to (0 1)
    Send to player 0 [name: HY_ZYH_Final] infomation : (0 1 1 0 1)
    Send to player 1 [name: mamisan] infomation : (0 7 5 8 5)
Step 3:
    Send to player 1 [name: mamisan] a signal: ACTION
    Receive message form player 1 [name: mamisan]: 2 3 U
    Transform message form [number: 1] [name: mamisan]: 6 3 D
    Correct move!
    Player 1 [name mamisan] choose (6,3) move to (5 3)
    Send to player 0 [name: HY_ZYH_Final] infomation : (1 6 3 5 3)
    Send to player 1 [name: mamisan] infomation : (1 2 3 3 3)
Step 4:
    Send to player 0 [name: HY_ZYH_Final] a signal: ACTION
    Receive message form player 0 [name: HY_ZYH_Final]: 2 0 R
    Transform message form [number: 0] [name: HY_ZYH_Final]: 2 0 R
    Correct move!
    Player 0 [name HY_ZYH_Final] choose (2,0) move to (2 1)
    Send to player 0 [name: HY_ZYH_Final] infomation : (0 2 0 2 1)
    Send to player 1 [name: mamisan] infomation : (0 6 6 6 5)
Step 5:
    Send to player 1 [name: mamisan] a signal: ACTION
    Receive message form player 1 [name: mamisan]: 3 3 U
    Transform message form [number: 1] [name: mamisan]: 5 3 D
    Correct move!
    Player 1 [name mamisan] choose (5,3) move to (4 3)
    Send to player 0 [name: HY_ZYH_Final] infomation : (1 5 3 4 3)
    Send to player 1 [name: mamisan] infomation : (1 3 3 4 3)
Step 6:
    Send to player 0 [name: HY_ZYH_Final] a signal: ACTION
    Receive message form player 0 [name: HY_ZYH_Final]: 2 1 D
    Transform message form [number: 0] [name: HY_ZYH_Final]: 2 1 D
    Correct move!
    Player 0 [name HY_ZYH_Final] choose (2,1) move to (1 1)
    Send to player 0 [name: HY_ZYH_Final] infomation : (0 2 1 1 1)
    Send to player 1 [name: mamisan] infomation : (0 6 5 7 5)
Step 7:
    Send to player 1 [name: mamisan] a signal: ACTION
    Receive message form player 1 [name: mamisan]: 4 3 U
    Transform message form [number: 1] [name: mamisan]: 4 3 D
    Correct move!
    Player 1 [name mamisan] choose (4,3) move to (3 3)
    Send to player 0 [name: HY_ZYH_Final] infomation : (1 4 3 3 3)
    Send to player 1 [name: mamisan] infomation : (1 4 3 5 3)
Step 8:
    Send to player 0 [name: HY_ZYH_Final] a signal: ACTION
    Receive message form player 0 [name: HY_ZYH_Final]: 1 5 D
    Transform message form [number: 0] [name: HY_ZYH_Final]: 1 5 D
    Correct move!
    Player 0 [name HY_ZYH_Final] choose (1,5) move to (0 5)
    Send to player 0 [name: HY_ZYH_Final] infomation : (0 1 5 0 5)
    Send to player 1 [name: mamisan] infomation : (0 7 1 8 1)
Step 9:
    Send to player 1 [name: mamisan] a signal: ACTION
    Receive message form player 1 [name: mamisan]: 5 3 U
    Transform message form [number: 1] [name: mamisan]: 3 3 D
    Correct move!
    Player 1 [name mamisan] choose (3,3) move to (2 3)
    Send to player 0 [name: HY_ZYH_Final] infomation : (1 3 3 2 3)
    Send to player 1 [name: mamisan] infomation : (1 5 3 6 3)
Step 10:
    Send to player 0 [name: HY_ZYH_Final] a signal: ACTION
    Receive message form player 0 [name: HY_ZYH_Final]: 1 1 R
    Transform message form [number: 0] [name: HY_ZYH_Final]: 1 1 R
    Correct move!
    Player 0 [name HY_ZYH_Final] choose (1,1) move to (1 2)
    Send to player 0 [name: HY_ZYH_Final] infomation : (0 1 1 1 2)
    Send to player 1 [name: mamisan] infomation : (0 7 5 7 4)
Step 11:
    Send to player 1 [name: mamisan] a signal: ACTION
    Receive message form player 1 [name: mamisan]: 6 3 U
    Transform message form [number: 1] [name: mamisan]: 2 3 D
    Correct move!
    Player 1 [name mamisan] choose (2,3) move to (1 3)
    Send to player 0 [name: HY_ZYH_Final] infomation : (1 2 3 1 3)
    Send to player 1 [name: mamisan] infomation : (1 6 3 7 3)
Step 12:
    Send to player 0 [name: HY_ZYH_Final] a signal: ACTION
    Receive message form player 0 [name: HY_ZYH_Final]: 1 2 R
    Transform message form [number: 0] [name: HY_ZYH_Final]: 1 2 R
    Correct move!
    Player 0 [name HY_ZYH_Final] choose (1,2) move to (1 3)
    Send to player 0 [name: HY_ZYH_Final] infomation : (0 1 2 1 3)
    Send to player 1 [name: mamisan] infomation : (0 7 4 7 3)
Step 13:
    Send to player 1 [name: mamisan] a signal: ACTION
    Receive message form player 1 [name: mamisan]: 0 0 R
    Transform message form [number: 1] [name: mamisan]: 8 6 L
    Correct move!
    Player 1 [name mamisan] choose (8,6) move to (8 5)
    Send to player 0 [name: HY_ZYH_Final] infomation : (1 8 6 8 5)
    Send to player 1 [name: mamisan] infomation : (1 0 0 0 1)
Step 14:
    Send to player 0 [name: HY_ZYH_Final] a signal: ACTION
    Receive message form player 0 [name: HY_ZYH_Final]: 0 1 R
    Transform message form [number: 0] [name: HY_ZYH_Final]: 0 1 R
    Correct move!
    Player 0 [name HY_ZYH_Final] choose (0,1) move to (0 2)
    Send to player 0 [name: HY_ZYH_Final] infomation : (0 0 1 0 2)
    Send to player 1 [name: mamisan] infomation : (0 8 5 8 4)
Step 15:
    Send to player 1 [name: mamisan] a signal: ACTION
    Receive message form player 1 [name: mamisan]: 0 1 R
    Transform message form [number: 1] [name: mamisan]: 8 5 L
    Correct move!
    Player 1 [name mamisan] choose (8,5) move to (8 4)
    Send to player 0 [name: HY_ZYH_Final] infomation : (1 8 5 8 4)
    Send to player 1 [name: mamisan] infomation : (1 0 1 0 2)
Step 16:
    Send to player 0 [name: HY_ZYH_Final] a signal: ACTION
    Receive message form player 0 [name: HY_ZYH_Final]: 0 5 L
    Transform message form [number: 0] [name: HY_ZYH_Final]: 0 5 L
    Correct move!
    Player 0 [name HY_ZYH_Final] choose (0,5) move to (0 4)
    Send to player 0 [name: HY_ZYH_Final] infomation : (0 0 5 0 4)
    Send to player 1 [name: mamisan] infomation : (0 8 1 8 2)
Step 17:
    Send to player 1 [name: mamisan] a signal: ACTION
    Receive message form player 1 [name: mamisan]: 0 2 U
    Transform message form [number: 1] [name: mamisan]: 8 4 D
    Correct move!
    Player 1 [name mamisan] choose (8,4) move to (7 4)
    Send to player 0 [name: HY_ZYH_Final] infomation : (1 8 4 7 4)
    Send to player 1 [name: mamisan] infomation : (1 0 2 1 2)
Step 18:
    Send to player 0 [name: HY_ZYH_Final] a signal: ACTION
    Receive message from AI0 timeout. AI1 wins.
    Receive message from AI0 timeout. AI1 wins.
Total Steps: 18
End!
