Initialization:
    Waiting to connect ...
    AI0: XIQCX from 127.0.0.1 connected
    AI1: Lee Algebra from 127.0.0.1 connected
    XIQCX is the first player
    Lee Algebra is the second player
Step 1:
    Send to player 0 [name: XIQCX] a signal: ACTION
    Receive message form player 0 [name: XIQCX]: 2 4 L
    Transform message form [number: 0] [name: XIQCX]: 2 4 L
    Correct move!
    Player 0 [name XIQCX] choose (2,4) move to (2 3)
    Send to player 0 [name: XIQCX] infomation : (0 2 4 2 3)
    Send to player 1 [name: Lee Algebra] infomation : (0 6 2 6 3)
Step 2:
    Send to player 1 [name: Lee Algebra] a signal: ACTION
    Receive message form player 1 [name: Lee Algebra]: 2 0 R
    Transform message form [number: 1] [name: Lee Algebra]: 6 6 L
    Correct move!
    Player 1 [name Lee Algebra] choose (6,6) move to (6 5)
    Send to player 0 [name: XIQCX] infomation : (1 6 6 6 5)
    Send to player 1 [name: Lee Algebra] infomation : (1 2 0 2 1)
Step 3:
    Send to player 0 [name: XIQCX] a signal: ACTION
    Receive message form player 0 [name: XIQCX]: 0 0 R
    Transform message form [number: 0] [name: XIQCX]: 0 0 R
    Correct move!
    Player 0 [name XIQCX] choose (0,0) move to (0 1)
    Send to player 0 [name: XIQCX] infomation : (0 0 0 0 1)
    Send to player 1 [name: Lee Algebra] infomation : (0 8 6 8 5)
Step 4:
    Send to player 1 [name: Lee Algebra] a signal: ACTION
    Receive message form player 1 [name: Lee Algebra]: 0 6 L
    Transform message form [number: 1] [name: Lee Algebra]: 8 0 R
    Correct move!
    Player 1 [name Lee Algebra] choose (8,0) move to (8 1)
    Send to player 0 [name: XIQCX] infomation : (1 8 0 8 1)
    Send to player 1 [name: Lee Algebra] infomation : (1 0 6 0 5)
Step 5:
    Send to player 0 [name: XIQCX] a signal: ACTION
    Receive message form player 0 [name: XIQCX]: 1 1 L
    Transform message form [number: 0] [name: XIQCX]: 1 1 L
    Correct move!
    Player 0 [name XIQCX] choose (1,1) move to (1 0)
    Send to player 0 [name: XIQCX] infomation : (0 1 1 1 0)
    Send to player 1 [name: Lee Algebra] infomation : (0 7 5 7 6)
Step 6:
    Send to player 1 [name: Lee Algebra] a signal: ACTION
    Receive message form player 1 [name: Lee Algebra]: 0 0 U
    Transform message form [number: 1] [name: Lee Algebra]: 8 6 D
    Correct move!
    Player 1 [name Lee Algebra] choose (8,6) move to (7 6)
    Send to player 0 [name: XIQCX] infomation : (1 8 6 7 6)
    Send to player 1 [name: Lee Algebra] infomation : (1 0 0 1 0)
Step 7:
    Send to player 0 [name: XIQCX] a signal: ACTION
    Receive message form player 0 [name: XIQCX]: 2 0 U
    Transform message form [number: 0] [name: XIQCX]: 2 0 U
    Correct move!
    Player 0 [name XIQCX] choose (2,0) move to (3 0)
    Send to player 0 [name: XIQCX] infomation : (0 2 0 3 0)
    Send to player 1 [name: Lee Algebra] infomation : (0 6 6 5 6)
Step 8:
    Send to player 1 [name: Lee Algebra] a signal: ACTION
    Receive message form player 1 [name: Lee Algebra]: 0 5 L
    Transform message form [number: 1] [name: Lee Algebra]: 8 1 R
    Correct move!
    Player 1 [name Lee Algebra] choose (8,1) move to (8 2)
    Send to player 0 [name: XIQCX] infomation : (1 8 1 8 2)
    Send to player 1 [name: Lee Algebra] infomation : (1 0 5 0 4)
Step 9:
    Send to player 0 [name: XIQCX] a signal: ACTION
    Receive message form player 0 [name: XIQCX]: 1 5 U
    Transform message form [number: 0] [name: XIQCX]: 1 5 U
    Correct move!
    Player 0 [name XIQCX] choose (1,5) move to (2 5)
    Send to player 0 [name: XIQCX] infomation : (0 1 5 2 5)
    Send to player 1 [name: Lee Algebra] infomation : (0 7 1 6 1)
Step 10:
    Send to player 1 [name: Lee Algebra] a signal: ACTION
    Receive message form player 1 [name: Lee Algebra]: 1 0 U
    Transform message form [number: 1] [name: Lee Algebra]: 7 6 D
    Correct move!
    Player 1 [name Lee Algebra] choose (7,6) move to (6 6)
    Send to player 0 [name: XIQCX] infomation : (1 7 6 6 6)
    Send to player 1 [name: Lee Algebra] infomation : (1 1 0 2 0)
Step 11:
    Send to player 0 [name: XIQCX] a signal: ACTION
    Receive message form player 0 [name: XIQCX]: 3 0 U
    Transform message form [number: 0] [name: XIQCX]: 3 0 U
    Correct move!
    Player 0 [name XIQCX] choose (3,0) move to (4 0)
    Send to player 0 [name: XIQCX] infomation : (0 3 0 4 0)
    Send to player 1 [name: Lee Algebra] infomation : (0 5 6 4 6)
Step 12:
    Send to player 1 [name: Lee Algebra] a signal: ACTION
    Receive message form player 1 [name: Lee Algebra]: 2 6 U
    Transform message form [number: 1] [name: Lee Algebra]: 6 0 D
    Correct move!
    Player 1 [name Lee Algebra] choose (6,0) move to (5 0)
    Send to player 0 [name: XIQCX] infomation : (1 6 0 5 0)
    Send to player 1 [name: Lee Algebra] infomation : (1 2 6 3 6)
Step 13:
    Send to player 0 [name: XIQCX] a signal: ACTION
    Receive message form player 0 [name: XIQCX]: 2 2 L
    Transform message form [number: 0] [name: XIQCX]: 2 2 L
    Correct move!
    Player 0 [name XIQCX] choose (2,2) move to (2 1)
    Send to player 0 [name: XIQCX] infomation : (0 2 2 2 1)
    Send to player 1 [name: Lee Algebra] infomation : (0 6 4 6 5)
Step 14:
    Send to player 1 [name: Lee Algebra] a signal: ACTION
    Receive message form player 1 [name: Lee Algebra]: 3 6 U
    Transform message form [number: 1] [name: Lee Algebra]: 5 0 D
    Correct move!
    Player 1 [name Lee Algebra] choose (5,0) move to (4 0)
    Send to player 0 [name: XIQCX] infomation : (1 5 0 4 0)
    Send to player 1 [name: Lee Algebra] infomation : (1 3 6 4 6)
Step 15:
    Send to player 0 [name: XIQCX] a signal: ACTION
    Receive message form player 0 [name: XIQCX]: 0 6 U
    Transform message form [number: 0] [name: XIQCX]: 0 6 U
    Correct move!
    Player 0 [name XIQCX] choose (0,6) move to (1 6)
    Send to player 0 [name: XIQCX] infomation : (0 0 6 1 6)
    Send to player 1 [name: Lee Algebra] infomation : (0 8 0 7 0)
Step 16:
    Send to player 1 [name: Lee Algebra] a signal: ACTION
    Receive message form player 1 [name: Lee Algebra]: 1 1 R
    Transform message form [number: 1] [name: Lee Algebra]: 7 5 L
    Correct move!
    Player 1 [name Lee Algebra] choose (7,5) move to (7 4)
    Send to player 0 [name: XIQCX] infomation : (1 7 5 7 4)
    Send to player 1 [name: Lee Algebra] infomation : (1 1 1 1 2)
Step 17:
    Send to player 0 [name: XIQCX] a signal: ACTION
    Receive message form player 0 [name: XIQCX]: 1 6 L
    Transform message form [number: 0] [name: XIQCX]: 1 6 L
    Correct move!
    Player 0 [name XIQCX] choose (1,6) move to (1 5)
    Send to player 0 [name: XIQCX] infomation : (0 1 6 1 5)
    Send to player 1 [name: Lee Algebra] infomation : (0 7 0 7 1)
Step 18:
    Send to player 1 [name: Lee Algebra] a signal: ACTION
    Receive message form player 1 [name: Lee Algebra]: 2 1 D
    Transform message form [number: 1] [name: Lee Algebra]: 6 5 U
    Correct move!
    Player 1 [name Lee Algebra] choose (6,5) move to (7 5)
    Send to player 0 [name: XIQCX] infomation : (1 6 5 7 5)
    Send to player 1 [name: Lee Algebra] infomation : (1 2 1 1 1)
Step 19:
    Send to player 0 [name: XIQCX] a signal: ACTION
    Receive message form player 0 [name: XIQCX]: 2 1 R
    Transform message form [number: 0] [name: XIQCX]: 2 1 R
    Correct move!
    Player 0 [name XIQCX] choose (2,1) move to (2 2)
    Send to player 0 [name: XIQCX] infomation : (0 2 1 2 2)
    Send to player 1 [name: Lee Algebra] infomation : (0 6 5 6 4)
Step 20:
    Send to player 1 [name: Lee Algebra] a signal: ACTION
    Receive message form player 1 [name: Lee Algebra]: 1 2 D
    Transform message form [number: 1] [name: Lee Algebra]: 7 4 U
    Correct move!
    Player 1 [name Lee Algebra] choose (7,4) move to (8 4)
    Send to player 0 [name: XIQCX] infomation : (1 7 4 8 4)
    Send to player 1 [name: Lee Algebra] infomation : (1 1 2 0 2)
Step 21:
    Send to player 0 [name: XIQCX] a signal: ACTION
    Receive message form player 0 [name: XIQCX]: 0 1 U
    Transform message form [number: 0] [name: XIQCX]: 0 1 U
    Correct move!
    Player 0 [name XIQCX] choose (0,1) move to (1 1)
    Send to player 0 [name: XIQCX] infomation : (0 0 1 1 1)
    Send to player 1 [name: Lee Algebra] infomation : (0 8 5 7 5)
Step 22:
    Send to player 1 [name: Lee Algebra] a signal: ACTION
    Receive message form player 1 [name: Lee Algebra]: 1 1 R
    Transform message form [number: 1] [name: Lee Algebra]: 7 5 L
    Correct move!
    Player 1 [name Lee Algebra] choose (7,5) move to (7 4)
    Send to player 0 [name: XIQCX] infomation : (1 7 5 7 4)
    Send to player 1 [name: Lee Algebra] infomation : (1 1 1 1 2)
Step 23:
    Send to player 0 [name: XIQCX] a signal: ACTION
    Receive message form player 0 [name: XIQCX]: 2 6 U
    Transform message form [number: 0] [name: XIQCX]: 2 6 U
    Correct move!
    Player 0 [name XIQCX] choose (2,6) move to (3 6)
    Send to player 0 [name: XIQCX] infomation : (0 2 6 3 6)
    Send to player 1 [name: Lee Algebra] infomation : (0 6 0 5 0)
Step 24:
    Send to player 1 [name: Lee Algebra] a signal: ACTION
    Receive message form player 1 [name: Lee Algebra]: 1 5 L
    Transform message form [number: 1] [name: Lee Algebra]: 7 1 R
    Correct move!
    Player 1 [name Lee Algebra] choose (7,1) move to (7 2)
    Send to player 0 [name: XIQCX] infomation : (1 7 1 7 2)
    Send to player 1 [name: Lee Algebra] infomation : (1 1 5 1 4)
Step 25:
    Send to player 0 [name: XIQCX] a signal: ACTION
    Receive message form player 0 [name: XIQCX]: 1 1 U
    Transform message form [number: 0] [name: XIQCX]: 1 1 U
    Correct move!
    Player 0 [name XIQCX] choose (1,1) move to (2 1)
    Send to player 0 [name: XIQCX] infomation : (0 1 1 2 1)
    Send to player 1 [name: Lee Algebra] infomation : (0 7 5 6 5)
Step 26:
    Send to player 1 [name: Lee Algebra] a signal: ACTION
    Receive message form player 1 [name: Lee Algebra]: 1 2 R
    Transform message form [number: 1] [name: Lee Algebra]: 7 4 L
    Correct move!
    Player 1 [name Lee Algebra] choose (7,4) move to (7 3)
    Send to player 0 [name: XIQCX] infomation : (1 7 4 7 3)
    Send to player 1 [name: Lee Algebra] infomation : (1 1 2 1 3)
Step 27:
    Send to player 0 [name: XIQCX] a signal: ACTION
    Receive message form player 0 [name: XIQCX]: 2 2 D
    Transform message form [number: 0] [name: XIQCX]: 2 2 D
    Correct move!
    Player 0 [name XIQCX] choose (2,2) move to (1 2)
    Send to player 0 [name: XIQCX] infomation : (0 2 2 1 2)
    Send to player 1 [name: Lee Algebra] infomation : (0 6 4 7 4)
Step 28:
    Send to player 1 [name: Lee Algebra] a signal: ACTION
    Receive message form player 1 [name: Lee Algebra]: 4 6 L
    Transform message form [number: 1] [name: Lee Algebra]: 4 0 R
    Correct move!
    Player 1 [name Lee Algebra] choose (4,0) move to (4 1)
    Send to player 0 [name: XIQCX] infomation : (1 4 0 4 1)
    Send to player 1 [name: Lee Algebra] infomation : (1 4 6 4 5)
Step 29:
    Send to player 0 [name: XIQCX] a signal: ACTION
    Receive message form player 0 [name: XIQCX]: 2 3 L
    Transform message form [number: 0] [name: XIQCX]: 2 3 L
    Correct move!
    Player 0 [name XIQCX] choose (2,3) move to (2 2)
    Send to player 0 [name: XIQCX] infomation : (0 2 3 2 2)
    Send to player 1 [name: Lee Algebra] infomation : (0 6 3 6 4)
Step 30:
    Send to player 1 [name: Lee Algebra] a signal: ACTION
    Receive message form player 1 [name: Lee Algebra]: 0 4 R
    Transform message form [number: 1] [name: Lee Algebra]: 8 2 L
    Correct move!
    Player 1 [name Lee Algebra] choose (8,2) move to (8 1)
    Send to player 0 [name: XIQCX] infomation : (1 8 2 8 1)
    Send to player 1 [name: Lee Algebra] infomation : (1 0 4 0 5)
Step 31:
    Send to player 0 [name: XIQCX] a signal: ACTION
    Receive message form player 0 [name: XIQCX]: 3 6 U
    Transform message form [number: 0] [name: XIQCX]: 3 6 U
    Correct move!
    Player 0 [name XIQCX] choose (3,6) move to (4 6)
    Send to player 0 [name: XIQCX] infomation : (0 3 6 4 6)
    Send to player 1 [name: Lee Algebra] infomation : (0 5 0 4 0)
Step 32:
    Send to player 1 [name: Lee Algebra] a signal: ACTION
    Receive message form player 1 [name: Lee Algebra]: 2 2 R
    Transform message form [number: 1] [name: Lee Algebra]: 6 4 L
    Correct move!
    Player 1 [name Lee Algebra] choose (6,4) move to (6 3)
    Send to player 0 [name: XIQCX] infomation : (1 6 4 6 3)
    Send to player 1 [name: Lee Algebra] infomation : (1 2 2 2 3)
Step 33:
    Send to player 0 [name: XIQCX] a signal: ACTION
    Receive message form player 0 [name: XIQCX]: 1 2 R
    Transform message form [number: 0] [name: XIQCX]: 1 2 R
    Correct move!
    Player 0 [name XIQCX] choose (1,2) move to (1 3)
    Send to player 0 [name: XIQCX] infomation : (0 1 2 1 3)
    Send to player 1 [name: Lee Algebra] infomation : (0 7 4 7 3)
Step 34:
    Send to player 1 [name: Lee Algebra] a signal: ACTION
    Receive message form player 1 [name: Lee Algebra]: 2 0 U
    Transform message form [number: 1] [name: Lee Algebra]: 6 6 D
    Correct move!
    Player 1 [name Lee Algebra] choose (6,6) move to (5 6)
    Send to player 0 [name: XIQCX] infomation : (1 6 6 5 6)
    Send to player 1 [name: Lee Algebra] infomation : (1 2 0 3 0)
Step 35:
    Send to player 0 [name: XIQCX] a signal: ACTION
    Receive message form player 0 [name: XIQCX]: 1 0 D
    Transform message form [number: 0] [name: XIQCX]: 1 0 D
    Correct move!
    Player 0 [name XIQCX] choose (1,0) move to (0 0)
    Send to player 0 [name: XIQCX] infomation : (0 1 0 0 0)
    Send to player 1 [name: Lee Algebra] infomation : (0 7 6 8 6)
Step 36:
    Send to player 1 [name: Lee Algebra] a signal: ACTION
    Receive message form player 1 [name: Lee Algebra]: 3 0 U
    Transform message form [number: 1] [name: Lee Algebra]: 5 6 D
    Correct move!
    Player 1 [name Lee Algebra] choose (5,6) move to (4 6)
    Send to player 0 [name: XIQCX] infomation : (1 5 6 4 6)
    Send to player 1 [name: Lee Algebra] infomation : (1 3 0 4 0)
Step 37:
    Send to player 0 [name: XIQCX] a signal: ACTION
    Receive message form player 0 [name: XIQCX]: 2 2 R
    Transform message form [number: 0] [name: XIQCX]: 2 2 R
    Correct move!
    Player 0 [name XIQCX] choose (2,2) move to (2 3)
    Send to player 0 [name: XIQCX] infomation : (0 2 2 2 3)
    Send to player 1 [name: Lee Algebra] infomation : (0 6 4 6 3)
Step 38:
    Send to player 1 [name: Lee Algebra] a signal: ACTION
    Receive message form player 1 [name: Lee Algebra]: 1 4 D
    Transform message form [number: 1] [name: Lee Algebra]: 7 2 U
    Correct move!
    Player 1 [name Lee Algebra] choose (7,2) move to (8 2)
    Send to player 0 [name: XIQCX] infomation : (1 7 2 8 2)
    Send to player 1 [name: Lee Algebra] infomation : (1 1 4 0 4)
Step 39:
    Send to player 0 [name: XIQCX] a signal: ACTION
    Receive message form player 0 [name: XIQCX]: 2 5 L
    Transform message form [number: 0] [name: XIQCX]: 2 5 L
    Correct move!
    Player 0 [name XIQCX] choose (2,5) move to (2 4)
    Send to player 0 [name: XIQCX] infomation : (0 2 5 2 4)
    Send to player 1 [name: Lee Algebra] infomation : (0 6 1 6 2)
Step 40:
    Send to player 1 [name: Lee Algebra] a signal: ACTION
    Receive message form player 1 [name: Lee Algebra]: 4 5 L
    Transform message form [number: 1] [name: Lee Algebra]: 4 1 R
    Correct move!
    Player 1 [name Lee Algebra] choose (4,1) move to (4 2)
    Send to player 0 [name: XIQCX] infomation : (1 4 1 4 2)
    Send to player 1 [name: Lee Algebra] infomation : (1 4 5 4 4)
Step 41:
    Send to player 0 [name: XIQCX] a signal: ACTION
    Receive message form player 0 [name: XIQCX]: 2 3 U
    Transform message form [number: 0] [name: XIQCX]: 2 3 U
    Correct move!
    Player 0 [name XIQCX] choose (2,3) move to (3 3)
    Send to player 0 [name: XIQCX] infomation : (0 2 3 3 3)
    Send to player 1 [name: Lee Algebra] infomation : (0 6 3 5 3)
Step 42:
    Send to player 1 [name: Lee Algebra] a signal: ACTION
    Receive message form player 1 [name: Lee Algebra]: 4 0 R
    Transform message form [number: 1] [name: Lee Algebra]: 4 6 L
    Correct move!
    Player 1 [name Lee Algebra] choose (4,6) move to (4 3)
    Send to player 0 [name: XIQCX] infomation : (1 4 6 4 3)
    Send to player 1 [name: Lee Algebra] infomation : (1 4 0 4 3)
Step 43:
    Send to player 0 [name: XIQCX] a signal: ACTION
    Receive message form player 0 [name: XIQCX]: 2 1 D
    Transform message form [number: 0] [name: XIQCX]: 2 1 D
    Correct move!
    Player 0 [name XIQCX] choose (2,1) move to (1 1)
    Send to player 0 [name: XIQCX] infomation : (0 2 1 1 1)
    Send to player 1 [name: Lee Algebra] infomation : (0 6 5 7 5)
Step 44:
    Send to player 1 [name: Lee Algebra] a signal: ACTION
    Receive message form player 1 [name: Lee Algebra]: 4 3 U
    Transform message form [number: 1] [name: Lee Algebra]: 4 3 D
    Correct move!
    Player 1 [name Lee Algebra] choose (4,3) move to (3 3)
    Send to player 0 [name: XIQCX] infomation : (1 4 3 3 3)
    Send to player 1 [name: Lee Algebra] infomation : (1 4 3 5 3)
Step 45:
    Send to player 0 [name: XIQCX] a signal: ACTION
    Receive message form player 0 [name: XIQCX]: 1 5 U
    Transform message form [number: 0] [name: XIQCX]: 1 5 U
    Correct move!
    Player 0 [name XIQCX] choose (1,5) move to (2 5)
    Send to player 0 [name: XIQCX] infomation : (0 1 5 2 5)
    Send to player 1 [name: Lee Algebra] infomation : (0 7 1 6 1)
Step 46:
    Send to player 1 [name: Lee Algebra] a signal: ACTION
    Receive message form player 1 [name: Lee Algebra]: 5 3 U
    Transform message form [number: 1] [name: Lee Algebra]: 3 3 D
    Correct move!
    Player 1 [name Lee Algebra] choose (3,3) move to (2 3)
    Send to player 0 [name: XIQCX] infomation : (1 3 3 2 3)
    Send to player 1 [name: Lee Algebra] infomation : (1 5 3 6 3)
Step 47:
    Send to player 0 [name: XIQCX] a signal: ACTION
    Receive message form player 0 [name: XIQCX]: 2 4 D
    Transform message form [number: 0] [name: XIQCX]: 2 4 D
    Correct move!
    Player 0 [name XIQCX] choose (2,4) move to (1 4)
    Send to player 0 [name: XIQCX] infomation : (0 2 4 1 4)
    Send to player 1 [name: Lee Algebra] infomation : (0 6 2 7 2)
Step 48:
    Send to player 1 [name: Lee Algebra] a signal: ACTION
    Receive message form player 1 [name: Lee Algebra]: 4 4 R
    Transform message form [number: 1] [name: Lee Algebra]: 4 2 L
    Correct move!
    Player 1 [name Lee Algebra] choose (4,2) move to (4 1)
    Send to player 0 [name: XIQCX] infomation : (1 4 2 4 1)
    Send to player 1 [name: Lee Algebra] infomation : (1 4 4 4 5)
Step 49:
    Send to player 0 [name: XIQCX] a signal: ACTION
    Receive message form player 0 [name: XIQCX]: 2 5 U
    Transform message form [number: 0] [name: XIQCX]: 2 5 U
    Correct move!
    Player 0 [name XIQCX] choose (2,5) move to (6 5)
    Send to player 0 [name: XIQCX] infomation : (0 2 5 6 5)
    Send to player 1 [name: Lee Algebra] infomation : (0 6 1 2 1)
Step 50:
    Send to player 1 [name: Lee Algebra] a signal: ACTION
    Receive message form player 1 [name: Lee Algebra]: 6 3 L
    Transform message form [number: 1] [name: Lee Algebra]: 2 3 R
    Correct move!
    Player 1 [name Lee Algebra] choose (2,3) move to (2 4)
    Send to player 0 [name: XIQCX] infomation : (1 2 3 2 4)
    Send to player 1 [name: Lee Algebra] infomation : (1 6 3 6 2)
Step 51:
    Send to player 0 [name: XIQCX] a signal: ACTION
    Receive message form player 0 [name: XIQCX]: 1 1 D
    Transform message form [number: 0] [name: XIQCX]: 1 1 D
    Correct move!
    Player 0 [name XIQCX] choose (1,1) move to (0 1)
    Send to player 0 [name: XIQCX] infomation : (0 1 1 0 1)
    Send to player 1 [name: Lee Algebra] infomation : (0 7 5 8 5)
Step 52:
    Send to player 1 [name: Lee Algebra] a signal: ACTION
    Receive message form player 1 [name: Lee Algebra]: 6 2 U
    Transform message form [number: 1] [name: Lee Algebra]: 2 4 D
    Correct move!
    Player 1 [name Lee Algebra] choose (2,4) move to (1 4)
    Send to player 0 [name: XIQCX] infomation : (1 2 4 1 4)
    Send to player 1 [name: Lee Algebra] infomation : (1 6 2 7 2)
Step 53:
    Send to player 0 [name: XIQCX] a signal: ACTION
    Receive message form player 0 [name: XIQCX]: 1 1 D
    Transform message form [number: 0] [name: XIQCX]: 1 1 D
    try to use uncorrect role
    Invalid chess piece: ['1', '1', 'D']
    The limit of invalid action of player 0 (name XIQCX) is 2
Step 54:
    Send to player 1 [name: Lee Algebra] a signal: ACTION
    Receive message form player 1 [name: Lee Algebra]: 7 2 U
    Transform message form [number: 1] [name: Lee Algebra]: 1 4 D
    Correct move!
    Player 1 [name Lee Algebra] choose (1,4) move to (0 4)
    Send to player 0 [name: XIQCX] infomation : (1 1 4 0 4)
    Send to player 1 [name: Lee Algebra] infomation : (1 7 2 8 2)
Step 55:
    Send to player 0 [name: XIQCX] a signal: ACTION
    Receive message form player 0 [name: XIQCX]: 1 1 D
    Transform message form [number: 0] [name: XIQCX]: 1 1 D
    try to use uncorrect role
    Invalid chess piece: ['1', '1', 'D']
    The limit of invalid action of player 0 (name XIQCX) is 1
Step 56:
    Send to player 1 [name: Lee Algebra] a signal: ACTION
    Receive message form player 1 [name: Lee Algebra]: 8 2 R
    Transform message form [number: 1] [name: Lee Algebra]: 0 4 L
    Correct move!
    Player 1 [name Lee Algebra] choose (0,4) move to (0 3)
    Send to player 0 [name: XIQCX] infomation : (1 0 4 0 3)
    Send to player 1 [name: Lee Algebra] infomation : (1 8 2 8 3)
    The Player 1 (name Lee Algebra) win the game
Closing connections:
    Player 0 [name: XIQCX] connection closed succueefully
    Player 1 [name: Lee Algebra] connection closed succueefully
Total Steps: 56
End!
