Initialization:
    Waiting to connect ...
    AI0: WJZB from 127.0.0.1 connected
    AI1: ZHAZHA from 127.0.0.1 connected
    ZHAZHA is the first player
    WJZB is the second player
Step 1:
    Send to player 1 [name: ZHAZHA] a signal: ACTION
    Receive message form player 1 [name: ZHAZHA]: 1 5 L
    Transform message form [number: 1] [name: ZHAZHA]: 7 1 R
    Correct move!
    Player 1 [name ZHAZHA] choose (7,1) move to (7 2)
    Send to player 0 [name: WJZB] infomation : (1 7 1 7 2)
    Send to player 1 [name: ZHAZHA] infomation : (1 1 5 1 4)
Step 2:
    Send to player 0 [name: WJZB] a signal: ACTION
    Receive message form player 0 [name: WJZB]: 2 2 D
    Transform message form [number: 0] [name: WJZB]: 2 2 D
    Correct move!
    Player 0 [name WJZB] choose (2,2) move to (1 2)
    Send to player 0 [name: WJZB] infomation : (0 2 2 1 2)
    Send to player 1 [name: ZHAZHA] infomation : (0 6 4 7 4)
Step 3:
    Send to player 1 [name: ZHAZHA] a signal: ACTION
    Receive message form player 1 [name: ZHAZHA]: 1 4 D
    Transform message form [number: 1] [name: ZHAZHA]: 7 2 U
    Correct move!
    Player 1 [name ZHAZHA] choose (7,2) move to (8 2)
    Send to player 0 [name: WJZB] infomation : (1 7 2 8 2)
    Send to player 1 [name: ZHAZHA] infomation : (1 1 4 0 4)
Step 4:
    Send to player 0 [name: WJZB] a signal: ACTION
    Receive message form player 0 [name: WJZB]: 1 2 D
    Transform message form [number: 0] [name: WJZB]: 1 2 D
    Correct move!
    Player 0 [name WJZB] choose (1,2) move to (0 2)
    Send to player 0 [name: WJZB] infomation : (0 1 2 0 2)
    Send to player 1 [name: ZHAZHA] infomation : (0 7 4 8 4)
Step 5:
    Send to player 1 [name: ZHAZHA] a signal: ACTION
    Receive message form player 1 [name: ZHAZHA]: 2 0 R
    Transform message form [number: 1] [name: ZHAZHA]: 6 6 L
    Correct move!
    Player 1 [name ZHAZHA] choose (6,6) move to (6 5)
    Send to player 0 [name: WJZB] infomation : (1 6 6 6 5)
    Send to player 1 [name: ZHAZHA] infomation : (1 2 0 2 1)
Step 6:
    Send to player 0 [name: WJZB] a signal: ACTION
    Receive message form player 0 [name: WJZB]: 2 4 D
    Transform message form [number: 0] [name: WJZB]: 2 4 D
    Correct move!
    Player 0 [name WJZB] choose (2,4) move to (1 4)
    Send to player 0 [name: WJZB] infomation : (0 2 4 1 4)
    Send to player 1 [name: ZHAZHA] infomation : (0 6 2 7 2)
Step 7:
    Send to player 1 [name: ZHAZHA] a signal: ACTION
    Receive message form player 1 [name: ZHAZHA]: 1 1 R
    Transform message form [number: 1] [name: ZHAZHA]: 7 5 L
    Correct move!
    Player 1 [name ZHAZHA] choose (7,5) move to (7 4)
    Send to player 0 [name: WJZB] infomation : (1 7 5 7 4)
    Send to player 1 [name: ZHAZHA] infomation : (1 1 1 1 2)
Step 8:
    Send to player 0 [name: WJZB] a signal: ACTION
    Receive message form player 0 [name: WJZB]: 1 4 D
    Transform message form [number: 0] [name: WJZB]: 1 4 D
    Correct move!
    Player 0 [name WJZB] choose (1,4) move to (0 4)
    Send to player 0 [name: WJZB] infomation : (0 1 4 0 4)
    Send to player 1 [name: ZHAZHA] infomation : (0 7 2 8 2)
Step 9:
    Send to player 1 [name: ZHAZHA] a signal: ACTION
    Receive message form player 1 [name: ZHAZHA]: 1 2 D
    Transform message form [number: 1] [name: ZHAZHA]: 7 4 U
    Correct move!
    Player 1 [name ZHAZHA] choose (7,4) move to (8 4)
    Send to player 0 [name: WJZB] infomation : (1 7 4 8 4)
    Send to player 1 [name: ZHAZHA] infomation : (1 1 2 0 2)
Step 10:
    Send to player 0 [name: WJZB] a signal: ACTION
    Receive message form player 0 [name: WJZB]: 1 5 D
    Transform message form [number: 0] [name: WJZB]: 1 5 D
    Correct move!
    Player 0 [name WJZB] choose (1,5) move to (0 5)
    Send to player 0 [name: WJZB] infomation : (0 1 5 0 5)
    Send to player 1 [name: ZHAZHA] infomation : (0 7 1 8 1)
Step 11:
    Send to player 1 [name: ZHAZHA] a signal: ACTION
    Receive message form player 1 [name: ZHAZHA]: 2 1 D
    Transform message form [number: 1] [name: ZHAZHA]: 6 5 U
    Correct move!
    Player 1 [name ZHAZHA] choose (6,5) move to (7 5)
    Send to player 0 [name: WJZB] infomation : (1 6 5 7 5)
    Send to player 1 [name: ZHAZHA] infomation : (1 2 1 1 1)
Step 12:
    Send to player 0 [name: WJZB] a signal: ACTION
    Receive message form player 0 [name: WJZB]: 1 1 D
    Transform message form [number: 0] [name: WJZB]: 1 1 D
    Correct move!
    Player 0 [name WJZB] choose (1,1) move to (0 1)
    Send to player 0 [name: WJZB] infomation : (0 1 1 0 1)
    Send to player 1 [name: ZHAZHA] infomation : (0 7 5 8 5)
Step 13:
    Send to player 1 [name: ZHAZHA] a signal: ACTION
    Receive message form player 1 [name: ZHAZHA]: 1 1 R
    Transform message form [number: 1] [name: ZHAZHA]: 7 5 L
    Correct move!
    Player 1 [name ZHAZHA] choose (7,5) move to (7 4)
    Send to player 0 [name: WJZB] infomation : (1 7 5 7 4)
    Send to player 1 [name: ZHAZHA] infomation : (1 1 1 1 2)
Step 14:
    Send to player 0 [name: WJZB] a signal: ACTION
    Receive message form player 0 [name: WJZB]: 2 0 D
    Transform message form [number: 0] [name: WJZB]: 2 0 D
    Correct move!
    Player 0 [name WJZB] choose (2,0) move to (1 0)
    Send to player 0 [name: WJZB] infomation : (0 2 0 1 0)
    Send to player 1 [name: ZHAZHA] infomation : (0 6 6 7 6)
Step 15:
    Send to player 1 [name: ZHAZHA] a signal: ACTION
    Receive message form player 1 [name: ZHAZHA]: 1 2 R
    Transform message form [number: 1] [name: ZHAZHA]: 7 4 L
    Correct move!
    Player 1 [name ZHAZHA] choose (7,4) move to (7 3)
    Send to player 0 [name: WJZB] infomation : (1 7 4 7 3)
    Send to player 1 [name: ZHAZHA] infomation : (1 1 2 1 3)
Step 16:
    Send to player 0 [name: WJZB] a signal: ACTION
    Receive message form player 0 [name: WJZB]: 2 6 D
    Transform message form [number: 0] [name: WJZB]: 2 6 D
    Correct move!
    Player 0 [name WJZB] choose (2,6) move to (1 6)
    Send to player 0 [name: WJZB] infomation : (0 2 6 1 6)
    Send to player 1 [name: ZHAZHA] infomation : (0 6 0 7 0)
Step 17:
    Send to player 1 [name: ZHAZHA] a signal: ACTION
    Receive message form player 1 [name: ZHAZHA]: 2 6 U
    Transform message form [number: 1] [name: ZHAZHA]: 6 0 D
    Correct move!
    Player 1 [name ZHAZHA] choose (6,0) move to (5 0)
    Send to player 0 [name: WJZB] infomation : (1 6 0 5 0)
    Send to player 1 [name: ZHAZHA] infomation : (1 2 6 3 6)
Step 18:
    Send to player 0 [name: WJZB] a signal: ACTION
    Receive message form player 0 [name: WJZB]: 1 0 R
    Transform message form [number: 0] [name: WJZB]: 1 0 R
    Correct move!
    Player 0 [name WJZB] choose (1,0) move to (1 1)
    Send to player 0 [name: WJZB] infomation : (0 1 0 1 1)
    Send to player 1 [name: ZHAZHA] infomation : (0 7 6 7 5)
Step 19:
    Send to player 1 [name: ZHAZHA] a signal: ACTION
    Receive message form player 1 [name: ZHAZHA]: 3 6 U
    Transform message form [number: 1] [name: ZHAZHA]: 5 0 D
    Correct move!
    Player 1 [name ZHAZHA] choose (5,0) move to (4 0)
    Send to player 0 [name: WJZB] infomation : (1 5 0 4 0)
    Send to player 1 [name: ZHAZHA] infomation : (1 3 6 4 6)
Step 20:
    Send to player 0 [name: WJZB] a signal: ACTION
    Receive message form player 0 [name: WJZB]: 1 1 R
    Transform message form [number: 0] [name: WJZB]: 1 1 R
    Correct move!
    Player 0 [name WJZB] choose (1,1) move to (1 2)
    Send to player 0 [name: WJZB] infomation : (0 1 1 1 2)
    Send to player 1 [name: ZHAZHA] infomation : (0 7 5 7 4)
Step 21:
    Send to player 1 [name: ZHAZHA] a signal: ACTION
    Receive message form player 1 [name: ZHAZHA]: 4 6 U
    Transform message form [number: 1] [name: ZHAZHA]: 4 0 D
    Correct move!
    Player 1 [name ZHAZHA] choose (4,0) move to (3 0)
    Send to player 0 [name: WJZB] infomation : (1 4 0 3 0)
    Send to player 1 [name: ZHAZHA] infomation : (1 4 6 5 6)
Step 22:
    Send to player 0 [name: WJZB] a signal: ACTION
    Receive message form player 0 [name: WJZB]: 1 2 R
    Transform message form [number: 0] [name: WJZB]: 1 2 R
    Correct move!
    Player 0 [name WJZB] choose (1,2) move to (1 3)
    Send to player 0 [name: WJZB] infomation : (0 1 2 1 3)
    Send to player 1 [name: ZHAZHA] infomation : (0 7 4 7 3)
Step 23:
    Send to player 1 [name: ZHAZHA] a signal: ACTION
    Receive message form player 1 [name: ZHAZHA]: 5 6 U
    Transform message form [number: 1] [name: ZHAZHA]: 3 0 D
    Correct move!
    Player 1 [name ZHAZHA] choose (3,0) move to (2 0)
    Send to player 0 [name: WJZB] infomation : (1 3 0 2 0)
    Send to player 1 [name: ZHAZHA] infomation : (1 5 6 6 6)
Step 24:
    Send to player 0 [name: WJZB] a signal: ACTION
    Receive message form player 0 [name: WJZB]: 1 6 L
    Transform message form [number: 0] [name: WJZB]: 1 6 L
    Correct move!
    Player 0 [name WJZB] choose (1,6) move to (1 5)
    Send to player 0 [name: WJZB] infomation : (0 1 6 1 5)
    Send to player 1 [name: ZHAZHA] infomation : (0 7 0 7 1)
Step 25:
    Send to player 1 [name: ZHAZHA] a signal: ACTION
    Receive message form player 1 [name: ZHAZHA]: 6 6 L
    Transform message form [number: 1] [name: ZHAZHA]: 2 0 R
    Correct move!
    Player 1 [name ZHAZHA] choose (2,0) move to (2 1)
    Send to player 0 [name: WJZB] infomation : (1 2 0 2 1)
    Send to player 1 [name: ZHAZHA] infomation : (1 6 6 6 5)
Step 26:
    Send to player 0 [name: WJZB] a signal: ACTION
    Receive message form player 0 [name: WJZB]: 1 5 R
    Transform message form [number: 0] [name: WJZB]: 1 5 R
    Correct move!
    Player 0 [name WJZB] choose (1,5) move to (1 6)
    Send to player 0 [name: WJZB] infomation : (0 1 5 1 6)
    Send to player 1 [name: ZHAZHA] infomation : (0 7 1 7 0)
Step 27:
    Send to player 1 [name: ZHAZHA] a signal: ACTION
    Receive message form player 1 [name: ZHAZHA]: 6 5 L
    Transform message form [number: 1] [name: ZHAZHA]: 2 1 R
    Correct move!
    Player 1 [name ZHAZHA] choose (2,1) move to (2 2)
    Send to player 0 [name: WJZB] infomation : (1 2 1 2 2)
    Send to player 1 [name: ZHAZHA] infomation : (1 6 5 6 4)
Step 28:
    Send to player 0 [name: WJZB] a signal: ACTION
    Receive message form player 0 [name: WJZB]: 1 3 R
    Transform message form [number: 0] [name: WJZB]: 1 3 R
    Correct move!
    Player 0 [name WJZB] choose (1,3) move to (1 4)
    Send to player 0 [name: WJZB] infomation : (0 1 3 1 4)
    Send to player 1 [name: ZHAZHA] infomation : (0 7 3 7 2)
Step 29:
    Send to player 1 [name: ZHAZHA] a signal: ACTION
    Receive message form player 1 [name: ZHAZHA]: 6 4 L
    Transform message form [number: 1] [name: ZHAZHA]: 2 2 R
    Correct move!
    Player 1 [name ZHAZHA] choose (2,2) move to (2 3)
    Send to player 0 [name: WJZB] infomation : (1 2 2 2 3)
    Send to player 1 [name: ZHAZHA] infomation : (1 6 4 6 3)
Step 30:
    Send to player 0 [name: WJZB] a signal: ACTION
    Receive message form player 0 [name: WJZB]: 1 4 R
    Transform message form [number: 0] [name: WJZB]: 1 4 R
    Correct move!
    Player 0 [name WJZB] choose (1,4) move to (1 5)
    Send to player 0 [name: WJZB] infomation : (0 1 4 1 5)
    Send to player 1 [name: ZHAZHA] infomation : (0 7 2 7 1)
Step 31:
    Send to player 1 [name: ZHAZHA] a signal: ACTION
    Receive message form player 1 [name: ZHAZHA]: 6 3 U
    Transform message form [number: 1] [name: ZHAZHA]: 2 3 D
    Correct move!
    Player 1 [name ZHAZHA] choose (2,3) move to (1 3)
    Send to player 0 [name: WJZB] infomation : (1 2 3 1 3)
    Send to player 1 [name: ZHAZHA] infomation : (1 6 3 7 3)
Step 32:
    Send to player 0 [name: WJZB] a signal: ACTION
    Receive message form player 0 [name: WJZB]: 1 5 U
    Transform message form [number: 0] [name: WJZB]: 1 5 U
    Correct move!
    Player 0 [name WJZB] choose (1,5) move to (2 5)
    Send to player 0 [name: WJZB] infomation : (0 1 5 2 5)
    Send to player 1 [name: ZHAZHA] infomation : (0 7 1 6 1)
Step 33:
    Send to player 1 [name: ZHAZHA] a signal: ACTION
    Receive message form player 1 [name: ZHAZHA]: 7 3 U
    Transform message form [number: 1] [name: ZHAZHA]: 1 3 D
    Correct move!
    Player 1 [name ZHAZHA] choose (1,3) move to (0 3)
    Send to player 0 [name: WJZB] infomation : (1 1 3 0 3)
    Send to player 1 [name: ZHAZHA] infomation : (1 7 3 8 3)
    The Player 1 (name ZHAZHA) win the game
Closing connections:
    Player 0 [name: WJZB] connection closed succueefully
    Player 1 [name: ZHAZHA] connection closed succueefully
Total Steps: 33
End!
