Initialization:
    Waiting to connect ...
    AI0: 平局能手-圣诞特别版Ver 2.0 from 127.0.0.1 connected
    AI1: mamisan from 127.0.0.1 connected
    mamisan is the first player
    平局能手-圣诞特别版Ver 2.0 is the second player
Step 1:
    Send to player 1 [name: mamisan] a signal: ACTION
    Receive message form player 1 [name: mamisan]: 2 2 R
    Transform message form [number: 1] [name: mamisan]: 6 4 L
    Correct move!
    Player 1 [name mamisan] choose (6,4) move to (6 3)
    Send to player 0 [name: 平局能手-圣诞特别版Ver 2.0] infomation : (1 6 4 6 3)
    Send to player 1 [name: mamisan] infomation : (1 2 2 2 3)
Step 2:
    Send to player 0 [name: 平局能手-圣诞特别版Ver 2.0] a signal: ACTION
    Receive message form player 0 [name: 平局能手-圣诞特别版Ver 2.0]: 2 0 R
    Transform message form [number: 0] [name: 平局能手-圣诞特别版Ver 2.0]: 2 0 R
    Correct move!
    Player 0 [name 平局能手-圣诞特别版Ver 2.0] choose (2,0) move to (2 1)
    Send to player 0 [name: 平局能手-圣诞特别版Ver 2.0] infomation : (0 2 0 2 1)
    Send to player 1 [name: mamisan] infomation : (0 6 6 6 5)
Step 3:
    Send to player 1 [name: mamisan] a signal: ACTION
    Receive message form player 1 [name: mamisan]: 2 3 U
    Transform message form [number: 1] [name: mamisan]: 6 3 D
    Correct move!
    Player 1 [name mamisan] choose (6,3) move to (5 3)
    Send to player 0 [name: 平局能手-圣诞特别版Ver 2.0] infomation : (1 6 3 5 3)
    Send to player 1 [name: mamisan] infomation : (1 2 3 3 3)
Step 4:
    Send to player 0 [name: 平局能手-圣诞特别版Ver 2.0] a signal: ACTION
    Receive message form player 0 [name: 平局能手-圣诞特别版Ver 2.0]: 0 0 U
    Transform message form [number: 0] [name: 平局能手-圣诞特别版Ver 2.0]: 0 0 U
    Correct move!
    Player 0 [name 平局能手-圣诞特别版Ver 2.0] choose (0,0) move to (1 0)
    Send to player 0 [name: 平局能手-圣诞特别版Ver 2.0] infomation : (0 0 0 1 0)
    Send to player 1 [name: mamisan] infomation : (0 8 6 7 6)
Step 5:
    Send to player 1 [name: mamisan] a signal: ACTION
    Receive message form player 1 [name: mamisan]: 3 3 U
    Transform message form [number: 1] [name: mamisan]: 5 3 D
    Correct move!
    Player 1 [name mamisan] choose (5,3) move to (4 3)
    Send to player 0 [name: 平局能手-圣诞特别版Ver 2.0] infomation : (1 5 3 4 3)
    Send to player 1 [name: mamisan] infomation : (1 3 3 4 3)
Step 6:
    Send to player 0 [name: 平局能手-圣诞特别版Ver 2.0] a signal: ACTION
    Receive message form player 0 [name: 平局能手-圣诞特别版Ver 2.0]: 1 0 U
    Transform message form [number: 0] [name: 平局能手-圣诞特别版Ver 2.0]: 1 0 U
    Correct move!
    Player 0 [name 平局能手-圣诞特别版Ver 2.0] choose (1,0) move to (2 0)
    Send to player 0 [name: 平局能手-圣诞特别版Ver 2.0] infomation : (0 1 0 2 0)
    Send to player 1 [name: mamisan] infomation : (0 7 6 6 6)
Step 7:
    Send to player 1 [name: mamisan] a signal: ACTION
    Receive message form player 1 [name: mamisan]: 4 3 U
    Transform message form [number: 1] [name: mamisan]: 4 3 D
    Correct move!
    Player 1 [name mamisan] choose (4,3) move to (3 3)
    Send to player 0 [name: 平局能手-圣诞特别版Ver 2.0] infomation : (1 4 3 3 3)
    Send to player 1 [name: mamisan] infomation : (1 4 3 5 3)
Step 8:
    Send to player 0 [name: 平局能手-圣诞特别版Ver 2.0] a signal: ACTION
    Receive message form player 0 [name: 平局能手-圣诞特别版Ver 2.0]: 2 0 U
    Transform message form [number: 0] [name: 平局能手-圣诞特别版Ver 2.0]: 2 0 U
    Correct move!
    Player 0 [name 平局能手-圣诞特别版Ver 2.0] choose (2,0) move to (3 0)
    Send to player 0 [name: 平局能手-圣诞特别版Ver 2.0] infomation : (0 2 0 3 0)
    Send to player 1 [name: mamisan] infomation : (0 6 6 5 6)
Step 9:
    Send to player 1 [name: mamisan] a signal: ACTION
    Receive message form player 1 [name: mamisan]: 5 3 U
    Transform message form [number: 1] [name: mamisan]: 3 3 D
    Correct move!
    Player 1 [name mamisan] choose (3,3) move to (2 3)
    Send to player 0 [name: 平局能手-圣诞特别版Ver 2.0] infomation : (1 3 3 2 3)
    Send to player 1 [name: mamisan] infomation : (1 5 3 6 3)
Step 10:
    Send to player 0 [name: 平局能手-圣诞特别版Ver 2.0] a signal: ACTION
    Receive message form player 0 [name: 平局能手-圣诞特别版Ver 2.0]: 3 0 R
    Transform message form [number: 0] [name: 平局能手-圣诞特别版Ver 2.0]: 3 0 R
    Correct move!
    Player 0 [name 平局能手-圣诞特别版Ver 2.0] choose (3,0) move to (3 3)
    Send to player 0 [name: 平局能手-圣诞特别版Ver 2.0] infomation : (0 3 0 3 3)
    Send to player 1 [name: mamisan] infomation : (0 5 6 5 3)
Step 11:
    Send to player 1 [name: mamisan] a signal: ACTION
    Receive message form player 1 [name: mamisan]: 6 3 U
    Transform message form [number: 1] [name: mamisan]: 2 3 D
    Correct move!
    Player 1 [name mamisan] choose (2,3) move to (1 3)
    Send to player 0 [name: 平局能手-圣诞特别版Ver 2.0] infomation : (1 2 3 1 3)
    Send to player 1 [name: mamisan] infomation : (1 6 3 7 3)
Step 12:
    Send to player 0 [name: 平局能手-圣诞特别版Ver 2.0] a signal: ACTION
    Receive message form player 0 [name: 平局能手-圣诞特别版Ver 2.0]: 1 1 D
    Transform message form [number: 0] [name: 平局能手-圣诞特别版Ver 2.0]: 1 1 D
    Correct move!
    Player 0 [name 平局能手-圣诞特别版Ver 2.0] choose (1,1) move to (0 1)
    Send to player 0 [name: 平局能手-圣诞特别版Ver 2.0] infomation : (0 1 1 0 1)
    Send to player 1 [name: mamisan] infomation : (0 7 5 8 5)
Step 13:
    Send to player 1 [name: mamisan] a signal: ACTION
    Receive message form player 1 [name: mamisan]: 7 3 U
    Transform message form [number: 1] [name: mamisan]: 1 3 D
    Correct move!
    Player 1 [name mamisan] choose (1,3) move to (0 3)
    Send to player 0 [name: 平局能手-圣诞特别版Ver 2.0] infomation : (1 1 3 0 3)
    Send to player 1 [name: mamisan] infomation : (1 7 3 8 3)
    The Player 1 (name mamisan) win the game
Closing connections:
    Player 0 [name: 平局能手-圣诞特别版Ver 2.0] connection closed succueefully
    Player 1 [name: mamisan] connection closed succueefully
Total Steps: 13
End!
