Initialization:
    Waiting to connect ...
    AI0: WAIT17 - 4 from 127.0.0.1 connected
    AI1: aaa from 127.0.0.1 connected
    WAIT17 - 4 is the first player
    aaa is the second player
Step 1:
    Send to player 0 [name: WAIT17 - 4] a signal: ACTION
    Receive message form player 0 [name: WAIT17 - 4]: 0 0 U
    Transform message form [number: 0] [name: WAIT17 - 4]: 0 0 U
    Correct move!
    Player 0 [name WAIT17 - 4] choose (0,0) move to (1 0)
    Send to player 0 [name: WAIT17 - 4] infomation : (0 0 0 1 0)
    Send to player 1 [name: aaa] infomation : (0 8 6 7 6)
Step 2:
    Send to player 1 [name: aaa] a signal: ACTION
    Receive message form player 1 [name: aaa]: 2 4 D
    Transform message form [number: 1] [name: aaa]: 6 2 U
    Correct move!
    Player 1 [name aaa] choose (6,2) move to (7 2)
    Send to player 0 [name: WAIT17 - 4] infomation : (1 6 2 7 2)
    Send to player 1 [name: aaa] infomation : (1 2 4 1 4)
Step 3:
    Send to player 0 [name: WAIT17 - 4] a signal: ACTION
    Receive message form player 0 [name: WAIT17 - 4]: 2 0 R
    Transform message form [number: 0] [name: WAIT17 - 4]: 2 0 R
    Correct move!
    Player 0 [name WAIT17 - 4] choose (2,0) move to (2 1)
    Send to player 0 [name: WAIT17 - 4] infomation : (0 2 0 2 1)
    Send to player 1 [name: aaa] infomation : (0 6 6 6 5)
Step 4:
    Send to player 1 [name: aaa] a signal: ACTION
    Receive message form player 1 [name: aaa]: 1 5 D
    Transform message form [number: 1] [name: aaa]: 7 1 U
    Correct move!
    Player 1 [name aaa] choose (7,1) move to (8 1)
    Send to player 0 [name: WAIT17 - 4] infomation : (1 7 1 8 1)
    Send to player 1 [name: aaa] infomation : (1 1 5 0 5)
Step 5:
    Send to player 0 [name: WAIT17 - 4] a signal: ACTION
    Receive message form player 0 [name: WAIT17 - 4]: 1 0 U
    Transform message form [number: 0] [name: WAIT17 - 4]: 1 0 U
    Correct move!
    Player 0 [name WAIT17 - 4] choose (1,0) move to (2 0)
    Send to player 0 [name: WAIT17 - 4] infomation : (0 1 0 2 0)
    Send to player 1 [name: aaa] infomation : (0 7 6 6 6)
Step 6:
    Send to player 1 [name: aaa] a signal: ACTION
    Receive message form player 1 [name: aaa]: 2 2 D
    Transform message form [number: 1] [name: aaa]: 6 4 U
    Correct move!
    Player 1 [name aaa] choose (6,4) move to (7 4)
    Send to player 0 [name: WAIT17 - 4] infomation : (1 6 4 7 4)
    Send to player 1 [name: aaa] infomation : (1 2 2 1 2)
Step 7:
    Send to player 0 [name: WAIT17 - 4] a signal: ACTION
    Receive message form player 0 [name: WAIT17 - 4]: 2 0 U
    Transform message form [number: 0] [name: WAIT17 - 4]: 2 0 U
    Correct move!
    Player 0 [name WAIT17 - 4] choose (2,0) move to (3 0)
    Send to player 0 [name: WAIT17 - 4] infomation : (0 2 0 3 0)
    Send to player 1 [name: aaa] infomation : (0 6 6 5 6)
Step 8:
    Send to player 1 [name: aaa] a signal: ACTION
    Receive message form player 1 [name: aaa]: 2 0 R
    Transform message form [number: 1] [name: aaa]: 6 6 L
    Correct move!
    Player 1 [name aaa] choose (6,6) move to (6 5)
    Send to player 0 [name: WAIT17 - 4] infomation : (1 6 6 6 5)
    Send to player 1 [name: aaa] infomation : (1 2 0 2 1)
Step 9:
    Send to player 0 [name: WAIT17 - 4] a signal: ACTION
    Receive message form player 0 [name: WAIT17 - 4]: 3 0 U
    Transform message form [number: 0] [name: WAIT17 - 4]: 3 0 U
    Correct move!
    Player 0 [name WAIT17 - 4] choose (3,0) move to (4 0)
    Send to player 0 [name: WAIT17 - 4] infomation : (0 3 0 4 0)
    Send to player 1 [name: aaa] infomation : (0 5 6 4 6)
Step 10:
    Send to player 1 [name: aaa] a signal: ACTION
    Receive message form player 1 [name: aaa]: 2 1 R
    Transform message form [number: 1] [name: aaa]: 6 5 L
    Correct move!
    Player 1 [name aaa] choose (6,5) move to (6 4)
    Send to player 0 [name: WAIT17 - 4] infomation : (1 6 5 6 4)
    Send to player 1 [name: aaa] infomation : (1 2 1 2 2)
Step 11:
    Send to player 0 [name: WAIT17 - 4] a signal: ACTION
    Receive message form player 0 [name: WAIT17 - 4]: 4 0 U
    Transform message form [number: 0] [name: WAIT17 - 4]: 4 0 U
    Correct move!
    Player 0 [name WAIT17 - 4] choose (4,0) move to (5 0)
    Send to player 0 [name: WAIT17 - 4] infomation : (0 4 0 5 0)
    Send to player 1 [name: aaa] infomation : (0 4 6 3 6)
Step 12:
    Send to player 1 [name: aaa] a signal: ACTION
    Receive message form player 1 [name: aaa]: 2 6 L
    Transform message form [number: 1] [name: aaa]: 6 0 R
    Correct move!
    Player 1 [name aaa] choose (6,0) move to (6 1)
    Send to player 0 [name: WAIT17 - 4] infomation : (1 6 0 6 1)
    Send to player 1 [name: aaa] infomation : (1 2 6 2 5)
Step 13:
    Send to player 0 [name: WAIT17 - 4] a signal: ACTION
    Receive message form player 0 [name: WAIT17 - 4]: 5 0 U
    Transform message form [number: 0] [name: WAIT17 - 4]: 5 0 U
    Correct move!
    Player 0 [name WAIT17 - 4] choose (5,0) move to (6 0)
    Send to player 0 [name: WAIT17 - 4] infomation : (0 5 0 6 0)
    Send to player 1 [name: aaa] infomation : (0 3 6 2 6)
Step 14:
    Send to player 1 [name: aaa] a signal: ACTION
    Receive message form player 1 [name: aaa]: 2 5 U
    Transform message form [number: 1] [name: aaa]: 6 1 D
    Correct move!
    Player 1 [name aaa] choose (6,1) move to (5 1)
    Send to player 0 [name: WAIT17 - 4] infomation : (1 6 1 5 1)
    Send to player 1 [name: aaa] infomation : (1 2 5 3 5)
Step 15:
    Send to player 0 [name: WAIT17 - 4] a signal: ACTION
    Receive message form player 0 [name: WAIT17 - 4]: 6 0 D
    Transform message form [number: 0] [name: WAIT17 - 4]: 6 0 D
    Correct move!
    Player 0 [name WAIT17 - 4] choose (6,0) move to (5 0)
    Send to player 0 [name: WAIT17 - 4] infomation : (0 6 0 5 0)
    Send to player 1 [name: aaa] infomation : (0 2 6 3 6)
Step 16:
    Send to player 1 [name: aaa] a signal: ACTION
    Receive message form player 1 [name: aaa]: 0 6 U
    Transform message form [number: 1] [name: aaa]: 8 0 D
    Correct move!
    Player 1 [name aaa] choose (8,0) move to (7 0)
    Send to player 0 [name: WAIT17 - 4] infomation : (1 8 0 7 0)
    Send to player 1 [name: aaa] infomation : (1 0 6 1 6)
Step 17:
    Send to player 0 [name: WAIT17 - 4] a signal: ACTION
    Receive message form player 0 [name: WAIT17 - 4]: 0 6 U
    Transform message form [number: 0] [name: WAIT17 - 4]: 0 6 U
    Correct move!
    Player 0 [name WAIT17 - 4] choose (0,6) move to (1 6)
    Send to player 0 [name: WAIT17 - 4] infomation : (0 0 6 1 6)
    Send to player 1 [name: aaa] infomation : (0 8 0 7 0)
Step 18:
    Send to player 1 [name: aaa] a signal: ACTION
    Receive message form player 1 [name: aaa]: 1 6 U
    Transform message form [number: 1] [name: aaa]: 7 0 D
    Correct move!
    Player 1 [name aaa] choose (7,0) move to (6 0)
    Send to player 0 [name: WAIT17 - 4] infomation : (1 7 0 6 0)
    Send to player 1 [name: aaa] infomation : (1 1 6 2 6)
Step 19:
    Send to player 0 [name: WAIT17 - 4] a signal: ACTION
    Receive message form player 0 [name: WAIT17 - 4]: 2 1 L
    Transform message form [number: 0] [name: WAIT17 - 4]: 2 1 L
    Correct move!
    Player 0 [name WAIT17 - 4] choose (2,1) move to (2 0)
    Send to player 0 [name: WAIT17 - 4] infomation : (0 2 1 2 0)
    Send to player 1 [name: aaa] infomation : (0 6 5 6 6)
Step 20:
    Send to player 1 [name: aaa] a signal: ACTION
    Receive message form player 1 [name: aaa]: 2 6 U
    Transform message form [number: 1] [name: aaa]: 6 0 D
    Correct move!
    Player 1 [name aaa] choose (6,0) move to (5 0)
    Send to player 0 [name: WAIT17 - 4] infomation : (1 6 0 5 0)
    Send to player 1 [name: aaa] infomation : (1 2 6 3 6)
Step 21:
    Send to player 0 [name: WAIT17 - 4] a signal: ACTION
    Receive message form player 0 [name: WAIT17 - 4]: 1 1 D
    Transform message form [number: 0] [name: WAIT17 - 4]: 1 1 D
    Correct move!
    Player 0 [name WAIT17 - 4] choose (1,1) move to (0 1)
    Send to player 0 [name: WAIT17 - 4] infomation : (0 1 1 0 1)
    Send to player 1 [name: aaa] infomation : (0 7 5 8 5)
Step 22:
    Send to player 1 [name: aaa] a signal: ACTION
    Receive message form player 1 [name: aaa]: 1 1 D
    Transform message form [number: 1] [name: aaa]: 7 5 U
    Correct move!
    Player 1 [name aaa] choose (7,5) move to (8 5)
    Send to player 0 [name: WAIT17 - 4] infomation : (1 7 5 8 5)
    Send to player 1 [name: aaa] infomation : (1 1 1 0 1)
Step 23:
    Send to player 0 [name: WAIT17 - 4] a signal: ACTION
    Receive message form player 0 [name: WAIT17 - 4]: 2 6 L
    Transform message form [number: 0] [name: WAIT17 - 4]: 2 6 L
    Correct move!
    Player 0 [name WAIT17 - 4] choose (2,6) move to (2 5)
    Send to player 0 [name: WAIT17 - 4] infomation : (0 2 6 2 5)
    Send to player 1 [name: aaa] infomation : (0 6 0 6 1)
Step 24:
    Send to player 1 [name: aaa] a signal: ACTION
    Receive message form player 1 [name: aaa]: 0 0 U
    Transform message form [number: 1] [name: aaa]: 8 6 D
    Correct move!
    Player 1 [name aaa] choose (8,6) move to (7 6)
    Send to player 0 [name: WAIT17 - 4] infomation : (1 8 6 7 6)
    Send to player 1 [name: aaa] infomation : (1 0 0 1 0)
Step 25:
    Send to player 0 [name: WAIT17 - 4] a signal: ACTION
    Receive message form player 0 [name: WAIT17 - 4]: 1 6 U
    Transform message form [number: 0] [name: WAIT17 - 4]: 1 6 U
    Correct move!
    Player 0 [name WAIT17 - 4] choose (1,6) move to (2 6)
    Send to player 0 [name: WAIT17 - 4] infomation : (0 1 6 2 6)
    Send to player 1 [name: aaa] infomation : (0 7 0 6 0)
Step 26:
    Send to player 1 [name: aaa] a signal: ACTION
    Receive message form player 1 [name: aaa]: 1 0 U
    Transform message form [number: 1] [name: aaa]: 7 6 D
    Correct move!
    Player 1 [name aaa] choose (7,6) move to (6 6)
    Send to player 0 [name: WAIT17 - 4] infomation : (1 7 6 6 6)
    Send to player 1 [name: aaa] infomation : (1 1 0 2 0)
Step 27:
    Send to player 0 [name: WAIT17 - 4] a signal: ACTION
    Receive message form player 0 [name: WAIT17 - 4]: 2 6 U
    Transform message form [number: 0] [name: WAIT17 - 4]: 2 6 U
    Correct move!
    Player 0 [name WAIT17 - 4] choose (2,6) move to (3 6)
    Send to player 0 [name: WAIT17 - 4] infomation : (0 2 6 3 6)
    Send to player 1 [name: aaa] infomation : (0 6 0 5 0)
Step 28:
    Send to player 1 [name: aaa] a signal: ACTION
    Receive message form player 1 [name: aaa]: 2 0 R
    Transform message form [number: 1] [name: aaa]: 6 6 L
    Correct move!
    Player 1 [name aaa] choose (6,6) move to (6 5)
    Send to player 0 [name: WAIT17 - 4] infomation : (1 6 6 6 5)
    Send to player 1 [name: aaa] infomation : (1 2 0 2 1)
Step 29:
    Send to player 0 [name: WAIT17 - 4] a signal: ACTION
    Receive message form player 0 [name: WAIT17 - 4]: 2 5 U
    Transform message form [number: 0] [name: WAIT17 - 4]: 2 5 U
    Correct move!
    Player 0 [name WAIT17 - 4] choose (2,5) move to (3 5)
    Send to player 0 [name: WAIT17 - 4] infomation : (0 2 5 3 5)
    Send to player 1 [name: aaa] infomation : (0 6 1 5 1)
Step 30:
    Send to player 1 [name: aaa] a signal: ACTION
    Receive message form player 1 [name: aaa]: 2 2 R
    Transform message form [number: 1] [name: aaa]: 6 4 L
    Correct move!
    Player 1 [name aaa] choose (6,4) move to (6 3)
    Send to player 0 [name: WAIT17 - 4] infomation : (1 6 4 6 3)
    Send to player 1 [name: aaa] infomation : (1 2 2 2 3)
Step 31:
    Send to player 0 [name: WAIT17 - 4] a signal: ACTION
    Receive message form player 0 [name: WAIT17 - 4]: 3 6 U
    Transform message form [number: 0] [name: WAIT17 - 4]: 3 6 U
    Correct move!
    Player 0 [name WAIT17 - 4] choose (3,6) move to (4 6)
    Send to player 0 [name: WAIT17 - 4] infomation : (0 3 6 4 6)
    Send to player 1 [name: aaa] infomation : (0 5 0 4 0)
Step 32:
    Send to player 1 [name: aaa] a signal: ACTION
    Receive message form player 1 [name: aaa]: 2 1 R
    Transform message form [number: 1] [name: aaa]: 6 5 L
    Correct move!
    Player 1 [name aaa] choose (6,5) move to (6 4)
    Send to player 0 [name: WAIT17 - 4] infomation : (1 6 5 6 4)
    Send to player 1 [name: aaa] infomation : (1 2 1 2 2)
Step 33:
    Send to player 0 [name: WAIT17 - 4] a signal: ACTION
    Receive message form player 0 [name: WAIT17 - 4]: 3 5 L
    Transform message form [number: 0] [name: WAIT17 - 4]: 3 5 L
    Correct move!
    Player 0 [name WAIT17 - 4] choose (3,5) move to (3 4)
    Send to player 0 [name: WAIT17 - 4] infomation : (0 3 5 3 4)
    Send to player 1 [name: aaa] infomation : (0 5 1 5 2)
Step 34:
    Send to player 1 [name: aaa] a signal: ACTION
    Receive message form player 1 [name: aaa]: 2 2 L
    Transform message form [number: 1] [name: aaa]: 6 4 R
    Correct move!
    Player 1 [name aaa] choose (6,4) move to (6 5)
    Send to player 0 [name: WAIT17 - 4] infomation : (1 6 4 6 5)
    Send to player 1 [name: aaa] infomation : (1 2 2 2 1)
Step 35:
    Send to player 0 [name: WAIT17 - 4] a signal: ACTION
    Receive message form player 0 [name: WAIT17 - 4]: 3 4 R
    Transform message form [number: 0] [name: WAIT17 - 4]: 3 4 R
    Correct move!
    Player 0 [name WAIT17 - 4] choose (3,4) move to (3 5)
    Send to player 0 [name: WAIT17 - 4] infomation : (0 3 4 3 5)
    Send to player 1 [name: aaa] infomation : (0 5 2 5 1)
Step 36:
    Send to player 1 [name: aaa] a signal: ACTION
    Receive message form player 1 [name: aaa]: 2 1 R
    Transform message form [number: 1] [name: aaa]: 6 5 L
    Correct move!
    Player 1 [name aaa] choose (6,5) move to (6 4)
    Send to player 0 [name: WAIT17 - 4] infomation : (1 6 5 6 4)
    Send to player 1 [name: aaa] infomation : (1 2 1 2 2)
Step 37:
    Send to player 0 [name: WAIT17 - 4] a signal: ACTION
    Receive message form player 0 [name: WAIT17 - 4]: 3 5 L
    Transform message form [number: 0] [name: WAIT17 - 4]: 3 5 L
    Correct move!
    Player 0 [name WAIT17 - 4] choose (3,5) move to (3 4)
    Send to player 0 [name: WAIT17 - 4] infomation : (0 3 5 3 4)
    Send to player 1 [name: aaa] infomation : (0 5 1 5 2)
Step 38:
    Send to player 1 [name: aaa] a signal: ACTION
    Receive message form player 1 [name: aaa]: 2 2 L
    Transform message form [number: 1] [name: aaa]: 6 4 R
    Correct move!
    Player 1 [name aaa] choose (6,4) move to (6 5)
    Send to player 0 [name: WAIT17 - 4] infomation : (1 6 4 6 5)
    Send to player 1 [name: aaa] infomation : (1 2 2 2 1)
Step 39:
    Send to player 0 [name: WAIT17 - 4] a signal: ACTION
    Receive message form player 0 [name: WAIT17 - 4]: 3 4 R
    Transform message form [number: 0] [name: WAIT17 - 4]: 3 4 R
    Correct move!
    Player 0 [name WAIT17 - 4] choose (3,4) move to (3 5)
    Send to player 0 [name: WAIT17 - 4] infomation : (0 3 4 3 5)
    Send to player 1 [name: aaa] infomation : (0 5 2 5 1)
Step 40:
    Send to player 1 [name: aaa] a signal: ACTION
    Receive message form player 1 [name: aaa]: 2 1 R
    Transform message form [number: 1] [name: aaa]: 6 5 L
    Correct move!
    Player 1 [name aaa] choose (6,5) move to (6 4)
    Send to player 0 [name: WAIT17 - 4] infomation : (1 6 5 6 4)
    Send to player 1 [name: aaa] infomation : (1 2 1 2 2)
Step 41:
    Send to player 0 [name: WAIT17 - 4] a signal: ACTION
    Receive message form player 0 [name: WAIT17 - 4]: 3 5 L
    Transform message form [number: 0] [name: WAIT17 - 4]: 3 5 L
    Correct move!
    Player 0 [name WAIT17 - 4] choose (3,5) move to (3 4)
    Send to player 0 [name: WAIT17 - 4] infomation : (0 3 5 3 4)
    Send to player 1 [name: aaa] infomation : (0 5 1 5 2)
Step 42:
    Send to player 1 [name: aaa] a signal: ACTION
    Receive message form player 1 [name: aaa]: 2 2 L
    Transform message form [number: 1] [name: aaa]: 6 4 R
    Correct move!
    Player 1 [name aaa] choose (6,4) move to (6 5)
    Send to player 0 [name: WAIT17 - 4] infomation : (1 6 4 6 5)
    Send to player 1 [name: aaa] infomation : (1 2 2 2 1)
Step 43:
    Send to player 0 [name: WAIT17 - 4] a signal: ACTION
    Receive message form player 0 [name: WAIT17 - 4]: 3 4 R
    Transform message form [number: 0] [name: WAIT17 - 4]: 3 4 R
    Correct move!
    Player 0 [name WAIT17 - 4] choose (3,4) move to (3 5)
    Send to player 0 [name: WAIT17 - 4] infomation : (0 3 4 3 5)
    Send to player 1 [name: aaa] infomation : (0 5 2 5 1)
Step 44:
    Send to player 1 [name: aaa] a signal: ACTION
    Receive message form player 1 [name: aaa]: 2 1 R
    Transform message form [number: 1] [name: aaa]: 6 5 L
    Correct move!
    Player 1 [name aaa] choose (6,5) move to (6 4)
    Send to player 0 [name: WAIT17 - 4] infomation : (1 6 5 6 4)
    Send to player 1 [name: aaa] infomation : (1 2 1 2 2)
Step 45:
    Send to player 0 [name: WAIT17 - 4] a signal: ACTION
    Receive message form player 0 [name: WAIT17 - 4]: 3 5 L
    Transform message form [number: 0] [name: WAIT17 - 4]: 3 5 L
    Correct move!
    Player 0 [name WAIT17 - 4] choose (3,5) move to (3 4)
    Send to player 0 [name: WAIT17 - 4] infomation : (0 3 5 3 4)
    Send to player 1 [name: aaa] infomation : (0 5 1 5 2)
Step 46:
    Send to player 1 [name: aaa] a signal: ACTION
    Receive message form player 1 [name: aaa]: 2 2 L
    Transform message form [number: 1] [name: aaa]: 6 4 R
    Correct move!
    Player 1 [name aaa] choose (6,4) move to (6 5)
    Send to player 0 [name: WAIT17 - 4] infomation : (1 6 4 6 5)
    Send to player 1 [name: aaa] infomation : (1 2 2 2 1)
Step 47:
    Send to player 0 [name: WAIT17 - 4] a signal: ACTION
    Receive message form player 0 [name: WAIT17 - 4]: 3 4 R
    Transform message form [number: 0] [name: WAIT17 - 4]: 3 4 R
    Correct move!
    Player 0 [name WAIT17 - 4] choose (3,4) move to (3 5)
    Send to player 0 [name: WAIT17 - 4] infomation : (0 3 4 3 5)
    Send to player 1 [name: aaa] infomation : (0 5 2 5 1)
Step 48:
    Send to player 1 [name: aaa] a signal: ACTION
    Receive message form player 1 [name: aaa]: 2 1 R
    Transform message form [number: 1] [name: aaa]: 6 5 L
    Correct move!
    Player 1 [name aaa] choose (6,5) move to (6 4)
    Send to player 0 [name: WAIT17 - 4] infomation : (1 6 5 6 4)
    Send to player 1 [name: aaa] infomation : (1 2 1 2 2)
Step 49:
    Send to player 0 [name: WAIT17 - 4] a signal: ACTION
    Receive message form player 0 [name: WAIT17 - 4]: 3 5 L
    Transform message form [number: 0] [name: WAIT17 - 4]: 3 5 L
    Correct move!
    Player 0 [name WAIT17 - 4] choose (3,5) move to (3 4)
    Send to player 0 [name: WAIT17 - 4] infomation : (0 3 5 3 4)
    Send to player 1 [name: aaa] infomation : (0 5 1 5 2)
Step 50:
    Send to player 1 [name: aaa] a signal: ACTION
    Receive message form player 1 [name: aaa]: 2 2 L
    Transform message form [number: 1] [name: aaa]: 6 4 R
    Correct move!
    Player 1 [name aaa] choose (6,4) move to (6 5)
    Send to player 0 [name: WAIT17 - 4] infomation : (1 6 4 6 5)
    Send to player 1 [name: aaa] infomation : (1 2 2 2 1)
Step 51:
    Send to player 0 [name: WAIT17 - 4] a signal: ACTION
    Receive message form player 0 [name: WAIT17 - 4]: 3 4 R
    Transform message form [number: 0] [name: WAIT17 - 4]: 3 4 R
    Correct move!
    Player 0 [name WAIT17 - 4] choose (3,4) move to (3 5)
    Send to player 0 [name: WAIT17 - 4] infomation : (0 3 4 3 5)
    Send to player 1 [name: aaa] infomation : (0 5 2 5 1)
Step 52:
    Send to player 1 [name: aaa] a signal: ACTION
    Receive message form player 1 [name: aaa]: 2 1 R
    Transform message form [number: 1] [name: aaa]: 6 5 L
    Correct move!
    Player 1 [name aaa] choose (6,5) move to (6 4)
    Send to player 0 [name: WAIT17 - 4] infomation : (1 6 5 6 4)
    Send to player 1 [name: aaa] infomation : (1 2 1 2 2)
Step 53:
    Send to player 0 [name: WAIT17 - 4] a signal: ACTION
    Receive message form player 0 [name: WAIT17 - 4]: 3 5 L
    Transform message form [number: 0] [name: WAIT17 - 4]: 3 5 L
    Correct move!
    Player 0 [name WAIT17 - 4] choose (3,5) move to (3 4)
    Send to player 0 [name: WAIT17 - 4] infomation : (0 3 5 3 4)
    Send to player 1 [name: aaa] infomation : (0 5 1 5 2)
Step 54:
    Send to player 1 [name: aaa] a signal: ACTION
    Receive message form player 1 [name: aaa]: 2 2 L
    Transform message form [number: 1] [name: aaa]: 6 4 R
    Correct move!
    Player 1 [name aaa] choose (6,4) move to (6 5)
    Send to player 0 [name: WAIT17 - 4] infomation : (1 6 4 6 5)
    Send to player 1 [name: aaa] infomation : (1 2 2 2 1)
Step 55:
    Send to player 0 [name: WAIT17 - 4] a signal: ACTION
    Receive message form player 0 [name: WAIT17 - 4]: 3 4 R
    Transform message form [number: 0] [name: WAIT17 - 4]: 3 4 R
    Correct move!
    Player 0 [name WAIT17 - 4] choose (3,4) move to (3 5)
    Send to player 0 [name: WAIT17 - 4] infomation : (0 3 4 3 5)
    Send to player 1 [name: aaa] infomation : (0 5 2 5 1)
Step 56:
    Send to player 1 [name: aaa] a signal: ACTION
    Receive message form player 1 [name: aaa]: 2 1 R
    Transform message form [number: 1] [name: aaa]: 6 5 L
    Correct move!
    Player 1 [name aaa] choose (6,5) move to (6 4)
    Send to player 0 [name: WAIT17 - 4] infomation : (1 6 5 6 4)
    Send to player 1 [name: aaa] infomation : (1 2 1 2 2)
Step 57:
    Send to player 0 [name: WAIT17 - 4] a signal: ACTION
    Receive message form player 0 [name: WAIT17 - 4]: 3 5 L
    Transform message form [number: 0] [name: WAIT17 - 4]: 3 5 L
    Correct move!
    Player 0 [name WAIT17 - 4] choose (3,5) move to (3 4)
    Send to player 0 [name: WAIT17 - 4] infomation : (0 3 5 3 4)
    Send to player 1 [name: aaa] infomation : (0 5 1 5 2)
Step 58:
    Send to player 1 [name: aaa] a signal: ACTION
    Receive message form player 1 [name: aaa]: 2 2 L
    Transform message form [number: 1] [name: aaa]: 6 4 R
    Correct move!
    Player 1 [name aaa] choose (6,4) move to (6 5)
    Send to player 0 [name: WAIT17 - 4] infomation : (1 6 4 6 5)
    Send to player 1 [name: aaa] infomation : (1 2 2 2 1)
Step 59:
    Send to player 0 [name: WAIT17 - 4] a signal: ACTION
    Receive message form player 0 [name: WAIT17 - 4]: 3 4 R
    Transform message form [number: 0] [name: WAIT17 - 4]: 3 4 R
    Correct move!
    Player 0 [name WAIT17 - 4] choose (3,4) move to (3 5)
    Send to player 0 [name: WAIT17 - 4] infomation : (0 3 4 3 5)
    Send to player 1 [name: aaa] infomation : (0 5 2 5 1)
Step 60:
    Send to player 1 [name: aaa] a signal: ACTION
    Receive message form player 1 [name: aaa]: 2 1 R
    Transform message form [number: 1] [name: aaa]: 6 5 L
    Correct move!
    Player 1 [name aaa] choose (6,5) move to (6 4)
    Send to player 0 [name: WAIT17 - 4] infomation : (1 6 5 6 4)
    Send to player 1 [name: aaa] infomation : (1 2 1 2 2)
Step 61:
    Send to player 0 [name: WAIT17 - 4] a signal: ACTION
    Receive message form player 0 [name: WAIT17 - 4]: 3 5 L
    Transform message form [number: 0] [name: WAIT17 - 4]: 3 5 L
    Correct move!
    Player 0 [name WAIT17 - 4] choose (3,5) move to (3 4)
    Send to player 0 [name: WAIT17 - 4] infomation : (0 3 5 3 4)
    Send to player 1 [name: aaa] infomation : (0 5 1 5 2)
Step 62:
    Send to player 1 [name: aaa] a signal: ACTION
    Receive message form player 1 [name: aaa]: 2 2 L
    Transform message form [number: 1] [name: aaa]: 6 4 R
    Correct move!
    Player 1 [name aaa] choose (6,4) move to (6 5)
    Send to player 0 [name: WAIT17 - 4] infomation : (1 6 4 6 5)
    Send to player 1 [name: aaa] infomation : (1 2 2 2 1)
Step 63:
    Send to player 0 [name: WAIT17 - 4] a signal: ACTION
    Receive message form player 0 [name: WAIT17 - 4]: 3 4 R
    Transform message form [number: 0] [name: WAIT17 - 4]: 3 4 R
    Correct move!
    Player 0 [name WAIT17 - 4] choose (3,4) move to (3 5)
    Send to player 0 [name: WAIT17 - 4] infomation : (0 3 4 3 5)
    Send to player 1 [name: aaa] infomation : (0 5 2 5 1)
Step 64:
    Send to player 1 [name: aaa] a signal: ACTION
    Receive message form player 1 [name: aaa]: 2 1 R
    Transform message form [number: 1] [name: aaa]: 6 5 L
    Correct move!
    Player 1 [name aaa] choose (6,5) move to (6 4)
    Send to player 0 [name: WAIT17 - 4] infomation : (1 6 5 6 4)
    Send to player 1 [name: aaa] infomation : (1 2 1 2 2)
Step 65:
    Send to player 0 [name: WAIT17 - 4] a signal: ACTION
    Receive message form player 0 [name: WAIT17 - 4]: 3 5 L
    Transform message form [number: 0] [name: WAIT17 - 4]: 3 5 L
    Correct move!
    Player 0 [name WAIT17 - 4] choose (3,5) move to (3 4)
    Send to player 0 [name: WAIT17 - 4] infomation : (0 3 5 3 4)
    Send to player 1 [name: aaa] infomation : (0 5 1 5 2)
Step 66:
    Send to player 1 [name: aaa] a signal: ACTION
    Receive message form player 1 [name: aaa]: 2 2 L
    Transform message form [number: 1] [name: aaa]: 6 4 R
    Correct move!
    Player 1 [name aaa] choose (6,4) move to (6 5)
    Send to player 0 [name: WAIT17 - 4] infomation : (1 6 4 6 5)
    Send to player 1 [name: aaa] infomation : (1 2 2 2 1)
Step 67:
    Send to player 0 [name: WAIT17 - 4] a signal: ACTION
    Receive message form player 0 [name: WAIT17 - 4]: 3 4 R
    Transform message form [number: 0] [name: WAIT17 - 4]: 3 4 R
    Correct move!
    Player 0 [name WAIT17 - 4] choose (3,4) move to (3 5)
    Send to player 0 [name: WAIT17 - 4] infomation : (0 3 4 3 5)
    Send to player 1 [name: aaa] infomation : (0 5 2 5 1)
Step 68:
    Send to player 1 [name: aaa] a signal: ACTION
    Receive message form player 1 [name: aaa]: 2 1 R
    Transform message form [number: 1] [name: aaa]: 6 5 L
    Correct move!
    Player 1 [name aaa] choose (6,5) move to (6 4)
    Send to player 0 [name: WAIT17 - 4] infomation : (1 6 5 6 4)
    Send to player 1 [name: aaa] infomation : (1 2 1 2 2)
Step 69:
    Send to player 0 [name: WAIT17 - 4] a signal: ACTION
    Receive message form player 0 [name: WAIT17 - 4]: 3 5 L
    Transform message form [number: 0] [name: WAIT17 - 4]: 3 5 L
    Correct move!
    Player 0 [name WAIT17 - 4] choose (3,5) move to (3 4)
    Send to player 0 [name: WAIT17 - 4] infomation : (0 3 5 3 4)
    Send to player 1 [name: aaa] infomation : (0 5 1 5 2)
Step 70:
    Send to player 1 [name: aaa] a signal: ACTION
    Receive message form player 1 [name: aaa]: 2 2 L
    Transform message form [number: 1] [name: aaa]: 6 4 R
    Correct move!
    Player 1 [name aaa] choose (6,4) move to (6 5)
    Send to player 0 [name: WAIT17 - 4] infomation : (1 6 4 6 5)
    Send to player 1 [name: aaa] infomation : (1 2 2 2 1)
Step 71:
    Send to player 0 [name: WAIT17 - 4] a signal: ACTION
    Receive message form player 0 [name: WAIT17 - 4]: 3 4 R
    Transform message form [number: 0] [name: WAIT17 - 4]: 3 4 R
    Correct move!
    Player 0 [name WAIT17 - 4] choose (3,4) move to (3 5)
    Send to player 0 [name: WAIT17 - 4] infomation : (0 3 4 3 5)
    Send to player 1 [name: aaa] infomation : (0 5 2 5 1)
Step 72:
    Send to player 1 [name: aaa] a signal: ACTION
    Receive message form player 1 [name: aaa]: 2 1 R
    Transform message form [number: 1] [name: aaa]: 6 5 L
    Correct move!
    Player 1 [name aaa] choose (6,5) move to (6 4)
    Send to player 0 [name: WAIT17 - 4] infomation : (1 6 5 6 4)
    Send to player 1 [name: aaa] infomation : (1 2 1 2 2)
Step 73:
    Send to player 0 [name: WAIT17 - 4] a signal: ACTION
    Receive message form player 0 [name: WAIT17 - 4]: 3 5 L
    Transform message form [number: 0] [name: WAIT17 - 4]: 3 5 L
    Correct move!
    Player 0 [name WAIT17 - 4] choose (3,5) move to (3 4)
    Send to player 0 [name: WAIT17 - 4] infomation : (0 3 5 3 4)
    Send to player 1 [name: aaa] infomation : (0 5 1 5 2)
Step 74:
    Send to player 1 [name: aaa] a signal: ACTION
    Receive message form player 1 [name: aaa]: 2 2 L
    Transform message form [number: 1] [name: aaa]: 6 4 R
    Correct move!
    Player 1 [name aaa] choose (6,4) move to (6 5)
    Send to player 0 [name: WAIT17 - 4] infomation : (1 6 4 6 5)
    Send to player 1 [name: aaa] infomation : (1 2 2 2 1)
Step 75:
    Send to player 0 [name: WAIT17 - 4] a signal: ACTION
    Receive message form player 0 [name: WAIT17 - 4]: 3 4 R
    Transform message form [number: 0] [name: WAIT17 - 4]: 3 4 R
    Correct move!
    Player 0 [name WAIT17 - 4] choose (3,4) move to (3 5)
    Send to player 0 [name: WAIT17 - 4] infomation : (0 3 4 3 5)
    Send to player 1 [name: aaa] infomation : (0 5 2 5 1)
Step 76:
    Send to player 1 [name: aaa] a signal: ACTION
    Receive message form player 1 [name: aaa]: 2 1 R
    Transform message form [number: 1] [name: aaa]: 6 5 L
    Correct move!
    Player 1 [name aaa] choose (6,5) move to (6 4)
    Send to player 0 [name: WAIT17 - 4] infomation : (1 6 5 6 4)
    Send to player 1 [name: aaa] infomation : (1 2 1 2 2)
Step 77:
    Send to player 0 [name: WAIT17 - 4] a signal: ACTION
    Receive message form player 0 [name: WAIT17 - 4]: 3 5 L
    Transform message form [number: 0] [name: WAIT17 - 4]: 3 5 L
    Correct move!
    Player 0 [name WAIT17 - 4] choose (3,5) move to (3 4)
    Send to player 0 [name: WAIT17 - 4] infomation : (0 3 5 3 4)
    Send to player 1 [name: aaa] infomation : (0 5 1 5 2)
Step 78:
    Send to player 1 [name: aaa] a signal: ACTION
    Receive message form player 1 [name: aaa]: 2 2 L
    Transform message form [number: 1] [name: aaa]: 6 4 R
    Correct move!
    Player 1 [name aaa] choose (6,4) move to (6 5)
    Send to player 0 [name: WAIT17 - 4] infomation : (1 6 4 6 5)
    Send to player 1 [name: aaa] infomation : (1 2 2 2 1)
Step 79:
    Send to player 0 [name: WAIT17 - 4] a signal: ACTION
    Receive message form player 0 [name: WAIT17 - 4]: 3 4 R
    Transform message form [number: 0] [name: WAIT17 - 4]: 3 4 R
    Correct move!
    Player 0 [name WAIT17 - 4] choose (3,4) move to (3 5)
    Send to player 0 [name: WAIT17 - 4] infomation : (0 3 4 3 5)
    Send to player 1 [name: aaa] infomation : (0 5 2 5 1)
Step 80:
    Send to player 1 [name: aaa] a signal: ACTION
    Receive message form player 1 [name: aaa]: 2 1 R
    Transform message form [number: 1] [name: aaa]: 6 5 L
    Correct move!
    Player 1 [name aaa] choose (6,5) move to (6 4)
    Send to player 0 [name: WAIT17 - 4] infomation : (1 6 5 6 4)
    Send to player 1 [name: aaa] infomation : (1 2 1 2 2)
Step 81:
    Send to player 0 [name: WAIT17 - 4] a signal: ACTION
    Receive message form player 0 [name: WAIT17 - 4]: 3 5 L
    Transform message form [number: 0] [name: WAIT17 - 4]: 3 5 L
    Correct move!
    Player 0 [name WAIT17 - 4] choose (3,5) move to (3 4)
    Send to player 0 [name: WAIT17 - 4] infomation : (0 3 5 3 4)
    Send to player 1 [name: aaa] infomation : (0 5 1 5 2)
Step 82:
    Send to player 1 [name: aaa] a signal: ACTION
    Receive message form player 1 [name: aaa]: 2 2 L
    Transform message form [number: 1] [name: aaa]: 6 4 R
    Correct move!
    Player 1 [name aaa] choose (6,4) move to (6 5)
    Send to player 0 [name: WAIT17 - 4] infomation : (1 6 4 6 5)
    Send to player 1 [name: aaa] infomation : (1 2 2 2 1)
Step 83:
    Send to player 0 [name: WAIT17 - 4] a signal: ACTION
    Receive message form player 0 [name: WAIT17 - 4]: 3 4 R
    Transform message form [number: 0] [name: WAIT17 - 4]: 3 4 R
    Correct move!
    Player 0 [name WAIT17 - 4] choose (3,4) move to (3 5)
    Send to player 0 [name: WAIT17 - 4] infomation : (0 3 4 3 5)
    Send to player 1 [name: aaa] infomation : (0 5 2 5 1)
Step 84:
    Send to player 1 [name: aaa] a signal: ACTION
    Receive message form player 1 [name: aaa]: 2 1 R
    Transform message form [number: 1] [name: aaa]: 6 5 L
    Correct move!
    Player 1 [name aaa] choose (6,5) move to (6 4)
    Send to player 0 [name: WAIT17 - 4] infomation : (1 6 5 6 4)
    Send to player 1 [name: aaa] infomation : (1 2 1 2 2)
Step 85:
    Send to player 0 [name: WAIT17 - 4] a signal: ACTION
    Receive message form player 0 [name: WAIT17 - 4]: 3 5 L
    Transform message form [number: 0] [name: WAIT17 - 4]: 3 5 L
    Correct move!
    Player 0 [name WAIT17 - 4] choose (3,5) move to (3 4)
    Send to player 0 [name: WAIT17 - 4] infomation : (0 3 5 3 4)
    Send to player 1 [name: aaa] infomation : (0 5 1 5 2)
Step 86:
    Send to player 1 [name: aaa] a signal: ACTION
    Receive message form player 1 [name: aaa]: 2 2 L
    Transform message form [number: 1] [name: aaa]: 6 4 R
    Correct move!
    Player 1 [name aaa] choose (6,4) move to (6 5)
    Send to player 0 [name: WAIT17 - 4] infomation : (1 6 4 6 5)
    Send to player 1 [name: aaa] infomation : (1 2 2 2 1)
Step 87:
    Send to player 0 [name: WAIT17 - 4] a signal: ACTION
    Receive message form player 0 [name: WAIT17 - 4]: 3 4 R
    Transform message form [number: 0] [name: WAIT17 - 4]: 3 4 R
    Correct move!
    Player 0 [name WAIT17 - 4] choose (3,4) move to (3 5)
    Send to player 0 [name: WAIT17 - 4] infomation : (0 3 4 3 5)
    Send to player 1 [name: aaa] infomation : (0 5 2 5 1)
Step 88:
    Send to player 1 [name: aaa] a signal: ACTION
    Receive message form player 1 [name: aaa]: 2 1 R
    Transform message form [number: 1] [name: aaa]: 6 5 L
    Correct move!
    Player 1 [name aaa] choose (6,5) move to (6 4)
    Send to player 0 [name: WAIT17 - 4] infomation : (1 6 5 6 4)
    Send to player 1 [name: aaa] infomation : (1 2 1 2 2)
Step 89:
    Send to player 0 [name: WAIT17 - 4] a signal: ACTION
    Receive message form player 0 [name: WAIT17 - 4]: 3 5 L
    Transform message form [number: 0] [name: WAIT17 - 4]: 3 5 L
    Correct move!
    Player 0 [name WAIT17 - 4] choose (3,5) move to (3 4)
    Send to player 0 [name: WAIT17 - 4] infomation : (0 3 5 3 4)
    Send to player 1 [name: aaa] infomation : (0 5 1 5 2)
Step 90:
    Send to player 1 [name: aaa] a signal: ACTION
    Receive message form player 1 [name: aaa]: 2 2 L
    Transform message form [number: 1] [name: aaa]: 6 4 R
    Correct move!
    Player 1 [name aaa] choose (6,4) move to (6 5)
    Send to player 0 [name: WAIT17 - 4] infomation : (1 6 4 6 5)
    Send to player 1 [name: aaa] infomation : (1 2 2 2 1)
Step 91:
    Send to player 0 [name: WAIT17 - 4] a signal: ACTION
    Receive message form player 0 [name: WAIT17 - 4]: 3 4 R
    Transform message form [number: 0] [name: WAIT17 - 4]: 3 4 R
    Correct move!
    Player 0 [name WAIT17 - 4] choose (3,4) move to (3 5)
    Send to player 0 [name: WAIT17 - 4] infomation : (0 3 4 3 5)
    Send to player 1 [name: aaa] infomation : (0 5 2 5 1)
Step 92:
    Send to player 1 [name: aaa] a signal: ACTION
    Receive message form player 1 [name: aaa]: 2 1 R
    Transform message form [number: 1] [name: aaa]: 6 5 L
    Correct move!
    Player 1 [name aaa] choose (6,5) move to (6 4)
    Send to player 0 [name: WAIT17 - 4] infomation : (1 6 5 6 4)
    Send to player 1 [name: aaa] infomation : (1 2 1 2 2)
Step 93:
    Send to player 0 [name: WAIT17 - 4] a signal: ACTION
    Receive message form player 0 [name: WAIT17 - 4]: 3 5 L
    Transform message form [number: 0] [name: WAIT17 - 4]: 3 5 L
    Correct move!
    Player 0 [name WAIT17 - 4] choose (3,5) move to (3 4)
    Send to player 0 [name: WAIT17 - 4] infomation : (0 3 5 3 4)
    Send to player 1 [name: aaa] infomation : (0 5 1 5 2)
Step 94:
    Send to player 1 [name: aaa] a signal: ACTION
    Receive message form player 1 [name: aaa]: 2 2 L
    Transform message form [number: 1] [name: aaa]: 6 4 R
    Correct move!
    Player 1 [name aaa] choose (6,4) move to (6 5)
    Send to player 0 [name: WAIT17 - 4] infomation : (1 6 4 6 5)
    Send to player 1 [name: aaa] infomation : (1 2 2 2 1)
Step 95:
    Send to player 0 [name: WAIT17 - 4] a signal: ACTION
    Receive message form player 0 [name: WAIT17 - 4]: 3 4 R
    Transform message form [number: 0] [name: WAIT17 - 4]: 3 4 R
    Correct move!
    Player 0 [name WAIT17 - 4] choose (3,4) move to (3 5)
    Send to player 0 [name: WAIT17 - 4] infomation : (0 3 4 3 5)
    Send to player 1 [name: aaa] infomation : (0 5 2 5 1)
Step 96:
    Send to player 1 [name: aaa] a signal: ACTION
    Receive message form player 1 [name: aaa]: 2 1 R
    Transform message form [number: 1] [name: aaa]: 6 5 L
    Correct move!
    Player 1 [name aaa] choose (6,5) move to (6 4)
    Send to player 0 [name: WAIT17 - 4] infomation : (1 6 5 6 4)
    Send to player 1 [name: aaa] infomation : (1 2 1 2 2)
Step 97:
    Send to player 0 [name: WAIT17 - 4] a signal: ACTION
    Receive message form player 0 [name: WAIT17 - 4]: 3 5 L
    Transform message form [number: 0] [name: WAIT17 - 4]: 3 5 L
    Correct move!
    Player 0 [name WAIT17 - 4] choose (3,5) move to (3 4)
    Send to player 0 [name: WAIT17 - 4] infomation : (0 3 5 3 4)
    Send to player 1 [name: aaa] infomation : (0 5 1 5 2)
Step 98:
    Send to player 1 [name: aaa] a signal: ACTION
    Receive message form player 1 [name: aaa]: 2 2 L
    Transform message form [number: 1] [name: aaa]: 6 4 R
    Correct move!
    Player 1 [name aaa] choose (6,4) move to (6 5)
    Send to player 0 [name: WAIT17 - 4] infomation : (1 6 4 6 5)
    Send to player 1 [name: aaa] infomation : (1 2 2 2 1)
Step 99:
    Send to player 0 [name: WAIT17 - 4] a signal: ACTION
    Receive message form player 0 [name: WAIT17 - 4]: 3 4 R
    Transform message form [number: 0] [name: WAIT17 - 4]: 3 4 R
    Correct move!
    Player 0 [name WAIT17 - 4] choose (3,4) move to (3 5)
    Send to player 0 [name: WAIT17 - 4] infomation : (0 3 4 3 5)
    Send to player 1 [name: aaa] infomation : (0 5 2 5 1)
Step 100:
    Send to player 1 [name: aaa] a signal: ACTION
    Receive message form player 1 [name: aaa]: 2 1 R
    Transform message form [number: 1] [name: aaa]: 6 5 L
    Correct move!
    Player 1 [name aaa] choose (6,5) move to (6 4)
    Send to player 0 [name: WAIT17 - 4] infomation : (1 6 5 6 4)
    Send to player 1 [name: aaa] infomation : (1 2 1 2 2)
Step 101:
    Send to player 0 [name: WAIT17 - 4] a signal: ACTION
    Receive message form player 0 [name: WAIT17 - 4]: 3 5 L
    Transform message form [number: 0] [name: WAIT17 - 4]: 3 5 L
    Correct move!
    Player 0 [name WAIT17 - 4] choose (3,5) move to (3 4)
    Send to player 0 [name: WAIT17 - 4] infomation : (0 3 5 3 4)
    Send to player 1 [name: aaa] infomation : (0 5 1 5 2)
Step 102:
    Send to player 1 [name: aaa] a signal: ACTION
    Receive message form player 1 [name: aaa]: 2 2 L
    Transform message form [number: 1] [name: aaa]: 6 4 R
    Correct move!
    Player 1 [name aaa] choose (6,4) move to (6 5)
    Send to player 0 [name: WAIT17 - 4] infomation : (1 6 4 6 5)
    Send to player 1 [name: aaa] infomation : (1 2 2 2 1)
Step 103:
    Send to player 0 [name: WAIT17 - 4] a signal: ACTION
    Receive message form player 0 [name: WAIT17 - 4]: 3 4 R
    Transform message form [number: 0] [name: WAIT17 - 4]: 3 4 R
    Correct move!
    Player 0 [name WAIT17 - 4] choose (3,4) move to (3 5)
    Send to player 0 [name: WAIT17 - 4] infomation : (0 3 4 3 5)
    Send to player 1 [name: aaa] infomation : (0 5 2 5 1)
Step 104:
    Send to player 1 [name: aaa] a signal: ACTION
    Receive message form player 1 [name: aaa]: 2 1 R
    Transform message form [number: 1] [name: aaa]: 6 5 L
    Correct move!
    Player 1 [name aaa] choose (6,5) move to (6 4)
    Send to player 0 [name: WAIT17 - 4] infomation : (1 6 5 6 4)
    Send to player 1 [name: aaa] infomation : (1 2 1 2 2)
Step 105:
    Send to player 0 [name: WAIT17 - 4] a signal: ACTION
    Receive message form player 0 [name: WAIT17 - 4]: 3 5 L
    Transform message form [number: 0] [name: WAIT17 - 4]: 3 5 L
    Correct move!
    Player 0 [name WAIT17 - 4] choose (3,5) move to (3 4)
    Send to player 0 [name: WAIT17 - 4] infomation : (0 3 5 3 4)
    Send to player 1 [name: aaa] infomation : (0 5 1 5 2)
Step 106:
    Send to player 1 [name: aaa] a signal: ACTION
    Receive message form player 1 [name: aaa]: 2 2 L
    Transform message form [number: 1] [name: aaa]: 6 4 R
    Correct move!
    Player 1 [name aaa] choose (6,4) move to (6 5)
    Send to player 0 [name: WAIT17 - 4] infomation : (1 6 4 6 5)
    Send to player 1 [name: aaa] infomation : (1 2 2 2 1)
Step 107:
    Send to player 0 [name: WAIT17 - 4] a signal: ACTION
    Receive message form player 0 [name: WAIT17 - 4]: 3 4 R
    Transform message form [number: 0] [name: WAIT17 - 4]: 3 4 R
    Correct move!
    Player 0 [name WAIT17 - 4] choose (3,4) move to (3 5)
    Send to player 0 [name: WAIT17 - 4] infomation : (0 3 4 3 5)
    Send to player 1 [name: aaa] infomation : (0 5 2 5 1)
Step 108:
    Send to player 1 [name: aaa] a signal: ACTION
    Receive message form player 1 [name: aaa]: 2 1 R
    Transform message form [number: 1] [name: aaa]: 6 5 L
    Correct move!
    Player 1 [name aaa] choose (6,5) move to (6 4)
    Send to player 0 [name: WAIT17 - 4] infomation : (1 6 5 6 4)
    Send to player 1 [name: aaa] infomation : (1 2 1 2 2)
Step 109:
    Send to player 0 [name: WAIT17 - 4] a signal: ACTION
    Receive message form player 0 [name: WAIT17 - 4]: 3 5 L
    Transform message form [number: 0] [name: WAIT17 - 4]: 3 5 L
    Correct move!
    Player 0 [name WAIT17 - 4] choose (3,5) move to (3 4)
    Send to player 0 [name: WAIT17 - 4] infomation : (0 3 5 3 4)
    Send to player 1 [name: aaa] infomation : (0 5 1 5 2)
Step 110:
    Send to player 1 [name: aaa] a signal: ACTION
    Receive message form player 1 [name: aaa]: 2 2 L
    Transform message form [number: 1] [name: aaa]: 6 4 R
    Correct move!
    Player 1 [name aaa] choose (6,4) move to (6 5)
    Send to player 0 [name: WAIT17 - 4] infomation : (1 6 4 6 5)
    Send to player 1 [name: aaa] infomation : (1 2 2 2 1)
Step 111:
    Send to player 0 [name: WAIT17 - 4] a signal: ACTION
    Receive message form player 0 [name: WAIT17 - 4]: 3 4 R
    Transform message form [number: 0] [name: WAIT17 - 4]: 3 4 R
    Correct move!
    Player 0 [name WAIT17 - 4] choose (3,4) move to (3 5)
    Send to player 0 [name: WAIT17 - 4] infomation : (0 3 4 3 5)
    Send to player 1 [name: aaa] infomation : (0 5 2 5 1)
Step 112:
    Send to player 1 [name: aaa] a signal: ACTION
    Receive message form player 1 [name: aaa]: 2 1 R
    Transform message form [number: 1] [name: aaa]: 6 5 L
    Correct move!
    Player 1 [name aaa] choose (6,5) move to (6 4)
    Send to player 0 [name: WAIT17 - 4] infomation : (1 6 5 6 4)
    Send to player 1 [name: aaa] infomation : (1 2 1 2 2)
Step 113:
    Send to player 0 [name: WAIT17 - 4] a signal: ACTION
    Receive message form player 0 [name: WAIT17 - 4]: 3 5 L
    Transform message form [number: 0] [name: WAIT17 - 4]: 3 5 L
    Correct move!
    Player 0 [name WAIT17 - 4] choose (3,5) move to (3 4)
    Send to player 0 [name: WAIT17 - 4] infomation : (0 3 5 3 4)
    Send to player 1 [name: aaa] infomation : (0 5 1 5 2)
Step 114:
    Send to player 1 [name: aaa] a signal: ACTION
    Receive message form player 1 [name: aaa]: 2 2 L
    Transform message form [number: 1] [name: aaa]: 6 4 R
    Correct move!
    Player 1 [name aaa] choose (6,4) move to (6 5)
    Send to player 0 [name: WAIT17 - 4] infomation : (1 6 4 6 5)
    Send to player 1 [name: aaa] infomation : (1 2 2 2 1)
Step 115:
    Send to player 0 [name: WAIT17 - 4] a signal: ACTION
    Receive message form player 0 [name: WAIT17 - 4]: 3 4 R
    Transform message form [number: 0] [name: WAIT17 - 4]: 3 4 R
    Correct move!
    Player 0 [name WAIT17 - 4] choose (3,4) move to (3 5)
    Send to player 0 [name: WAIT17 - 4] infomation : (0 3 4 3 5)
    Send to player 1 [name: aaa] infomation : (0 5 2 5 1)
Step 116:
    Send to player 1 [name: aaa] a signal: ACTION
    Receive message form player 1 [name: aaa]: 2 1 R
    Transform message form [number: 1] [name: aaa]: 6 5 L
    Correct move!
    Player 1 [name aaa] choose (6,5) move to (6 4)
    Send to player 0 [name: WAIT17 - 4] infomation : (1 6 5 6 4)
    Send to player 1 [name: aaa] infomation : (1 2 1 2 2)
Step 117:
    Send to player 0 [name: WAIT17 - 4] a signal: ACTION
    Receive message form player 0 [name: WAIT17 - 4]: 3 5 L
    Transform message form [number: 0] [name: WAIT17 - 4]: 3 5 L
    Correct move!
    Player 0 [name WAIT17 - 4] choose (3,5) move to (3 4)
    Send to player 0 [name: WAIT17 - 4] infomation : (0 3 5 3 4)
    Send to player 1 [name: aaa] infomation : (0 5 1 5 2)
Step 118:
    Send to player 1 [name: aaa] a signal: ACTION
    Receive message form player 1 [name: aaa]: 2 2 L
    Transform message form [number: 1] [name: aaa]: 6 4 R
    Correct move!
    Player 1 [name aaa] choose (6,4) move to (6 5)
    Send to player 0 [name: WAIT17 - 4] infomation : (1 6 4 6 5)
    Send to player 1 [name: aaa] infomation : (1 2 2 2 1)
Step 119:
    Send to player 0 [name: WAIT17 - 4] a signal: ACTION
    Receive message form player 0 [name: WAIT17 - 4]: 3 4 R
    Transform message form [number: 0] [name: WAIT17 - 4]: 3 4 R
    Correct move!
    Player 0 [name WAIT17 - 4] choose (3,4) move to (3 5)
    Send to player 0 [name: WAIT17 - 4] infomation : (0 3 4 3 5)
    Send to player 1 [name: aaa] infomation : (0 5 2 5 1)
Step 120:
    Send to player 1 [name: aaa] a signal: ACTION
    Receive message form player 1 [name: aaa]: 2 1 R
    Transform message form [number: 1] [name: aaa]: 6 5 L
    Correct move!
    Player 1 [name aaa] choose (6,5) move to (6 4)
    Send to player 0 [name: WAIT17 - 4] infomation : (1 6 5 6 4)
    Send to player 1 [name: aaa] infomation : (1 2 1 2 2)
Step 121:
    Send to player 0 [name: WAIT17 - 4] a signal: ACTION
    Receive message form player 0 [name: WAIT17 - 4]: 3 5 L
    Transform message form [number: 0] [name: WAIT17 - 4]: 3 5 L
    Correct move!
    Player 0 [name WAIT17 - 4] choose (3,5) move to (3 4)
    Send to player 0 [name: WAIT17 - 4] infomation : (0 3 5 3 4)
    Send to player 1 [name: aaa] infomation : (0 5 1 5 2)
Step 122:
    Send to player 1 [name: aaa] a signal: ACTION
    Receive message form player 1 [name: aaa]: 2 2 L
    Transform message form [number: 1] [name: aaa]: 6 4 R
    Correct move!
    Player 1 [name aaa] choose (6,4) move to (6 5)
    Send to player 0 [name: WAIT17 - 4] infomation : (1 6 4 6 5)
    Send to player 1 [name: aaa] infomation : (1 2 2 2 1)
Step 123:
    Send to player 0 [name: WAIT17 - 4] a signal: ACTION
    Receive message form player 0 [name: WAIT17 - 4]: 3 4 R
    Transform message form [number: 0] [name: WAIT17 - 4]: 3 4 R
    Correct move!
    Player 0 [name WAIT17 - 4] choose (3,4) move to (3 5)
    Send to player 0 [name: WAIT17 - 4] infomation : (0 3 4 3 5)
    Send to player 1 [name: aaa] infomation : (0 5 2 5 1)
Step 124:
    Send to player 1 [name: aaa] a signal: ACTION
    Receive message form player 1 [name: aaa]: 2 1 R
    Transform message form [number: 1] [name: aaa]: 6 5 L
    Correct move!
    Player 1 [name aaa] choose (6,5) move to (6 4)
    Send to player 0 [name: WAIT17 - 4] infomation : (1 6 5 6 4)
    Send to player 1 [name: aaa] infomation : (1 2 1 2 2)
Step 125:
    Send to player 0 [name: WAIT17 - 4] a signal: ACTION
    Receive message form player 0 [name: WAIT17 - 4]: 3 5 L
    Transform message form [number: 0] [name: WAIT17 - 4]: 3 5 L
    Correct move!
    Player 0 [name WAIT17 - 4] choose (3,5) move to (3 4)
    Send to player 0 [name: WAIT17 - 4] infomation : (0 3 5 3 4)
    Send to player 1 [name: aaa] infomation : (0 5 1 5 2)
Step 126:
    Send to player 1 [name: aaa] a signal: ACTION
    Receive message form player 1 [name: aaa]: 2 2 L
    Transform message form [number: 1] [name: aaa]: 6 4 R
    Correct move!
    Player 1 [name aaa] choose (6,4) move to (6 5)
    Send to player 0 [name: WAIT17 - 4] infomation : (1 6 4 6 5)
    Send to player 1 [name: aaa] infomation : (1 2 2 2 1)
Step 127:
    Send to player 0 [name: WAIT17 - 4] a signal: ACTION
    Receive message form player 0 [name: WAIT17 - 4]: 3 4 R
    Transform message form [number: 0] [name: WAIT17 - 4]: 3 4 R
    Correct move!
    Player 0 [name WAIT17 - 4] choose (3,4) move to (3 5)
    Send to player 0 [name: WAIT17 - 4] infomation : (0 3 4 3 5)
    Send to player 1 [name: aaa] infomation : (0 5 2 5 1)
Step 128:
    Send to player 1 [name: aaa] a signal: ACTION
    Receive message form player 1 [name: aaa]: 2 1 R
    Transform message form [number: 1] [name: aaa]: 6 5 L
    Correct move!
    Player 1 [name aaa] choose (6,5) move to (6 4)
    Send to player 0 [name: WAIT17 - 4] infomation : (1 6 5 6 4)
    Send to player 1 [name: aaa] infomation : (1 2 1 2 2)
Step 129:
    Send to player 0 [name: WAIT17 - 4] a signal: ACTION
    Receive message form player 0 [name: WAIT17 - 4]: 3 5 L
    Transform message form [number: 0] [name: WAIT17 - 4]: 3 5 L
    Correct move!
    Player 0 [name WAIT17 - 4] choose (3,5) move to (3 4)
    Send to player 0 [name: WAIT17 - 4] infomation : (0 3 5 3 4)
    Send to player 1 [name: aaa] infomation : (0 5 1 5 2)
Step 130:
    Send to player 1 [name: aaa] a signal: ACTION
    Receive message form player 1 [name: aaa]: 2 2 L
    Transform message form [number: 1] [name: aaa]: 6 4 R
    Correct move!
    Player 1 [name aaa] choose (6,4) move to (6 5)
    Send to player 0 [name: WAIT17 - 4] infomation : (1 6 4 6 5)
    Send to player 1 [name: aaa] infomation : (1 2 2 2 1)
Step 131:
    Send to player 0 [name: WAIT17 - 4] a signal: ACTION
    Receive message form player 0 [name: WAIT17 - 4]: 3 4 R
    Transform message form [number: 0] [name: WAIT17 - 4]: 3 4 R
    Correct move!
    Player 0 [name WAIT17 - 4] choose (3,4) move to (3 5)
    Send to player 0 [name: WAIT17 - 4] infomation : (0 3 4 3 5)
    Send to player 1 [name: aaa] infomation : (0 5 2 5 1)
Step 132:
    Send to player 1 [name: aaa] a signal: ACTION
    Receive message form player 1 [name: aaa]: 2 1 R
    Transform message form [number: 1] [name: aaa]: 6 5 L
    Correct move!
    Player 1 [name aaa] choose (6,5) move to (6 4)
    Send to player 0 [name: WAIT17 - 4] infomation : (1 6 5 6 4)
    Send to player 1 [name: aaa] infomation : (1 2 1 2 2)
Step 133:
    Send to player 0 [name: WAIT17 - 4] a signal: ACTION
    Receive message form player 0 [name: WAIT17 - 4]: 3 5 L
    Transform message form [number: 0] [name: WAIT17 - 4]: 3 5 L
    Correct move!
    Player 0 [name WAIT17 - 4] choose (3,5) move to (3 4)
    Send to player 0 [name: WAIT17 - 4] infomation : (0 3 5 3 4)
    Send to player 1 [name: aaa] infomation : (0 5 1 5 2)
Step 134:
    Send to player 1 [name: aaa] a signal: ACTION
    Receive message form player 1 [name: aaa]: 2 2 L
    Transform message form [number: 1] [name: aaa]: 6 4 R
    Correct move!
    Player 1 [name aaa] choose (6,4) move to (6 5)
    Send to player 0 [name: WAIT17 - 4] infomation : (1 6 4 6 5)
    Send to player 1 [name: aaa] infomation : (1 2 2 2 1)
Step 135:
    Send to player 0 [name: WAIT17 - 4] a signal: ACTION
    Receive message form player 0 [name: WAIT17 - 4]: 3 4 R
    Transform message form [number: 0] [name: WAIT17 - 4]: 3 4 R
    Correct move!
    Player 0 [name WAIT17 - 4] choose (3,4) move to (3 5)
    Send to player 0 [name: WAIT17 - 4] infomation : (0 3 4 3 5)
    Send to player 1 [name: aaa] infomation : (0 5 2 5 1)
Step 136:
    Send to player 1 [name: aaa] a signal: ACTION
    Receive message form player 1 [name: aaa]: 2 1 R
    Transform message form [number: 1] [name: aaa]: 6 5 L
    Correct move!
    Player 1 [name aaa] choose (6,5) move to (6 4)
    Send to player 0 [name: WAIT17 - 4] infomation : (1 6 5 6 4)
    Send to player 1 [name: aaa] infomation : (1 2 1 2 2)
Step 137:
    Send to player 0 [name: WAIT17 - 4] a signal: ACTION
    Receive message form player 0 [name: WAIT17 - 4]: 3 5 L
    Transform message form [number: 0] [name: WAIT17 - 4]: 3 5 L
    Correct move!
    Player 0 [name WAIT17 - 4] choose (3,5) move to (3 4)
    Send to player 0 [name: WAIT17 - 4] infomation : (0 3 5 3 4)
    Send to player 1 [name: aaa] infomation : (0 5 1 5 2)
Step 138:
    Send to player 1 [name: aaa] a signal: ACTION
    Receive message form player 1 [name: aaa]: 2 2 L
    Transform message form [number: 1] [name: aaa]: 6 4 R
    Correct move!
    Player 1 [name aaa] choose (6,4) move to (6 5)
    Send to player 0 [name: WAIT17 - 4] infomation : (1 6 4 6 5)
    Send to player 1 [name: aaa] infomation : (1 2 2 2 1)
Step 139:
    Send to player 0 [name: WAIT17 - 4] a signal: ACTION
    Receive message form player 0 [name: WAIT17 - 4]: 3 4 R
    Transform message form [number: 0] [name: WAIT17 - 4]: 3 4 R
    Correct move!
    Player 0 [name WAIT17 - 4] choose (3,4) move to (3 5)
    Send to player 0 [name: WAIT17 - 4] infomation : (0 3 4 3 5)
    Send to player 1 [name: aaa] infomation : (0 5 2 5 1)
Step 140:
    Send to player 1 [name: aaa] a signal: ACTION
    Receive message form player 1 [name: aaa]: 2 1 R
    Transform message form [number: 1] [name: aaa]: 6 5 L
    Correct move!
    Player 1 [name aaa] choose (6,5) move to (6 4)
    Send to player 0 [name: WAIT17 - 4] infomation : (1 6 5 6 4)
    Send to player 1 [name: aaa] infomation : (1 2 1 2 2)
Step 141:
    Send to player 0 [name: WAIT17 - 4] a signal: ACTION
    Receive message form player 0 [name: WAIT17 - 4]: 3 5 L
    Transform message form [number: 0] [name: WAIT17 - 4]: 3 5 L
    Correct move!
    Player 0 [name WAIT17 - 4] choose (3,5) move to (3 4)
    Send to player 0 [name: WAIT17 - 4] infomation : (0 3 5 3 4)
    Send to player 1 [name: aaa] infomation : (0 5 1 5 2)
Step 142:
    Send to player 1 [name: aaa] a signal: ACTION
    Receive message form player 1 [name: aaa]: 2 2 L
    Transform message form [number: 1] [name: aaa]: 6 4 R
    Correct move!
    Player 1 [name aaa] choose (6,4) move to (6 5)
    Send to player 0 [name: WAIT17 - 4] infomation : (1 6 4 6 5)
    Send to player 1 [name: aaa] infomation : (1 2 2 2 1)
Step 143:
    Send to player 0 [name: WAIT17 - 4] a signal: ACTION
    Receive message form player 0 [name: WAIT17 - 4]: 3 4 R
    Transform message form [number: 0] [name: WAIT17 - 4]: 3 4 R
    Correct move!
    Player 0 [name WAIT17 - 4] choose (3,4) move to (3 5)
    Send to player 0 [name: WAIT17 - 4] infomation : (0 3 4 3 5)
    Send to player 1 [name: aaa] infomation : (0 5 2 5 1)
Step 144:
    Send to player 1 [name: aaa] a signal: ACTION
    Receive message form player 1 [name: aaa]: 2 1 R
    Transform message form [number: 1] [name: aaa]: 6 5 L
    Correct move!
    Player 1 [name aaa] choose (6,5) move to (6 4)
    Send to player 0 [name: WAIT17 - 4] infomation : (1 6 5 6 4)
    Send to player 1 [name: aaa] infomation : (1 2 1 2 2)
Step 145:
    Send to player 0 [name: WAIT17 - 4] a signal: ACTION
    Receive message form player 0 [name: WAIT17 - 4]: 3 5 L
    Transform message form [number: 0] [name: WAIT17 - 4]: 3 5 L
    Correct move!
    Player 0 [name WAIT17 - 4] choose (3,5) move to (3 4)
    Send to player 0 [name: WAIT17 - 4] infomation : (0 3 5 3 4)
    Send to player 1 [name: aaa] infomation : (0 5 1 5 2)
Step 146:
    Send to player 1 [name: aaa] a signal: ACTION
    Receive message form player 1 [name: aaa]: 2 2 L
    Transform message form [number: 1] [name: aaa]: 6 4 R
    Correct move!
    Player 1 [name aaa] choose (6,4) move to (6 5)
    Send to player 0 [name: WAIT17 - 4] infomation : (1 6 4 6 5)
    Send to player 1 [name: aaa] infomation : (1 2 2 2 1)
Step 147:
    Send to player 0 [name: WAIT17 - 4] a signal: ACTION
    Receive message form player 0 [name: WAIT17 - 4]: 3 4 R
    Transform message form [number: 0] [name: WAIT17 - 4]: 3 4 R
    Correct move!
    Player 0 [name WAIT17 - 4] choose (3,4) move to (3 5)
    Send to player 0 [name: WAIT17 - 4] infomation : (0 3 4 3 5)
    Send to player 1 [name: aaa] infomation : (0 5 2 5 1)
Step 148:
    Send to player 1 [name: aaa] a signal: ACTION
    Receive message form player 1 [name: aaa]: 2 1 R
    Transform message form [number: 1] [name: aaa]: 6 5 L
    Correct move!
    Player 1 [name aaa] choose (6,5) move to (6 4)
    Send to player 0 [name: WAIT17 - 4] infomation : (1 6 5 6 4)
    Send to player 1 [name: aaa] infomation : (1 2 1 2 2)
Step 149:
    Send to player 0 [name: WAIT17 - 4] a signal: ACTION
    Receive message form player 0 [name: WAIT17 - 4]: 3 5 L
    Transform message form [number: 0] [name: WAIT17 - 4]: 3 5 L
    Correct move!
    Player 0 [name WAIT17 - 4] choose (3,5) move to (3 4)
    Send to player 0 [name: WAIT17 - 4] infomation : (0 3 5 3 4)
    Send to player 1 [name: aaa] infomation : (0 5 1 5 2)
Step 150:
    Send to player 1 [name: aaa] a signal: ACTION
    Receive message form player 1 [name: aaa]: 2 2 L
    Transform message form [number: 1] [name: aaa]: 6 4 R
    Correct move!
    Player 1 [name aaa] choose (6,4) move to (6 5)
    Send to player 0 [name: WAIT17 - 4] infomation : (1 6 4 6 5)
    Send to player 1 [name: aaa] infomation : (1 2 2 2 1)
Step 151:
    Send to player 0 [name: WAIT17 - 4] a signal: ACTION
    Receive message form player 0 [name: WAIT17 - 4]: 3 4 R
    Transform message form [number: 0] [name: WAIT17 - 4]: 3 4 R
    Correct move!
    Player 0 [name WAIT17 - 4] choose (3,4) move to (3 5)
    Send to player 0 [name: WAIT17 - 4] infomation : (0 3 4 3 5)
    Send to player 1 [name: aaa] infomation : (0 5 2 5 1)
Step 152:
    Send to player 1 [name: aaa] a signal: ACTION
    Receive message form player 1 [name: aaa]: 2 1 R
    Transform message form [number: 1] [name: aaa]: 6 5 L
    Correct move!
    Player 1 [name aaa] choose (6,5) move to (6 4)
    Send to player 0 [name: WAIT17 - 4] infomation : (1 6 5 6 4)
    Send to player 1 [name: aaa] infomation : (1 2 1 2 2)
Step 153:
    Send to player 0 [name: WAIT17 - 4] a signal: ACTION
    Receive message form player 0 [name: WAIT17 - 4]: 3 5 L
    Transform message form [number: 0] [name: WAIT17 - 4]: 3 5 L
    Correct move!
    Player 0 [name WAIT17 - 4] choose (3,5) move to (3 4)
    Send to player 0 [name: WAIT17 - 4] infomation : (0 3 5 3 4)
    Send to player 1 [name: aaa] infomation : (0 5 1 5 2)
Step 154:
    Send to player 1 [name: aaa] a signal: ACTION
    Receive message form player 1 [name: aaa]: 2 2 L
    Transform message form [number: 1] [name: aaa]: 6 4 R
    Correct move!
    Player 1 [name aaa] choose (6,4) move to (6 5)
    Send to player 0 [name: WAIT17 - 4] infomation : (1 6 4 6 5)
    Send to player 1 [name: aaa] infomation : (1 2 2 2 1)
Step 155:
    Send to player 0 [name: WAIT17 - 4] a signal: ACTION
    Receive message form player 0 [name: WAIT17 - 4]: 3 4 R
    Transform message form [number: 0] [name: WAIT17 - 4]: 3 4 R
    Correct move!
    Player 0 [name WAIT17 - 4] choose (3,4) move to (3 5)
    Send to player 0 [name: WAIT17 - 4] infomation : (0 3 4 3 5)
    Send to player 1 [name: aaa] infomation : (0 5 2 5 1)
Step 156:
    Send to player 1 [name: aaa] a signal: ACTION
    Receive message form player 1 [name: aaa]: 2 1 R
    Transform message form [number: 1] [name: aaa]: 6 5 L
    Correct move!
    Player 1 [name aaa] choose (6,5) move to (6 4)
    Send to player 0 [name: WAIT17 - 4] infomation : (1 6 5 6 4)
    Send to player 1 [name: aaa] infomation : (1 2 1 2 2)
Step 157:
    Send to player 0 [name: WAIT17 - 4] a signal: ACTION
    Receive message form player 0 [name: WAIT17 - 4]: 3 5 L
    Transform message form [number: 0] [name: WAIT17 - 4]: 3 5 L
    Correct move!
    Player 0 [name WAIT17 - 4] choose (3,5) move to (3 4)
    Send to player 0 [name: WAIT17 - 4] infomation : (0 3 5 3 4)
    Send to player 1 [name: aaa] infomation : (0 5 1 5 2)
Step 158:
    Send to player 1 [name: aaa] a signal: ACTION
    Receive message form player 1 [name: aaa]: 2 2 L
    Transform message form [number: 1] [name: aaa]: 6 4 R
    Correct move!
    Player 1 [name aaa] choose (6,4) move to (6 5)
    Send to player 0 [name: WAIT17 - 4] infomation : (1 6 4 6 5)
    Send to player 1 [name: aaa] infomation : (1 2 2 2 1)
Step 159:
    Send to player 0 [name: WAIT17 - 4] a signal: ACTION
    Receive message form player 0 [name: WAIT17 - 4]: 3 4 R
    Transform message form [number: 0] [name: WAIT17 - 4]: 3 4 R
    Correct move!
    Player 0 [name WAIT17 - 4] choose (3,4) move to (3 5)
    Send to player 0 [name: WAIT17 - 4] infomation : (0 3 4 3 5)
    Send to player 1 [name: aaa] infomation : (0 5 2 5 1)
Step 160:
    Send to player 1 [name: aaa] a signal: ACTION
    Receive message form player 1 [name: aaa]: 2 1 R
    Transform message form [number: 1] [name: aaa]: 6 5 L
    Correct move!
    Player 1 [name aaa] choose (6,5) move to (6 4)
    Send to player 0 [name: WAIT17 - 4] infomation : (1 6 5 6 4)
    Send to player 1 [name: aaa] infomation : (1 2 1 2 2)
Step 161:
    Send to player 0 [name: WAIT17 - 4] a signal: ACTION
    Receive message form player 0 [name: WAIT17 - 4]: 3 5 L
    Transform message form [number: 0] [name: WAIT17 - 4]: 3 5 L
    Correct move!
    Player 0 [name WAIT17 - 4] choose (3,5) move to (3 4)
    Send to player 0 [name: WAIT17 - 4] infomation : (0 3 5 3 4)
    Send to player 1 [name: aaa] infomation : (0 5 1 5 2)
Step 162:
    Send to player 1 [name: aaa] a signal: ACTION
    Receive message form player 1 [name: aaa]: 2 2 L
    Transform message form [number: 1] [name: aaa]: 6 4 R
    Correct move!
    Player 1 [name aaa] choose (6,4) move to (6 5)
    Send to player 0 [name: WAIT17 - 4] infomation : (1 6 4 6 5)
    Send to player 1 [name: aaa] infomation : (1 2 2 2 1)
Step 163:
    Send to player 0 [name: WAIT17 - 4] a signal: ACTION
    Receive message form player 0 [name: WAIT17 - 4]: 3 4 R
    Transform message form [number: 0] [name: WAIT17 - 4]: 3 4 R
    Correct move!
    Player 0 [name WAIT17 - 4] choose (3,4) move to (3 5)
    Send to player 0 [name: WAIT17 - 4] infomation : (0 3 4 3 5)
    Send to player 1 [name: aaa] infomation : (0 5 2 5 1)
Step 164:
    Send to player 1 [name: aaa] a signal: ACTION
    Receive message form player 1 [name: aaa]: 2 1 R
    Transform message form [number: 1] [name: aaa]: 6 5 L
    Correct move!
    Player 1 [name aaa] choose (6,5) move to (6 4)
    Send to player 0 [name: WAIT17 - 4] infomation : (1 6 5 6 4)
    Send to player 1 [name: aaa] infomation : (1 2 1 2 2)
Step 165:
    Send to player 0 [name: WAIT17 - 4] a signal: ACTION
    Receive message form player 0 [name: WAIT17 - 4]: 3 5 L
    Transform message form [number: 0] [name: WAIT17 - 4]: 3 5 L
    Correct move!
    Player 0 [name WAIT17 - 4] choose (3,5) move to (3 4)
    Send to player 0 [name: WAIT17 - 4] infomation : (0 3 5 3 4)
    Send to player 1 [name: aaa] infomation : (0 5 1 5 2)
Step 166:
    Send to player 1 [name: aaa] a signal: ACTION
    Receive message form player 1 [name: aaa]: 2 2 L
    Transform message form [number: 1] [name: aaa]: 6 4 R
    Correct move!
    Player 1 [name aaa] choose (6,4) move to (6 5)
    Send to player 0 [name: WAIT17 - 4] infomation : (1 6 4 6 5)
    Send to player 1 [name: aaa] infomation : (1 2 2 2 1)
Step 167:
    Send to player 0 [name: WAIT17 - 4] a signal: ACTION
    Receive message form player 0 [name: WAIT17 - 4]: 3 4 R
    Transform message form [number: 0] [name: WAIT17 - 4]: 3 4 R
    Correct move!
    Player 0 [name WAIT17 - 4] choose (3,4) move to (3 5)
    Send to player 0 [name: WAIT17 - 4] infomation : (0 3 4 3 5)
    Send to player 1 [name: aaa] infomation : (0 5 2 5 1)
Step 168:
    Send to player 1 [name: aaa] a signal: ACTION
    Receive message form player 1 [name: aaa]: 2 1 R
    Transform message form [number: 1] [name: aaa]: 6 5 L
    Correct move!
    Player 1 [name aaa] choose (6,5) move to (6 4)
    Send to player 0 [name: WAIT17 - 4] infomation : (1 6 5 6 4)
    Send to player 1 [name: aaa] infomation : (1 2 1 2 2)
Step 169:
    Send to player 0 [name: WAIT17 - 4] a signal: ACTION
    Receive message form player 0 [name: WAIT17 - 4]: 3 5 L
    Transform message form [number: 0] [name: WAIT17 - 4]: 3 5 L
    Correct move!
    Player 0 [name WAIT17 - 4] choose (3,5) move to (3 4)
    Send to player 0 [name: WAIT17 - 4] infomation : (0 3 5 3 4)
    Send to player 1 [name: aaa] infomation : (0 5 1 5 2)
Step 170:
    Send to player 1 [name: aaa] a signal: ACTION
    Receive message form player 1 [name: aaa]: 2 2 L
    Transform message form [number: 1] [name: aaa]: 6 4 R
    Correct move!
    Player 1 [name aaa] choose (6,4) move to (6 5)
    Send to player 0 [name: WAIT17 - 4] infomation : (1 6 4 6 5)
    Send to player 1 [name: aaa] infomation : (1 2 2 2 1)
Step 171:
    Send to player 0 [name: WAIT17 - 4] a signal: ACTION
    Receive message form player 0 [name: WAIT17 - 4]: 3 4 U
    Transform message form [number: 0] [name: WAIT17 - 4]: 3 4 U
    Correct move!
    Player 0 [name WAIT17 - 4] choose (3,4) move to (4 4)
    Send to player 0 [name: WAIT17 - 4] infomation : (0 3 4 4 4)
    Send to player 1 [name: aaa] infomation : (0 5 2 4 2)
Step 172:
    Send to player 1 [name: aaa] a signal: ACTION
    Receive message form player 1 [name: aaa]: 2 1 U
    Transform message form [number: 1] [name: aaa]: 6 5 D
    Correct move!
    Player 1 [name aaa] choose (6,5) move to (2 5)
    Send to player 0 [name: WAIT17 - 4] infomation : (1 6 5 2 5)
    Send to player 1 [name: aaa] infomation : (1 2 1 6 1)
Step 173:
    Send to player 0 [name: WAIT17 - 4] a signal: ACTION
    Receive message form player 0 [name: WAIT17 - 4]: 4 4 U
    Transform message form [number: 0] [name: WAIT17 - 4]: 4 4 U
    Correct move!
    Player 0 [name WAIT17 - 4] choose (4,4) move to (5 4)
    Send to player 0 [name: WAIT17 - 4] infomation : (0 4 4 5 4)
    Send to player 1 [name: aaa] infomation : (0 4 2 3 2)
Step 174:
    Send to player 1 [name: aaa] a signal: ACTION
    Receive message form player 1 [name: aaa]: 6 1 U
    Transform message form [number: 1] [name: aaa]: 2 5 D
    Correct move!
    Player 1 [name aaa] choose (2,5) move to (1 5)
    Send to player 0 [name: WAIT17 - 4] infomation : (1 2 5 1 5)
    Send to player 1 [name: aaa] infomation : (1 6 1 7 1)
Step 175:
    Send to player 0 [name: WAIT17 - 4] a signal: ACTION
    Receive message form player 0 [name: WAIT17 - 4]: 2 4 L
    Transform message form [number: 0] [name: WAIT17 - 4]: 2 4 L
    Correct move!
    Player 0 [name WAIT17 - 4] choose (2,4) move to (2 3)
    Send to player 0 [name: WAIT17 - 4] infomation : (0 2 4 2 3)
    Send to player 1 [name: aaa] infomation : (0 6 2 6 3)
Step 176:
    Send to player 1 [name: aaa] a signal: ACTION
    Receive message form player 1 [name: aaa]: 7 1 U
    Transform message form [number: 1] [name: aaa]: 1 5 D
    Correct move!
    Player 1 [name aaa] choose (1,5) move to (0 5)
    Send to player 0 [name: WAIT17 - 4] infomation : (1 1 5 0 5)
    Send to player 1 [name: aaa] infomation : (1 7 1 8 1)
Step 177:
    Send to player 0 [name: WAIT17 - 4] a signal: ACTION
    Receive message form player 0 [name: WAIT17 - 4]: 4 6 U
    Transform message form [number: 0] [name: WAIT17 - 4]: 4 6 U
    Correct move!
    Player 0 [name WAIT17 - 4] choose (4,6) move to (5 6)
    Send to player 0 [name: WAIT17 - 4] infomation : (0 4 6 5 6)
    Send to player 1 [name: aaa] infomation : (0 4 0 3 0)
Step 178:
    Send to player 1 [name: aaa] a signal: ACTION
    Receive message form player 1 [name: aaa]: 8 1 R
    Transform message form [number: 1] [name: aaa]: 0 5 L
    Correct move!
    Player 1 [name aaa] choose (0,5) move to (0 4)
    Send to player 0 [name: WAIT17 - 4] infomation : (1 0 5 0 4)
    Send to player 1 [name: aaa] infomation : (1 8 1 8 2)
Step 179:
    Send to player 0 [name: WAIT17 - 4] a signal: ACTION
    Receive message form player 0 [name: WAIT17 - 4]: 5 4 R
    Transform message form [number: 0] [name: WAIT17 - 4]: 5 4 R
    Correct move!
    Player 0 [name WAIT17 - 4] choose (5,4) move to (5 5)
    Send to player 0 [name: WAIT17 - 4] infomation : (0 5 4 5 5)
    Send to player 1 [name: aaa] infomation : (0 3 2 3 1)
Step 180:
    Send to player 1 [name: aaa] a signal: ACTION
    Receive message form player 1 [name: aaa]: 8 2 R
    Transform message form [number: 1] [name: aaa]: 0 4 L
    Correct move!
    Player 1 [name aaa] choose (0,4) move to (0 3)
    Send to player 0 [name: WAIT17 - 4] infomation : (1 0 4 0 3)
    Send to player 1 [name: aaa] infomation : (1 8 2 8 3)
    The Player 1 (name aaa) win the game
Closing connections:
    Player 0 [name: WAIT17 - 4] connection closed succueefully
    Player 1 [name: aaa] connection closed succueefully
Total Steps: 180
End!
