Initialization:
    Waiting to connect ...
    AI0: hito wanaze kizutsu ke a tte from 127.0.0.1 connected
    AI1: balala from 127.0.0.1 connected
    balala is the first player
    hito wanaze kizutsu ke a tte is the second player
Step 1:
    Send to player 1 [name: balala] a signal: ACTION
    Receive message form player 1 [name: balala]: 0 0 R
    Transform message form [number: 1] [name: balala]: 8 6 L
    Correct move!
    Player 1 [name balala] choose (8,6) move to (8 5)
    Send to player 0 [name: hito wanaze kizutsu ke a tte] infomation : (1 8 6 8 5)
    Send to player 1 [name: balala] infomation : (1 0 0 0 1)
Step 2:
    Send to player 0 [name: hito wanaze kizutsu ke a tte] a signal: ACTION
    Receive message form player 0 [name: hito wanaze kizutsu ke a tte]: 2 2 D
    Transform message form [number: 0] [name: hito wanaze kizutsu ke a tte]: 2 2 D
    Correct move!
    Player 0 [name hito wanaze kizutsu ke a tte] choose (2,2) move to (1 2)
    Send to player 0 [name: hito wanaze kizutsu ke a tte] infomation : (0 2 2 1 2)
    Send to player 1 [name: balala] infomation : (0 6 4 7 4)
Step 3:
    Send to player 1 [name: balala] a signal: ACTION
    Receive message form player 1 [name: balala]: 0 1 R
    Transform message form [number: 1] [name: balala]: 8 5 L
    Correct move!
    Player 1 [name balala] choose (8,5) move to (8 4)
    Send to player 0 [name: hito wanaze kizutsu ke a tte] infomation : (1 8 5 8 4)
    Send to player 1 [name: balala] infomation : (1 0 1 0 2)
Step 4:
    Send to player 0 [name: hito wanaze kizutsu ke a tte] a signal: ACTION
    Receive message form player 0 [name: hito wanaze kizutsu ke a tte]: 2 0 R
    Transform message form [number: 0] [name: hito wanaze kizutsu ke a tte]: 2 0 R
    Correct move!
    Player 0 [name hito wanaze kizutsu ke a tte] choose (2,0) move to (2 1)
    Send to player 0 [name: hito wanaze kizutsu ke a tte] infomation : (0 2 0 2 1)
    Send to player 1 [name: balala] infomation : (0 6 6 6 5)
Step 5:
    Send to player 1 [name: balala] a signal: ACTION
    Receive message form player 1 [name: balala]: 0 2 U
    Transform message form [number: 1] [name: balala]: 8 4 D
    Correct move!
    Player 1 [name balala] choose (8,4) move to (7 4)
    Send to player 0 [name: hito wanaze kizutsu ke a tte] infomation : (1 8 4 7 4)
    Send to player 1 [name: balala] infomation : (1 0 2 1 2)
Step 6:
    Send to player 0 [name: hito wanaze kizutsu ke a tte] a signal: ACTION
    Receive message form player 0 [name: hito wanaze kizutsu ke a tte]: 2 1 R
    Transform message form [number: 0] [name: hito wanaze kizutsu ke a tte]: 2 1 R
    Correct move!
    Player 0 [name hito wanaze kizutsu ke a tte] choose (2,1) move to (2 2)
    Send to player 0 [name: hito wanaze kizutsu ke a tte] infomation : (0 2 1 2 2)
    Send to player 1 [name: balala] infomation : (0 6 5 6 4)
Step 7:
    Send to player 1 [name: balala] a signal: ACTION
    Receive message form player 1 [name: balala]: 1 2 R
    Transform message form [number: 1] [name: balala]: 7 4 L
    Correct move!
    Player 1 [name balala] choose (7,4) move to (7 3)
    Send to player 0 [name: hito wanaze kizutsu ke a tte] infomation : (1 7 4 7 3)
    Send to player 1 [name: balala] infomation : (1 1 2 1 3)
Step 8:
    Send to player 0 [name: hito wanaze kizutsu ke a tte] a signal: ACTION
    Receive message form player 0 [name: hito wanaze kizutsu ke a tte]: 2 2 R
    Transform message form [number: 0] [name: hito wanaze kizutsu ke a tte]: 2 2 R
    Correct move!
    Player 0 [name hito wanaze kizutsu ke a tte] choose (2,2) move to (2 3)
    Send to player 0 [name: hito wanaze kizutsu ke a tte] infomation : (0 2 2 2 3)
    Send to player 1 [name: balala] infomation : (0 6 4 6 3)
Step 9:
    Send to player 1 [name: balala] a signal: ACTION
    Receive message form player 1 [name: balala]: 1 3 R
    Transform message form [number: 1] [name: balala]: 7 3 L
    Correct move!
    Player 1 [name balala] choose (7,3) move to (7 2)
    Send to player 0 [name: hito wanaze kizutsu ke a tte] infomation : (1 7 3 7 2)
    Send to player 1 [name: balala] infomation : (1 1 3 1 4)
Step 10:
    Send to player 0 [name: hito wanaze kizutsu ke a tte] a signal: ACTION
    Receive message form player 0 [name: hito wanaze kizutsu ke a tte]: 2 3 U
    Transform message form [number: 0] [name: hito wanaze kizutsu ke a tte]: 2 3 U
    Correct move!
    Player 0 [name hito wanaze kizutsu ke a tte] choose (2,3) move to (3 3)
    Send to player 0 [name: hito wanaze kizutsu ke a tte] infomation : (0 2 3 3 3)
    Send to player 1 [name: balala] infomation : (0 6 3 5 3)
Step 11:
    Send to player 1 [name: balala] a signal: ACTION
    Receive message form player 1 [name: balala]: 1 4 L
    Transform message form [number: 1] [name: balala]: 7 2 R
    Correct move!
    Player 1 [name balala] choose (7,2) move to (7 3)
    Send to player 0 [name: hito wanaze kizutsu ke a tte] infomation : (1 7 2 7 3)
    Send to player 1 [name: balala] infomation : (1 1 4 1 3)
Step 12:
    Send to player 0 [name: hito wanaze kizutsu ke a tte] a signal: ACTION
    Receive message form player 0 [name: hito wanaze kizutsu ke a tte]: 3 3 U
    Transform message form [number: 0] [name: hito wanaze kizutsu ke a tte]: 3 3 U
    Correct move!
    Player 0 [name hito wanaze kizutsu ke a tte] choose (3,3) move to (4 3)
    Send to player 0 [name: hito wanaze kizutsu ke a tte] infomation : (0 3 3 4 3)
    Send to player 1 [name: balala] infomation : (0 5 3 4 3)
Step 13:
    Send to player 1 [name: balala] a signal: ACTION
    Receive message form player 1 [name: balala]: 1 3 R
    Transform message form [number: 1] [name: balala]: 7 3 L
    Correct move!
    Player 1 [name balala] choose (7,3) move to (7 2)
    Send to player 0 [name: hito wanaze kizutsu ke a tte] infomation : (1 7 3 7 2)
    Send to player 1 [name: balala] infomation : (1 1 3 1 4)
Step 14:
    Send to player 0 [name: hito wanaze kizutsu ke a tte] a signal: ACTION
    Receive message form player 0 [name: hito wanaze kizutsu ke a tte]: 4 3 U
    Transform message form [number: 0] [name: hito wanaze kizutsu ke a tte]: 4 3 U
    Correct move!
    Player 0 [name hito wanaze kizutsu ke a tte] choose (4,3) move to (5 3)
    Send to player 0 [name: hito wanaze kizutsu ke a tte] infomation : (0 4 3 5 3)
    Send to player 1 [name: balala] infomation : (0 4 3 3 3)
Step 15:
    Send to player 1 [name: balala] a signal: ACTION
    Receive message form player 1 [name: balala]: 1 4 L
    Transform message form [number: 1] [name: balala]: 7 2 R
    Correct move!
    Player 1 [name balala] choose (7,2) move to (7 3)
    Send to player 0 [name: hito wanaze kizutsu ke a tte] infomation : (1 7 2 7 3)
    Send to player 1 [name: balala] infomation : (1 1 4 1 3)
Step 16:
    Send to player 0 [name: hito wanaze kizutsu ke a tte] a signal: ACTION
    Receive message form player 0 [name: hito wanaze kizutsu ke a tte]: 5 3 U
    Transform message form [number: 0] [name: hito wanaze kizutsu ke a tte]: 5 3 U
    Correct move!
    Player 0 [name hito wanaze kizutsu ke a tte] choose (5,3) move to (6 3)
    Send to player 0 [name: hito wanaze kizutsu ke a tte] infomation : (0 5 3 6 3)
    Send to player 1 [name: balala] infomation : (0 3 3 2 3)
Step 17:
    Send to player 1 [name: balala] a signal: ACTION
    Receive message form player 1 [name: balala]: 2 4 R
    Transform message form [number: 1] [name: balala]: 6 2 L
    Correct move!
    Player 1 [name balala] choose (6,2) move to (6 1)
    Send to player 0 [name: hito wanaze kizutsu ke a tte] infomation : (1 6 2 6 1)
    Send to player 1 [name: balala] infomation : (1 2 4 2 5)
Step 18:
    Send to player 0 [name: hito wanaze kizutsu ke a tte] a signal: ACTION
    Receive message form player 0 [name: hito wanaze kizutsu ke a tte]: 6 3 U
    Transform message form [number: 0] [name: hito wanaze kizutsu ke a tte]: 6 3 U
    Correct move!
    Player 0 [name hito wanaze kizutsu ke a tte] choose (6,3) move to (7 3)
    Send to player 0 [name: hito wanaze kizutsu ke a tte] infomation : (0 6 3 7 3)
    Send to player 1 [name: balala] infomation : (0 2 3 1 3)
Step 19:
    Send to player 1 [name: balala] a signal: ACTION
    Receive message form player 1 [name: balala]: 0 6 L
    Transform message form [number: 1] [name: balala]: 8 0 R
    Correct move!
    Player 1 [name balala] choose (8,0) move to (8 1)
    Send to player 0 [name: hito wanaze kizutsu ke a tte] infomation : (1 8 0 8 1)
    Send to player 1 [name: balala] infomation : (1 0 6 0 5)
Step 20:
    Send to player 0 [name: hito wanaze kizutsu ke a tte] a signal: ACTION
    Receive message form player 0 [name: hito wanaze kizutsu ke a tte]: 7 3 U
    Transform message form [number: 0] [name: hito wanaze kizutsu ke a tte]: 7 3 U
    Correct move!
    Player 0 [name hito wanaze kizutsu ke a tte] choose (7,3) move to (8 3)
    Send to player 0 [name: hito wanaze kizutsu ke a tte] infomation : (0 7 3 8 3)
    Send to player 1 [name: balala] infomation : (0 1 3 0 3)
    The Player 0 (name hito wanaze kizutsu ke a tte) win the game
Closing connections:
    Player 0 [name: hito wanaze kizutsu ke a tte] connection closed succueefully
    Player 1 [name: balala] connection closed succueefully
Total Steps: 20
End!
