Initialization:
    Waiting to connect ...
    AI0: 平局能手-圣诞特别版Ver 2.0 from 127.0.0.1 connected
    AI1: XIQCX from 127.0.0.1 connected
    平局能手-圣诞特别版Ver 2.0 is the first player
    XIQCX is the second player
Step 1:
    Send to player 0 [name: 平局能手-圣诞特别版Ver 2.0] a signal: ACTION
    Receive message form player 0 [name: 平局能手-圣诞特别版Ver 2.0]: 2 0 R
    Transform message form [number: 0] [name: 平局能手-圣诞特别版Ver 2.0]: 2 0 R
    Correct move!
    Player 0 [name 平局能手-圣诞特别版Ver 2.0] choose (2,0) move to (2 1)
    Send to player 0 [name: 平局能手-圣诞特别版Ver 2.0] infomation : (0 2 0 2 1)
    Send to player 1 [name: XIQCX] infomation : (0 6 6 6 5)
Step 2:
    Send to player 1 [name: XIQCX] a signal: ACTION
    Receive message form player 1 [name: XIQCX]: 2 4 D
    Transform message form [number: 1] [name: XIQCX]: 6 2 U
    Correct move!
    Player 1 [name XIQCX] choose (6,2) move to (7 2)
    Send to player 0 [name: 平局能手-圣诞特别版Ver 2.0] infomation : (1 6 2 7 2)
    Send to player 1 [name: XIQCX] infomation : (1 2 4 1 4)
Step 3:
    Send to player 0 [name: 平局能手-圣诞特别版Ver 2.0] a signal: ACTION
    Receive message form player 0 [name: 平局能手-圣诞特别版Ver 2.0]: 0 0 U
    Transform message form [number: 0] [name: 平局能手-圣诞特别版Ver 2.0]: 0 0 U
    Correct move!
    Player 0 [name 平局能手-圣诞特别版Ver 2.0] choose (0,0) move to (1 0)
    Send to player 0 [name: 平局能手-圣诞特别版Ver 2.0] infomation : (0 0 0 1 0)
    Send to player 1 [name: XIQCX] infomation : (0 8 6 7 6)
Step 4:
    Send to player 1 [name: XIQCX] a signal: ACTION
    Receive message form player 1 [name: XIQCX]: 1 1 R
    Transform message form [number: 1] [name: XIQCX]: 7 5 L
    Correct move!
    Player 1 [name XIQCX] choose (7,5) move to (7 4)
    Send to player 0 [name: 平局能手-圣诞特别版Ver 2.0] infomation : (1 7 5 7 4)
    Send to player 1 [name: XIQCX] infomation : (1 1 1 1 2)
Step 5:
    Send to player 0 [name: 平局能手-圣诞特别版Ver 2.0] a signal: ACTION
    Receive message form player 0 [name: 平局能手-圣诞特别版Ver 2.0]: 1 0 U
    Transform message form [number: 0] [name: 平局能手-圣诞特别版Ver 2.0]: 1 0 U
    Correct move!
    Player 0 [name 平局能手-圣诞特别版Ver 2.0] choose (1,0) move to (2 0)
    Send to player 0 [name: 平局能手-圣诞特别版Ver 2.0] infomation : (0 1 0 2 0)
    Send to player 1 [name: XIQCX] infomation : (0 7 6 6 6)
Step 6:
    Send to player 1 [name: XIQCX] a signal: ACTION
    Receive message form player 1 [name: XIQCX]: 1 2 R
    Transform message form [number: 1] [name: XIQCX]: 7 4 L
    Correct move!
    Player 1 [name XIQCX] choose (7,4) move to (7 3)
    Send to player 0 [name: 平局能手-圣诞特别版Ver 2.0] infomation : (1 7 4 7 3)
    Send to player 1 [name: XIQCX] infomation : (1 1 2 1 3)
Step 7:
    Send to player 0 [name: 平局能手-圣诞特别版Ver 2.0] a signal: ACTION
    Receive message form player 0 [name: 平局能手-圣诞特别版Ver 2.0]: 2 0 U
    Transform message form [number: 0] [name: 平局能手-圣诞特别版Ver 2.0]: 2 0 U
    Correct move!
    Player 0 [name 平局能手-圣诞特别版Ver 2.0] choose (2,0) move to (3 0)
    Send to player 0 [name: 平局能手-圣诞特别版Ver 2.0] infomation : (0 2 0 3 0)
    Send to player 1 [name: XIQCX] infomation : (0 6 6 5 6)
Step 8:
    Send to player 1 [name: XIQCX] a signal: ACTION
    Receive message form player 1 [name: XIQCX]: 2 6 D
    Transform message form [number: 1] [name: XIQCX]: 6 0 U
    Correct move!
    Player 1 [name XIQCX] choose (6,0) move to (7 0)
    Send to player 0 [name: 平局能手-圣诞特别版Ver 2.0] infomation : (1 6 0 7 0)
    Send to player 1 [name: XIQCX] infomation : (1 2 6 1 6)
Step 9:
    Send to player 0 [name: 平局能手-圣诞特别版Ver 2.0] a signal: ACTION
    Receive message form player 0 [name: 平局能手-圣诞特别版Ver 2.0]: 3 0 R
    Transform message form [number: 0] [name: 平局能手-圣诞特别版Ver 2.0]: 3 0 R
    Correct move!
    Player 0 [name 平局能手-圣诞特别版Ver 2.0] choose (3,0) move to (3 3)
    Send to player 0 [name: 平局能手-圣诞特别版Ver 2.0] infomation : (0 3 0 3 3)
    Send to player 1 [name: XIQCX] infomation : (0 5 6 5 3)
Step 10:
    Send to player 1 [name: XIQCX] a signal: ACTION
    Receive message form player 1 [name: XIQCX]: 1 5 U
    Transform message form [number: 1] [name: XIQCX]: 7 1 D
    Correct move!
    Player 1 [name XIQCX] choose (7,1) move to (6 1)
    Send to player 0 [name: 平局能手-圣诞特别版Ver 2.0] infomation : (1 7 1 6 1)
    Send to player 1 [name: XIQCX] infomation : (1 1 5 2 5)
Step 11:
    Send to player 0 [name: 平局能手-圣诞特别版Ver 2.0] a signal: ACTION
    Receive message form player 0 [name: 平局能手-圣诞特别版Ver 2.0]: 1 1 D
    Transform message form [number: 0] [name: 平局能手-圣诞特别版Ver 2.0]: 1 1 D
    Correct move!
    Player 0 [name 平局能手-圣诞特别版Ver 2.0] choose (1,1) move to (0 1)
    Send to player 0 [name: 平局能手-圣诞特别版Ver 2.0] infomation : (0 1 1 0 1)
    Send to player 1 [name: XIQCX] infomation : (0 7 5 8 5)
Step 12:
    Send to player 1 [name: XIQCX] a signal: ACTION
    Receive message form player 1 [name: XIQCX]: 2 5 D
    Transform message form [number: 1] [name: XIQCX]: 6 1 U
    Correct move!
    Player 1 [name XIQCX] choose (6,1) move to (7 1)
    Send to player 0 [name: 平局能手-圣诞特别版Ver 2.0] infomation : (1 6 1 7 1)
    Send to player 1 [name: XIQCX] infomation : (1 2 5 1 5)
Step 13:
    Send to player 0 [name: 平局能手-圣诞特别版Ver 2.0] a signal: ACTION
    Receive message form player 0 [name: 平局能手-圣诞特别版Ver 2.0]: 1 5 D
    Transform message form [number: 0] [name: 平局能手-圣诞特别版Ver 2.0]: 1 5 D
    Correct move!
    Player 0 [name 平局能手-圣诞特别版Ver 2.0] choose (1,5) move to (0 5)
    Send to player 0 [name: 平局能手-圣诞特别版Ver 2.0] infomation : (0 1 5 0 5)
    Send to player 1 [name: XIQCX] infomation : (0 7 1 8 1)
Step 14:
    Send to player 1 [name: XIQCX] a signal: ACTION
    Receive message form player 1 [name: XIQCX]: 2 2 L
    Transform message form [number: 1] [name: XIQCX]: 6 4 R
    Correct move!
    Player 1 [name XIQCX] choose (6,4) move to (6 5)
    Send to player 0 [name: 平局能手-圣诞特别版Ver 2.0] infomation : (1 6 4 6 5)
    Send to player 1 [name: XIQCX] infomation : (1 2 2 2 1)
Step 15:
    Send to player 0 [name: 平局能手-圣诞特别版Ver 2.0] a signal: ACTION
    Receive message form player 0 [name: 平局能手-圣诞特别版Ver 2.0]: 2 2 D
    Transform message form [number: 0] [name: 平局能手-圣诞特别版Ver 2.0]: 2 2 D
    Correct move!
    Player 0 [name 平局能手-圣诞特别版Ver 2.0] choose (2,2) move to (1 2)
    Send to player 0 [name: 平局能手-圣诞特别版Ver 2.0] infomation : (0 2 2 1 2)
    Send to player 1 [name: XIQCX] infomation : (0 6 4 7 4)
Step 16:
    Send to player 1 [name: XIQCX] a signal: ACTION
    Receive message form player 1 [name: XIQCX]: 0 6 L
    Transform message form [number: 1] [name: XIQCX]: 8 0 R
    Correct move!
    Player 1 [name XIQCX] choose (8,0) move to (8 1)
    Send to player 0 [name: 平局能手-圣诞特别版Ver 2.0] infomation : (1 8 0 8 1)
    Send to player 1 [name: XIQCX] infomation : (1 0 6 0 5)
Step 17:
    Send to player 0 [name: 平局能手-圣诞特别版Ver 2.0] a signal: ACTION
    Receive message form player 0 [name: 平局能手-圣诞特别版Ver 2.0]: 2 1 R
    Transform message form [number: 0] [name: 平局能手-圣诞特别版Ver 2.0]: 2 1 R
    Correct move!
    Player 0 [name 平局能手-圣诞特别版Ver 2.0] choose (2,1) move to (2 2)
    Send to player 0 [name: 平局能手-圣诞特别版Ver 2.0] infomation : (0 2 1 2 2)
    Send to player 1 [name: XIQCX] infomation : (0 6 5 6 4)
Step 18:
    Send to player 1 [name: XIQCX] a signal: ACTION
    Receive message form player 1 [name: XIQCX]: 0 0 R
    Transform message form [number: 1] [name: XIQCX]: 8 6 L
    Correct move!
    Player 1 [name XIQCX] choose (8,6) move to (8 5)
    Send to player 0 [name: 平局能手-圣诞特别版Ver 2.0] infomation : (1 8 6 8 5)
    Send to player 1 [name: XIQCX] infomation : (1 0 0 0 1)
Step 19:
    Send to player 0 [name: 平局能手-圣诞特别版Ver 2.0] a signal: ACTION
    Receive message form player 0 [name: 平局能手-圣诞特别版Ver 2.0]: 2 2 R
    Transform message form [number: 0] [name: 平局能手-圣诞特别版Ver 2.0]: 2 2 R
    Correct move!
    Player 0 [name 平局能手-圣诞特别版Ver 2.0] choose (2,2) move to (2 3)
    Send to player 0 [name: 平局能手-圣诞特别版Ver 2.0] infomation : (0 2 2 2 3)
    Send to player 1 [name: XIQCX] infomation : (0 6 4 6 3)
Step 20:
    Send to player 1 [name: XIQCX] a signal: ACTION
    Receive message form player 1 [name: XIQCX]: 1 3 L
    Transform message form [number: 1] [name: XIQCX]: 7 3 R
    Correct move!
    Player 1 [name XIQCX] choose (7,3) move to (7 4)
    Send to player 0 [name: 平局能手-圣诞特别版Ver 2.0] infomation : (1 7 3 7 4)
    Send to player 1 [name: XIQCX] infomation : (1 1 3 1 2)
Step 21:
    Send to player 0 [name: 平局能手-圣诞特别版Ver 2.0] a signal: ACTION
    Receive message form player 0 [name: 平局能手-圣诞特别版Ver 2.0]: 1 2 U
    Transform message form [number: 0] [name: 平局能手-圣诞特别版Ver 2.0]: 1 2 U
    Correct move!
    Player 0 [name 平局能手-圣诞特别版Ver 2.0] choose (1,2) move to (2 2)
    Send to player 0 [name: 平局能手-圣诞特别版Ver 2.0] infomation : (0 1 2 2 2)
    Send to player 1 [name: XIQCX] infomation : (0 7 4 6 4)
Step 22:
    Send to player 1 [name: XIQCX] a signal: ACTION
    Receive message form player 1 [name: XIQCX]: 0 1 U
    Transform message form [number: 1] [name: XIQCX]: 8 5 D
    Correct move!
    Player 1 [name XIQCX] choose (8,5) move to (7 5)
    Send to player 0 [name: 平局能手-圣诞特别版Ver 2.0] infomation : (1 8 5 7 5)
    Send to player 1 [name: XIQCX] infomation : (1 0 1 1 1)
Step 23:
    Send to player 0 [name: 平局能手-圣诞特别版Ver 2.0] a signal: ACTION
    Receive message form player 0 [name: 平局能手-圣诞特别版Ver 2.0]: 2 6 U
    Transform message form [number: 0] [name: 平局能手-圣诞特别版Ver 2.0]: 2 6 U
    Correct move!
    Player 0 [name 平局能手-圣诞特别版Ver 2.0] choose (2,6) move to (3 6)
    Send to player 0 [name: 平局能手-圣诞特别版Ver 2.0] infomation : (0 2 6 3 6)
    Send to player 1 [name: XIQCX] infomation : (0 6 0 5 0)
Step 24:
    Send to player 1 [name: XIQCX] a signal: ACTION
    Receive message form player 1 [name: XIQCX]: 1 2 U
    Transform message form [number: 1] [name: XIQCX]: 7 4 D
    Correct move!
    Player 1 [name XIQCX] choose (7,4) move to (6 4)
    Send to player 0 [name: 平局能手-圣诞特别版Ver 2.0] infomation : (1 7 4 6 4)
    Send to player 1 [name: XIQCX] infomation : (1 1 2 2 2)
Step 25:
    Send to player 0 [name: 平局能手-圣诞特别版Ver 2.0] a signal: ACTION
    Receive message form player 0 [name: 平局能手-圣诞特别版Ver 2.0]: 3 6 L
    Transform message form [number: 0] [name: 平局能手-圣诞特别版Ver 2.0]: 3 6 L
    Correct move!
    Player 0 [name 平局能手-圣诞特别版Ver 2.0] choose (3,6) move to (3 5)
    Send to player 0 [name: 平局能手-圣诞特别版Ver 2.0] infomation : (0 3 6 3 5)
    Send to player 1 [name: XIQCX] infomation : (0 5 0 5 1)
Step 26:
    Send to player 1 [name: XIQCX] a signal: ACTION
    Receive message form player 1 [name: XIQCX]: 1 6 D
    Transform message form [number: 1] [name: XIQCX]: 7 0 U
    Correct move!
    Player 1 [name XIQCX] choose (7,0) move to (8 0)
    Send to player 0 [name: 平局能手-圣诞特别版Ver 2.0] infomation : (1 7 0 8 0)
    Send to player 1 [name: XIQCX] infomation : (1 1 6 0 6)
Step 27:
    Send to player 0 [name: 平局能手-圣诞特别版Ver 2.0] a signal: ACTION
    Receive message form player 0 [name: 平局能手-圣诞特别版Ver 2.0]: 0 6 U
    Transform message form [number: 0] [name: 平局能手-圣诞特别版Ver 2.0]: 0 6 U
    Correct move!
    Player 0 [name 平局能手-圣诞特别版Ver 2.0] choose (0,6) move to (1 6)
    Send to player 0 [name: 平局能手-圣诞特别版Ver 2.0] infomation : (0 0 6 1 6)
    Send to player 1 [name: XIQCX] infomation : (0 8 0 7 0)
Step 28:
    Send to player 1 [name: XIQCX] a signal: ACTION
    Receive message form player 1 [name: XIQCX]: 2 0 D
    Transform message form [number: 1] [name: XIQCX]: 6 6 U
    Correct move!
    Player 1 [name XIQCX] choose (6,6) move to (7 6)
    Send to player 0 [name: 平局能手-圣诞特别版Ver 2.0] infomation : (1 6 6 7 6)
    Send to player 1 [name: XIQCX] infomation : (1 2 0 1 0)
Step 29:
    Send to player 0 [name: 平局能手-圣诞特别版Ver 2.0] a signal: ACTION
    Receive message form player 0 [name: 平局能手-圣诞特别版Ver 2.0]: 1 6 U
    Transform message form [number: 0] [name: 平局能手-圣诞特别版Ver 2.0]: 1 6 U
    Correct move!
    Player 0 [name 平局能手-圣诞特别版Ver 2.0] choose (1,6) move to (2 6)
    Send to player 0 [name: 平局能手-圣诞特别版Ver 2.0] infomation : (0 1 6 2 6)
    Send to player 1 [name: XIQCX] infomation : (0 7 0 6 0)
Step 30:
    Send to player 1 [name: XIQCX] a signal: ACTION
    Receive message form player 1 [name: XIQCX]: 1 5 R
    Transform message form [number: 1] [name: XIQCX]: 7 1 L
    Correct move!
    Player 1 [name XIQCX] choose (7,1) move to (7 0)
    Send to player 0 [name: 平局能手-圣诞特别版Ver 2.0] infomation : (1 7 1 7 0)
    Send to player 1 [name: XIQCX] infomation : (1 1 5 1 6)
Step 31:
    Send to player 0 [name: 平局能手-圣诞特别版Ver 2.0] a signal: ACTION
    Receive message form player 0 [name: 平局能手-圣诞特别版Ver 2.0]: 2 6 U
    Transform message form [number: 0] [name: 平局能手-圣诞特别版Ver 2.0]: 2 6 U
    Correct move!
    Player 0 [name 平局能手-圣诞特别版Ver 2.0] choose (2,6) move to (3 6)
    Send to player 0 [name: 平局能手-圣诞特别版Ver 2.0] infomation : (0 2 6 3 6)
    Send to player 1 [name: XIQCX] infomation : (0 6 0 5 0)
Step 32:
    Send to player 1 [name: XIQCX] a signal: ACTION
    Receive message form player 1 [name: XIQCX]: 1 4 D
    Transform message form [number: 1] [name: XIQCX]: 7 2 U
    Correct move!
    Player 1 [name XIQCX] choose (7,2) move to (8 2)
    Send to player 0 [name: 平局能手-圣诞特别版Ver 2.0] infomation : (1 7 2 8 2)
    Send to player 1 [name: XIQCX] infomation : (1 1 4 0 4)
Step 33:
    Send to player 0 [name: 平局能手-圣诞特别版Ver 2.0] a signal: ACTION
    Receive message form player 0 [name: 平局能手-圣诞特别版Ver 2.0]: 3 6 U
    Transform message form [number: 0] [name: 平局能手-圣诞特别版Ver 2.0]: 3 6 U
    Correct move!
    Player 0 [name 平局能手-圣诞特别版Ver 2.0] choose (3,6) move to (4 6)
    Send to player 0 [name: 平局能手-圣诞特别版Ver 2.0] infomation : (0 3 6 4 6)
    Send to player 1 [name: XIQCX] infomation : (0 5 0 4 0)
Step 34:
    Send to player 1 [name: XIQCX] a signal: ACTION
    Receive message form player 1 [name: XIQCX]: 0 4 U
    Transform message form [number: 1] [name: XIQCX]: 8 2 D
    Correct move!
    Player 1 [name XIQCX] choose (8,2) move to (7 2)
    Send to player 0 [name: 平局能手-圣诞特别版Ver 2.0] infomation : (1 8 2 7 2)
    Send to player 1 [name: XIQCX] infomation : (1 0 4 1 4)
Step 35:
    Send to player 0 [name: 平局能手-圣诞特别版Ver 2.0] a signal: ACTION
    Receive message form player 0 [name: 平局能手-圣诞特别版Ver 2.0]: 4 6 U
    Transform message form [number: 0] [name: 平局能手-圣诞特别版Ver 2.0]: 4 6 U
    Correct move!
    Player 0 [name 平局能手-圣诞特别版Ver 2.0] choose (4,6) move to (5 6)
    Send to player 0 [name: 平局能手-圣诞特别版Ver 2.0] infomation : (0 4 6 5 6)
    Send to player 1 [name: XIQCX] infomation : (0 4 0 3 0)
Step 36:
    Send to player 1 [name: XIQCX] a signal: ACTION
    Receive message form player 1 [name: XIQCX]: 0 5 U
    Transform message form [number: 1] [name: XIQCX]: 8 1 D
    Correct move!
    Player 1 [name XIQCX] choose (8,1) move to (7 1)
    Send to player 0 [name: 平局能手-圣诞特别版Ver 2.0] infomation : (1 8 1 7 1)
    Send to player 1 [name: XIQCX] infomation : (1 0 5 1 5)
Step 37:
    Send to player 0 [name: 平局能手-圣诞特别版Ver 2.0] a signal: ACTION
    Receive message form player 0 [name: 平局能手-圣诞特别版Ver 2.0]: 5 6 D
    Transform message form [number: 0] [name: 平局能手-圣诞特别版Ver 2.0]: 5 6 D
    Correct move!
    Player 0 [name 平局能手-圣诞特别版Ver 2.0] choose (5,6) move to (4 6)
    Send to player 0 [name: 平局能手-圣诞特别版Ver 2.0] infomation : (0 5 6 4 6)
    Send to player 1 [name: XIQCX] infomation : (0 3 0 4 0)
Step 38:
    Send to player 1 [name: XIQCX] a signal: ACTION
    Receive message form player 1 [name: XIQCX]: 1 1 R
    Transform message form [number: 1] [name: XIQCX]: 7 5 L
    Correct move!
    Player 1 [name XIQCX] choose (7,5) move to (7 4)
    Send to player 0 [name: 平局能手-圣诞特别版Ver 2.0] infomation : (1 7 5 7 4)
    Send to player 1 [name: XIQCX] infomation : (1 1 1 1 2)
Step 39:
    Send to player 0 [name: 平局能手-圣诞特别版Ver 2.0] a signal: ACTION
    Receive message form player 0 [name: 平局能手-圣诞特别版Ver 2.0]: 4 6 U
    Transform message form [number: 0] [name: 平局能手-圣诞特别版Ver 2.0]: 4 6 U
    Correct move!
    Player 0 [name 平局能手-圣诞特别版Ver 2.0] choose (4,6) move to (5 6)
    Send to player 0 [name: 平局能手-圣诞特别版Ver 2.0] infomation : (0 4 6 5 6)
    Send to player 1 [name: XIQCX] infomation : (0 4 0 3 0)
Step 40:
    Send to player 1 [name: XIQCX] a signal: ACTION
    Receive message form player 1 [name: XIQCX]: 1 4 U
    Transform message form [number: 1] [name: XIQCX]: 7 2 D
    Correct move!
    Player 1 [name XIQCX] choose (7,2) move to (6 2)
    Send to player 0 [name: 平局能手-圣诞特别版Ver 2.0] infomation : (1 7 2 6 2)
    Send to player 1 [name: XIQCX] infomation : (1 1 4 2 4)
Step 41:
    Send to player 0 [name: 平局能手-圣诞特别版Ver 2.0] a signal: ACTION
    Receive message form player 0 [name: 平局能手-圣诞特别版Ver 2.0]: 5 6 D
    Transform message form [number: 0] [name: 平局能手-圣诞特别版Ver 2.0]: 5 6 D
    Correct move!
    Player 0 [name 平局能手-圣诞特别版Ver 2.0] choose (5,6) move to (4 6)
    Send to player 0 [name: 平局能手-圣诞特别版Ver 2.0] infomation : (0 5 6 4 6)
    Send to player 1 [name: XIQCX] infomation : (0 3 0 4 0)
Step 42:
    Send to player 1 [name: XIQCX] a signal: ACTION
    Receive message form player 1 [name: XIQCX]: 1 2 D
    Transform message form [number: 1] [name: XIQCX]: 7 4 U
    Correct move!
    Player 1 [name XIQCX] choose (7,4) move to (8 4)
    Send to player 0 [name: 平局能手-圣诞特别版Ver 2.0] infomation : (1 7 4 8 4)
    Send to player 1 [name: XIQCX] infomation : (1 1 2 0 2)
Step 43:
    Send to player 0 [name: 平局能手-圣诞特别版Ver 2.0] a signal: ACTION
    Receive message form player 0 [name: 平局能手-圣诞特别版Ver 2.0]: 4 6 U
    Transform message form [number: 0] [name: 平局能手-圣诞特别版Ver 2.0]: 4 6 U
    Correct move!
    Player 0 [name 平局能手-圣诞特别版Ver 2.0] choose (4,6) move to (5 6)
    Send to player 0 [name: 平局能手-圣诞特别版Ver 2.0] infomation : (0 4 6 5 6)
    Send to player 1 [name: XIQCX] infomation : (0 4 0 3 0)
Step 44:
    Send to player 1 [name: XIQCX] a signal: ACTION
    Receive message form player 1 [name: XIQCX]: 0 2 U
    Transform message form [number: 1] [name: XIQCX]: 8 4 D
    Correct move!
    Player 1 [name XIQCX] choose (8,4) move to (7 4)
    Send to player 0 [name: 平局能手-圣诞特别版Ver 2.0] infomation : (1 8 4 7 4)
    Send to player 1 [name: XIQCX] infomation : (1 0 2 1 2)
Step 45:
    Send to player 0 [name: 平局能手-圣诞特别版Ver 2.0] a signal: ACTION
    Receive message form player 0 [name: 平局能手-圣诞特别版Ver 2.0]: 5 6 D
    Transform message form [number: 0] [name: 平局能手-圣诞特别版Ver 2.0]: 5 6 D
    Correct move!
    Player 0 [name 平局能手-圣诞特别版Ver 2.0] choose (5,6) move to (4 6)
    Send to player 0 [name: 平局能手-圣诞特别版Ver 2.0] infomation : (0 5 6 4 6)
    Send to player 1 [name: XIQCX] infomation : (0 3 0 4 0)
Step 46:
    Send to player 1 [name: XIQCX] a signal: ACTION
    Receive message form player 1 [name: XIQCX]: 1 5 U
    Transform message form [number: 1] [name: XIQCX]: 7 1 D
    Correct move!
    Player 1 [name XIQCX] choose (7,1) move to (6 1)
    Send to player 0 [name: 平局能手-圣诞特别版Ver 2.0] infomation : (1 7 1 6 1)
    Send to player 1 [name: XIQCX] infomation : (1 1 5 2 5)
Step 47:
    Send to player 0 [name: 平局能手-圣诞特别版Ver 2.0] a signal: ACTION
    Receive message form player 0 [name: 平局能手-圣诞特别版Ver 2.0]: 4 6 U
    Transform message form [number: 0] [name: 平局能手-圣诞特别版Ver 2.0]: 4 6 U
    Correct move!
    Player 0 [name 平局能手-圣诞特别版Ver 2.0] choose (4,6) move to (5 6)
    Send to player 0 [name: 平局能手-圣诞特别版Ver 2.0] infomation : (0 4 6 5 6)
    Send to player 1 [name: XIQCX] infomation : (0 4 0 3 0)
Step 48:
    Send to player 1 [name: XIQCX] a signal: ACTION
    Receive message form player 1 [name: XIQCX]: 2 2 R
    Transform message form [number: 1] [name: XIQCX]: 6 4 L
    Correct move!
    Player 1 [name XIQCX] choose (6,4) move to (6 3)
    Send to player 0 [name: 平局能手-圣诞特别版Ver 2.0] infomation : (1 6 4 6 3)
    Send to player 1 [name: XIQCX] infomation : (1 2 2 2 3)
Step 49:
    Send to player 0 [name: 平局能手-圣诞特别版Ver 2.0] a signal: ACTION
    Receive message form player 0 [name: 平局能手-圣诞特别版Ver 2.0]: 5 6 L
    Transform message form [number: 0] [name: 平局能手-圣诞特别版Ver 2.0]: 5 6 L
    Correct move!
    Player 0 [name 平局能手-圣诞特别版Ver 2.0] choose (5,6) move to (5 3)
    Send to player 0 [name: 平局能手-圣诞特别版Ver 2.0] infomation : (0 5 6 5 3)
    Send to player 1 [name: XIQCX] infomation : (0 3 0 3 3)
Step 50:
    Send to player 1 [name: XIQCX] a signal: ACTION
    Receive message form player 1 [name: XIQCX]: 2 1 L
    Transform message form [number: 1] [name: XIQCX]: 6 5 R
    Correct move!
    Player 1 [name XIQCX] choose (6,5) move to (6 6)
    Send to player 0 [name: 平局能手-圣诞特别版Ver 2.0] infomation : (1 6 5 6 6)
    Send to player 1 [name: XIQCX] infomation : (1 2 1 2 0)
Step 51:
    Send to player 0 [name: 平局能手-圣诞特别版Ver 2.0] a signal: ACTION
    Receive message form player 0 [name: 平局能手-圣诞特别版Ver 2.0]: 5 3 U
    Transform message form [number: 0] [name: 平局能手-圣诞特别版Ver 2.0]: 5 3 U
    Correct move!
    Player 0 [name 平局能手-圣诞特别版Ver 2.0] choose (5,3) move to (6 3)
    Send to player 0 [name: 平局能手-圣诞特别版Ver 2.0] infomation : (0 5 3 6 3)
    Send to player 1 [name: XIQCX] infomation : (0 3 3 2 3)
Step 52:
    Send to player 1 [name: XIQCX] a signal: ACTION
    Receive message form player 1 [name: XIQCX]: 1 6 L
    Transform message form [number: 1] [name: XIQCX]: 7 0 R
    Correct move!
    Player 1 [name XIQCX] choose (7,0) move to (7 1)
    Send to player 0 [name: 平局能手-圣诞特别版Ver 2.0] infomation : (1 7 0 7 1)
    Send to player 1 [name: XIQCX] infomation : (1 1 6 1 5)
Step 53:
    Send to player 0 [name: 平局能手-圣诞特别版Ver 2.0] a signal: ACTION
    Receive message form player 0 [name: 平局能手-圣诞特别版Ver 2.0]: 6 3 L
    Transform message form [number: 0] [name: 平局能手-圣诞特别版Ver 2.0]: 6 3 L
    Correct move!
    Player 0 [name 平局能手-圣诞特别版Ver 2.0] choose (6,3) move to (6 2)
    Send to player 0 [name: 平局能手-圣诞特别版Ver 2.0] infomation : (0 6 3 6 2)
    Send to player 1 [name: XIQCX] infomation : (0 2 3 2 4)
Step 54:
    Send to player 1 [name: XIQCX] a signal: ACTION
    Receive message form player 1 [name: XIQCX]: 1 0 R
    Transform message form [number: 1] [name: XIQCX]: 7 6 L
    Correct move!
    Player 1 [name XIQCX] choose (7,6) move to (7 5)
    Send to player 0 [name: 平局能手-圣诞特别版Ver 2.0] infomation : (1 7 6 7 5)
    Send to player 1 [name: XIQCX] infomation : (1 1 0 1 1)
Step 55:
    Send to player 0 [name: 平局能手-圣诞特别版Ver 2.0] a signal: ACTION
    Receive message form player 0 [name: 平局能手-圣诞特别版Ver 2.0]: 6 2 L
    Transform message form [number: 0] [name: 平局能手-圣诞特别版Ver 2.0]: 6 2 L
    Correct move!
    Player 0 [name 平局能手-圣诞特别版Ver 2.0] choose (6,2) move to (6 1)
    Send to player 0 [name: 平局能手-圣诞特别版Ver 2.0] infomation : (0 6 2 6 1)
    Send to player 1 [name: XIQCX] infomation : (0 2 4 2 5)
Step 56:
    Send to player 1 [name: XIQCX] a signal: ACTION
    Receive message form player 1 [name: XIQCX]: 2 0 U
    Transform message form [number: 1] [name: XIQCX]: 6 6 D
    Correct move!
    Player 1 [name XIQCX] choose (6,6) move to (5 6)
    Send to player 0 [name: 平局能手-圣诞特别版Ver 2.0] infomation : (1 6 6 5 6)
    Send to player 1 [name: XIQCX] infomation : (1 2 0 3 0)
Step 57:
    Send to player 0 [name: 平局能手-圣诞特别版Ver 2.0] a signal: ACTION
    Receive message form player 0 [name: 平局能手-圣诞特别版Ver 2.0]: 6 1 U
    Transform message form [number: 0] [name: 平局能手-圣诞特别版Ver 2.0]: 6 1 U
    Correct move!
    Player 0 [name 平局能手-圣诞特别版Ver 2.0] choose (6,1) move to (7 1)
    Send to player 0 [name: 平局能手-圣诞特别版Ver 2.0] infomation : (0 6 1 7 1)
    Send to player 1 [name: XIQCX] infomation : (0 2 5 1 5)
Step 58:
    Send to player 1 [name: XIQCX] a signal: ACTION
    Receive message form player 1 [name: XIQCX]: 0 6 L
    Transform message form [number: 1] [name: XIQCX]: 8 0 R
    Correct move!
    Player 1 [name XIQCX] choose (8,0) move to (8 1)
    Send to player 0 [name: 平局能手-圣诞特别版Ver 2.0] infomation : (1 8 0 8 1)
    Send to player 1 [name: XIQCX] infomation : (1 0 6 0 5)
Step 59:
    Send to player 0 [name: 平局能手-圣诞特别版Ver 2.0] a signal: ACTION
    Receive message form player 0 [name: 平局能手-圣诞特别版Ver 2.0]: 7 1 U
    Transform message form [number: 0] [name: 平局能手-圣诞特别版Ver 2.0]: 7 1 U
    Correct move!
    Player 0 [name 平局能手-圣诞特别版Ver 2.0] choose (7,1) move to (8 1)
    Send to player 0 [name: 平局能手-圣诞特别版Ver 2.0] infomation : (0 7 1 8 1)
    Send to player 1 [name: XIQCX] infomation : (0 1 5 0 5)
Step 60:
    Send to player 1 [name: XIQCX] a signal: ACTION
    Receive message form player 1 [name: XIQCX]: 0 6 L
    Transform message form [number: 1] [name: XIQCX]: 8 0 R
    try to use uncorrect role
    Invalid chess piece: ['8', '0', 'R']
    The limit of invalid action of player 1 (name XIQCX) is 2
Step 61:
    Send to player 0 [name: 平局能手-圣诞特别版Ver 2.0] a signal: ACTION
    Receive message form player 0 [name: 平局能手-圣诞特别版Ver 2.0]: 8 1 D
    Transform message form [number: 0] [name: 平局能手-圣诞特别版Ver 2.0]: 8 1 D
    Correct move!
    Player 0 [name 平局能手-圣诞特别版Ver 2.0] choose (8,1) move to (7 1)
    Send to player 0 [name: 平局能手-圣诞特别版Ver 2.0] infomation : (0 8 1 7 1)
    Send to player 1 [name: XIQCX] infomation : (0 0 5 1 5)
Step 62:
    Send to player 1 [name: XIQCX] a signal: ACTION
    Receive message form player 1 [name: XIQCX]: 1 1 D
    Transform message form [number: 1] [name: XIQCX]: 7 5 U
    Correct move!
    Player 1 [name XIQCX] choose (7,5) move to (8 5)
    Send to player 0 [name: 平局能手-圣诞特别版Ver 2.0] infomation : (1 7 5 8 5)
    Send to player 1 [name: XIQCX] infomation : (1 1 1 0 1)
Step 63:
    Send to player 0 [name: 平局能手-圣诞特别版Ver 2.0] a signal: ACTION
    Receive message form player 0 [name: 平局能手-圣诞特别版Ver 2.0]: 7 1 R
    Transform message form [number: 0] [name: 平局能手-圣诞特别版Ver 2.0]: 7 1 R
    Correct move!
    Player 0 [name 平局能手-圣诞特别版Ver 2.0] choose (7,1) move to (7 2)
    Send to player 0 [name: 平局能手-圣诞特别版Ver 2.0] infomation : (0 7 1 7 2)
    Send to player 1 [name: XIQCX] infomation : (0 1 5 1 4)
Step 64:
    Send to player 1 [name: XIQCX] a signal: ACTION
    Receive message form player 1 [name: XIQCX]: 1 1 D
    Transform message form [number: 1] [name: XIQCX]: 7 5 U
    try to use uncorrect role
    Invalid chess piece: ['7', '5', 'U']
    The limit of invalid action of player 1 (name XIQCX) is 1
Step 65:
    Send to player 0 [name: 平局能手-圣诞特别版Ver 2.0] a signal: ACTION
    Receive message form player 0 [name: 平局能手-圣诞特别版Ver 2.0]: 3 3 U
    Transform message form [number: 0] [name: 平局能手-圣诞特别版Ver 2.0]: 3 3 U
    Correct move!
    Player 0 [name 平局能手-圣诞特别版Ver 2.0] choose (3,3) move to (4 3)
    Send to player 0 [name: 平局能手-圣诞特别版Ver 2.0] infomation : (0 3 3 4 3)
    Send to player 1 [name: XIQCX] infomation : (0 5 3 4 3)
Step 66:
    Send to player 1 [name: XIQCX] a signal: ACTION
    Receive message form player 1 [name: XIQCX]: 1 1 D
    Transform message form [number: 1] [name: XIQCX]: 7 5 U
    try to use uncorrect role
    Invalid chess piece: ['7', '5', 'U']
    The limit of invalid action of player 1 (name XIQCX) is 0
    The Player 0 (name 平局能手-圣诞特别版Ver 2.0) win the game
Closing connections:
    Player 0 [name: 平局能手-圣诞特别版Ver 2.0] connection closed succueefully
    Player 1 [name: XIQCX] connection closed succueefully
Total Steps: 66
End!
