Initialization:
    Waiting to connect ...
    AI0: XIQCX from 127.0.0.1 connected
    AI1: MoonlightShadow from 127.0.0.1 connected
    XIQCX is the first player
    MoonlightShadow is the second player
Step 1:
    Send to player 0 [name: XIQCX] a signal: ACTION
    Receive message form player 0 [name: XIQCX]: 0 6 L
    Transform message form [number: 0] [name: XIQCX]: 0 6 L
    Correct move!
    Player 0 [name XIQCX] choose (0,6) move to (0 5)
    Send to player 0 [name: XIQCX] infomation : (0 0 6 0 5)
    Send to player 1 [name: MoonlightShadow] infomation : (0 8 0 8 1)
Step 2:
    Send to player 1 [name: MoonlightShadow] a signal: ACTION
    Receive message form player 1 [name: MoonlightShadow]: 1 1 D
    Transform message form [number: 1] [name: MoonlightShadow]: 7 5 U
    Correct move!
    Player 1 [name MoonlightShadow] choose (7,5) move to (8 5)
    Send to player 0 [name: XIQCX] infomation : (1 7 5 8 5)
    Send to player 1 [name: MoonlightShadow] infomation : (1 1 1 0 1)
Step 3:
    Send to player 0 [name: XIQCX] a signal: ACTION
    Receive message form player 0 [name: XIQCX]: 0 5 L
    Transform message form [number: 0] [name: XIQCX]: 0 5 L
    Correct move!
    Player 0 [name XIQCX] choose (0,5) move to (0 4)
    Send to player 0 [name: XIQCX] infomation : (0 0 5 0 4)
    Send to player 1 [name: MoonlightShadow] infomation : (0 8 1 8 2)
Step 4:
    Send to player 1 [name: MoonlightShadow] a signal: ACTION
    Receive message form player 1 [name: MoonlightShadow]: 2 2 D
    Transform message form [number: 1] [name: MoonlightShadow]: 6 4 U
    Correct move!
    Player 1 [name MoonlightShadow] choose (6,4) move to (7 4)
    Send to player 0 [name: XIQCX] infomation : (1 6 4 7 4)
    Send to player 1 [name: MoonlightShadow] infomation : (1 2 2 1 2)
Step 5:
    Send to player 0 [name: XIQCX] a signal: ACTION
    Receive message form player 0 [name: XIQCX]: 1 5 D
    Transform message form [number: 0] [name: XIQCX]: 1 5 D
    Correct move!
    Player 0 [name XIQCX] choose (1,5) move to (0 5)
    Send to player 0 [name: XIQCX] infomation : (0 1 5 0 5)
    Send to player 1 [name: MoonlightShadow] infomation : (0 7 1 8 1)
Step 6:
    Send to player 1 [name: MoonlightShadow] a signal: ACTION
    Receive message form player 1 [name: MoonlightShadow]: 1 5 D
    Transform message form [number: 1] [name: MoonlightShadow]: 7 1 U
    Correct move!
    Player 1 [name MoonlightShadow] choose (7,1) move to (8 1)
    Send to player 0 [name: XIQCX] infomation : (1 7 1 8 1)
    Send to player 1 [name: MoonlightShadow] infomation : (1 1 5 0 5)
Step 7:
    Send to player 0 [name: XIQCX] a signal: ACTION
    Receive message form player 0 [name: XIQCX]: 1 1 D
    Transform message form [number: 0] [name: XIQCX]: 1 1 D
    Correct move!
    Player 0 [name XIQCX] choose (1,1) move to (0 1)
    Send to player 0 [name: XIQCX] infomation : (0 1 1 0 1)
    Send to player 1 [name: MoonlightShadow] infomation : (0 7 5 8 5)
Step 8:
    Send to player 1 [name: MoonlightShadow] a signal: ACTION
    Receive message form player 1 [name: MoonlightShadow]: 2 0 R
    Transform message form [number: 1] [name: MoonlightShadow]: 6 6 L
    Correct move!
    Player 1 [name MoonlightShadow] choose (6,6) move to (6 5)
    Send to player 0 [name: XIQCX] infomation : (1 6 6 6 5)
    Send to player 1 [name: MoonlightShadow] infomation : (1 2 0 2 1)
Step 9:
    Send to player 0 [name: XIQCX] a signal: ACTION
    Receive message form player 0 [name: XIQCX]: 0 1 R
    Transform message form [number: 0] [name: XIQCX]: 0 1 R
    Correct move!
    Player 0 [name XIQCX] choose (0,1) move to (0 2)
    Send to player 0 [name: XIQCX] infomation : (0 0 1 0 2)
    Send to player 1 [name: MoonlightShadow] infomation : (0 8 5 8 4)
Step 10:
    Send to player 1 [name: MoonlightShadow] a signal: ACTION
    Receive message form player 1 [name: MoonlightShadow]: 2 1 R
    Transform message form [number: 1] [name: MoonlightShadow]: 6 5 L
    Correct move!
    Player 1 [name MoonlightShadow] choose (6,5) move to (6 4)
    Send to player 0 [name: XIQCX] infomation : (1 6 5 6 4)
    Send to player 1 [name: MoonlightShadow] infomation : (1 2 1 2 2)
Step 11:
    Send to player 0 [name: XIQCX] a signal: ACTION
    Receive message form player 0 [name: XIQCX]: 2 6 U
    Transform message form [number: 0] [name: XIQCX]: 2 6 U
    Correct move!
    Player 0 [name XIQCX] choose (2,6) move to (3 6)
    Send to player 0 [name: XIQCX] infomation : (0 2 6 3 6)
    Send to player 1 [name: MoonlightShadow] infomation : (0 6 0 5 0)
Step 12:
    Send to player 1 [name: MoonlightShadow] a signal: ACTION
    Receive message form player 1 [name: MoonlightShadow]: 2 4 L
    Transform message form [number: 1] [name: MoonlightShadow]: 6 2 R
    Correct move!
    Player 1 [name MoonlightShadow] choose (6,2) move to (6 3)
    Send to player 0 [name: XIQCX] infomation : (1 6 2 6 3)
    Send to player 1 [name: MoonlightShadow] infomation : (1 2 4 2 3)
Step 13:
    Send to player 0 [name: XIQCX] a signal: ACTION
    Receive message form player 0 [name: XIQCX]: 3 6 U
    Transform message form [number: 0] [name: XIQCX]: 3 6 U
    Correct move!
    Player 0 [name XIQCX] choose (3,6) move to (4 6)
    Send to player 0 [name: XIQCX] infomation : (0 3 6 4 6)
    Send to player 1 [name: MoonlightShadow] infomation : (0 5 0 4 0)
Step 14:
    Send to player 1 [name: MoonlightShadow] a signal: ACTION
    Receive message form player 1 [name: MoonlightShadow]: 2 3 U
    Transform message form [number: 1] [name: MoonlightShadow]: 6 3 D
    Correct move!
    Player 1 [name MoonlightShadow] choose (6,3) move to (5 3)
    Send to player 0 [name: XIQCX] infomation : (1 6 3 5 3)
    Send to player 1 [name: MoonlightShadow] infomation : (1 2 3 3 3)
Step 15:
    Send to player 0 [name: XIQCX] a signal: ACTION
    Receive message form player 0 [name: XIQCX]: 2 0 R
    Transform message form [number: 0] [name: XIQCX]: 2 0 R
    Correct move!
    Player 0 [name XIQCX] choose (2,0) move to (2 1)
    Send to player 0 [name: XIQCX] infomation : (0 2 0 2 1)
    Send to player 1 [name: MoonlightShadow] infomation : (0 6 6 6 5)
Step 16:
    Send to player 1 [name: MoonlightShadow] a signal: ACTION
    Receive message form player 1 [name: MoonlightShadow]: 3 3 U
    Transform message form [number: 1] [name: MoonlightShadow]: 5 3 D
    Correct move!
    Player 1 [name MoonlightShadow] choose (5,3) move to (4 3)
    Send to player 0 [name: XIQCX] infomation : (1 5 3 4 3)
    Send to player 1 [name: MoonlightShadow] infomation : (1 3 3 4 3)
Step 17:
    Send to player 0 [name: XIQCX] a signal: ACTION
    Receive message form player 0 [name: XIQCX]: 0 4 U
    Transform message form [number: 0] [name: XIQCX]: 0 4 U
    Correct move!
    Player 0 [name XIQCX] choose (0,4) move to (1 4)
    Send to player 0 [name: XIQCX] infomation : (0 0 4 1 4)
    Send to player 1 [name: MoonlightShadow] infomation : (0 8 2 7 2)
Step 18:
    Send to player 1 [name: MoonlightShadow] a signal: ACTION
    Receive message form player 1 [name: MoonlightShadow]: 0 0 U
    Transform message form [number: 1] [name: MoonlightShadow]: 8 6 D
    Correct move!
    Player 1 [name MoonlightShadow] choose (8,6) move to (7 6)
    Send to player 0 [name: XIQCX] infomation : (1 8 6 7 6)
    Send to player 1 [name: MoonlightShadow] infomation : (1 0 0 1 0)
Step 19:
    Send to player 0 [name: XIQCX] a signal: ACTION
    Receive message form player 0 [name: XIQCX]: 0 0 U
    Transform message form [number: 0] [name: XIQCX]: 0 0 U
    Correct move!
    Player 0 [name XIQCX] choose (0,0) move to (1 0)
    Send to player 0 [name: XIQCX] infomation : (0 0 0 1 0)
    Send to player 1 [name: MoonlightShadow] infomation : (0 8 6 7 6)
Step 20:
    Send to player 1 [name: MoonlightShadow] a signal: ACTION
    Receive message form player 1 [name: MoonlightShadow]: 1 0 U
    Transform message form [number: 1] [name: MoonlightShadow]: 7 6 D
    Correct move!
    Player 1 [name MoonlightShadow] choose (7,6) move to (6 6)
    Send to player 0 [name: XIQCX] infomation : (1 7 6 6 6)
    Send to player 1 [name: MoonlightShadow] infomation : (1 1 0 2 0)
Step 21:
    Send to player 0 [name: XIQCX] a signal: ACTION
    Receive message form player 0 [name: XIQCX]: 1 4 R
    Transform message form [number: 0] [name: XIQCX]: 1 4 R
    Correct move!
    Player 0 [name XIQCX] choose (1,4) move to (1 5)
    Send to player 0 [name: XIQCX] infomation : (0 1 4 1 5)
    Send to player 1 [name: MoonlightShadow] infomation : (0 7 2 7 1)
Step 22:
    Send to player 1 [name: MoonlightShadow] a signal: ACTION
    Receive message form player 1 [name: MoonlightShadow]: 4 3 U
    Transform message form [number: 1] [name: MoonlightShadow]: 4 3 D
    Correct move!
    Player 1 [name MoonlightShadow] choose (4,3) move to (3 3)
    Send to player 0 [name: XIQCX] infomation : (1 4 3 3 3)
    Send to player 1 [name: MoonlightShadow] infomation : (1 4 3 5 3)
Step 23:
    Send to player 0 [name: XIQCX] a signal: ACTION
    Receive message form player 0 [name: XIQCX]: 2 4 R
    Transform message form [number: 0] [name: XIQCX]: 2 4 R
    Correct move!
    Player 0 [name XIQCX] choose (2,4) move to (2 5)
    Send to player 0 [name: XIQCX] infomation : (0 2 4 2 5)
    Send to player 1 [name: MoonlightShadow] infomation : (0 6 2 6 1)
Step 24:
    Send to player 1 [name: MoonlightShadow] a signal: ACTION
    Receive message form player 1 [name: MoonlightShadow]: 5 3 U
    Transform message form [number: 1] [name: MoonlightShadow]: 3 3 D
    Correct move!
    Player 1 [name MoonlightShadow] choose (3,3) move to (2 3)
    Send to player 0 [name: XIQCX] infomation : (1 3 3 2 3)
    Send to player 1 [name: MoonlightShadow] infomation : (1 5 3 6 3)
Step 25:
    Send to player 0 [name: XIQCX] a signal: ACTION
    Receive message form player 0 [name: XIQCX]: 2 2 D
    Transform message form [number: 0] [name: XIQCX]: 2 2 D
    Correct move!
    Player 0 [name XIQCX] choose (2,2) move to (1 2)
    Send to player 0 [name: XIQCX] infomation : (0 2 2 1 2)
    Send to player 1 [name: MoonlightShadow] infomation : (0 6 4 7 4)
Step 26:
    Send to player 1 [name: MoonlightShadow] a signal: ACTION
    Receive message form player 1 [name: MoonlightShadow]: 2 0 U
    Transform message form [number: 1] [name: MoonlightShadow]: 6 6 D
    Correct move!
    Player 1 [name MoonlightShadow] choose (6,6) move to (5 6)
    Send to player 0 [name: XIQCX] infomation : (1 6 6 5 6)
    Send to player 1 [name: MoonlightShadow] infomation : (1 2 0 3 0)
Step 27:
    Send to player 0 [name: XIQCX] a signal: ACTION
    Receive message form player 0 [name: XIQCX]: 2 1 L
    Transform message form [number: 0] [name: XIQCX]: 2 1 L
    Correct move!
    Player 0 [name XIQCX] choose (2,1) move to (2 0)
    Send to player 0 [name: XIQCX] infomation : (0 2 1 2 0)
    Send to player 1 [name: MoonlightShadow] infomation : (0 6 5 6 6)
Step 28:
    Send to player 1 [name: MoonlightShadow] a signal: ACTION
    Receive message form player 1 [name: MoonlightShadow]: 6 3 R
    Transform message form [number: 1] [name: MoonlightShadow]: 2 3 L
    Correct move!
    Player 1 [name MoonlightShadow] choose (2,3) move to (2 2)
    Send to player 0 [name: XIQCX] infomation : (1 2 3 2 2)
    Send to player 1 [name: MoonlightShadow] infomation : (1 6 3 6 4)
Step 29:
    Send to player 0 [name: XIQCX] a signal: ACTION
    Receive message form player 0 [name: XIQCX]: 4 6 D
    Transform message form [number: 0] [name: XIQCX]: 4 6 D
    Correct move!
    Player 0 [name XIQCX] choose (4,6) move to (3 6)
    Send to player 0 [name: XIQCX] infomation : (0 4 6 3 6)
    Send to player 1 [name: MoonlightShadow] infomation : (0 4 0 5 0)
Step 30:
    Send to player 1 [name: MoonlightShadow] a signal: ACTION
    Receive message form player 1 [name: MoonlightShadow]: 6 4 U
    Transform message form [number: 1] [name: MoonlightShadow]: 2 2 D
    Correct move!
    Player 1 [name MoonlightShadow] choose (2,2) move to (1 2)
    Send to player 0 [name: XIQCX] infomation : (1 2 2 1 2)
    Send to player 1 [name: MoonlightShadow] infomation : (1 6 4 7 4)
Step 31:
    Send to player 0 [name: XIQCX] a signal: ACTION
    Receive message form player 0 [name: XIQCX]: 4 6 D
    Transform message form [number: 0] [name: XIQCX]: 4 6 D
    try to use uncorrect role
    Invalid chess piece: ['4', '6', 'D']
    The limit of invalid action of player 0 (name XIQCX) is 2
Step 32:
    Send to player 1 [name: MoonlightShadow] a signal: ACTION
    Receive message form player 1 [name: MoonlightShadow]: 7 4 U
    Transform message form [number: 1] [name: MoonlightShadow]: 1 2 D
    Correct move!
    Player 1 [name MoonlightShadow] choose (1,2) move to (0 2)
    Send to player 0 [name: XIQCX] infomation : (1 1 2 0 2)
    Send to player 1 [name: MoonlightShadow] infomation : (1 7 4 8 4)
Step 33:
    Send to player 0 [name: XIQCX] a signal: ACTION
    Receive message form player 0 [name: XIQCX]: 4 6 D
    Transform message form [number: 0] [name: XIQCX]: 4 6 D
    try to use uncorrect role
    Invalid chess piece: ['4', '6', 'D']
    The limit of invalid action of player 0 (name XIQCX) is 1
Step 34:
    Send to player 1 [name: MoonlightShadow] a signal: ACTION
    Receive message form player 1 [name: MoonlightShadow]: 8 4 L
    Transform message form [number: 1] [name: MoonlightShadow]: 0 2 R
    Correct move!
    Player 1 [name MoonlightShadow] choose (0,2) move to (0 3)
    Send to player 0 [name: XIQCX] infomation : (1 0 2 0 3)
    Send to player 1 [name: MoonlightShadow] infomation : (1 8 4 8 3)
    The Player 1 (name MoonlightShadow) win the game
Closing connections:
    Player 0 [name: XIQCX] connection closed succueefully
    Player 1 [name: MoonlightShadow] connection closed succueefully
Total Steps: 34
End!
