Initialization:
    Waiting to connect ...
    AI0: MoonlightShadow from 127.0.0.1 connected
    AI1: balala from 127.0.0.1 connected
    balala is the first player
    MoonlightShadow is the second player
Step 1:
    Send to player 1 [name: balala] a signal: ACTION
    Receive message form player 1 [name: balala]: 0 6 L
    Transform message form [number: 1] [name: balala]: 8 0 R
    Correct move!
    Player 1 [name balala] choose (8,0) move to (8 1)
    Send to player 0 [name: MoonlightShadow] infomation : (1 8 0 8 1)
    Send to player 1 [name: balala] infomation : (1 0 6 0 5)
Step 2:
    Send to player 0 [name: MoonlightShadow] a signal: ACTION
    Receive message form player 0 [name: MoonlightShadow]: 1 1 D
    Transform message form [number: 0] [name: MoonlightShadow]: 1 1 D
    Correct move!
    Player 0 [name MoonlightShadow] choose (1,1) move to (0 1)
    Send to player 0 [name: MoonlightShadow] infomation : (0 1 1 0 1)
    Send to player 1 [name: balala] infomation : (0 7 5 8 5)
Step 3:
    Send to player 1 [name: balala] a signal: ACTION
    Receive message form player 1 [name: balala]: 0 5 R
    Transform message form [number: 1] [name: balala]: 8 1 L
    Correct move!
    Player 1 [name balala] choose (8,1) move to (8 0)
    Send to player 0 [name: MoonlightShadow] infomation : (1 8 1 8 0)
    Send to player 1 [name: balala] infomation : (1 0 5 0 6)
Step 4:
    Send to player 0 [name: MoonlightShadow] a signal: ACTION
    Receive message form player 0 [name: MoonlightShadow]: 2 2 D
    Transform message form [number: 0] [name: MoonlightShadow]: 2 2 D
    Correct move!
    Player 0 [name MoonlightShadow] choose (2,2) move to (1 2)
    Send to player 0 [name: MoonlightShadow] infomation : (0 2 2 1 2)
    Send to player 1 [name: balala] infomation : (0 6 4 7 4)
Step 5:
    Send to player 1 [name: balala] a signal: ACTION
    Receive message form player 1 [name: balala]: 0 6 L
    Transform message form [number: 1] [name: balala]: 8 0 R
    Correct move!
    Player 1 [name balala] choose (8,0) move to (8 1)
    Send to player 0 [name: MoonlightShadow] infomation : (1 8 0 8 1)
    Send to player 1 [name: balala] infomation : (1 0 6 0 5)
Step 6:
    Send to player 0 [name: MoonlightShadow] a signal: ACTION
    Receive message form player 0 [name: MoonlightShadow]: 1 5 D
    Transform message form [number: 0] [name: MoonlightShadow]: 1 5 D
    Correct move!
    Player 0 [name MoonlightShadow] choose (1,5) move to (0 5)
    Send to player 0 [name: MoonlightShadow] infomation : (0 1 5 0 5)
    Send to player 1 [name: balala] infomation : (0 7 1 8 1)
Step 7:
    Send to player 1 [name: balala] a signal: ACTION
    Receive message form player 1 [name: balala]: 0 5 R
    Transform message form [number: 1] [name: balala]: 8 1 L
    Correct move!
    Player 1 [name balala] choose (8,1) move to (8 0)
    Send to player 0 [name: MoonlightShadow] infomation : (1 8 1 8 0)
    Send to player 1 [name: balala] infomation : (1 0 5 0 6)
Step 8:
    Send to player 0 [name: MoonlightShadow] a signal: ACTION
    Receive message form player 0 [name: MoonlightShadow]: 2 0 R
    Transform message form [number: 0] [name: MoonlightShadow]: 2 0 R
    Correct move!
    Player 0 [name MoonlightShadow] choose (2,0) move to (2 1)
    Send to player 0 [name: MoonlightShadow] infomation : (0 2 0 2 1)
    Send to player 1 [name: balala] infomation : (0 6 6 6 5)
Step 9:
    Send to player 1 [name: balala] a signal: ACTION
    Receive message form player 1 [name: balala]: 0 6 L
    Transform message form [number: 1] [name: balala]: 8 0 R
    Correct move!
    Player 1 [name balala] choose (8,0) move to (8 1)
    Send to player 0 [name: MoonlightShadow] infomation : (1 8 0 8 1)
    Send to player 1 [name: balala] infomation : (1 0 6 0 5)
Step 10:
    Send to player 0 [name: MoonlightShadow] a signal: ACTION
    Receive message form player 0 [name: MoonlightShadow]: 2 1 R
    Transform message form [number: 0] [name: MoonlightShadow]: 2 1 R
    Correct move!
    Player 0 [name MoonlightShadow] choose (2,1) move to (2 2)
    Send to player 0 [name: MoonlightShadow] infomation : (0 2 1 2 2)
    Send to player 1 [name: balala] infomation : (0 6 5 6 4)
Step 11:
    Send to player 1 [name: balala] a signal: ACTION
    Receive message form player 1 [name: balala]: 0 5 R
    Transform message form [number: 1] [name: balala]: 8 1 L
    Correct move!
    Player 1 [name balala] choose (8,1) move to (8 0)
    Send to player 0 [name: MoonlightShadow] infomation : (1 8 1 8 0)
    Send to player 1 [name: balala] infomation : (1 0 5 0 6)
Step 12:
    Send to player 0 [name: MoonlightShadow] a signal: ACTION
    Receive message form player 0 [name: MoonlightShadow]: 0 0 U
    Transform message form [number: 0] [name: MoonlightShadow]: 0 0 U
    Correct move!
    Player 0 [name MoonlightShadow] choose (0,0) move to (1 0)
    Send to player 0 [name: MoonlightShadow] infomation : (0 0 0 1 0)
    Send to player 1 [name: balala] infomation : (0 8 6 7 6)
Step 13:
    Send to player 1 [name: balala] a signal: ACTION
    Receive message form player 1 [name: balala]: 0 6 L
    Transform message form [number: 1] [name: balala]: 8 0 R
    Correct move!
    Player 1 [name balala] choose (8,0) move to (8 1)
    Send to player 0 [name: MoonlightShadow] infomation : (1 8 0 8 1)
    Send to player 1 [name: balala] infomation : (1 0 6 0 5)
Step 14:
    Send to player 0 [name: MoonlightShadow] a signal: ACTION
    Receive message form player 0 [name: MoonlightShadow]: 1 0 U
    Transform message form [number: 0] [name: MoonlightShadow]: 1 0 U
    Correct move!
    Player 0 [name MoonlightShadow] choose (1,0) move to (2 0)
    Send to player 0 [name: MoonlightShadow] infomation : (0 1 0 2 0)
    Send to player 1 [name: balala] infomation : (0 7 6 6 6)
Step 15:
    Send to player 1 [name: balala] a signal: ACTION
    Receive message form player 1 [name: balala]: 0 5 R
    Transform message form [number: 1] [name: balala]: 8 1 L
    Correct move!
    Player 1 [name balala] choose (8,1) move to (8 0)
    Send to player 0 [name: MoonlightShadow] infomation : (1 8 1 8 0)
    Send to player 1 [name: balala] infomation : (1 0 5 0 6)
Step 16:
    Send to player 0 [name: MoonlightShadow] a signal: ACTION
    Receive message form player 0 [name: MoonlightShadow]: 2 0 R
    Transform message form [number: 0] [name: MoonlightShadow]: 2 0 R
    Correct move!
    Player 0 [name MoonlightShadow] choose (2,0) move to (2 1)
    Send to player 0 [name: MoonlightShadow] infomation : (0 2 0 2 1)
    Send to player 1 [name: balala] infomation : (0 6 6 6 5)
Step 17:
    Send to player 1 [name: balala] a signal: ACTION
    Receive message form player 1 [name: balala]: 0 6 L
    Transform message form [number: 1] [name: balala]: 8 0 R
    Correct move!
    Player 1 [name balala] choose (8,0) move to (8 1)
    Send to player 0 [name: MoonlightShadow] infomation : (1 8 0 8 1)
    Send to player 1 [name: balala] infomation : (1 0 6 0 5)
Step 18:
    Send to player 0 [name: MoonlightShadow] a signal: ACTION
    Receive message form player 0 [name: MoonlightShadow]: 2 1 U
    Transform message form [number: 0] [name: MoonlightShadow]: 2 1 U
    Correct move!
    Player 0 [name MoonlightShadow] choose (2,1) move to (6 1)
    Send to player 0 [name: MoonlightShadow] infomation : (0 2 1 6 1)
    Send to player 1 [name: balala] infomation : (0 6 5 2 5)
Step 19:
    Send to player 1 [name: balala] a signal: ACTION
    Receive message form player 1 [name: balala]: 2 4 L
    Transform message form [number: 1] [name: balala]: 6 2 R
    Correct move!
    Player 1 [name balala] choose (6,2) move to (6 3)
    Send to player 0 [name: MoonlightShadow] infomation : (1 6 2 6 3)
    Send to player 1 [name: balala] infomation : (1 2 4 2 3)
Step 20:
    Send to player 0 [name: MoonlightShadow] a signal: ACTION
    Receive message form player 0 [name: MoonlightShadow]: 6 1 R
    Transform message form [number: 0] [name: MoonlightShadow]: 6 1 R
    Correct move!
    Player 0 [name MoonlightShadow] choose (6,1) move to (6 2)
    Send to player 0 [name: MoonlightShadow] infomation : (0 6 1 6 2)
    Send to player 1 [name: balala] infomation : (0 2 5 2 4)
Step 21:
    Send to player 1 [name: balala] a signal: ACTION
    Receive message form player 1 [name: balala]: 0 0 R
    Transform message form [number: 1] [name: balala]: 8 6 L
    Correct move!
    Player 1 [name balala] choose (8,6) move to (8 5)
    Send to player 0 [name: MoonlightShadow] infomation : (1 8 6 8 5)
    Send to player 1 [name: balala] infomation : (1 0 0 0 1)
Step 22:
    Send to player 0 [name: MoonlightShadow] a signal: ACTION
    Receive message form player 0 [name: MoonlightShadow]: 2 6 U
    Transform message form [number: 0] [name: MoonlightShadow]: 2 6 U
    Correct move!
    Player 0 [name MoonlightShadow] choose (2,6) move to (3 6)
    Send to player 0 [name: MoonlightShadow] infomation : (0 2 6 3 6)
    Send to player 1 [name: balala] infomation : (0 6 0 5 0)
Step 23:
    Send to player 1 [name: balala] a signal: ACTION
    Receive message form player 1 [name: balala]: 0 1 L
    Transform message form [number: 1] [name: balala]: 8 5 R
    Correct move!
    Player 1 [name balala] choose (8,5) move to (8 6)
    Send to player 0 [name: MoonlightShadow] infomation : (1 8 5 8 6)
    Send to player 1 [name: balala] infomation : (1 0 1 0 0)
Step 24:
    Send to player 0 [name: MoonlightShadow] a signal: ACTION
    Receive message form player 0 [name: MoonlightShadow]: 3 6 U
    Transform message form [number: 0] [name: MoonlightShadow]: 3 6 U
    Correct move!
    Player 0 [name MoonlightShadow] choose (3,6) move to (4 6)
    Send to player 0 [name: MoonlightShadow] infomation : (0 3 6 4 6)
    Send to player 1 [name: balala] infomation : (0 5 0 4 0)
Step 25:
    Send to player 1 [name: balala] a signal: ACTION
    Receive message form player 1 [name: balala]: 0 0 R
    Transform message form [number: 1] [name: balala]: 8 6 L
    Correct move!
    Player 1 [name balala] choose (8,6) move to (8 5)
    Send to player 0 [name: MoonlightShadow] infomation : (1 8 6 8 5)
    Send to player 1 [name: balala] infomation : (1 0 0 0 1)
Step 26:
    Send to player 0 [name: MoonlightShadow] a signal: ACTION
    Receive message form player 0 [name: MoonlightShadow]: 4 6 U
    Transform message form [number: 0] [name: MoonlightShadow]: 4 6 U
    Correct move!
    Player 0 [name MoonlightShadow] choose (4,6) move to (5 6)
    Send to player 0 [name: MoonlightShadow] infomation : (0 4 6 5 6)
    Send to player 1 [name: balala] infomation : (0 4 0 3 0)
Step 27:
    Send to player 1 [name: balala] a signal: ACTION
    Receive message form player 1 [name: balala]: 2 0 D
    Transform message form [number: 1] [name: balala]: 6 6 U
    Correct move!
    Player 1 [name balala] choose (6,6) move to (7 6)
    Send to player 0 [name: MoonlightShadow] infomation : (1 6 6 7 6)
    Send to player 1 [name: balala] infomation : (1 2 0 1 0)
Step 28:
    Send to player 0 [name: MoonlightShadow] a signal: ACTION
    Receive message form player 0 [name: MoonlightShadow]: 2 2 R
    Transform message form [number: 0] [name: MoonlightShadow]: 2 2 R
    Correct move!
    Player 0 [name MoonlightShadow] choose (2,2) move to (2 3)
    Send to player 0 [name: MoonlightShadow] infomation : (0 2 2 2 3)
    Send to player 1 [name: balala] infomation : (0 6 4 6 3)
Step 29:
    Send to player 1 [name: balala] a signal: ACTION
    Receive message form player 1 [name: balala]: 0 1 R
    Transform message form [number: 1] [name: balala]: 8 5 L
    Correct move!
    Player 1 [name balala] choose (8,5) move to (8 4)
    Send to player 0 [name: MoonlightShadow] infomation : (1 8 5 8 4)
    Send to player 1 [name: balala] infomation : (1 0 1 0 2)
Step 30:
    Send to player 0 [name: MoonlightShadow] a signal: ACTION
    Receive message form player 0 [name: MoonlightShadow]: 2 3 U
    Transform message form [number: 0] [name: MoonlightShadow]: 2 3 U
    Correct move!
    Player 0 [name MoonlightShadow] choose (2,3) move to (3 3)
    Send to player 0 [name: MoonlightShadow] infomation : (0 2 3 3 3)
    Send to player 1 [name: balala] infomation : (0 6 3 5 3)
Step 31:
    Send to player 1 [name: balala] a signal: ACTION
    Receive message form player 1 [name: balala]: 0 2 L
    Transform message form [number: 1] [name: balala]: 8 4 R
    Correct move!
    Player 1 [name balala] choose (8,4) move to (8 5)
    Send to player 0 [name: MoonlightShadow] infomation : (1 8 4 8 5)
    Send to player 1 [name: balala] infomation : (1 0 2 0 1)
Step 32:
    Send to player 0 [name: MoonlightShadow] a signal: ACTION
    Receive message form player 0 [name: MoonlightShadow]: 3 3 U
    Transform message form [number: 0] [name: MoonlightShadow]: 3 3 U
    Correct move!
    Player 0 [name MoonlightShadow] choose (3,3) move to (4 3)
    Send to player 0 [name: MoonlightShadow] infomation : (0 3 3 4 3)
    Send to player 1 [name: balala] infomation : (0 5 3 4 3)
Step 33:
    Send to player 1 [name: balala] a signal: ACTION
    Receive message form player 1 [name: balala]: 0 1 R
    Transform message form [number: 1] [name: balala]: 8 5 L
    Correct move!
    Player 1 [name balala] choose (8,5) move to (8 4)
    Send to player 0 [name: MoonlightShadow] infomation : (1 8 5 8 4)
    Send to player 1 [name: balala] infomation : (1 0 1 0 2)
Step 34:
    Send to player 0 [name: MoonlightShadow] a signal: ACTION
    Receive message form player 0 [name: MoonlightShadow]: 4 3 U
    Transform message form [number: 0] [name: MoonlightShadow]: 4 3 U
    Correct move!
    Player 0 [name MoonlightShadow] choose (4,3) move to (5 3)
    Send to player 0 [name: MoonlightShadow] infomation : (0 4 3 5 3)
    Send to player 1 [name: balala] infomation : (0 4 3 3 3)
Step 35:
    Send to player 1 [name: balala] a signal: ACTION
    Receive message form player 1 [name: balala]: 2 3 D
    Transform message form [number: 1] [name: balala]: 6 3 U
    Correct move!
    Player 1 [name balala] choose (6,3) move to (7 3)
    Send to player 0 [name: MoonlightShadow] infomation : (1 6 3 7 3)
    Send to player 1 [name: balala] infomation : (1 2 3 1 3)
Step 36:
    Send to player 0 [name: MoonlightShadow] a signal: ACTION
    Receive message form player 0 [name: MoonlightShadow]: 5 3 U
    Transform message form [number: 0] [name: MoonlightShadow]: 5 3 U
    Correct move!
    Player 0 [name MoonlightShadow] choose (5,3) move to (6 3)
    Send to player 0 [name: MoonlightShadow] infomation : (0 5 3 6 3)
    Send to player 1 [name: balala] infomation : (0 3 3 2 3)
Step 37:
    Send to player 1 [name: balala] a signal: ACTION
    Receive message form player 1 [name: balala]: 2 2 L
    Transform message form [number: 1] [name: balala]: 6 4 R
    Correct move!
    Player 1 [name balala] choose (6,4) move to (6 5)
    Send to player 0 [name: MoonlightShadow] infomation : (1 6 4 6 5)
    Send to player 1 [name: balala] infomation : (1 2 2 2 1)
Step 38:
    Send to player 0 [name: MoonlightShadow] a signal: ACTION
    Receive message form player 0 [name: MoonlightShadow]: 6 3 U
    Transform message form [number: 0] [name: MoonlightShadow]: 6 3 U
    Correct move!
    Player 0 [name MoonlightShadow] choose (6,3) move to (7 3)
    Send to player 0 [name: MoonlightShadow] infomation : (0 6 3 7 3)
    Send to player 1 [name: balala] infomation : (0 2 3 1 3)
Step 39:
    Send to player 1 [name: balala] a signal: ACTION
    Receive message form player 1 [name: balala]: 0 2 L
    Transform message form [number: 1] [name: balala]: 8 4 R
    Correct move!
    Player 1 [name balala] choose (8,4) move to (8 5)
    Send to player 0 [name: MoonlightShadow] infomation : (1 8 4 8 5)
    Send to player 1 [name: balala] infomation : (1 0 2 0 1)
Step 40:
    Send to player 0 [name: MoonlightShadow] a signal: ACTION
    Receive message form player 0 [name: MoonlightShadow]: 7 3 U
    Transform message form [number: 0] [name: MoonlightShadow]: 7 3 U
    Correct move!
    Player 0 [name MoonlightShadow] choose (7,3) move to (8 3)
    Send to player 0 [name: MoonlightShadow] infomation : (0 7 3 8 3)
    Send to player 1 [name: balala] infomation : (0 1 3 0 3)
    The Player 0 (name MoonlightShadow) win the game
Closing connections:
    Player 0 [name: MoonlightShadow] connection closed succueefully
    Player 1 [name: balala] connection closed succueefully
Total Steps: 40
End!
