Initialization:
    Waiting to connect ...
    AI0: DC乄mobula from 127.0.0.1 connected
    AI1: XIQCX from 127.0.0.1 connected
    XIQCX is the first player
    DC乄mobula is the second player
Step 1:
    Send to player 1 [name: XIQCX] a signal: ACTION
    Receive message form player 1 [name: XIQCX]: 2 2 R
    Transform message form [number: 1] [name: XIQCX]: 6 4 L
    Correct move!
    Player 1 [name XIQCX] choose (6,4) move to (6 3)
    Send to player 0 [name: DC乄mobula] infomation : (1 6 4 6 3)
    Send to player 1 [name: XIQCX] infomation : (1 2 2 2 3)
Step 2:
    Send to player 0 [name: DC乄mobula] a signal: ACTION
    Receive message form player 0 [name: DC乄mobula]: 1 5 D
    Transform message form [number: 0] [name: DC乄mobula]: 1 5 D
    Correct move!
    Player 0 [name DC乄mobula] choose (1,5) move to (0 5)
    Send to player 0 [name: DC乄mobula] infomation : (0 1 5 0 5)
    Send to player 1 [name: XIQCX] infomation : (0 7 1 8 1)
Step 3:
    Send to player 1 [name: XIQCX] a signal: ACTION
    Receive message form player 1 [name: XIQCX]: 1 5 U
    Transform message form [number: 1] [name: XIQCX]: 7 1 D
    Correct move!
    Player 1 [name XIQCX] choose (7,1) move to (6 1)
    Send to player 0 [name: DC乄mobula] infomation : (1 7 1 6 1)
    Send to player 1 [name: XIQCX] infomation : (1 1 5 2 5)
Step 4:
    Send to player 0 [name: DC乄mobula] a signal: ACTION
    Receive message form player 0 [name: DC乄mobula]: 2 2 R
    Transform message form [number: 0] [name: DC乄mobula]: 2 2 R
    Correct move!
    Player 0 [name DC乄mobula] choose (2,2) move to (2 3)
    Send to player 0 [name: DC乄mobula] infomation : (0 2 2 2 3)
    Send to player 1 [name: XIQCX] infomation : (0 6 4 6 3)
Step 5:
    Send to player 1 [name: XIQCX] a signal: ACTION
    Receive message form player 1 [name: XIQCX]: 2 6 U
    Transform message form [number: 1] [name: XIQCX]: 6 0 D
    Correct move!
    Player 1 [name XIQCX] choose (6,0) move to (5 0)
    Send to player 0 [name: DC乄mobula] infomation : (1 6 0 5 0)
    Send to player 1 [name: XIQCX] infomation : (1 2 6 3 6)
Step 6:
    Send to player 0 [name: DC乄mobula] a signal: ACTION
    Receive message form player 0 [name: DC乄mobula]: 1 1 D
    Transform message form [number: 0] [name: DC乄mobula]: 1 1 D
    Correct move!
    Player 0 [name DC乄mobula] choose (1,1) move to (0 1)
    Send to player 0 [name: DC乄mobula] infomation : (0 1 1 0 1)
    Send to player 1 [name: XIQCX] infomation : (0 7 5 8 5)
Step 7:
    Send to player 1 [name: XIQCX] a signal: ACTION
    Receive message form player 1 [name: XIQCX]: 2 0 D
    Transform message form [number: 1] [name: XIQCX]: 6 6 U
    Correct move!
    Player 1 [name XIQCX] choose (6,6) move to (7 6)
    Send to player 0 [name: DC乄mobula] infomation : (1 6 6 7 6)
    Send to player 1 [name: XIQCX] infomation : (1 2 0 1 0)
Step 8:
    Send to player 0 [name: DC乄mobula] a signal: ACTION
    Receive message form player 0 [name: DC乄mobula]: 2 0 R
    Transform message form [number: 0] [name: DC乄mobula]: 2 0 R
    Correct move!
    Player 0 [name DC乄mobula] choose (2,0) move to (2 1)
    Send to player 0 [name: DC乄mobula] infomation : (0 2 0 2 1)
    Send to player 1 [name: XIQCX] infomation : (0 6 6 6 5)
Step 9:
    Send to player 1 [name: XIQCX] a signal: ACTION
    Receive message form player 1 [name: XIQCX]: 3 6 D
    Transform message form [number: 1] [name: XIQCX]: 5 0 U
    Correct move!
    Player 1 [name XIQCX] choose (5,0) move to (6 0)
    Send to player 0 [name: DC乄mobula] infomation : (1 5 0 6 0)
    Send to player 1 [name: XIQCX] infomation : (1 3 6 2 6)
Step 10:
    Send to player 0 [name: DC乄mobula] a signal: ACTION
    Receive message form player 0 [name: DC乄mobula]: 2 1 R
    Transform message form [number: 0] [name: DC乄mobula]: 2 1 R
    Correct move!
    Player 0 [name DC乄mobula] choose (2,1) move to (2 2)
    Send to player 0 [name: DC乄mobula] infomation : (0 2 1 2 2)
    Send to player 1 [name: XIQCX] infomation : (0 6 5 6 4)
Step 11:
    Send to player 1 [name: XIQCX] a signal: ACTION
    Receive message form player 1 [name: XIQCX]: 1 0 U
    Transform message form [number: 1] [name: XIQCX]: 7 6 D
    Correct move!
    Player 1 [name XIQCX] choose (7,6) move to (6 6)
    Send to player 0 [name: DC乄mobula] infomation : (1 7 6 6 6)
    Send to player 1 [name: XIQCX] infomation : (1 1 0 2 0)
Step 12:
    Send to player 0 [name: DC乄mobula] a signal: ACTION
    Receive message form player 0 [name: DC乄mobula]: 2 2 D
    Transform message form [number: 0] [name: DC乄mobula]: 2 2 D
    Correct move!
    Player 0 [name DC乄mobula] choose (2,2) move to (1 2)
    Send to player 0 [name: DC乄mobula] infomation : (0 2 2 1 2)
    Send to player 1 [name: XIQCX] infomation : (0 6 4 7 4)
Step 13:
    Send to player 1 [name: XIQCX] a signal: ACTION
    Receive message form player 1 [name: XIQCX]: 2 5 D
    Transform message form [number: 1] [name: XIQCX]: 6 1 U
    Correct move!
    Player 1 [name XIQCX] choose (6,1) move to (7 1)
    Send to player 0 [name: DC乄mobula] infomation : (1 6 1 7 1)
    Send to player 1 [name: XIQCX] infomation : (1 2 5 1 5)
Step 14:
    Send to player 0 [name: DC乄mobula] a signal: ACTION
    Receive message form player 0 [name: DC乄mobula]: 0 6 U
    Transform message form [number: 0] [name: DC乄mobula]: 0 6 U
    Correct move!
    Player 0 [name DC乄mobula] choose (0,6) move to (1 6)
    Send to player 0 [name: DC乄mobula] infomation : (0 0 6 1 6)
    Send to player 1 [name: XIQCX] infomation : (0 8 0 7 0)
Step 15:
    Send to player 1 [name: XIQCX] a signal: ACTION
    Receive message form player 1 [name: XIQCX]: 2 0 U
    Transform message form [number: 1] [name: XIQCX]: 6 6 D
    Correct move!
    Player 1 [name XIQCX] choose (6,6) move to (5 6)
    Send to player 0 [name: DC乄mobula] infomation : (1 6 6 5 6)
    Send to player 1 [name: XIQCX] infomation : (1 2 0 3 0)
Step 16:
    Send to player 0 [name: DC乄mobula] a signal: ACTION
    Receive message form player 0 [name: DC乄mobula]: 0 0 U
    Transform message form [number: 0] [name: DC乄mobula]: 0 0 U
    Correct move!
    Player 0 [name DC乄mobula] choose (0,0) move to (1 0)
    Send to player 0 [name: DC乄mobula] infomation : (0 0 0 1 0)
    Send to player 1 [name: XIQCX] infomation : (0 8 6 7 6)
Step 17:
    Send to player 1 [name: XIQCX] a signal: ACTION
    Receive message form player 1 [name: XIQCX]: 1 5 D
    Transform message form [number: 1] [name: XIQCX]: 7 1 U
    Correct move!
    Player 1 [name XIQCX] choose (7,1) move to (8 1)
    Send to player 0 [name: DC乄mobula] infomation : (1 7 1 8 1)
    Send to player 1 [name: XIQCX] infomation : (1 1 5 0 5)
Step 18:
    Send to player 0 [name: DC乄mobula] a signal: ACTION
    Receive message form player 0 [name: DC乄mobula]: 1 0 U
    Transform message form [number: 0] [name: DC乄mobula]: 1 0 U
    Correct move!
    Player 0 [name DC乄mobula] choose (1,0) move to (2 0)
    Send to player 0 [name: DC乄mobula] infomation : (0 1 0 2 0)
    Send to player 1 [name: XIQCX] infomation : (0 7 6 6 6)
Step 19:
    Send to player 1 [name: XIQCX] a signal: ACTION
    Receive message form player 1 [name: XIQCX]: 1 1 L
    Transform message form [number: 1] [name: XIQCX]: 7 5 R
    Correct move!
    Player 1 [name XIQCX] choose (7,5) move to (7 6)
    Send to player 0 [name: DC乄mobula] infomation : (1 7 5 7 6)
    Send to player 1 [name: XIQCX] infomation : (1 1 1 1 0)
Step 20:
    Send to player 0 [name: DC乄mobula] a signal: ACTION
    Receive message form player 0 [name: DC乄mobula]: 2 0 U
    Transform message form [number: 0] [name: DC乄mobula]: 2 0 U
    Correct move!
    Player 0 [name DC乄mobula] choose (2,0) move to (3 0)
    Send to player 0 [name: DC乄mobula] infomation : (0 2 0 3 0)
    Send to player 1 [name: XIQCX] infomation : (0 6 6 5 6)
Step 21:
    Send to player 1 [name: XIQCX] a signal: ACTION
    Receive message form player 1 [name: XIQCX]: 2 3 U
    Transform message form [number: 1] [name: XIQCX]: 6 3 D
    Correct move!
    Player 1 [name XIQCX] choose (6,3) move to (5 3)
    Send to player 0 [name: DC乄mobula] infomation : (1 6 3 5 3)
    Send to player 1 [name: XIQCX] infomation : (1 2 3 3 3)
Step 22:
    Send to player 0 [name: DC乄mobula] a signal: ACTION
    Receive message form player 0 [name: DC乄mobula]: 3 0 R
    Transform message form [number: 0] [name: DC乄mobula]: 3 0 R
    Correct move!
    Player 0 [name DC乄mobula] choose (3,0) move to (3 3)
    Send to player 0 [name: DC乄mobula] infomation : (0 3 0 3 3)
    Send to player 1 [name: XIQCX] infomation : (0 5 6 5 3)
Step 23:
    Send to player 1 [name: XIQCX] a signal: ACTION
    Receive message form player 1 [name: XIQCX]: 1 0 R
    Transform message form [number: 1] [name: XIQCX]: 7 6 L
    Correct move!
    Player 1 [name XIQCX] choose (7,6) move to (7 5)
    Send to player 0 [name: DC乄mobula] infomation : (1 7 6 7 5)
    Send to player 1 [name: XIQCX] infomation : (1 1 0 1 1)
Step 24:
    Send to player 0 [name: DC乄mobula] a signal: ACTION
    Receive message form player 0 [name: DC乄mobula]: 1 2 R
    Transform message form [number: 0] [name: DC乄mobula]: 1 2 R
    Correct move!
    Player 0 [name DC乄mobula] choose (1,2) move to (1 3)
    Send to player 0 [name: DC乄mobula] infomation : (0 1 2 1 3)
    Send to player 1 [name: XIQCX] infomation : (0 7 4 7 3)
Step 25:
    Send to player 1 [name: XIQCX] a signal: ACTION
    Receive message form player 1 [name: XIQCX]: 2 4 D
    Transform message form [number: 1] [name: XIQCX]: 6 2 U
    Correct move!
    Player 1 [name XIQCX] choose (6,2) move to (7 2)
    Send to player 0 [name: DC乄mobula] infomation : (1 6 2 7 2)
    Send to player 1 [name: XIQCX] infomation : (1 2 4 1 4)
Step 26:
    Send to player 0 [name: DC乄mobula] a signal: ACTION
    Receive message form player 0 [name: DC乄mobula]: 3 3 U
    Transform message form [number: 0] [name: DC乄mobula]: 3 3 U
    Correct move!
    Player 0 [name DC乄mobula] choose (3,3) move to (4 3)
    Send to player 0 [name: DC乄mobula] infomation : (0 3 3 4 3)
    Send to player 1 [name: XIQCX] infomation : (0 5 3 4 3)
Step 27:
    Send to player 1 [name: XIQCX] a signal: ACTION
    Receive message form player 1 [name: XIQCX]: 0 5 L
    Transform message form [number: 1] [name: XIQCX]: 8 1 R
    Correct move!
    Player 1 [name XIQCX] choose (8,1) move to (8 2)
    Send to player 0 [name: DC乄mobula] infomation : (1 8 1 8 2)
    Send to player 1 [name: XIQCX] infomation : (1 0 5 0 4)
Step 28:
    Send to player 0 [name: DC乄mobula] a signal: ACTION
    Receive message form player 0 [name: DC乄mobula]: 4 3 U
    Transform message form [number: 0] [name: DC乄mobula]: 4 3 U
    Correct move!
    Player 0 [name DC乄mobula] choose (4,3) move to (5 3)
    Send to player 0 [name: DC乄mobula] infomation : (0 4 3 5 3)
    Send to player 1 [name: XIQCX] infomation : (0 4 3 3 3)
Step 29:
    Send to player 1 [name: XIQCX] a signal: ACTION
    Receive message form player 1 [name: XIQCX]: 1 1 D
    Transform message form [number: 1] [name: XIQCX]: 7 5 U
    Correct move!
    Player 1 [name XIQCX] choose (7,5) move to (8 5)
    Send to player 0 [name: DC乄mobula] infomation : (1 7 5 8 5)
    Send to player 1 [name: XIQCX] infomation : (1 1 1 0 1)
Step 30:
    Send to player 0 [name: DC乄mobula] a signal: ACTION
    Receive message form player 0 [name: DC乄mobula]: 2 4 R
    Transform message form [number: 0] [name: DC乄mobula]: 2 4 R
    Correct move!
    Player 0 [name DC乄mobula] choose (2,4) move to (2 5)
    Send to player 0 [name: DC乄mobula] infomation : (0 2 4 2 5)
    Send to player 1 [name: XIQCX] infomation : (0 6 2 6 1)
Step 31:
    Send to player 1 [name: XIQCX] a signal: ACTION
    Receive message form player 1 [name: XIQCX]: 0 1 R
    Transform message form [number: 1] [name: XIQCX]: 8 5 L
    Correct move!
    Player 1 [name XIQCX] choose (8,5) move to (8 4)
    Send to player 0 [name: DC乄mobula] infomation : (1 8 5 8 4)
    Send to player 1 [name: XIQCX] infomation : (1 0 1 0 2)
Step 32:
    Send to player 0 [name: DC乄mobula] a signal: ACTION
    Receive message form player 0 [name: DC乄mobula]: 5 3 U
    Transform message form [number: 0] [name: DC乄mobula]: 5 3 U
    Correct move!
    Player 0 [name DC乄mobula] choose (5,3) move to (6 3)
    Send to player 0 [name: DC乄mobula] infomation : (0 5 3 6 3)
    Send to player 1 [name: XIQCX] infomation : (0 3 3 2 3)
Step 33:
    Send to player 1 [name: XIQCX] a signal: ACTION
    Receive message form player 1 [name: XIQCX]: 2 6 L
    Transform message form [number: 1] [name: XIQCX]: 6 0 R
    Correct move!
    Player 1 [name XIQCX] choose (6,0) move to (6 1)
    Send to player 0 [name: DC乄mobula] infomation : (1 6 0 6 1)
    Send to player 1 [name: XIQCX] infomation : (1 2 6 2 5)
Step 34:
    Send to player 0 [name: DC乄mobula] a signal: ACTION
    Receive message form player 0 [name: DC乄mobula]: 6 3 L
    Transform message form [number: 0] [name: DC乄mobula]: 6 3 L
    Correct move!
    Player 0 [name DC乄mobula] choose (6,3) move to (6 2)
    Send to player 0 [name: DC乄mobula] infomation : (0 6 3 6 2)
    Send to player 1 [name: XIQCX] infomation : (0 2 3 2 4)
Step 35:
    Send to player 1 [name: XIQCX] a signal: ACTION
    Receive message form player 1 [name: XIQCX]: 3 0 D
    Transform message form [number: 1] [name: XIQCX]: 5 6 U
    Correct move!
    Player 1 [name XIQCX] choose (5,6) move to (6 6)
    Send to player 0 [name: DC乄mobula] infomation : (1 5 6 6 6)
    Send to player 1 [name: XIQCX] infomation : (1 3 0 2 0)
Step 36:
    Send to player 0 [name: DC乄mobula] a signal: ACTION
    Receive message form player 0 [name: DC乄mobula]: 6 2 U
    Transform message form [number: 0] [name: DC乄mobula]: 6 2 U
    Correct move!
    Player 0 [name DC乄mobula] choose (6,2) move to (7 2)
    Send to player 0 [name: DC乄mobula] infomation : (0 6 2 7 2)
    Send to player 1 [name: XIQCX] infomation : (0 2 4 1 4)
Step 37:
    Send to player 1 [name: XIQCX] a signal: ACTION
    Receive message form player 1 [name: XIQCX]: 3 0 D
    Transform message form [number: 1] [name: XIQCX]: 5 6 U
    try to use uncorrect role
    Invalid chess piece: ['5', '6', 'U']
    The limit of invalid action of player 1 (name XIQCX) is 2
Step 38:
    Send to player 0 [name: DC乄mobula] a signal: ACTION
    Receive message form player 0 [name: DC乄mobula]: 7 2 R
    Transform message form [number: 0] [name: DC乄mobula]: 7 2 R
    Correct move!
    Player 0 [name DC乄mobula] choose (7,2) move to (7 3)
    Send to player 0 [name: DC乄mobula] infomation : (0 7 2 7 3)
    Send to player 1 [name: XIQCX] infomation : (0 1 4 1 3)
Step 39:
    Send to player 1 [name: XIQCX] a signal: ACTION
    Receive message form player 1 [name: XIQCX]: 3 0 D
    Transform message form [number: 1] [name: XIQCX]: 5 6 U
    try to use uncorrect role
    Invalid chess piece: ['5', '6', 'U']
    The limit of invalid action of player 1 (name XIQCX) is 1
Step 40:
    Send to player 0 [name: DC乄mobula] a signal: ACTION
    Receive message form player 0 [name: DC乄mobula]: 7 3 U
    Transform message form [number: 0] [name: DC乄mobula]: 7 3 U
    Correct move!
    Player 0 [name DC乄mobula] choose (7,3) move to (8 3)
    Send to player 0 [name: DC乄mobula] infomation : (0 7 3 8 3)
    Send to player 1 [name: XIQCX] infomation : (0 1 3 0 3)
    The Player 0 (name DC乄mobula) win the game
Closing connections:
    Player 0 [name: DC乄mobula] connection closed succueefully
    Player 1 [name: XIQCX] connection closed succueefully
Total Steps: 40
End!
