Initialization:
    Waiting to connect ...
    AI0: XIQCX from 127.0.0.1 connected
    AI1: CICI from 127.0.0.1 connected
    CICI is the first player
    XIQCX is the second player
Step 1:
    Send to player 1 [name: CICI] a signal: ACTION
    Receive message form player 1 [name: CICI]: 2 2 R
    Transform message form [number: 1] [name: CICI]: 6 4 L
    Correct move!
    Player 1 [name CICI] choose (6,4) move to (6 3)
    Send to player 0 [name: XIQCX] infomation : (1 6 4 6 3)
    Send to player 1 [name: CICI] infomation : (1 2 2 2 3)
Step 2:
    Send to player 0 [name: XIQCX] a signal: ACTION
    Receive message form player 0 [name: XIQCX]: 2 2 R
    Transform message form [number: 0] [name: XIQCX]: 2 2 R
    Correct move!
    Player 0 [name XIQCX] choose (2,2) move to (2 3)
    Send to player 0 [name: XIQCX] infomation : (0 2 2 2 3)
    Send to player 1 [name: CICI] infomation : (0 6 4 6 3)
Step 3:
    Send to player 1 [name: CICI] a signal: ACTION
    Receive message form player 1 [name: CICI]: 2 0 R
    Transform message form [number: 1] [name: CICI]: 6 6 L
    Correct move!
    Player 1 [name CICI] choose (6,6) move to (6 5)
    Send to player 0 [name: XIQCX] infomation : (1 6 6 6 5)
    Send to player 1 [name: CICI] infomation : (1 2 0 2 1)
Step 4:
    Send to player 0 [name: XIQCX] a signal: ACTION
    Receive message form player 0 [name: XIQCX]: 2 6 L
    Transform message form [number: 0] [name: XIQCX]: 2 6 L
    Correct move!
    Player 0 [name XIQCX] choose (2,6) move to (2 5)
    Send to player 0 [name: XIQCX] infomation : (0 2 6 2 5)
    Send to player 1 [name: CICI] infomation : (0 6 0 6 1)
Step 5:
    Send to player 1 [name: CICI] a signal: ACTION
    Receive message form player 1 [name: CICI]: 2 1 R
    Transform message form [number: 1] [name: CICI]: 6 5 L
    Correct move!
    Player 1 [name CICI] choose (6,5) move to (6 4)
    Send to player 0 [name: XIQCX] infomation : (1 6 5 6 4)
    Send to player 1 [name: CICI] infomation : (1 2 1 2 2)
Step 6:
    Send to player 0 [name: XIQCX] a signal: ACTION
    Receive message form player 0 [name: XIQCX]: 2 5 U
    Transform message form [number: 0] [name: XIQCX]: 2 5 U
    Correct move!
    Player 0 [name XIQCX] choose (2,5) move to (3 5)
    Send to player 0 [name: XIQCX] infomation : (0 2 5 3 5)
    Send to player 1 [name: CICI] infomation : (0 6 1 5 1)
Step 7:
    Send to player 1 [name: CICI] a signal: ACTION
    Receive message form player 1 [name: CICI]: 2 2 D
    Transform message form [number: 1] [name: CICI]: 6 4 U
    Correct move!
    Player 1 [name CICI] choose (6,4) move to (7 4)
    Send to player 0 [name: XIQCX] infomation : (1 6 4 7 4)
    Send to player 1 [name: CICI] infomation : (1 2 2 1 2)
Step 8:
    Send to player 0 [name: XIQCX] a signal: ACTION
    Receive message form player 0 [name: XIQCX]: 3 5 R
    Transform message form [number: 0] [name: XIQCX]: 3 5 R
    Correct move!
    Player 0 [name XIQCX] choose (3,5) move to (3 6)
    Send to player 0 [name: XIQCX] infomation : (0 3 5 3 6)
    Send to player 1 [name: CICI] infomation : (0 5 1 5 0)
Step 9:
    Send to player 1 [name: CICI] a signal: ACTION
    Receive message form player 1 [name: CICI]: 1 5 L
    Transform message form [number: 1] [name: CICI]: 7 1 R
    Correct move!
    Player 1 [name CICI] choose (7,1) move to (7 2)
    Send to player 0 [name: XIQCX] infomation : (1 7 1 7 2)
    Send to player 1 [name: CICI] infomation : (1 1 5 1 4)
Step 10:
    Send to player 0 [name: XIQCX] a signal: ACTION
    Receive message form player 0 [name: XIQCX]: 2 3 U
    Transform message form [number: 0] [name: XIQCX]: 2 3 U
    Correct move!
    Player 0 [name XIQCX] choose (2,3) move to (3 3)
    Send to player 0 [name: XIQCX] infomation : (0 2 3 3 3)
    Send to player 1 [name: CICI] infomation : (0 6 3 5 3)
Step 11:
    Send to player 1 [name: CICI] a signal: ACTION
    Receive message form player 1 [name: CICI]: 1 2 R
    Transform message form [number: 1] [name: CICI]: 7 4 L
    Correct move!
    Player 1 [name CICI] choose (7,4) move to (7 3)
    Send to player 0 [name: XIQCX] infomation : (1 7 4 7 3)
    Send to player 1 [name: CICI] infomation : (1 1 2 1 3)
Step 12:
    Send to player 0 [name: XIQCX] a signal: ACTION
    Receive message form player 0 [name: XIQCX]: 2 0 U
    Transform message form [number: 0] [name: XIQCX]: 2 0 U
    Correct move!
    Player 0 [name XIQCX] choose (2,0) move to (3 0)
    Send to player 0 [name: XIQCX] infomation : (0 2 0 3 0)
    Send to player 1 [name: CICI] infomation : (0 6 6 5 6)
Step 13:
    Send to player 1 [name: CICI] a signal: ACTION
    Receive message form player 1 [name: CICI]: 1 4 D
    Transform message form [number: 1] [name: CICI]: 7 2 U
    Correct move!
    Player 1 [name CICI] choose (7,2) move to (8 2)
    Send to player 0 [name: XIQCX] infomation : (1 7 2 8 2)
    Send to player 1 [name: CICI] infomation : (1 1 4 0 4)
Step 14:
    Send to player 0 [name: XIQCX] a signal: ACTION
    Receive message form player 0 [name: XIQCX]: 3 6 D
    Transform message form [number: 0] [name: XIQCX]: 3 6 D
    Correct move!
    Player 0 [name XIQCX] choose (3,6) move to (2 6)
    Send to player 0 [name: XIQCX] infomation : (0 3 6 2 6)
    Send to player 1 [name: CICI] infomation : (0 5 0 6 0)
Step 15:
    Send to player 1 [name: CICI] a signal: ACTION
    Receive message form player 1 [name: CICI]: 1 1 R
    Transform message form [number: 1] [name: CICI]: 7 5 L
    Correct move!
    Player 1 [name CICI] choose (7,5) move to (7 4)
    Send to player 0 [name: XIQCX] infomation : (1 7 5 7 4)
    Send to player 1 [name: CICI] infomation : (1 1 1 1 2)
Step 16:
    Send to player 0 [name: XIQCX] a signal: ACTION
    Receive message form player 0 [name: XIQCX]: 0 6 L
    Transform message form [number: 0] [name: XIQCX]: 0 6 L
    Correct move!
    Player 0 [name XIQCX] choose (0,6) move to (0 5)
    Send to player 0 [name: XIQCX] infomation : (0 0 6 0 5)
    Send to player 1 [name: CICI] infomation : (0 8 0 8 1)
Step 17:
    Send to player 1 [name: CICI] a signal: ACTION
    Receive message form player 1 [name: CICI]: 0 6 L
    Transform message form [number: 1] [name: CICI]: 8 0 R
    Correct move!
    Player 1 [name CICI] choose (8,0) move to (8 1)
    Send to player 0 [name: XIQCX] infomation : (1 8 0 8 1)
    Send to player 1 [name: CICI] infomation : (1 0 6 0 5)
Step 18:
    Send to player 0 [name: XIQCX] a signal: ACTION
    Receive message form player 0 [name: XIQCX]: 2 6 D
    Transform message form [number: 0] [name: XIQCX]: 2 6 D
    Correct move!
    Player 0 [name XIQCX] choose (2,6) move to (1 6)
    Send to player 0 [name: XIQCX] infomation : (0 2 6 1 6)
    Send to player 1 [name: CICI] infomation : (0 6 0 7 0)
Step 19:
    Send to player 1 [name: CICI] a signal: ACTION
    Receive message form player 1 [name: CICI]: 0 5 U
    Transform message form [number: 1] [name: CICI]: 8 1 D
    Correct move!
    Player 1 [name CICI] choose (8,1) move to (7 1)
    Send to player 0 [name: XIQCX] infomation : (1 8 1 7 1)
    Send to player 1 [name: CICI] infomation : (1 0 5 1 5)
Step 20:
    Send to player 0 [name: XIQCX] a signal: ACTION
    Receive message form player 0 [name: XIQCX]: 0 5 R
    Transform message form [number: 0] [name: XIQCX]: 0 5 R
    Correct move!
    Player 0 [name XIQCX] choose (0,5) move to (0 6)
    Send to player 0 [name: XIQCX] infomation : (0 0 5 0 6)
    Send to player 1 [name: CICI] infomation : (0 8 1 8 0)
Step 21:
    Send to player 1 [name: CICI] a signal: ACTION
    Receive message form player 1 [name: CICI]: 1 5 U
    Transform message form [number: 1] [name: CICI]: 7 1 D
    Correct move!
    Player 1 [name CICI] choose (7,1) move to (6 1)
    Send to player 0 [name: XIQCX] infomation : (1 7 1 6 1)
    Send to player 1 [name: CICI] infomation : (1 1 5 2 5)
Step 22:
    Send to player 0 [name: XIQCX] a signal: ACTION
    Receive message form player 0 [name: XIQCX]: 1 1 R
    Transform message form [number: 0] [name: XIQCX]: 1 1 R
    Correct move!
    Player 0 [name XIQCX] choose (1,1) move to (1 2)
    Send to player 0 [name: XIQCX] infomation : (0 1 1 1 2)
    Send to player 1 [name: CICI] infomation : (0 7 5 7 4)
Step 23:
    Send to player 1 [name: CICI] a signal: ACTION
    Receive message form player 1 [name: CICI]: 2 5 U
    Transform message form [number: 1] [name: CICI]: 6 1 D
    Correct move!
    Player 1 [name CICI] choose (6,1) move to (2 1)
    Send to player 0 [name: XIQCX] infomation : (1 6 1 2 1)
    Send to player 1 [name: CICI] infomation : (1 2 5 6 5)
Step 24:
    Send to player 0 [name: XIQCX] a signal: ACTION
    Receive message form player 0 [name: XIQCX]: 2 4 D
    Transform message form [number: 0] [name: XIQCX]: 2 4 D
    Correct move!
    Player 0 [name XIQCX] choose (2,4) move to (1 4)
    Send to player 0 [name: XIQCX] infomation : (0 2 4 1 4)
    Send to player 1 [name: CICI] infomation : (0 6 2 7 2)
Step 25:
    Send to player 1 [name: CICI] a signal: ACTION
    Receive message form player 1 [name: CICI]: 6 5 U
    Transform message form [number: 1] [name: CICI]: 2 1 D
    Correct move!
    Player 1 [name CICI] choose (2,1) move to (1 1)
    Send to player 0 [name: XIQCX] infomation : (1 2 1 1 1)
    Send to player 1 [name: CICI] infomation : (1 6 5 7 5)
Step 26:
    Send to player 0 [name: XIQCX] a signal: ACTION
    Receive message form player 0 [name: XIQCX]: 0 0 U
    Transform message form [number: 0] [name: XIQCX]: 0 0 U
    Correct move!
    Player 0 [name XIQCX] choose (0,0) move to (1 0)
    Send to player 0 [name: XIQCX] infomation : (0 0 0 1 0)
    Send to player 1 [name: CICI] infomation : (0 8 6 7 6)
Step 27:
    Send to player 1 [name: CICI] a signal: ACTION
    Receive message form player 1 [name: CICI]: 7 5 L
    Transform message form [number: 1] [name: CICI]: 1 1 R
    Correct move!
    Player 1 [name CICI] choose (1,1) move to (1 2)
    Send to player 0 [name: XIQCX] infomation : (1 1 1 1 2)
    Send to player 1 [name: CICI] infomation : (1 7 5 7 4)
Step 28:
    Send to player 0 [name: XIQCX] a signal: ACTION
    Receive message form player 0 [name: XIQCX]: 0 0 U
    Transform message form [number: 0] [name: XIQCX]: 0 0 U
    try to use uncorrect role
    Invalid chess piece: ['0', '0', 'U']
    The limit of invalid action of player 0 (name XIQCX) is 2
Step 29:
    Send to player 1 [name: CICI] a signal: ACTION
    Receive message form player 1 [name: CICI]: 7 4 U
    Transform message form [number: 1] [name: CICI]: 1 2 D
    Correct move!
    Player 1 [name CICI] choose (1,2) move to (0 2)
    Send to player 0 [name: XIQCX] infomation : (1 1 2 0 2)
    Send to player 1 [name: CICI] infomation : (1 7 4 8 4)
Step 30:
    Send to player 0 [name: XIQCX] a signal: ACTION
    Receive message form player 0 [name: XIQCX]: 0 0 U
    Transform message form [number: 0] [name: XIQCX]: 0 0 U
    try to use uncorrect role
    Invalid chess piece: ['0', '0', 'U']
    The limit of invalid action of player 0 (name XIQCX) is 1
Step 31:
    Send to player 1 [name: CICI] a signal: ACTION
    Receive message form player 1 [name: CICI]: 1 3 R
    Transform message form [number: 1] [name: CICI]: 7 3 L
    Correct move!
    Player 1 [name CICI] choose (7,3) move to (7 2)
    Send to player 0 [name: XIQCX] infomation : (1 7 3 7 2)
    Send to player 1 [name: CICI] infomation : (1 1 3 1 4)
Step 32:
    Send to player 0 [name: XIQCX] a signal: ACTION
    Receive message form player 0 [name: XIQCX]: 0 0 U
    Transform message form [number: 0] [name: XIQCX]: 0 0 U
    try to use uncorrect role
    Invalid chess piece: ['0', '0', 'U']
    The limit of invalid action of player 0 (name XIQCX) is 0
    The Player 1 (name CICI) win the game
Closing connections:
    Player 0 [name: XIQCX] connection closed succueefully
    Player 1 [name: CICI] connection closed succueefully
Total Steps: 32
End!
