Initialization:
    Waiting to connect ...
    AI0: balala from 127.0.0.1 connected
    AI1: DC乄mobula from 127.0.0.1 connected
    DC乄mobula is the first player
    balala is the second player
Step 1:
    Send to player 1 [name: DC乄mobula] a signal: ACTION
    Receive message form player 1 [name: DC乄mobula]: 1 5 D
    Transform message form [number: 1] [name: DC乄mobula]: 7 1 U
    Correct move!
    Player 1 [name DC乄mobula] choose (7,1) move to (8 1)
    Send to player 0 [name: balala] infomation : (1 7 1 8 1)
    Send to player 1 [name: DC乄mobula] infomation : (1 1 5 0 5)
Step 2:
    Send to player 0 [name: balala] a signal: ACTION
    Receive message form player 0 [name: balala]: 0 0 R
    Transform message form [number: 0] [name: balala]: 0 0 R
    Correct move!
    Player 0 [name balala] choose (0,0) move to (0 1)
    Send to player 0 [name: balala] infomation : (0 0 0 0 1)
    Send to player 1 [name: DC乄mobula] infomation : (0 8 6 8 5)
Step 3:
    Send to player 1 [name: DC乄mobula] a signal: ACTION
    Receive message form player 1 [name: DC乄mobula]: 1 1 D
    Transform message form [number: 1] [name: DC乄mobula]: 7 5 U
    Correct move!
    Player 1 [name DC乄mobula] choose (7,5) move to (8 5)
    Send to player 0 [name: balala] infomation : (1 7 5 8 5)
    Send to player 1 [name: DC乄mobula] infomation : (1 1 1 0 1)
Step 4:
    Send to player 0 [name: balala] a signal: ACTION
    Receive message form player 0 [name: balala]: 0 1 R
    Transform message form [number: 0] [name: balala]: 0 1 R
    Correct move!
    Player 0 [name balala] choose (0,1) move to (0 2)
    Send to player 0 [name: balala] infomation : (0 0 1 0 2)
    Send to player 1 [name: DC乄mobula] infomation : (0 8 5 8 4)
Step 5:
    Send to player 1 [name: DC乄mobula] a signal: ACTION
    Receive message form player 1 [name: DC乄mobula]: 2 2 R
    Transform message form [number: 1] [name: DC乄mobula]: 6 4 L
    Correct move!
    Player 1 [name DC乄mobula] choose (6,4) move to (6 3)
    Send to player 0 [name: balala] infomation : (1 6 4 6 3)
    Send to player 1 [name: DC乄mobula] infomation : (1 2 2 2 3)
Step 6:
    Send to player 0 [name: balala] a signal: ACTION
    Receive message form player 0 [name: balala]: 0 2 U
    Transform message form [number: 0] [name: balala]: 0 2 U
    Correct move!
    Player 0 [name balala] choose (0,2) move to (1 2)
    Send to player 0 [name: balala] infomation : (0 0 2 1 2)
    Send to player 1 [name: DC乄mobula] infomation : (0 8 4 7 4)
Step 7:
    Send to player 1 [name: DC乄mobula] a signal: ACTION
    Receive message form player 1 [name: DC乄mobula]: 2 0 R
    Transform message form [number: 1] [name: DC乄mobula]: 6 6 L
    Correct move!
    Player 1 [name DC乄mobula] choose (6,6) move to (6 5)
    Send to player 0 [name: balala] infomation : (1 6 6 6 5)
    Send to player 1 [name: DC乄mobula] infomation : (1 2 0 2 1)
Step 8:
    Send to player 0 [name: balala] a signal: ACTION
    Receive message form player 0 [name: balala]: 1 5 U
    Transform message form [number: 0] [name: balala]: 1 5 U
    Correct move!
    Player 0 [name balala] choose (1,5) move to (2 5)
    Send to player 0 [name: balala] infomation : (0 1 5 2 5)
    Send to player 1 [name: DC乄mobula] infomation : (0 7 1 6 1)
Step 9:
    Send to player 1 [name: DC乄mobula] a signal: ACTION
    Receive message form player 1 [name: DC乄mobula]: 2 1 R
    Transform message form [number: 1] [name: DC乄mobula]: 6 5 L
    Correct move!
    Player 1 [name DC乄mobula] choose (6,5) move to (6 4)
    Send to player 0 [name: balala] infomation : (1 6 5 6 4)
    Send to player 1 [name: DC乄mobula] infomation : (1 2 1 2 2)
Step 10:
    Send to player 0 [name: balala] a signal: ACTION
    Receive message form player 0 [name: balala]: 2 5 D
    Transform message form [number: 0] [name: balala]: 2 5 D
    Correct move!
    Player 0 [name balala] choose (2,5) move to (1 5)
    Send to player 0 [name: balala] infomation : (0 2 5 1 5)
    Send to player 1 [name: DC乄mobula] infomation : (0 6 1 7 1)
Step 11:
    Send to player 1 [name: DC乄mobula] a signal: ACTION
    Receive message form player 1 [name: DC乄mobula]: 2 2 D
    Transform message form [number: 1] [name: DC乄mobula]: 6 4 U
    Correct move!
    Player 1 [name DC乄mobula] choose (6,4) move to (7 4)
    Send to player 0 [name: balala] infomation : (1 6 4 7 4)
    Send to player 1 [name: DC乄mobula] infomation : (1 2 2 1 2)
Step 12:
    Send to player 0 [name: balala] a signal: ACTION
    Receive message form player 0 [name: balala]: 1 5 U
    Transform message form [number: 0] [name: balala]: 1 5 U
    Correct move!
    Player 0 [name balala] choose (1,5) move to (2 5)
    Send to player 0 [name: balala] infomation : (0 1 5 2 5)
    Send to player 1 [name: DC乄mobula] infomation : (0 7 1 6 1)
Step 13:
    Send to player 1 [name: DC乄mobula] a signal: ACTION
    Receive message form player 1 [name: DC乄mobula]: 0 6 U
    Transform message form [number: 1] [name: DC乄mobula]: 8 0 D
    Correct move!
    Player 1 [name DC乄mobula] choose (8,0) move to (7 0)
    Send to player 0 [name: balala] infomation : (1 8 0 7 0)
    Send to player 1 [name: DC乄mobula] infomation : (1 0 6 1 6)
Step 14:
    Send to player 0 [name: balala] a signal: ACTION
    Receive message form player 0 [name: balala]: 0 6 U
    Transform message form [number: 0] [name: balala]: 0 6 U
    Correct move!
    Player 0 [name balala] choose (0,6) move to (1 6)
    Send to player 0 [name: balala] infomation : (0 0 6 1 6)
    Send to player 1 [name: DC乄mobula] infomation : (0 8 0 7 0)
Step 15:
    Send to player 1 [name: DC乄mobula] a signal: ACTION
    Receive message form player 1 [name: DC乄mobula]: 1 6 L
    Transform message form [number: 1] [name: DC乄mobula]: 7 0 R
    Correct move!
    Player 1 [name DC乄mobula] choose (7,0) move to (7 1)
    Send to player 0 [name: balala] infomation : (1 7 0 7 1)
    Send to player 1 [name: DC乄mobula] infomation : (1 1 6 1 5)
Step 16:
    Send to player 0 [name: balala] a signal: ACTION
    Receive message form player 0 [name: balala]: 1 6 L
    Transform message form [number: 0] [name: balala]: 1 6 L
    Correct move!
    Player 0 [name balala] choose (1,6) move to (1 5)
    Send to player 0 [name: balala] infomation : (0 1 6 1 5)
    Send to player 1 [name: DC乄mobula] infomation : (0 7 0 7 1)
Step 17:
    Send to player 1 [name: DC乄mobula] a signal: ACTION
    Receive message form player 1 [name: DC乄mobula]: 1 5 L
    Transform message form [number: 1] [name: DC乄mobula]: 7 1 R
    Correct move!
    Player 1 [name DC乄mobula] choose (7,1) move to (7 2)
    Send to player 0 [name: balala] infomation : (1 7 1 7 2)
    Send to player 1 [name: DC乄mobula] infomation : (1 1 5 1 4)
Step 18:
    Send to player 0 [name: balala] a signal: ACTION
    Receive message form player 0 [name: balala]: 1 5 R
    Transform message form [number: 0] [name: balala]: 1 5 R
    Correct move!
    Player 0 [name balala] choose (1,5) move to (1 6)
    Send to player 0 [name: balala] infomation : (0 1 5 1 6)
    Send to player 1 [name: DC乄mobula] infomation : (0 7 1 7 0)
Step 19:
    Send to player 1 [name: DC乄mobula] a signal: ACTION
    Receive message form player 1 [name: DC乄mobula]: 0 0 U
    Transform message form [number: 1] [name: DC乄mobula]: 8 6 D
    Correct move!
    Player 1 [name DC乄mobula] choose (8,6) move to (7 6)
    Send to player 0 [name: balala] infomation : (1 8 6 7 6)
    Send to player 1 [name: DC乄mobula] infomation : (1 0 0 1 0)
Step 20:
    Send to player 0 [name: balala] a signal: ACTION
    Receive message form player 0 [name: balala]: 2 5 D
    Transform message form [number: 0] [name: balala]: 2 5 D
    Correct move!
    Player 0 [name balala] choose (2,5) move to (1 5)
    Send to player 0 [name: balala] infomation : (0 2 5 1 5)
    Send to player 1 [name: DC乄mobula] infomation : (0 6 1 7 1)
Step 21:
    Send to player 1 [name: DC乄mobula] a signal: ACTION
    Receive message form player 1 [name: DC乄mobula]: 1 0 U
    Transform message form [number: 1] [name: DC乄mobula]: 7 6 D
    Correct move!
    Player 1 [name DC乄mobula] choose (7,6) move to (6 6)
    Send to player 0 [name: balala] infomation : (1 7 6 6 6)
    Send to player 1 [name: DC乄mobula] infomation : (1 1 0 2 0)
Step 22:
    Send to player 0 [name: balala] a signal: ACTION
    Receive message form player 0 [name: balala]: 1 5 L
    Transform message form [number: 0] [name: balala]: 1 5 L
    Correct move!
    Player 0 [name balala] choose (1,5) move to (1 4)
    Send to player 0 [name: balala] infomation : (0 1 5 1 4)
    Send to player 1 [name: DC乄mobula] infomation : (0 7 1 7 2)
Step 23:
    Send to player 1 [name: DC乄mobula] a signal: ACTION
    Receive message form player 1 [name: DC乄mobula]: 2 0 U
    Transform message form [number: 1] [name: DC乄mobula]: 6 6 D
    Correct move!
    Player 1 [name DC乄mobula] choose (6,6) move to (5 6)
    Send to player 0 [name: balala] infomation : (1 6 6 5 6)
    Send to player 1 [name: DC乄mobula] infomation : (1 2 0 3 0)
Step 24:
    Send to player 0 [name: balala] a signal: ACTION
    Receive message form player 0 [name: balala]: 1 4 L
    Transform message form [number: 0] [name: balala]: 1 4 L
    Correct move!
    Player 0 [name balala] choose (1,4) move to (1 3)
    Send to player 0 [name: balala] infomation : (0 1 4 1 3)
    Send to player 1 [name: DC乄mobula] infomation : (0 7 2 7 3)
Step 25:
    Send to player 1 [name: DC乄mobula] a signal: ACTION
    Receive message form player 1 [name: DC乄mobula]: 3 0 R
    Transform message form [number: 1] [name: DC乄mobula]: 5 6 L
    Correct move!
    Player 1 [name DC乄mobula] choose (5,6) move to (5 3)
    Send to player 0 [name: balala] infomation : (1 5 6 5 3)
    Send to player 1 [name: DC乄mobula] infomation : (1 3 0 3 3)
Step 26:
    Send to player 0 [name: balala] a signal: ACTION
    Receive message form player 0 [name: balala]: 1 3 U
    Transform message form [number: 0] [name: balala]: 1 3 U
    Correct move!
    Player 0 [name balala] choose (1,3) move to (2 3)
    Send to player 0 [name: balala] infomation : (0 1 3 2 3)
    Send to player 1 [name: DC乄mobula] infomation : (0 7 3 6 3)
Step 27:
    Send to player 1 [name: DC乄mobula] a signal: ACTION
    Receive message form player 1 [name: DC乄mobula]: 3 3 U
    Transform message form [number: 1] [name: DC乄mobula]: 5 3 D
    Correct move!
    Player 1 [name DC乄mobula] choose (5,3) move to (4 3)
    Send to player 0 [name: balala] infomation : (1 5 3 4 3)
    Send to player 1 [name: DC乄mobula] infomation : (1 3 3 4 3)
Step 28:
    Send to player 0 [name: balala] a signal: ACTION
    Receive message form player 0 [name: balala]: 1 2 R
    Transform message form [number: 0] [name: balala]: 1 2 R
    Correct move!
    Player 0 [name balala] choose (1,2) move to (1 3)
    Send to player 0 [name: balala] infomation : (0 1 2 1 3)
    Send to player 1 [name: DC乄mobula] infomation : (0 7 4 7 3)
Step 29:
    Send to player 1 [name: DC乄mobula] a signal: ACTION
    Receive message form player 1 [name: DC乄mobula]: 2 6 U
    Transform message form [number: 1] [name: DC乄mobula]: 6 0 D
    Correct move!
    Player 1 [name DC乄mobula] choose (6,0) move to (5 0)
    Send to player 0 [name: balala] infomation : (1 6 0 5 0)
    Send to player 1 [name: DC乄mobula] infomation : (1 2 6 3 6)
Step 30:
    Send to player 0 [name: balala] a signal: ACTION
    Receive message form player 0 [name: balala]: 1 3 R
    Transform message form [number: 0] [name: balala]: 1 3 R
    Correct move!
    Player 0 [name balala] choose (1,3) move to (1 4)
    Send to player 0 [name: balala] infomation : (0 1 3 1 4)
    Send to player 1 [name: DC乄mobula] infomation : (0 7 3 7 2)
Step 31:
    Send to player 1 [name: DC乄mobula] a signal: ACTION
    Receive message form player 1 [name: DC乄mobula]: 3 6 L
    Transform message form [number: 1] [name: DC乄mobula]: 5 0 R
    Correct move!
    Player 1 [name DC乄mobula] choose (5,0) move to (5 1)
    Send to player 0 [name: balala] infomation : (1 5 0 5 1)
    Send to player 1 [name: DC乄mobula] infomation : (1 3 6 3 5)
Step 32:
    Send to player 0 [name: balala] a signal: ACTION
    Receive message form player 0 [name: balala]: 1 6 L
    Transform message form [number: 0] [name: balala]: 1 6 L
    Correct move!
    Player 0 [name balala] choose (1,6) move to (1 5)
    Send to player 0 [name: balala] infomation : (0 1 6 1 5)
    Send to player 1 [name: DC乄mobula] infomation : (0 7 0 7 1)
Step 33:
    Send to player 1 [name: DC乄mobula] a signal: ACTION
    Receive message form player 1 [name: DC乄mobula]: 4 3 U
    Transform message form [number: 1] [name: DC乄mobula]: 4 3 D
    Correct move!
    Player 1 [name DC乄mobula] choose (4,3) move to (3 3)
    Send to player 0 [name: balala] infomation : (1 4 3 3 3)
    Send to player 1 [name: DC乄mobula] infomation : (1 4 3 5 3)
Step 34:
    Send to player 0 [name: balala] a signal: ACTION
    Receive message form player 0 [name: balala]: 2 3 D
    Transform message form [number: 0] [name: balala]: 2 3 D
    Correct move!
    Player 0 [name balala] choose (2,3) move to (1 3)
    Send to player 0 [name: balala] infomation : (0 2 3 1 3)
    Send to player 1 [name: DC乄mobula] infomation : (0 6 3 7 3)
Step 35:
    Send to player 1 [name: DC乄mobula] a signal: ACTION
    Receive message form player 1 [name: DC乄mobula]: 5 3 U
    Transform message form [number: 1] [name: DC乄mobula]: 3 3 D
    Correct move!
    Player 1 [name DC乄mobula] choose (3,3) move to (2 3)
    Send to player 0 [name: balala] infomation : (1 3 3 2 3)
    Send to player 1 [name: DC乄mobula] infomation : (1 5 3 6 3)
Step 36:
    Send to player 0 [name: balala] a signal: ACTION
    Receive message form player 0 [name: balala]: 2 4 R
    Transform message form [number: 0] [name: balala]: 2 4 R
    Correct move!
    Player 0 [name balala] choose (2,4) move to (2 5)
    Send to player 0 [name: balala] infomation : (0 2 4 2 5)
    Send to player 1 [name: DC乄mobula] infomation : (0 6 2 6 1)
Step 37:
    Send to player 1 [name: DC乄mobula] a signal: ACTION
    Receive message form player 1 [name: DC乄mobula]: 1 2 R
    Transform message form [number: 1] [name: DC乄mobula]: 7 4 L
    Correct move!
    Player 1 [name DC乄mobula] choose (7,4) move to (7 3)
    Send to player 0 [name: balala] infomation : (1 7 4 7 3)
    Send to player 1 [name: DC乄mobula] infomation : (1 1 2 1 3)
Step 38:
    Send to player 0 [name: balala] a signal: ACTION
    Receive message form player 0 [name: balala]: 2 2 L
    Transform message form [number: 0] [name: balala]: 2 2 L
    Correct move!
    Player 0 [name balala] choose (2,2) move to (2 1)
    Send to player 0 [name: balala] infomation : (0 2 2 2 1)
    Send to player 1 [name: DC乄mobula] infomation : (0 6 4 6 5)
Step 39:
    Send to player 1 [name: DC乄mobula] a signal: ACTION
    Receive message form player 1 [name: DC乄mobula]: 6 3 R
    Transform message form [number: 1] [name: DC乄mobula]: 2 3 L
    Correct move!
    Player 1 [name DC乄mobula] choose (2,3) move to (2 2)
    Send to player 0 [name: balala] infomation : (1 2 3 2 2)
    Send to player 1 [name: DC乄mobula] infomation : (1 6 3 6 4)
Step 40:
    Send to player 0 [name: balala] a signal: ACTION
    Receive message form player 0 [name: balala]: 1 4 U
    Transform message form [number: 0] [name: balala]: 1 4 U
    Correct move!
    Player 0 [name balala] choose (1,4) move to (2 4)
    Send to player 0 [name: balala] infomation : (0 1 4 2 4)
    Send to player 1 [name: DC乄mobula] infomation : (0 7 2 6 2)
Step 41:
    Send to player 1 [name: DC乄mobula] a signal: ACTION
    Receive message form player 1 [name: DC乄mobula]: 6 4 U
    Transform message form [number: 1] [name: DC乄mobula]: 2 2 D
    Correct move!
    Player 1 [name DC乄mobula] choose (2,2) move to (1 2)
    Send to player 0 [name: balala] infomation : (1 2 2 1 2)
    Send to player 1 [name: DC乄mobula] infomation : (1 6 4 7 4)
Step 42:
    Send to player 0 [name: balala] a signal: ACTION
    Receive message form player 0 [name: balala]: 1 3 R
    Transform message form [number: 0] [name: balala]: 1 3 R
    Correct move!
    Player 0 [name balala] choose (1,3) move to (1 4)
    Send to player 0 [name: balala] infomation : (0 1 3 1 4)
    Send to player 1 [name: DC乄mobula] infomation : (0 7 3 7 2)
Step 43:
    Send to player 1 [name: DC乄mobula] a signal: ACTION
    Receive message form player 1 [name: DC乄mobula]: 7 4 U
    Transform message form [number: 1] [name: DC乄mobula]: 1 2 D
    Correct move!
    Player 1 [name DC乄mobula] choose (1,2) move to (0 2)
    Send to player 0 [name: balala] infomation : (1 1 2 0 2)
    Send to player 1 [name: DC乄mobula] infomation : (1 7 4 8 4)
Step 44:
    Send to player 0 [name: balala] a signal: ACTION
    Receive message form player 0 [name: balala]: 1 5 R
    Transform message form [number: 0] [name: balala]: 1 5 R
    Correct move!
    Player 0 [name balala] choose (1,5) move to (1 6)
    Send to player 0 [name: balala] infomation : (0 1 5 1 6)
    Send to player 1 [name: DC乄mobula] infomation : (0 7 1 7 0)
Step 45:
    Send to player 1 [name: DC乄mobula] a signal: ACTION
    Receive message form player 1 [name: DC乄mobula]: 8 4 L
    Transform message form [number: 1] [name: DC乄mobula]: 0 2 R
    Correct move!
    Player 1 [name DC乄mobula] choose (0,2) move to (0 3)
    Send to player 0 [name: balala] infomation : (1 0 2 0 3)
    Send to player 1 [name: DC乄mobula] infomation : (1 8 4 8 3)
    The Player 1 (name DC乄mobula) win the game
Closing connections:
    Player 0 [name: balala] connection closed succueefully
    Player 1 [name: DC乄mobula] connection closed succueefully
Total Steps: 45
End!
