Initialization:
    Waiting to connect ...
    AI0: hito wanaze kizutsu ke a tte from 127.0.0.1 connected
    AI1: β - Stupid from 127.0.0.1 connected
    hito wanaze kizutsu ke a tte is the first player
    β - Stupid is the second player
Step 1:
    Send to player 0 [name: hito wanaze kizutsu ke a tte] a signal: ACTION
    Receive message form player 0 [name: hito wanaze kizutsu ke a tte]: 2 2 D
    Transform message form [number: 0] [name: hito wanaze kizutsu ke a tte]: 2 2 D
    Correct move!
    Player 0 [name hito wanaze kizutsu ke a tte] choose (2,2) move to (1 2)
    Send to player 0 [name: hito wanaze kizutsu ke a tte] infomation : (0 2 2 1 2)
    Send to player 1 [name: β - Stupid] infomation : (0 6 4 7 4)
Step 2:
    Send to player 1 [name: β - Stupid] a signal: ACTION
    Receive message form player 1 [name: β - Stupid]: 0 6 U
    Transform message form [number: 1] [name: β - Stupid]: 8 0 D
    Correct move!
    Player 1 [name β - Stupid] choose (8,0) move to (7 0)
    Send to player 0 [name: hito wanaze kizutsu ke a tte] infomation : (1 8 0 7 0)
    Send to player 1 [name: β - Stupid] infomation : (1 0 6 1 6)
Step 3:
    Send to player 0 [name: hito wanaze kizutsu ke a tte] a signal: ACTION
    Receive message form player 0 [name: hito wanaze kizutsu ke a tte]: 2 0 R
    Transform message form [number: 0] [name: hito wanaze kizutsu ke a tte]: 2 0 R
    Correct move!
    Player 0 [name hito wanaze kizutsu ke a tte] choose (2,0) move to (2 1)
    Send to player 0 [name: hito wanaze kizutsu ke a tte] infomation : (0 2 0 2 1)
    Send to player 1 [name: β - Stupid] infomation : (0 6 6 6 5)
Step 4:
    Send to player 1 [name: β - Stupid] a signal: ACTION
    Receive message form player 1 [name: β - Stupid]: 2 0 R
    Transform message form [number: 1] [name: β - Stupid]: 6 6 L
    Correct move!
    Player 1 [name β - Stupid] choose (6,6) move to (6 5)
    Send to player 0 [name: hito wanaze kizutsu ke a tte] infomation : (1 6 6 6 5)
    Send to player 1 [name: β - Stupid] infomation : (1 2 0 2 1)
Step 5:
    Send to player 0 [name: hito wanaze kizutsu ke a tte] a signal: ACTION
    Receive message form player 0 [name: hito wanaze kizutsu ke a tte]: 2 1 R
    Transform message form [number: 0] [name: hito wanaze kizutsu ke a tte]: 2 1 R
    Correct move!
    Player 0 [name hito wanaze kizutsu ke a tte] choose (2,1) move to (2 2)
    Send to player 0 [name: hito wanaze kizutsu ke a tte] infomation : (0 2 1 2 2)
    Send to player 1 [name: β - Stupid] infomation : (0 6 5 6 4)
Step 6:
    Send to player 1 [name: β - Stupid] a signal: ACTION
    Receive message form player 1 [name: β - Stupid]: 0 0 U
    Transform message form [number: 1] [name: β - Stupid]: 8 6 D
    Correct move!
    Player 1 [name β - Stupid] choose (8,6) move to (7 6)
    Send to player 0 [name: hito wanaze kizutsu ke a tte] infomation : (1 8 6 7 6)
    Send to player 1 [name: β - Stupid] infomation : (1 0 0 1 0)
Step 7:
    Send to player 0 [name: hito wanaze kizutsu ke a tte] a signal: ACTION
    Receive message form player 0 [name: hito wanaze kizutsu ke a tte]: 2 2 R
    Transform message form [number: 0] [name: hito wanaze kizutsu ke a tte]: 2 2 R
    Correct move!
    Player 0 [name hito wanaze kizutsu ke a tte] choose (2,2) move to (2 3)
    Send to player 0 [name: hito wanaze kizutsu ke a tte] infomation : (0 2 2 2 3)
    Send to player 1 [name: β - Stupid] infomation : (0 6 4 6 3)
Step 8:
    Send to player 1 [name: β - Stupid] a signal: ACTION
    Receive message form player 1 [name: β - Stupid]: 2 6 U
    Transform message form [number: 1] [name: β - Stupid]: 6 0 D
    Correct move!
    Player 1 [name β - Stupid] choose (6,0) move to (5 0)
    Send to player 0 [name: hito wanaze kizutsu ke a tte] infomation : (1 6 0 5 0)
    Send to player 1 [name: β - Stupid] infomation : (1 2 6 3 6)
Step 9:
    Send to player 0 [name: hito wanaze kizutsu ke a tte] a signal: ACTION
    Receive message form player 0 [name: hito wanaze kizutsu ke a tte]: 2 3 U
    Transform message form [number: 0] [name: hito wanaze kizutsu ke a tte]: 2 3 U
    Correct move!
    Player 0 [name hito wanaze kizutsu ke a tte] choose (2,3) move to (3 3)
    Send to player 0 [name: hito wanaze kizutsu ke a tte] infomation : (0 2 3 3 3)
    Send to player 1 [name: β - Stupid] infomation : (0 6 3 5 3)
Step 10:
    Send to player 1 [name: β - Stupid] a signal: ACTION
    Receive message form player 1 [name: β - Stupid]: 1 6 U
    Transform message form [number: 1] [name: β - Stupid]: 7 0 D
    Correct move!
    Player 1 [name β - Stupid] choose (7,0) move to (6 0)
    Send to player 0 [name: hito wanaze kizutsu ke a tte] infomation : (1 7 0 6 0)
    Send to player 1 [name: β - Stupid] infomation : (1 1 6 2 6)
Step 11:
    Send to player 0 [name: hito wanaze kizutsu ke a tte] a signal: ACTION
    Receive message form player 0 [name: hito wanaze kizutsu ke a tte]: 3 3 U
    Transform message form [number: 0] [name: hito wanaze kizutsu ke a tte]: 3 3 U
    Correct move!
    Player 0 [name hito wanaze kizutsu ke a tte] choose (3,3) move to (4 3)
    Send to player 0 [name: hito wanaze kizutsu ke a tte] infomation : (0 3 3 4 3)
    Send to player 1 [name: β - Stupid] infomation : (0 5 3 4 3)
Step 12:
    Send to player 1 [name: β - Stupid] a signal: ACTION
    Receive message form player 1 [name: β - Stupid]: 1 0 U
    Transform message form [number: 1] [name: β - Stupid]: 7 6 D
    Correct move!
    Player 1 [name β - Stupid] choose (7,6) move to (6 6)
    Send to player 0 [name: hito wanaze kizutsu ke a tte] infomation : (1 7 6 6 6)
    Send to player 1 [name: β - Stupid] infomation : (1 1 0 2 0)
Step 13:
    Send to player 0 [name: hito wanaze kizutsu ke a tte] a signal: ACTION
    Receive message form player 0 [name: hito wanaze kizutsu ke a tte]: 4 3 U
    Transform message form [number: 0] [name: hito wanaze kizutsu ke a tte]: 4 3 U
    Correct move!
    Player 0 [name hito wanaze kizutsu ke a tte] choose (4,3) move to (5 3)
    Send to player 0 [name: hito wanaze kizutsu ke a tte] infomation : (0 4 3 5 3)
    Send to player 1 [name: β - Stupid] infomation : (0 4 3 3 3)
Step 14:
    Send to player 1 [name: β - Stupid] a signal: ACTION
    Receive message form player 1 [name: β - Stupid]: 2 2 D
    Transform message form [number: 1] [name: β - Stupid]: 6 4 U
    Correct move!
    Player 1 [name β - Stupid] choose (6,4) move to (7 4)
    Send to player 0 [name: hito wanaze kizutsu ke a tte] infomation : (1 6 4 7 4)
    Send to player 1 [name: β - Stupid] infomation : (1 2 2 1 2)
Step 15:
    Send to player 0 [name: hito wanaze kizutsu ke a tte] a signal: ACTION
    Receive message form player 0 [name: hito wanaze kizutsu ke a tte]: 5 3 U
    Transform message form [number: 0] [name: hito wanaze kizutsu ke a tte]: 5 3 U
    Correct move!
    Player 0 [name hito wanaze kizutsu ke a tte] choose (5,3) move to (6 3)
    Send to player 0 [name: hito wanaze kizutsu ke a tte] infomation : (0 5 3 6 3)
    Send to player 1 [name: β - Stupid] infomation : (0 3 3 2 3)
Step 16:
    Send to player 1 [name: β - Stupid] a signal: ACTION
    Receive message form player 1 [name: β - Stupid]: 1 1 D
    Transform message form [number: 1] [name: β - Stupid]: 7 5 U
    Correct move!
    Player 1 [name β - Stupid] choose (7,5) move to (8 5)
    Send to player 0 [name: hito wanaze kizutsu ke a tte] infomation : (1 7 5 8 5)
    Send to player 1 [name: β - Stupid] infomation : (1 1 1 0 1)
Step 17:
    Send to player 0 [name: hito wanaze kizutsu ke a tte] a signal: ACTION
    Receive message form player 0 [name: hito wanaze kizutsu ke a tte]: 6 3 U
    Transform message form [number: 0] [name: hito wanaze kizutsu ke a tte]: 6 3 U
    Correct move!
    Player 0 [name hito wanaze kizutsu ke a tte] choose (6,3) move to (7 3)
    Send to player 0 [name: hito wanaze kizutsu ke a tte] infomation : (0 6 3 7 3)
    Send to player 1 [name: β - Stupid] infomation : (0 2 3 1 3)
Step 18:
    Send to player 1 [name: β - Stupid] a signal: ACTION
    Receive message form player 1 [name: β - Stupid]: 1 2 R
    Transform message form [number: 1] [name: β - Stupid]: 7 4 L
    Correct move!
    Player 1 [name β - Stupid] choose (7,4) move to (7 3)
    Send to player 0 [name: hito wanaze kizutsu ke a tte] infomation : (1 7 4 7 3)
    Send to player 1 [name: β - Stupid] infomation : (1 1 2 1 3)
Step 19:
    Send to player 0 [name: hito wanaze kizutsu ke a tte] a signal: ACTION
    Receive message form player 0 [name: hito wanaze kizutsu ke a tte]: 0 6 L
    Transform message form [number: 0] [name: hito wanaze kizutsu ke a tte]: 0 6 L
    Correct move!
    Player 0 [name hito wanaze kizutsu ke a tte] choose (0,6) move to (0 5)
    Send to player 0 [name: hito wanaze kizutsu ke a tte] infomation : (0 0 6 0 5)
    Send to player 1 [name: β - Stupid] infomation : (0 8 0 8 1)
Step 20:
    Send to player 1 [name: β - Stupid] a signal: ACTION
    Receive message form player 1 [name: β - Stupid]: 1 5 D
    Transform message form [number: 1] [name: β - Stupid]: 7 1 U
    Correct move!
    Player 1 [name β - Stupid] choose (7,1) move to (8 1)
    Send to player 0 [name: hito wanaze kizutsu ke a tte] infomation : (1 7 1 8 1)
    Send to player 1 [name: β - Stupid] infomation : (1 1 5 0 5)
Step 21:
    Send to player 0 [name: hito wanaze kizutsu ke a tte] a signal: ACTION
    Receive message form player 0 [name: hito wanaze kizutsu ke a tte]: 0 5 L
    Transform message form [number: 0] [name: hito wanaze kizutsu ke a tte]: 0 5 L
    Correct move!
    Player 0 [name hito wanaze kizutsu ke a tte] choose (0,5) move to (0 4)
    Send to player 0 [name: hito wanaze kizutsu ke a tte] infomation : (0 0 5 0 4)
    Send to player 1 [name: β - Stupid] infomation : (0 8 1 8 2)
Step 22:
    Send to player 1 [name: β - Stupid] a signal: ACTION
    Receive message form player 1 [name: β - Stupid]: 2 6 L
    Transform message form [number: 1] [name: β - Stupid]: 6 0 R
    Correct move!
    Player 1 [name β - Stupid] choose (6,0) move to (6 1)
    Send to player 0 [name: hito wanaze kizutsu ke a tte] infomation : (1 6 0 6 1)
    Send to player 1 [name: β - Stupid] infomation : (1 2 6 2 5)
Step 23:
    Send to player 0 [name: hito wanaze kizutsu ke a tte] a signal: ACTION
    Receive message form player 0 [name: hito wanaze kizutsu ke a tte]: 0 4 U
    Transform message form [number: 0] [name: hito wanaze kizutsu ke a tte]: 0 4 U
    Correct move!
    Player 0 [name hito wanaze kizutsu ke a tte] choose (0,4) move to (1 4)
    Send to player 0 [name: hito wanaze kizutsu ke a tte] infomation : (0 0 4 1 4)
    Send to player 1 [name: β - Stupid] infomation : (0 8 2 7 2)
Step 24:
    Send to player 1 [name: β - Stupid] a signal: ACTION
    Receive message form player 1 [name: β - Stupid]: 2 5 U
    Transform message form [number: 1] [name: β - Stupid]: 6 1 D
    Correct move!
    Player 1 [name β - Stupid] choose (6,1) move to (2 1)
    Send to player 0 [name: hito wanaze kizutsu ke a tte] infomation : (1 6 1 2 1)
    Send to player 1 [name: β - Stupid] infomation : (1 2 5 6 5)
Step 25:
    Send to player 0 [name: hito wanaze kizutsu ke a tte] a signal: ACTION
    Receive message form player 0 [name: hito wanaze kizutsu ke a tte]: 1 4 L
    Transform message form [number: 0] [name: hito wanaze kizutsu ke a tte]: 1 4 L
    Correct move!
    Player 0 [name hito wanaze kizutsu ke a tte] choose (1,4) move to (1 3)
    Send to player 0 [name: hito wanaze kizutsu ke a tte] infomation : (0 1 4 1 3)
    Send to player 1 [name: β - Stupid] infomation : (0 7 2 7 3)
Step 26:
    Send to player 1 [name: β - Stupid] a signal: ACTION
    Receive message form player 1 [name: β - Stupid]: 6 5 U
    Transform message form [number: 1] [name: β - Stupid]: 2 1 D
    Correct move!
    Player 1 [name β - Stupid] choose (2,1) move to (1 1)
    Send to player 0 [name: hito wanaze kizutsu ke a tte] infomation : (1 2 1 1 1)
    Send to player 1 [name: β - Stupid] infomation : (1 6 5 7 5)
Step 27:
    Send to player 0 [name: hito wanaze kizutsu ke a tte] a signal: ACTION
    Receive message form player 0 [name: hito wanaze kizutsu ke a tte]: 1 3 U
    Transform message form [number: 0] [name: hito wanaze kizutsu ke a tte]: 1 3 U
    Correct move!
    Player 0 [name hito wanaze kizutsu ke a tte] choose (1,3) move to (2 3)
    Send to player 0 [name: hito wanaze kizutsu ke a tte] infomation : (0 1 3 2 3)
    Send to player 1 [name: β - Stupid] infomation : (0 7 3 6 3)
Step 28:
    Send to player 1 [name: β - Stupid] a signal: ACTION
    Receive message form player 1 [name: β - Stupid]: 7 5 L
    Transform message form [number: 1] [name: β - Stupid]: 1 1 R
    Correct move!
    Player 1 [name β - Stupid] choose (1,1) move to (1 2)
    Send to player 0 [name: hito wanaze kizutsu ke a tte] infomation : (1 1 1 1 2)
    Send to player 1 [name: β - Stupid] infomation : (1 7 5 7 4)
Step 29:
    Send to player 0 [name: hito wanaze kizutsu ke a tte] a signal: ACTION
    Receive message form player 0 [name: hito wanaze kizutsu ke a tte]: 2 3 U
    Transform message form [number: 0] [name: hito wanaze kizutsu ke a tte]: 2 3 U
    Correct move!
    Player 0 [name hito wanaze kizutsu ke a tte] choose (2,3) move to (3 3)
    Send to player 0 [name: hito wanaze kizutsu ke a tte] infomation : (0 2 3 3 3)
    Send to player 1 [name: β - Stupid] infomation : (0 6 3 5 3)
Step 30:
    Send to player 1 [name: β - Stupid] a signal: ACTION
    Receive message form player 1 [name: β - Stupid]: 7 4 U
    Transform message form [number: 1] [name: β - Stupid]: 1 2 D
    Correct move!
    Player 1 [name β - Stupid] choose (1,2) move to (0 2)
    Send to player 0 [name: hito wanaze kizutsu ke a tte] infomation : (1 1 2 0 2)
    Send to player 1 [name: β - Stupid] infomation : (1 7 4 8 4)
Step 31:
    Send to player 0 [name: hito wanaze kizutsu ke a tte] a signal: ACTION
    Receive message form player 0 [name: hito wanaze kizutsu ke a tte]: 3 3 U
    Transform message form [number: 0] [name: hito wanaze kizutsu ke a tte]: 3 3 U
    Correct move!
    Player 0 [name hito wanaze kizutsu ke a tte] choose (3,3) move to (4 3)
    Send to player 0 [name: hito wanaze kizutsu ke a tte] infomation : (0 3 3 4 3)
    Send to player 1 [name: β - Stupid] infomation : (0 5 3 4 3)
Step 32:
    Send to player 1 [name: β - Stupid] a signal: ACTION
    Receive message form player 1 [name: β - Stupid]: 8 4 L
    Transform message form [number: 1] [name: β - Stupid]: 0 2 R
    Correct move!
    Player 1 [name β - Stupid] choose (0,2) move to (0 3)
    Send to player 0 [name: hito wanaze kizutsu ke a tte] infomation : (1 0 2 0 3)
    Send to player 1 [name: β - Stupid] infomation : (1 8 4 8 3)
    The Player 1 (name β - Stupid) win the game
Closing connections:
    Player 0 [name: hito wanaze kizutsu ke a tte] connection closed succueefully
    Player 1 [name: β - Stupid] connection closed succueefully
Total Steps: 32
End!
