Initialization:
    Waiting to connect ...
    AI0: Qualification exam from 127.0.0.1 connected
    AI1: AntiZeroAI from 127.0.0.1 connected
    Qualification exam is the first player
    AntiZeroAI is the second player
Step 1:
    Send to player 0 [name: Qualification exam] a signal: ACTION
    Receive message form player 0 [name: Qualification exam]: 1 1 D
    Transform message form [number: 0] [name: Qualification exam]: 1 1 D
    Correct move!
    Player 0 [name Qualification exam] choose (1,1) move to (0 1)
    Send to player 0 [name: Qualification exam] infomation : (0 1 1 0 1)
    Send to player 1 [name: AntiZeroAI] infomation : (0 7 5 8 5)
Step 2:
    Send to player 1 [name: AntiZeroAI] a signal: ACTION
    Receive message form player 1 [name: AntiZeroAI]: 2 2 D
    Transform message form [number: 1] [name: AntiZeroAI]: 6 4 U
    Correct move!
    Player 1 [name AntiZeroAI] choose (6,4) move to (7 4)
    Send to player 0 [name: Qualification exam] infomation : (1 6 4 7 4)
    Send to player 1 [name: AntiZeroAI] infomation : (1 2 2 1 2)
Step 3:
    Send to player 0 [name: Qualification exam] a signal: ACTION
    Receive message form player 0 [name: Qualification exam]: 2 2 R
    Transform message form [number: 0] [name: Qualification exam]: 2 2 R
    Correct move!
    Player 0 [name Qualification exam] choose (2,2) move to (2 3)
    Send to player 0 [name: Qualification exam] infomation : (0 2 2 2 3)
    Send to player 1 [name: AntiZeroAI] infomation : (0 6 4 6 3)
Step 4:
    Send to player 1 [name: AntiZeroAI] a signal: ACTION
    Receive message form player 1 [name: AntiZeroAI]: 2 0 R
    Transform message form [number: 1] [name: AntiZeroAI]: 6 6 L
    Correct move!
    Player 1 [name AntiZeroAI] choose (6,6) move to (6 5)
    Send to player 0 [name: Qualification exam] infomation : (1 6 6 6 5)
    Send to player 1 [name: AntiZeroAI] infomation : (1 2 0 2 1)
Step 5:
    Send to player 0 [name: Qualification exam] a signal: ACTION
    Receive message form player 0 [name: Qualification exam]: 1 5 D
    Transform message form [number: 0] [name: Qualification exam]: 1 5 D
    Correct move!
    Player 0 [name Qualification exam] choose (1,5) move to (0 5)
    Send to player 0 [name: Qualification exam] infomation : (0 1 5 0 5)
    Send to player 1 [name: AntiZeroAI] infomation : (0 7 1 8 1)
Step 6:
    Send to player 1 [name: AntiZeroAI] a signal: ACTION
    Receive message form player 1 [name: AntiZeroAI]: 2 1 R
    Transform message form [number: 1] [name: AntiZeroAI]: 6 5 L
    Correct move!
    Player 1 [name AntiZeroAI] choose (6,5) move to (6 4)
    Send to player 0 [name: Qualification exam] infomation : (1 6 5 6 4)
    Send to player 1 [name: AntiZeroAI] infomation : (1 2 1 2 2)
Step 7:
    Send to player 0 [name: Qualification exam] a signal: ACTION
    Receive message form player 0 [name: Qualification exam]: 2 0 D
    Transform message form [number: 0] [name: Qualification exam]: 2 0 D
    Correct move!
    Player 0 [name Qualification exam] choose (2,0) move to (1 0)
    Send to player 0 [name: Qualification exam] infomation : (0 2 0 1 0)
    Send to player 1 [name: AntiZeroAI] infomation : (0 6 6 7 6)
Step 8:
    Send to player 1 [name: AntiZeroAI] a signal: ACTION
    Receive message form player 1 [name: AntiZeroAI]: 2 2 R
    Transform message form [number: 1] [name: AntiZeroAI]: 6 4 L
    Correct move!
    Player 1 [name AntiZeroAI] choose (6,4) move to (6 3)
    Send to player 0 [name: Qualification exam] infomation : (1 6 4 6 3)
    Send to player 1 [name: AntiZeroAI] infomation : (1 2 2 2 3)
Step 9:
    Send to player 0 [name: Qualification exam] a signal: ACTION
    Receive message form player 0 [name: Qualification exam]: 1 0 R
    Transform message form [number: 0] [name: Qualification exam]: 1 0 R
    Correct move!
    Player 0 [name Qualification exam] choose (1,0) move to (1 1)
    Send to player 0 [name: Qualification exam] infomation : (0 1 0 1 1)
    Send to player 1 [name: AntiZeroAI] infomation : (0 7 6 7 5)
Step 10:
    Send to player 1 [name: AntiZeroAI] a signal: ACTION
    Receive message form player 1 [name: AntiZeroAI]: 2 3 U
    Transform message form [number: 1] [name: AntiZeroAI]: 6 3 D
    Correct move!
    Player 1 [name AntiZeroAI] choose (6,3) move to (5 3)
    Send to player 0 [name: Qualification exam] infomation : (1 6 3 5 3)
    Send to player 1 [name: AntiZeroAI] infomation : (1 2 3 3 3)
Step 11:
    Send to player 0 [name: Qualification exam] a signal: ACTION
    Receive message form player 0 [name: Qualification exam]: 1 1 R
    Transform message form [number: 0] [name: Qualification exam]: 1 1 R
    Correct move!
    Player 0 [name Qualification exam] choose (1,1) move to (1 2)
    Send to player 0 [name: Qualification exam] infomation : (0 1 1 1 2)
    Send to player 1 [name: AntiZeroAI] infomation : (0 7 5 7 4)
Step 12:
    Send to player 1 [name: AntiZeroAI] a signal: ACTION
    Receive message form player 1 [name: AntiZeroAI]: 3 3 U
    Transform message form [number: 1] [name: AntiZeroAI]: 5 3 D
    Correct move!
    Player 1 [name AntiZeroAI] choose (5,3) move to (4 3)
    Send to player 0 [name: Qualification exam] infomation : (1 5 3 4 3)
    Send to player 1 [name: AntiZeroAI] infomation : (1 3 3 4 3)
Step 13:
    Send to player 0 [name: Qualification exam] a signal: ACTION
    Receive message form player 0 [name: Qualification exam]: 1 2 R
    Transform message form [number: 0] [name: Qualification exam]: 1 2 R
    Correct move!
    Player 0 [name Qualification exam] choose (1,2) move to (1 3)
    Send to player 0 [name: Qualification exam] infomation : (0 1 2 1 3)
    Send to player 1 [name: AntiZeroAI] infomation : (0 7 4 7 3)
Step 14:
    Send to player 1 [name: AntiZeroAI] a signal: ACTION
    Receive message form player 1 [name: AntiZeroAI]: 4 3 U
    Transform message form [number: 1] [name: AntiZeroAI]: 4 3 D
    Correct move!
    Player 1 [name AntiZeroAI] choose (4,3) move to (3 3)
    Send to player 0 [name: Qualification exam] infomation : (1 4 3 3 3)
    Send to player 1 [name: AntiZeroAI] infomation : (1 4 3 5 3)
Step 15:
    Send to player 0 [name: Qualification exam] a signal: ACTION
    Receive message form player 0 [name: Qualification exam]: 0 0 U
    Transform message form [number: 0] [name: Qualification exam]: 0 0 U
    Correct move!
    Player 0 [name Qualification exam] choose (0,0) move to (1 0)
    Send to player 0 [name: Qualification exam] infomation : (0 0 0 1 0)
    Send to player 1 [name: AntiZeroAI] infomation : (0 8 6 7 6)
Step 16:
    Send to player 1 [name: AntiZeroAI] a signal: ACTION
    Receive message form player 1 [name: AntiZeroAI]: 5 3 U
    Transform message form [number: 1] [name: AntiZeroAI]: 3 3 D
    Correct move!
    Player 1 [name AntiZeroAI] choose (3,3) move to (2 3)
    Send to player 0 [name: Qualification exam] infomation : (1 3 3 2 3)
    Send to player 1 [name: AntiZeroAI] infomation : (1 5 3 6 3)
Step 17:
    Send to player 0 [name: Qualification exam] a signal: ACTION
    Receive message form player 0 [name: Qualification exam]: 1 3 U
    Transform message form [number: 0] [name: Qualification exam]: 1 3 U
    Correct move!
    Player 0 [name Qualification exam] choose (1,3) move to (2 3)
    Send to player 0 [name: Qualification exam] infomation : (0 1 3 2 3)
    Send to player 1 [name: AntiZeroAI] infomation : (0 7 3 6 3)
Step 18:
    Send to player 1 [name: AntiZeroAI] a signal: ACTION
    Receive message form player 1 [name: AntiZeroAI]: 6 3 R
    Transform message form [number: 1] [name: AntiZeroAI]: 2 3 L
    try to use uncorrect role
    Invalid chess piece: ['2', '3', 'L']
    The limit of invalid action of player 1 (name AntiZeroAI) is 2
Step 19:
    Send to player 0 [name: Qualification exam] a signal: ACTION
    Receive message form player 0 [name: Qualification exam]: 2 3 D
    Transform message form [number: 0] [name: Qualification exam]: 2 3 D
    Correct move!
    Player 0 [name Qualification exam] choose (2,3) move to (1 3)
    Send to player 0 [name: Qualification exam] infomation : (0 2 3 1 3)
    Send to player 1 [name: AntiZeroAI] infomation : (0 6 3 7 3)
Step 20:
    Send to player 1 [name: AntiZeroAI] a signal: ACTION
    Receive message form player 1 [name: AntiZeroAI]: 6 4 U
    Transform message form [number: 1] [name: AntiZeroAI]: 2 2 D
    try to use uncorrect role
    Invalid chess piece: ['2', '2', 'D']
    The limit of invalid action of player 1 (name AntiZeroAI) is 1
Step 21:
    Send to player 0 [name: Qualification exam] a signal: ACTION
    Receive message form player 0 [name: Qualification exam]: 1 0 U
    Transform message form [number: 0] [name: Qualification exam]: 1 0 U
    Correct move!
    Player 0 [name Qualification exam] choose (1,0) move to (2 0)
    Send to player 0 [name: Qualification exam] infomation : (0 1 0 2 0)
    Send to player 1 [name: AntiZeroAI] infomation : (0 7 6 6 6)
Step 22:
    Send to player 1 [name: AntiZeroAI] a signal: ACTION
    Receive message form player 1 [name: AntiZeroAI]: 7 4 R
    Transform message form [number: 1] [name: AntiZeroAI]: 1 2 L
    try to use uncorrect role
    Invalid chess piece: ['1', '2', 'L']
    The limit of invalid action of player 1 (name AntiZeroAI) is 0
    The Player 0 (name Qualification exam) win the game
Closing connections:
    Player 0 [name: Qualification exam] connection closed succueefully
    Player 1 [name: AntiZeroAI] connection closed succueefully
Total Steps: 22
End!
