Initialization:
    Waiting to connect ...
    AI0: r@nd0m from 127.0.0.1 connected
    AI1: WJZB from 127.0.0.1 connected
    r@nd0m is the first player
    WJZB is the second player
Step 1:
    Send to player 0 [name: r@nd0m] a signal: ACTION
    Receive message form player 0 [name: r@nd0m]: 1 5 D
    Transform message form [number: 0] [name: r@nd0m]: 1 5 D
    Correct move!
    Player 0 [name r@nd0m] choose (1,5) move to (0 5)
    Send to player 0 [name: r@nd0m] infomation : (0 1 5 0 5)
    Send to player 1 [name: WJZB] infomation : (0 7 1 8 1)
Step 2:
    Send to player 1 [name: WJZB] a signal: ACTION
    Receive message form player 1 [name: WJZB]: 2 4 D
    Transform message form [number: 1] [name: WJZB]: 6 2 U
    Correct move!
    Player 1 [name WJZB] choose (6,2) move to (7 2)
    Send to player 0 [name: r@nd0m] infomation : (1 6 2 7 2)
    Send to player 1 [name: WJZB] infomation : (1 2 4 1 4)
Step 3:
    Send to player 0 [name: r@nd0m] a signal: ACTION
    Receive message form player 0 [name: r@nd0m]: 0 5 L
    Transform message form [number: 0] [name: r@nd0m]: 0 5 L
    Correct move!
    Player 0 [name r@nd0m] choose (0,5) move to (0 4)
    Send to player 0 [name: r@nd0m] infomation : (0 0 5 0 4)
    Send to player 1 [name: WJZB] infomation : (0 8 1 8 2)
Step 4:
    Send to player 1 [name: WJZB] a signal: ACTION
    Receive message form player 1 [name: WJZB]: 1 4 D
    Transform message form [number: 1] [name: WJZB]: 7 2 U
    Correct move!
    Player 1 [name WJZB] choose (7,2) move to (8 2)
    Send to player 0 [name: r@nd0m] infomation : (1 7 2 8 2)
    Send to player 1 [name: WJZB] infomation : (1 1 4 0 4)
Step 5:
    Send to player 0 [name: r@nd0m] a signal: ACTION
    Receive message form player 0 [name: r@nd0m]: 1 1 D
    Transform message form [number: 0] [name: r@nd0m]: 1 1 D
    Correct move!
    Player 0 [name r@nd0m] choose (1,1) move to (0 1)
    Send to player 0 [name: r@nd0m] infomation : (0 1 1 0 1)
    Send to player 1 [name: WJZB] infomation : (0 7 5 8 5)
Step 6:
    Send to player 1 [name: WJZB] a signal: ACTION
    Receive message form player 1 [name: WJZB]: 2 2 D
    Transform message form [number: 1] [name: WJZB]: 6 4 U
    Correct move!
    Player 1 [name WJZB] choose (6,4) move to (7 4)
    Send to player 0 [name: r@nd0m] infomation : (1 6 4 7 4)
    Send to player 1 [name: WJZB] infomation : (1 2 2 1 2)
Step 7:
    Send to player 0 [name: r@nd0m] a signal: ACTION
    Receive message form player 0 [name: r@nd0m]: 0 1 R
    Transform message form [number: 0] [name: r@nd0m]: 0 1 R
    Correct move!
    Player 0 [name r@nd0m] choose (0,1) move to (0 2)
    Send to player 0 [name: r@nd0m] infomation : (0 0 1 0 2)
    Send to player 1 [name: WJZB] infomation : (0 8 5 8 4)
Step 8:
    Send to player 1 [name: WJZB] a signal: ACTION
    Receive message form player 1 [name: WJZB]: 1 2 D
    Transform message form [number: 1] [name: WJZB]: 7 4 U
    Correct move!
    Player 1 [name WJZB] choose (7,4) move to (8 4)
    Send to player 0 [name: r@nd0m] infomation : (1 7 4 8 4)
    Send to player 1 [name: WJZB] infomation : (1 1 2 0 2)
Step 9:
    Send to player 0 [name: r@nd0m] a signal: ACTION
    Receive message form player 0 [name: r@nd0m]: 2 6 U
    Transform message form [number: 0] [name: r@nd0m]: 2 6 U
    Correct move!
    Player 0 [name r@nd0m] choose (2,6) move to (3 6)
    Send to player 0 [name: r@nd0m] infomation : (0 2 6 3 6)
    Send to player 1 [name: WJZB] infomation : (0 6 0 5 0)
Step 10:
    Send to player 1 [name: WJZB] a signal: ACTION
    Receive message form player 1 [name: WJZB]: 2 0 D
    Transform message form [number: 1] [name: WJZB]: 6 6 U
    Correct move!
    Player 1 [name WJZB] choose (6,6) move to (7 6)
    Send to player 0 [name: r@nd0m] infomation : (1 6 6 7 6)
    Send to player 1 [name: WJZB] infomation : (1 2 0 1 0)
Step 11:
    Send to player 0 [name: r@nd0m] a signal: ACTION
    Receive message form player 0 [name: r@nd0m]: 2 2 R
    Transform message form [number: 0] [name: r@nd0m]: 2 2 R
    Correct move!
    Player 0 [name r@nd0m] choose (2,2) move to (2 3)
    Send to player 0 [name: r@nd0m] infomation : (0 2 2 2 3)
    Send to player 1 [name: WJZB] infomation : (0 6 4 6 3)
Step 12:
    Send to player 1 [name: WJZB] a signal: ACTION
    Receive message form player 1 [name: WJZB]: 1 1 D
    Transform message form [number: 1] [name: WJZB]: 7 5 U
    Correct move!
    Player 1 [name WJZB] choose (7,5) move to (8 5)
    Send to player 0 [name: r@nd0m] infomation : (1 7 5 8 5)
    Send to player 1 [name: WJZB] infomation : (1 1 1 0 1)
Step 13:
    Send to player 0 [name: r@nd0m] a signal: ACTION
    Receive message form player 0 [name: r@nd0m]: 2 0 R
    Transform message form [number: 0] [name: r@nd0m]: 2 0 R
    Correct move!
    Player 0 [name r@nd0m] choose (2,0) move to (2 1)
    Send to player 0 [name: r@nd0m] infomation : (0 2 0 2 1)
    Send to player 1 [name: WJZB] infomation : (0 6 6 6 5)
Step 14:
    Send to player 1 [name: WJZB] a signal: ACTION
    Receive message form player 1 [name: WJZB]: 1 5 D
    Transform message form [number: 1] [name: WJZB]: 7 1 U
    Correct move!
    Player 1 [name WJZB] choose (7,1) move to (8 1)
    Send to player 0 [name: r@nd0m] infomation : (1 7 1 8 1)
    Send to player 1 [name: WJZB] infomation : (1 1 5 0 5)
Step 15:
    Send to player 0 [name: r@nd0m] a signal: ACTION
    Receive message form player 0 [name: r@nd0m]: 2 1 D
    Transform message form [number: 0] [name: r@nd0m]: 2 1 D
    Correct move!
    Player 0 [name r@nd0m] choose (2,1) move to (1 1)
    Send to player 0 [name: r@nd0m] infomation : (0 2 1 1 1)
    Send to player 1 [name: WJZB] infomation : (0 6 5 7 5)
Step 16:
    Send to player 1 [name: WJZB] a signal: ACTION
    Receive message form player 1 [name: WJZB]: 2 6 D
    Transform message form [number: 1] [name: WJZB]: 6 0 U
    Correct move!
    Player 1 [name WJZB] choose (6,0) move to (7 0)
    Send to player 0 [name: r@nd0m] infomation : (1 6 0 7 0)
    Send to player 1 [name: WJZB] infomation : (1 2 6 1 6)
Step 17:
    Send to player 0 [name: r@nd0m] a signal: ACTION
    Receive message form player 0 [name: r@nd0m]: 1 1 R
    Transform message form [number: 0] [name: r@nd0m]: 1 1 R
    Correct move!
    Player 0 [name r@nd0m] choose (1,1) move to (1 2)
    Send to player 0 [name: r@nd0m] infomation : (0 1 1 1 2)
    Send to player 1 [name: WJZB] infomation : (0 7 5 7 4)
Step 18:
    Send to player 1 [name: WJZB] a signal: ACTION
    Receive message form player 1 [name: WJZB]: 1 0 R
    Transform message form [number: 1] [name: WJZB]: 7 6 L
    Correct move!
    Player 1 [name WJZB] choose (7,6) move to (7 5)
    Send to player 0 [name: r@nd0m] infomation : (1 7 6 7 5)
    Send to player 1 [name: WJZB] infomation : (1 1 0 1 1)
Step 19:
    Send to player 0 [name: r@nd0m] a signal: ACTION
    Receive message form player 0 [name: r@nd0m]: 3 6 L
    Transform message form [number: 0] [name: r@nd0m]: 3 6 L
    Correct move!
    Player 0 [name r@nd0m] choose (3,6) move to (3 5)
    Send to player 0 [name: r@nd0m] infomation : (0 3 6 3 5)
    Send to player 1 [name: WJZB] infomation : (0 5 0 5 1)
Step 20:
    Send to player 1 [name: WJZB] a signal: ACTION
    Receive message form player 1 [name: WJZB]: 1 1 R
    Transform message form [number: 1] [name: WJZB]: 7 5 L
    Correct move!
    Player 1 [name WJZB] choose (7,5) move to (7 4)
    Send to player 0 [name: r@nd0m] infomation : (1 7 5 7 4)
    Send to player 1 [name: WJZB] infomation : (1 1 1 1 2)
Step 21:
    Send to player 0 [name: r@nd0m] a signal: ACTION
    Receive message form player 0 [name: r@nd0m]: 1 2 R
    Transform message form [number: 0] [name: r@nd0m]: 1 2 R
    Correct move!
    Player 0 [name r@nd0m] choose (1,2) move to (1 3)
    Send to player 0 [name: r@nd0m] infomation : (0 1 2 1 3)
    Send to player 1 [name: WJZB] infomation : (0 7 4 7 3)
Step 22:
    Send to player 1 [name: WJZB] a signal: ACTION
    Receive message form player 1 [name: WJZB]: 1 2 R
    Transform message form [number: 1] [name: WJZB]: 7 4 L
    Correct move!
    Player 1 [name WJZB] choose (7,4) move to (7 3)
    Send to player 0 [name: r@nd0m] infomation : (1 7 4 7 3)
    Send to player 1 [name: WJZB] infomation : (1 1 2 1 3)
Step 23:
    Send to player 0 [name: r@nd0m] a signal: ACTION
    Receive message form player 0 [name: r@nd0m]: 3 5 L
    Transform message form [number: 0] [name: r@nd0m]: 3 5 L
    Correct move!
    Player 0 [name r@nd0m] choose (3,5) move to (3 4)
    Send to player 0 [name: r@nd0m] infomation : (0 3 5 3 4)
    Send to player 1 [name: WJZB] infomation : (0 5 1 5 2)
Step 24:
    Send to player 1 [name: WJZB] a signal: ACTION
    Receive message form player 1 [name: WJZB]: 1 6 L
    Transform message form [number: 1] [name: WJZB]: 7 0 R
    Correct move!
    Player 1 [name WJZB] choose (7,0) move to (7 1)
    Send to player 0 [name: r@nd0m] infomation : (1 7 0 7 1)
    Send to player 1 [name: WJZB] infomation : (1 1 6 1 5)
Step 25:
    Send to player 0 [name: r@nd0m] a signal: ACTION
    Receive message form player 0 [name: r@nd0m]: 3 4 U
    Transform message form [number: 0] [name: r@nd0m]: 3 4 U
    Correct move!
    Player 0 [name r@nd0m] choose (3,4) move to (4 4)
    Send to player 0 [name: r@nd0m] infomation : (0 3 4 4 4)
    Send to player 1 [name: WJZB] infomation : (0 5 2 4 2)
Step 26:
    Send to player 1 [name: WJZB] a signal: ACTION
    Receive message form player 1 [name: WJZB]: 1 5 R
    Transform message form [number: 1] [name: WJZB]: 7 1 L
    Correct move!
    Player 1 [name WJZB] choose (7,1) move to (7 0)
    Send to player 0 [name: r@nd0m] infomation : (1 7 1 7 0)
    Send to player 1 [name: WJZB] infomation : (1 1 5 1 6)
Step 27:
    Send to player 0 [name: r@nd0m] a signal: ACTION
    Receive message form player 0 [name: r@nd0m]: 0 0 R
    Transform message form [number: 0] [name: r@nd0m]: 0 0 R
    Correct move!
    Player 0 [name r@nd0m] choose (0,0) move to (0 1)
    Send to player 0 [name: r@nd0m] infomation : (0 0 0 0 1)
    Send to player 1 [name: WJZB] infomation : (0 8 6 8 5)
Step 28:
    Send to player 1 [name: WJZB] a signal: ACTION
    Receive message form player 1 [name: WJZB]: 1 6 L
    Transform message form [number: 1] [name: WJZB]: 7 0 R
    Correct move!
    Player 1 [name WJZB] choose (7,0) move to (7 1)
    Send to player 0 [name: r@nd0m] infomation : (1 7 0 7 1)
    Send to player 1 [name: WJZB] infomation : (1 1 6 1 5)
Step 29:
    Send to player 0 [name: r@nd0m] a signal: ACTION
    Receive message form player 0 [name: r@nd0m]: 0 6 L
    Transform message form [number: 0] [name: r@nd0m]: 0 6 L
    Correct move!
    Player 0 [name r@nd0m] choose (0,6) move to (0 5)
    Send to player 0 [name: r@nd0m] infomation : (0 0 6 0 5)
    Send to player 1 [name: WJZB] infomation : (0 8 0 8 1)
Step 30:
    Send to player 1 [name: WJZB] a signal: ACTION
    Receive message form player 1 [name: WJZB]: 1 5 R
    Transform message form [number: 1] [name: WJZB]: 7 1 L
    Correct move!
    Player 1 [name WJZB] choose (7,1) move to (7 0)
    Send to player 0 [name: r@nd0m] infomation : (1 7 1 7 0)
    Send to player 1 [name: WJZB] infomation : (1 1 5 1 6)
Step 31:
    Send to player 0 [name: r@nd0m] a signal: ACTION
    Receive message form player 0 [name: r@nd0m]: 2 4 R
    Transform message form [number: 0] [name: r@nd0m]: 2 4 R
    Correct move!
    Player 0 [name r@nd0m] choose (2,4) move to (2 5)
    Send to player 0 [name: r@nd0m] infomation : (0 2 4 2 5)
    Send to player 1 [name: WJZB] infomation : (0 6 2 6 1)
Step 32:
    Send to player 1 [name: WJZB] a signal: ACTION
    Receive message form player 1 [name: WJZB]: 1 6 L
    Transform message form [number: 1] [name: WJZB]: 7 0 R
    Correct move!
    Player 1 [name WJZB] choose (7,0) move to (7 1)
    Send to player 0 [name: r@nd0m] infomation : (1 7 0 7 1)
    Send to player 1 [name: WJZB] infomation : (1 1 6 1 5)
Step 33:
    Send to player 0 [name: r@nd0m] a signal: ACTION
    Receive message form player 0 [name: r@nd0m]: 2 5 L
    Transform message form [number: 0] [name: r@nd0m]: 2 5 L
    Correct move!
    Player 0 [name r@nd0m] choose (2,5) move to (2 4)
    Send to player 0 [name: r@nd0m] infomation : (0 2 5 2 4)
    Send to player 1 [name: WJZB] infomation : (0 6 1 6 2)
Step 34:
    Send to player 1 [name: WJZB] a signal: ACTION
    Receive message form player 1 [name: WJZB]: 1 5 R
    Transform message form [number: 1] [name: WJZB]: 7 1 L
    Correct move!
    Player 1 [name WJZB] choose (7,1) move to (7 0)
    Send to player 0 [name: r@nd0m] infomation : (1 7 1 7 0)
    Send to player 1 [name: WJZB] infomation : (1 1 5 1 6)
Step 35:
    Send to player 0 [name: r@nd0m] a signal: ACTION
    Receive message form player 0 [name: r@nd0m]: 2 4 R
    Transform message form [number: 0] [name: r@nd0m]: 2 4 R
    Correct move!
    Player 0 [name r@nd0m] choose (2,4) move to (2 5)
    Send to player 0 [name: r@nd0m] infomation : (0 2 4 2 5)
    Send to player 1 [name: WJZB] infomation : (0 6 2 6 1)
Step 36:
    Send to player 1 [name: WJZB] a signal: ACTION
    Receive message form player 1 [name: WJZB]: 1 6 L
    Transform message form [number: 1] [name: WJZB]: 7 0 R
    Correct move!
    Player 1 [name WJZB] choose (7,0) move to (7 1)
    Send to player 0 [name: r@nd0m] infomation : (1 7 0 7 1)
    Send to player 1 [name: WJZB] infomation : (1 1 6 1 5)
Step 37:
    Send to player 0 [name: r@nd0m] a signal: ACTION
    Receive message form player 0 [name: r@nd0m]: 4 4 U
    Transform message form [number: 0] [name: r@nd0m]: 4 4 U
    Correct move!
    Player 0 [name r@nd0m] choose (4,4) move to (5 4)
    Send to player 0 [name: r@nd0m] infomation : (0 4 4 5 4)
    Send to player 1 [name: WJZB] infomation : (0 4 2 3 2)
Step 38:
    Send to player 1 [name: WJZB] a signal: ACTION
    Receive message form player 1 [name: WJZB]: 1 5 R
    Transform message form [number: 1] [name: WJZB]: 7 1 L
    Correct move!
    Player 1 [name WJZB] choose (7,1) move to (7 0)
    Send to player 0 [name: r@nd0m] infomation : (1 7 1 7 0)
    Send to player 1 [name: WJZB] infomation : (1 1 5 1 6)
Step 39:
    Send to player 0 [name: r@nd0m] a signal: ACTION
    Receive message form player 0 [name: r@nd0m]: 0 1 U
    Transform message form [number: 0] [name: r@nd0m]: 0 1 U
    Correct move!
    Player 0 [name r@nd0m] choose (0,1) move to (1 1)
    Send to player 0 [name: r@nd0m] infomation : (0 0 1 1 1)
    Send to player 1 [name: WJZB] infomation : (0 8 5 7 5)
Step 40:
    Send to player 1 [name: WJZB] a signal: ACTION
    Receive message form player 1 [name: WJZB]: 1 3 R
    Transform message form [number: 1] [name: WJZB]: 7 3 L
    Correct move!
    Player 1 [name WJZB] choose (7,3) move to (7 2)
    Send to player 0 [name: r@nd0m] infomation : (1 7 3 7 2)
    Send to player 1 [name: WJZB] infomation : (1 1 3 1 4)
Step 41:
    Send to player 0 [name: r@nd0m] a signal: ACTION
    Receive message form player 0 [name: r@nd0m]: 5 4 L
    Transform message form [number: 0] [name: r@nd0m]: 5 4 L
    Correct move!
    Player 0 [name r@nd0m] choose (5,4) move to (5 3)
    Send to player 0 [name: r@nd0m] infomation : (0 5 4 5 3)
    Send to player 1 [name: WJZB] infomation : (0 3 2 3 3)
Step 42:
    Send to player 1 [name: WJZB] a signal: ACTION
    Receive message form player 1 [name: WJZB]: 1 4 R
    Transform message form [number: 1] [name: WJZB]: 7 2 L
    Correct move!
    Player 1 [name WJZB] choose (7,2) move to (7 1)
    Send to player 0 [name: r@nd0m] infomation : (1 7 2 7 1)
    Send to player 1 [name: WJZB] infomation : (1 1 4 1 5)
Step 43:
    Send to player 0 [name: r@nd0m] a signal: ACTION
    Receive message form player 0 [name: r@nd0m]: 5 3 L
    Transform message form [number: 0] [name: r@nd0m]: 5 3 L
    Correct move!
    Player 0 [name r@nd0m] choose (5,3) move to (5 2)
    Send to player 0 [name: r@nd0m] infomation : (0 5 3 5 2)
    Send to player 1 [name: WJZB] infomation : (0 3 3 3 4)
Step 44:
    Send to player 1 [name: WJZB] a signal: ACTION
    Receive message form player 1 [name: WJZB]: 1 5 L
    Transform message form [number: 1] [name: WJZB]: 7 1 R
    Correct move!
    Player 1 [name WJZB] choose (7,1) move to (7 2)
    Send to player 0 [name: r@nd0m] infomation : (1 7 1 7 2)
    Send to player 1 [name: WJZB] infomation : (1 1 5 1 4)
Step 45:
    Send to player 0 [name: r@nd0m] a signal: ACTION
    Receive message form player 0 [name: r@nd0m]: 1 1 R
    Transform message form [number: 0] [name: r@nd0m]: 1 1 R
    Correct move!
    Player 0 [name r@nd0m] choose (1,1) move to (1 2)
    Send to player 0 [name: r@nd0m] infomation : (0 1 1 1 2)
    Send to player 1 [name: WJZB] infomation : (0 7 5 7 4)
Step 46:
    Send to player 1 [name: WJZB] a signal: ACTION
    Receive message form player 1 [name: WJZB]: 1 4 L
    Transform message form [number: 1] [name: WJZB]: 7 2 R
    Correct move!
    Player 1 [name WJZB] choose (7,2) move to (7 3)
    Send to player 0 [name: r@nd0m] infomation : (1 7 2 7 3)
    Send to player 1 [name: WJZB] infomation : (1 1 4 1 3)
Step 47:
    Send to player 0 [name: r@nd0m] a signal: ACTION
    Receive message form player 0 [name: r@nd0m]: 0 5 U
    Transform message form [number: 0] [name: r@nd0m]: 0 5 U
    Correct move!
    Player 0 [name r@nd0m] choose (0,5) move to (1 5)
    Send to player 0 [name: r@nd0m] infomation : (0 0 5 1 5)
    Send to player 1 [name: WJZB] infomation : (0 8 1 7 1)
Step 48:
    Send to player 1 [name: WJZB] a signal: ACTION
    Receive message form player 1 [name: WJZB]: 1 3 L
    Transform message form [number: 1] [name: WJZB]: 7 3 R
    Correct move!
    Player 1 [name WJZB] choose (7,3) move to (7 4)
    Send to player 0 [name: r@nd0m] infomation : (1 7 3 7 4)
    Send to player 1 [name: WJZB] infomation : (1 1 3 1 2)
Step 49:
    Send to player 0 [name: r@nd0m] a signal: ACTION
    Receive message form player 0 [name: r@nd0m]: 5 2 R
    Transform message form [number: 0] [name: r@nd0m]: 5 2 R
    Correct move!
    Player 0 [name r@nd0m] choose (5,2) move to (5 3)
    Send to player 0 [name: r@nd0m] infomation : (0 5 2 5 3)
    Send to player 1 [name: WJZB] infomation : (0 3 4 3 3)
Step 50:
    Send to player 1 [name: WJZB] a signal: ACTION
    Receive message form player 1 [name: WJZB]: 1 2 L
    Transform message form [number: 1] [name: WJZB]: 7 4 R
    Correct move!
    Player 1 [name WJZB] choose (7,4) move to (7 5)
    Send to player 0 [name: r@nd0m] infomation : (1 7 4 7 5)
    Send to player 1 [name: WJZB] infomation : (1 1 2 1 1)
Step 51:
    Send to player 0 [name: r@nd0m] a signal: ACTION
    Receive message form player 0 [name: r@nd0m]: 5 3 R
    Transform message form [number: 0] [name: r@nd0m]: 5 3 R
    Correct move!
    Player 0 [name r@nd0m] choose (5,3) move to (5 4)
    Send to player 0 [name: r@nd0m] infomation : (0 5 3 5 4)
    Send to player 1 [name: WJZB] infomation : (0 3 3 3 2)
Step 52:
    Send to player 1 [name: WJZB] a signal: ACTION
    Receive message form player 1 [name: WJZB]: 1 1 L
    Transform message form [number: 1] [name: WJZB]: 7 5 R
    Correct move!
    Player 1 [name WJZB] choose (7,5) move to (7 6)
    Send to player 0 [name: r@nd0m] infomation : (1 7 5 7 6)
    Send to player 1 [name: WJZB] infomation : (1 1 1 1 0)
Step 53:
    Send to player 0 [name: r@nd0m] a signal: ACTION
    Receive message form player 0 [name: r@nd0m]: 5 4 R
    Transform message form [number: 0] [name: r@nd0m]: 5 4 R
    Correct move!
    Player 0 [name r@nd0m] choose (5,4) move to (5 5)
    Send to player 0 [name: r@nd0m] infomation : (0 5 4 5 5)
    Send to player 1 [name: WJZB] infomation : (0 3 2 3 1)
Step 54:
    Send to player 1 [name: WJZB] a signal: ACTION
    Receive message form player 1 [name: WJZB]: 1 6 L
    Transform message form [number: 1] [name: WJZB]: 7 0 R
    Correct move!
    Player 1 [name WJZB] choose (7,0) move to (7 1)
    Send to player 0 [name: r@nd0m] infomation : (1 7 0 7 1)
    Send to player 1 [name: WJZB] infomation : (1 1 6 1 5)
Step 55:
    Send to player 0 [name: r@nd0m] a signal: ACTION
    Receive message form player 0 [name: r@nd0m]: 2 5 L
    Transform message form [number: 0] [name: r@nd0m]: 2 5 L
    Correct move!
    Player 0 [name r@nd0m] choose (2,5) move to (2 4)
    Send to player 0 [name: r@nd0m] infomation : (0 2 5 2 4)
    Send to player 1 [name: WJZB] infomation : (0 6 1 6 2)
Step 56:
    Send to player 1 [name: WJZB] a signal: ACTION
    Receive message form player 1 [name: WJZB]: 1 5 R
    Transform message form [number: 1] [name: WJZB]: 7 1 L
    Correct move!
    Player 1 [name WJZB] choose (7,1) move to (7 0)
    Send to player 0 [name: r@nd0m] infomation : (1 7 1 7 0)
    Send to player 1 [name: WJZB] infomation : (1 1 5 1 6)
Step 57:
    Send to player 0 [name: r@nd0m] a signal: ACTION
    Receive message form player 0 [name: r@nd0m]: 2 4 R
    Transform message form [number: 0] [name: r@nd0m]: 2 4 R
    Correct move!
    Player 0 [name r@nd0m] choose (2,4) move to (2 5)
    Send to player 0 [name: r@nd0m] infomation : (0 2 4 2 5)
    Send to player 1 [name: WJZB] infomation : (0 6 2 6 1)
Step 58:
    Send to player 1 [name: WJZB] a signal: ACTION
    Receive message form player 1 [name: WJZB]: 1 6 L
    Transform message form [number: 1] [name: WJZB]: 7 0 R
    Correct move!
    Player 1 [name WJZB] choose (7,0) move to (7 1)
    Send to player 0 [name: r@nd0m] infomation : (1 7 0 7 1)
    Send to player 1 [name: WJZB] infomation : (1 1 6 1 5)
Step 59:
    Send to player 0 [name: r@nd0m] a signal: ACTION
    Receive message form player 0 [name: r@nd0m]: 2 5 L
    Transform message form [number: 0] [name: r@nd0m]: 2 5 L
    Correct move!
    Player 0 [name r@nd0m] choose (2,5) move to (2 4)
    Send to player 0 [name: r@nd0m] infomation : (0 2 5 2 4)
    Send to player 1 [name: WJZB] infomation : (0 6 1 6 2)
Step 60:
    Send to player 1 [name: WJZB] a signal: ACTION
    Receive message form player 1 [name: WJZB]: 1 5 R
    Transform message form [number: 1] [name: WJZB]: 7 1 L
    Correct move!
    Player 1 [name WJZB] choose (7,1) move to (7 0)
    Send to player 0 [name: r@nd0m] infomation : (1 7 1 7 0)
    Send to player 1 [name: WJZB] infomation : (1 1 5 1 6)
Step 61:
    Send to player 0 [name: r@nd0m] a signal: ACTION
    Receive message form player 0 [name: r@nd0m]: 1 5 L
    Transform message form [number: 0] [name: r@nd0m]: 1 5 L
    Correct move!
    Player 0 [name r@nd0m] choose (1,5) move to (1 4)
    Send to player 0 [name: r@nd0m] infomation : (0 1 5 1 4)
    Send to player 1 [name: WJZB] infomation : (0 7 1 7 2)
Step 62:
    Send to player 1 [name: WJZB] a signal: ACTION
    Receive message form player 1 [name: WJZB]: 1 6 L
    Transform message form [number: 1] [name: WJZB]: 7 0 R
    Correct move!
    Player 1 [name WJZB] choose (7,0) move to (7 1)
    Send to player 0 [name: r@nd0m] infomation : (1 7 0 7 1)
    Send to player 1 [name: WJZB] infomation : (1 1 6 1 5)
Step 63:
    Send to player 0 [name: r@nd0m] a signal: ACTION
    Receive message form player 0 [name: r@nd0m]: 1 2 U
    Transform message form [number: 0] [name: r@nd0m]: 1 2 U
    Correct move!
    Player 0 [name r@nd0m] choose (1,2) move to (2 2)
    Send to player 0 [name: r@nd0m] infomation : (0 1 2 2 2)
    Send to player 1 [name: WJZB] infomation : (0 7 4 6 4)
Step 64:
    Send to player 1 [name: WJZB] a signal: ACTION
    Receive message form player 1 [name: WJZB]: 1 5 R
    Transform message form [number: 1] [name: WJZB]: 7 1 L
    Correct move!
    Player 1 [name WJZB] choose (7,1) move to (7 0)
    Send to player 0 [name: r@nd0m] infomation : (1 7 1 7 0)
    Send to player 1 [name: WJZB] infomation : (1 1 5 1 6)
Step 65:
    Send to player 0 [name: r@nd0m] a signal: ACTION
    Receive message form player 0 [name: r@nd0m]: 2 2 U
    Transform message form [number: 0] [name: r@nd0m]: 2 2 U
    Correct move!
    Player 0 [name r@nd0m] choose (2,2) move to (6 2)
    Send to player 0 [name: r@nd0m] infomation : (0 2 2 6 2)
    Send to player 1 [name: WJZB] infomation : (0 6 4 2 4)
Step 66:
    Send to player 1 [name: WJZB] a signal: ACTION
    Receive message form player 1 [name: WJZB]: 1 6 L
    Transform message form [number: 1] [name: WJZB]: 7 0 R
    Correct move!
    Player 1 [name WJZB] choose (7,0) move to (7 1)
    Send to player 0 [name: r@nd0m] infomation : (1 7 0 7 1)
    Send to player 1 [name: WJZB] infomation : (1 1 6 1 5)
Step 67:
    Send to player 0 [name: r@nd0m] a signal: ACTION
    Receive message form player 0 [name: r@nd0m]: 6 2 R
    Transform message form [number: 0] [name: r@nd0m]: 6 2 R
    Correct move!
    Player 0 [name r@nd0m] choose (6,2) move to (6 3)
    Send to player 0 [name: r@nd0m] infomation : (0 6 2 6 3)
    Send to player 1 [name: WJZB] infomation : (0 2 4 2 3)
Step 68:
    Send to player 1 [name: WJZB] a signal: ACTION
    Receive message form player 1 [name: WJZB]: 1 5 R
    Transform message form [number: 1] [name: WJZB]: 7 1 L
    Correct move!
    Player 1 [name WJZB] choose (7,1) move to (7 0)
    Send to player 0 [name: r@nd0m] infomation : (1 7 1 7 0)
    Send to player 1 [name: WJZB] infomation : (1 1 5 1 6)
Step 69:
    Send to player 0 [name: r@nd0m] a signal: ACTION
    Receive message form player 0 [name: r@nd0m]: 6 3 U
    Transform message form [number: 0] [name: r@nd0m]: 6 3 U
    Correct move!
    Player 0 [name r@nd0m] choose (6,3) move to (7 3)
    Send to player 0 [name: r@nd0m] infomation : (0 6 3 7 3)
    Send to player 1 [name: WJZB] infomation : (0 2 3 1 3)
Step 70:
    Send to player 1 [name: WJZB] a signal: ACTION
    Receive message form player 1 [name: WJZB]: 1 6 U
    Transform message form [number: 1] [name: WJZB]: 7 0 D
    Correct move!
    Player 1 [name WJZB] choose (7,0) move to (6 0)
    Send to player 0 [name: r@nd0m] infomation : (1 7 0 6 0)
    Send to player 1 [name: WJZB] infomation : (1 1 6 2 6)
Step 71:
    Send to player 0 [name: r@nd0m] a signal: ACTION
    Receive message form player 0 [name: r@nd0m]: 7 3 U
    Transform message form [number: 0] [name: r@nd0m]: 7 3 U
    Correct move!
    Player 0 [name r@nd0m] choose (7,3) move to (8 3)
    Send to player 0 [name: r@nd0m] infomation : (0 7 3 8 3)
    Send to player 1 [name: WJZB] infomation : (0 1 3 0 3)
    The Player 0 (name r@nd0m) win the game
Closing connections:
    Player 0 [name: r@nd0m] connection closed succueefully
    Player 1 [name: WJZB] connection closed succueefully
Total Steps: 71
End!
