Initialization:
    Waiting to connect ...
    AI0: CICI from 127.0.0.1 connected
    AI1: Leqsott from 127.0.0.1 connected
    Leqsott is the first player
    CICI is the second player
Step 1:
    Send to player 1 [name: Leqsott] a signal: ACTION
    Receive message form player 1 [name: Leqsott]: 2 2 D
    Transform message form [number: 1] [name: Leqsott]: 6 4 U
    Correct move!
    Player 1 [name Leqsott] choose (6,4) move to (7 4)
    Send to player 0 [name: CICI] infomation : (1 6 4 7 4)
    Send to player 1 [name: Leqsott] infomation : (1 2 2 1 2)
Step 2:
    Send to player 0 [name: CICI] a signal: ACTION
    Receive message form player 0 [name: CICI]: 2 0 D
    Transform message form [number: 0] [name: CICI]: 2 0 D
    Correct move!
    Player 0 [name CICI] choose (2,0) move to (1 0)
    Send to player 0 [name: CICI] infomation : (0 2 0 1 0)
    Send to player 1 [name: Leqsott] infomation : (0 6 6 7 6)
Step 3:
    Send to player 1 [name: Leqsott] a signal: ACTION
    Receive message form player 1 [name: Leqsott]: 2 4 D
    Transform message form [number: 1] [name: Leqsott]: 6 2 U
    Correct move!
    Player 1 [name Leqsott] choose (6,2) move to (7 2)
    Send to player 0 [name: CICI] infomation : (1 6 2 7 2)
    Send to player 1 [name: Leqsott] infomation : (1 2 4 1 4)
Step 4:
    Send to player 0 [name: CICI] a signal: ACTION
    Receive message form player 0 [name: CICI]: 1 1 R
    Transform message form [number: 0] [name: CICI]: 1 1 R
    Correct move!
    Player 0 [name CICI] choose (1,1) move to (1 2)
    Send to player 0 [name: CICI] infomation : (0 1 1 1 2)
    Send to player 1 [name: Leqsott] infomation : (0 7 5 7 4)
Step 5:
    Send to player 1 [name: Leqsott] a signal: ACTION
    Receive message form player 1 [name: Leqsott]: 1 1 D
    Transform message form [number: 1] [name: Leqsott]: 7 5 U
    Correct move!
    Player 1 [name Leqsott] choose (7,5) move to (8 5)
    Send to player 0 [name: CICI] infomation : (1 7 5 8 5)
    Send to player 1 [name: Leqsott] infomation : (1 1 1 0 1)
Step 6:
    Send to player 0 [name: CICI] a signal: ACTION
    Receive message form player 0 [name: CICI]: 1 5 L
    Transform message form [number: 0] [name: CICI]: 1 5 L
    Correct move!
    Player 0 [name CICI] choose (1,5) move to (1 4)
    Send to player 0 [name: CICI] infomation : (0 1 5 1 4)
    Send to player 1 [name: Leqsott] infomation : (0 7 1 7 2)
Step 7:
    Send to player 1 [name: Leqsott] a signal: ACTION
    Receive message form player 1 [name: Leqsott]: 1 5 D
    Transform message form [number: 1] [name: Leqsott]: 7 1 U
    Correct move!
    Player 1 [name Leqsott] choose (7,1) move to (8 1)
    Send to player 0 [name: CICI] infomation : (1 7 1 8 1)
    Send to player 1 [name: Leqsott] infomation : (1 1 5 0 5)
Step 8:
    Send to player 0 [name: CICI] a signal: ACTION
    Receive message form player 0 [name: CICI]: 1 0 R
    Transform message form [number: 0] [name: CICI]: 1 0 R
    Correct move!
    Player 0 [name CICI] choose (1,0) move to (1 1)
    Send to player 0 [name: CICI] infomation : (0 1 0 1 1)
    Send to player 1 [name: Leqsott] infomation : (0 7 6 7 5)
Step 9:
    Send to player 1 [name: Leqsott] a signal: ACTION
    Receive message form player 1 [name: Leqsott]: 2 6 L
    Transform message form [number: 1] [name: Leqsott]: 6 0 R
    Correct move!
    Player 1 [name Leqsott] choose (6,0) move to (6 1)
    Send to player 0 [name: CICI] infomation : (1 6 0 6 1)
    Send to player 1 [name: Leqsott] infomation : (1 2 6 2 5)
Step 10:
    Send to player 0 [name: CICI] a signal: ACTION
    Receive message form player 0 [name: CICI]: 1 2 D
    Transform message form [number: 0] [name: CICI]: 1 2 D
    Correct move!
    Player 0 [name CICI] choose (1,2) move to (0 2)
    Send to player 0 [name: CICI] infomation : (0 1 2 0 2)
    Send to player 1 [name: Leqsott] infomation : (0 7 4 8 4)
Step 11:
    Send to player 1 [name: Leqsott] a signal: ACTION
    Receive message form player 1 [name: Leqsott]: 2 0 R
    Transform message form [number: 1] [name: Leqsott]: 6 6 L
    Correct move!
    Player 1 [name Leqsott] choose (6,6) move to (6 5)
    Send to player 0 [name: CICI] infomation : (1 6 6 6 5)
    Send to player 1 [name: Leqsott] infomation : (1 2 0 2 1)
Step 12:
    Send to player 0 [name: CICI] a signal: ACTION
    Receive message form player 0 [name: CICI]: 1 1 R
    Transform message form [number: 0] [name: CICI]: 1 1 R
    Correct move!
    Player 0 [name CICI] choose (1,1) move to (1 2)
    Send to player 0 [name: CICI] infomation : (0 1 1 1 2)
    Send to player 1 [name: Leqsott] infomation : (0 7 5 7 4)
Step 13:
    Send to player 1 [name: Leqsott] a signal: ACTION
    Receive message form player 1 [name: Leqsott]: 2 1 R
    Transform message form [number: 1] [name: Leqsott]: 6 5 L
    Correct move!
    Player 1 [name Leqsott] choose (6,5) move to (6 4)
    Send to player 0 [name: CICI] infomation : (1 6 5 6 4)
    Send to player 1 [name: Leqsott] infomation : (1 2 1 2 2)
Step 14:
    Send to player 0 [name: CICI] a signal: ACTION
    Receive message form player 0 [name: CICI]: 1 2 R
    Transform message form [number: 0] [name: CICI]: 1 2 R
    Correct move!
    Player 0 [name CICI] choose (1,2) move to (1 3)
    Send to player 0 [name: CICI] infomation : (0 1 2 1 3)
    Send to player 1 [name: Leqsott] infomation : (0 7 4 7 3)
Step 15:
    Send to player 1 [name: Leqsott] a signal: ACTION
    Receive message form player 1 [name: Leqsott]: 2 2 R
    Transform message form [number: 1] [name: Leqsott]: 6 4 L
    Correct move!
    Player 1 [name Leqsott] choose (6,4) move to (6 3)
    Send to player 0 [name: CICI] infomation : (1 6 4 6 3)
    Send to player 1 [name: Leqsott] infomation : (1 2 2 2 3)
Step 16:
    Send to player 0 [name: CICI] a signal: ACTION
    Receive message form player 0 [name: CICI]: 1 4 D
    Transform message form [number: 0] [name: CICI]: 1 4 D
    Correct move!
    Player 0 [name CICI] choose (1,4) move to (0 4)
    Send to player 0 [name: CICI] infomation : (0 1 4 0 4)
    Send to player 1 [name: Leqsott] infomation : (0 7 2 8 2)
Step 17:
    Send to player 1 [name: Leqsott] a signal: ACTION
    Receive message form player 1 [name: Leqsott]: 2 3 U
    Transform message form [number: 1] [name: Leqsott]: 6 3 D
    Correct move!
    Player 1 [name Leqsott] choose (6,3) move to (5 3)
    Send to player 0 [name: CICI] infomation : (1 6 3 5 3)
    Send to player 1 [name: Leqsott] infomation : (1 2 3 3 3)
Step 18:
    Send to player 0 [name: CICI] a signal: ACTION
    Receive message form player 0 [name: CICI]: 0 6 L
    Transform message form [number: 0] [name: CICI]: 0 6 L
    Correct move!
    Player 0 [name CICI] choose (0,6) move to (0 5)
    Send to player 0 [name: CICI] infomation : (0 0 6 0 5)
    Send to player 1 [name: Leqsott] infomation : (0 8 0 8 1)
Step 19:
    Send to player 1 [name: Leqsott] a signal: ACTION
    Receive message form player 1 [name: Leqsott]: 3 3 U
    Transform message form [number: 1] [name: Leqsott]: 5 3 D
    Correct move!
    Player 1 [name Leqsott] choose (5,3) move to (4 3)
    Send to player 0 [name: CICI] infomation : (1 5 3 4 3)
    Send to player 1 [name: Leqsott] infomation : (1 3 3 4 3)
Step 20:
    Send to player 0 [name: CICI] a signal: ACTION
    Receive message form player 0 [name: CICI]: 0 5 U
    Transform message form [number: 0] [name: CICI]: 0 5 U
    Correct move!
    Player 0 [name CICI] choose (0,5) move to (1 5)
    Send to player 0 [name: CICI] infomation : (0 0 5 1 5)
    Send to player 1 [name: Leqsott] infomation : (0 8 1 7 1)
Step 21:
    Send to player 1 [name: Leqsott] a signal: ACTION
    Receive message form player 1 [name: Leqsott]: 4 3 U
    Transform message form [number: 1] [name: Leqsott]: 4 3 D
    Correct move!
    Player 1 [name Leqsott] choose (4,3) move to (3 3)
    Send to player 0 [name: CICI] infomation : (1 4 3 3 3)
    Send to player 1 [name: Leqsott] infomation : (1 4 3 5 3)
Step 22:
    Send to player 0 [name: CICI] a signal: ACTION
    Receive message form player 0 [name: CICI]: 1 5 U
    Transform message form [number: 0] [name: CICI]: 1 5 U
    Correct move!
    Player 0 [name CICI] choose (1,5) move to (2 5)
    Send to player 0 [name: CICI] infomation : (0 1 5 2 5)
    Send to player 1 [name: Leqsott] infomation : (0 7 1 6 1)
Step 23:
    Send to player 1 [name: Leqsott] a signal: ACTION
    Receive message form player 1 [name: Leqsott]: 2 5 L
    Transform message form [number: 1] [name: Leqsott]: 6 1 R
    Correct move!
    Player 1 [name Leqsott] choose (6,1) move to (6 2)
    Send to player 0 [name: CICI] infomation : (1 6 1 6 2)
    Send to player 1 [name: Leqsott] infomation : (1 2 5 2 4)
Step 24:
    Send to player 0 [name: CICI] a signal: ACTION
    Receive message form player 0 [name: CICI]: 2 5 U
    Transform message form [number: 0] [name: CICI]: 2 5 U
    Correct move!
    Player 0 [name CICI] choose (2,5) move to (6 5)
    Send to player 0 [name: CICI] infomation : (0 2 5 6 5)
    Send to player 1 [name: Leqsott] infomation : (0 6 1 2 1)
Step 25:
    Send to player 1 [name: Leqsott] a signal: ACTION
    Receive message form player 1 [name: Leqsott]: 0 0 U
    Transform message form [number: 1] [name: Leqsott]: 8 6 D
    Correct move!
    Player 1 [name Leqsott] choose (8,6) move to (7 6)
    Send to player 0 [name: CICI] infomation : (1 8 6 7 6)
    Send to player 1 [name: Leqsott] infomation : (1 0 0 1 0)
Step 26:
    Send to player 0 [name: CICI] a signal: ACTION
    Receive message form player 0 [name: CICI]: 6 5 U
    Transform message form [number: 0] [name: CICI]: 6 5 U
    Correct move!
    Player 0 [name CICI] choose (6,5) move to (7 5)
    Send to player 0 [name: CICI] infomation : (0 6 5 7 5)
    Send to player 1 [name: Leqsott] infomation : (0 2 1 1 1)
Step 27:
    Send to player 1 [name: Leqsott] a signal: ACTION
    Receive message form player 1 [name: Leqsott]: 0 6 U
    Transform message form [number: 1] [name: Leqsott]: 8 0 D
    Correct move!
    Player 1 [name Leqsott] choose (8,0) move to (7 0)
    Send to player 0 [name: CICI] infomation : (1 8 0 7 0)
    Send to player 1 [name: Leqsott] infomation : (1 0 6 1 6)
Step 28:
    Send to player 0 [name: CICI] a signal: ACTION
    Receive message form player 0 [name: CICI]: 7 5 L
    Transform message form [number: 0] [name: CICI]: 7 5 L
    Correct move!
    Player 0 [name CICI] choose (7,5) move to (7 4)
    Send to player 0 [name: CICI] infomation : (0 7 5 7 4)
    Send to player 1 [name: Leqsott] infomation : (0 1 1 1 2)
Step 29:
    Send to player 1 [name: Leqsott] a signal: ACTION
    Receive message form player 1 [name: Leqsott]: 1 0 R
    Transform message form [number: 1] [name: Leqsott]: 7 6 L
    Correct move!
    Player 1 [name Leqsott] choose (7,6) move to (7 5)
    Send to player 0 [name: CICI] infomation : (1 7 6 7 5)
    Send to player 1 [name: Leqsott] infomation : (1 1 0 1 1)
Step 30:
    Send to player 0 [name: CICI] a signal: ACTION
    Receive message form player 0 [name: CICI]: 7 4 R
    Transform message form [number: 0] [name: CICI]: 7 4 R
    Correct move!
    Player 0 [name CICI] choose (7,4) move to (7 5)
    Send to player 0 [name: CICI] infomation : (0 7 4 7 5)
    Send to player 1 [name: Leqsott] infomation : (0 1 2 1 1)
Step 31:
    Send to player 1 [name: Leqsott] a signal: ACTION
    Receive message form player 1 [name: Leqsott]: 1 6 L
    Transform message form [number: 1] [name: Leqsott]: 7 0 R
    Correct move!
    Player 1 [name Leqsott] choose (7,0) move to (7 1)
    Send to player 0 [name: CICI] infomation : (1 7 0 7 1)
    Send to player 1 [name: Leqsott] infomation : (1 1 6 1 5)
Step 32:
    Send to player 0 [name: CICI] a signal: ACTION
    Receive message form player 0 [name: CICI]: 7 5 U
    Transform message form [number: 0] [name: CICI]: 7 5 U
    Correct move!
    Player 0 [name CICI] choose (7,5) move to (8 5)
    Send to player 0 [name: CICI] infomation : (0 7 5 8 5)
    Send to player 1 [name: Leqsott] infomation : (0 1 1 0 1)
Step 33:
    Send to player 1 [name: Leqsott] a signal: ACTION
    Receive message form player 1 [name: Leqsott]: 1 5 R
    Transform message form [number: 1] [name: Leqsott]: 7 1 L
    Correct move!
    Player 1 [name Leqsott] choose (7,1) move to (7 0)
    Send to player 0 [name: CICI] infomation : (1 7 1 7 0)
    Send to player 1 [name: Leqsott] infomation : (1 1 5 1 6)
Step 34:
    Send to player 0 [name: CICI] a signal: ACTION
    Receive message form player 0 [name: CICI]: 8 5 L
    Transform message form [number: 0] [name: CICI]: 8 5 L
    Correct move!
    Player 0 [name CICI] choose (8,5) move to (8 4)
    Send to player 0 [name: CICI] infomation : (0 8 5 8 4)
    Send to player 1 [name: Leqsott] infomation : (0 0 1 0 2)
Step 35:
    Send to player 1 [name: Leqsott] a signal: ACTION
    Receive message form player 1 [name: Leqsott]: 0 5 L
    Transform message form [number: 1] [name: Leqsott]: 8 1 R
    Correct move!
    Player 1 [name Leqsott] choose (8,1) move to (8 2)
    Send to player 0 [name: CICI] infomation : (1 8 1 8 2)
    Send to player 1 [name: Leqsott] infomation : (1 0 5 0 4)
Step 36:
    Send to player 0 [name: CICI] a signal: ACTION
    Receive message form player 0 [name: CICI]: 8 4 L
    Transform message form [number: 0] [name: CICI]: 8 4 L
    Correct move!
    Player 0 [name CICI] choose (8,4) move to (8 3)
    Send to player 0 [name: CICI] infomation : (0 8 4 8 3)
    Send to player 1 [name: Leqsott] infomation : (0 0 2 0 3)
    The Player 0 (name CICI) win the game
Closing connections:
    Player 0 [name: CICI] connection closed succueefully
    Player 1 [name: Leqsott] connection closed succueefully
Total Steps: 36
End!
