Initialization:
    Waiting to connect ...
    AI0: JammeSherry from 127.0.0.1 connected
    AI1: WAIT17 - 4 from 127.0.0.1 connected
    JammeSherry is the first player
    WAIT17 - 4 is the second player
Step 1:
    Send to player 0 [name: JammeSherry] a signal: ACTION
    Receive message form player 0 [name: JammeSherry]: 1 5 L
    Transform message form [number: 0] [name: JammeSherry]: 1 5 L
    Correct move!
    Player 0 [name JammeSherry] choose (1,5) move to (1 4)
    Send to player 0 [name: JammeSherry] infomation : (0 1 5 1 4)
    Send to player 1 [name: WAIT17 - 4] infomation : (0 7 1 7 2)
Step 2:
    Send to player 1 [name: WAIT17 - 4] a signal: ACTION
    Receive message form player 1 [name: WAIT17 - 4]: 0 0 U
    Transform message form [number: 1] [name: WAIT17 - 4]: 8 6 D
    Correct move!
    Player 1 [name WAIT17 - 4] choose (8,6) move to (7 6)
    Send to player 0 [name: JammeSherry] infomation : (1 8 6 7 6)
    Send to player 1 [name: WAIT17 - 4] infomation : (1 0 0 1 0)
Step 3:
    Send to player 0 [name: JammeSherry] a signal: ACTION
    Receive message form player 0 [name: JammeSherry]: 1 1 D
    Transform message form [number: 0] [name: JammeSherry]: 1 1 D
    Correct move!
    Player 0 [name JammeSherry] choose (1,1) move to (0 1)
    Send to player 0 [name: JammeSherry] infomation : (0 1 1 0 1)
    Send to player 1 [name: WAIT17 - 4] infomation : (0 7 5 8 5)
Step 4:
    Send to player 1 [name: WAIT17 - 4] a signal: ACTION
    Receive message form player 1 [name: WAIT17 - 4]: 2 0 R
    Transform message form [number: 1] [name: WAIT17 - 4]: 6 6 L
    Correct move!
    Player 1 [name WAIT17 - 4] choose (6,6) move to (6 5)
    Send to player 0 [name: JammeSherry] infomation : (1 6 6 6 5)
    Send to player 1 [name: WAIT17 - 4] infomation : (1 2 0 2 1)
Step 5:
    Send to player 0 [name: JammeSherry] a signal: ACTION
    Receive message form player 0 [name: JammeSherry]: 2 0 R
    Transform message form [number: 0] [name: JammeSherry]: 2 0 R
    Correct move!
    Player 0 [name JammeSherry] choose (2,0) move to (2 1)
    Send to player 0 [name: JammeSherry] infomation : (0 2 0 2 1)
    Send to player 1 [name: WAIT17 - 4] infomation : (0 6 6 6 5)
Step 6:
    Send to player 1 [name: WAIT17 - 4] a signal: ACTION
    Receive message form player 1 [name: WAIT17 - 4]: 1 0 U
    Transform message form [number: 1] [name: WAIT17 - 4]: 7 6 D
    Correct move!
    Player 1 [name WAIT17 - 4] choose (7,6) move to (6 6)
    Send to player 0 [name: JammeSherry] infomation : (1 7 6 6 6)
    Send to player 1 [name: WAIT17 - 4] infomation : (1 1 0 2 0)
Step 7:
    Send to player 0 [name: JammeSherry] a signal: ACTION
    Receive message form player 0 [name: JammeSherry]: 2 1 D
    Transform message form [number: 0] [name: JammeSherry]: 2 1 D
    Correct move!
    Player 0 [name JammeSherry] choose (2,1) move to (1 1)
    Send to player 0 [name: JammeSherry] infomation : (0 2 1 1 1)
    Send to player 1 [name: WAIT17 - 4] infomation : (0 6 5 7 5)
Step 8:
    Send to player 1 [name: WAIT17 - 4] a signal: ACTION
    Receive message form player 1 [name: WAIT17 - 4]: 2 0 U
    Transform message form [number: 1] [name: WAIT17 - 4]: 6 6 D
    Correct move!
    Player 1 [name WAIT17 - 4] choose (6,6) move to (5 6)
    Send to player 0 [name: JammeSherry] infomation : (1 6 6 5 6)
    Send to player 1 [name: WAIT17 - 4] infomation : (1 2 0 3 0)
Step 9:
    Send to player 0 [name: JammeSherry] a signal: ACTION
    Receive message form player 0 [name: JammeSherry]: 1 1 R
    Transform message form [number: 0] [name: JammeSherry]: 1 1 R
    Correct move!
    Player 0 [name JammeSherry] choose (1,1) move to (1 2)
    Send to player 0 [name: JammeSherry] infomation : (0 1 1 1 2)
    Send to player 1 [name: WAIT17 - 4] infomation : (0 7 5 7 4)
Step 10:
    Send to player 1 [name: WAIT17 - 4] a signal: ACTION
    Receive message form player 1 [name: WAIT17 - 4]: 3 0 U
    Transform message form [number: 1] [name: WAIT17 - 4]: 5 6 D
    Correct move!
    Player 1 [name WAIT17 - 4] choose (5,6) move to (4 6)
    Send to player 0 [name: JammeSherry] infomation : (1 5 6 4 6)
    Send to player 1 [name: WAIT17 - 4] infomation : (1 3 0 4 0)
Step 11:
    Send to player 0 [name: JammeSherry] a signal: ACTION
    Receive message form player 0 [name: JammeSherry]: 1 2 R
    Transform message form [number: 0] [name: JammeSherry]: 1 2 R
    Correct move!
    Player 0 [name JammeSherry] choose (1,2) move to (1 3)
    Send to player 0 [name: JammeSherry] infomation : (0 1 2 1 3)
    Send to player 1 [name: WAIT17 - 4] infomation : (0 7 4 7 3)
Step 12:
    Send to player 1 [name: WAIT17 - 4] a signal: ACTION
    Receive message form player 1 [name: WAIT17 - 4]: 4 0 U
    Transform message form [number: 1] [name: WAIT17 - 4]: 4 6 D
    Correct move!
    Player 1 [name WAIT17 - 4] choose (4,6) move to (3 6)
    Send to player 0 [name: JammeSherry] infomation : (1 4 6 3 6)
    Send to player 1 [name: WAIT17 - 4] infomation : (1 4 0 5 0)
Step 13:
    Send to player 0 [name: JammeSherry] a signal: ACTION
    Receive message form player 0 [name: JammeSherry]: 2 6 L
    Transform message form [number: 0] [name: JammeSherry]: 2 6 L
    Correct move!
    Player 0 [name JammeSherry] choose (2,6) move to (2 5)
    Send to player 0 [name: JammeSherry] infomation : (0 2 6 2 5)
    Send to player 1 [name: WAIT17 - 4] infomation : (0 6 0 6 1)
Step 14:
    Send to player 1 [name: WAIT17 - 4] a signal: ACTION
    Receive message form player 1 [name: WAIT17 - 4]: 5 0 U
    Transform message form [number: 1] [name: WAIT17 - 4]: 3 6 D
    Correct move!
    Player 1 [name WAIT17 - 4] choose (3,6) move to (2 6)
    Send to player 0 [name: JammeSherry] infomation : (1 3 6 2 6)
    Send to player 1 [name: WAIT17 - 4] infomation : (1 5 0 6 0)
Step 15:
    Send to player 0 [name: JammeSherry] a signal: ACTION
    Receive message form player 0 [name: JammeSherry]: 2 5 U
    Transform message form [number: 0] [name: JammeSherry]: 2 5 U
    Correct move!
    Player 0 [name JammeSherry] choose (2,5) move to (3 5)
    Send to player 0 [name: JammeSherry] infomation : (0 2 5 3 5)
    Send to player 1 [name: WAIT17 - 4] infomation : (0 6 1 5 1)
Step 16:
    Send to player 1 [name: WAIT17 - 4] a signal: ACTION
    Receive message form player 1 [name: WAIT17 - 4]: 6 0 D
    Transform message form [number: 1] [name: WAIT17 - 4]: 2 6 U
    Correct move!
    Player 1 [name WAIT17 - 4] choose (2,6) move to (3 6)
    Send to player 0 [name: JammeSherry] infomation : (1 2 6 3 6)
    Send to player 1 [name: WAIT17 - 4] infomation : (1 6 0 5 0)
Step 17:
    Send to player 0 [name: JammeSherry] a signal: ACTION
    Receive message form player 0 [name: JammeSherry]: 3 5 U
    Transform message form [number: 0] [name: JammeSherry]: 3 5 U
    Correct move!
    Player 0 [name JammeSherry] choose (3,5) move to (4 5)
    Send to player 0 [name: JammeSherry] infomation : (0 3 5 4 5)
    Send to player 1 [name: WAIT17 - 4] infomation : (0 5 1 4 1)
Step 18:
    Send to player 1 [name: WAIT17 - 4] a signal: ACTION
    Receive message form player 1 [name: WAIT17 - 4]: 5 0 D
    Transform message form [number: 1] [name: WAIT17 - 4]: 3 6 U
    Correct move!
    Player 1 [name WAIT17 - 4] choose (3,6) move to (4 6)
    Send to player 0 [name: JammeSherry] infomation : (1 3 6 4 6)
    Send to player 1 [name: WAIT17 - 4] infomation : (1 5 0 4 0)
Step 19:
    Send to player 0 [name: JammeSherry] a signal: ACTION
    Receive message form player 0 [name: JammeSherry]: 0 6 U
    Transform message form [number: 0] [name: JammeSherry]: 0 6 U
    Correct move!
    Player 0 [name JammeSherry] choose (0,6) move to (1 6)
    Send to player 0 [name: JammeSherry] infomation : (0 0 6 1 6)
    Send to player 1 [name: WAIT17 - 4] infomation : (0 8 0 7 0)
Step 20:
    Send to player 1 [name: WAIT17 - 4] a signal: ACTION
    Receive message form player 1 [name: WAIT17 - 4]: 0 6 U
    Transform message form [number: 1] [name: WAIT17 - 4]: 8 0 D
    Correct move!
    Player 1 [name WAIT17 - 4] choose (8,0) move to (7 0)
    Send to player 0 [name: JammeSherry] infomation : (1 8 0 7 0)
    Send to player 1 [name: WAIT17 - 4] infomation : (1 0 6 1 6)
Step 21:
    Send to player 0 [name: JammeSherry] a signal: ACTION
    Receive message form player 0 [name: JammeSherry]: 1 6 U
    Transform message form [number: 0] [name: JammeSherry]: 1 6 U
    Correct move!
    Player 0 [name JammeSherry] choose (1,6) move to (2 6)
    Send to player 0 [name: JammeSherry] infomation : (0 1 6 2 6)
    Send to player 1 [name: WAIT17 - 4] infomation : (0 7 0 6 0)
Step 22:
    Send to player 1 [name: WAIT17 - 4] a signal: ACTION
    Receive message form player 1 [name: WAIT17 - 4]: 2 1 L
    Transform message form [number: 1] [name: WAIT17 - 4]: 6 5 R
    Correct move!
    Player 1 [name WAIT17 - 4] choose (6,5) move to (6 6)
    Send to player 0 [name: JammeSherry] infomation : (1 6 5 6 6)
    Send to player 1 [name: WAIT17 - 4] infomation : (1 2 1 2 0)
Step 23:
    Send to player 0 [name: JammeSherry] a signal: ACTION
    Receive message form player 0 [name: JammeSherry]: 0 0 U
    Transform message form [number: 0] [name: JammeSherry]: 0 0 U
    Correct move!
    Player 0 [name JammeSherry] choose (0,0) move to (1 0)
    Send to player 0 [name: JammeSherry] infomation : (0 0 0 1 0)
    Send to player 1 [name: WAIT17 - 4] infomation : (0 8 6 7 6)
Step 24:
    Send to player 1 [name: WAIT17 - 4] a signal: ACTION
    Receive message form player 1 [name: WAIT17 - 4]: 2 0 D
    Transform message form [number: 1] [name: WAIT17 - 4]: 6 6 U
    Correct move!
    Player 1 [name WAIT17 - 4] choose (6,6) move to (7 6)
    Send to player 0 [name: JammeSherry] infomation : (1 6 6 7 6)
    Send to player 1 [name: WAIT17 - 4] infomation : (1 2 0 1 0)
Step 25:
    Send to player 0 [name: JammeSherry] a signal: ACTION
    Receive message form player 0 [name: JammeSherry]: 2 6 U
    Transform message form [number: 0] [name: JammeSherry]: 2 6 U
    Correct move!
    Player 0 [name JammeSherry] choose (2,6) move to (3 6)
    Send to player 0 [name: JammeSherry] infomation : (0 2 6 3 6)
    Send to player 1 [name: WAIT17 - 4] infomation : (0 6 0 5 0)
Step 26:
    Send to player 1 [name: WAIT17 - 4] a signal: ACTION
    Receive message form player 1 [name: WAIT17 - 4]: 1 1 D
    Transform message form [number: 1] [name: WAIT17 - 4]: 7 5 U
    Correct move!
    Player 1 [name WAIT17 - 4] choose (7,5) move to (8 5)
    Send to player 0 [name: JammeSherry] infomation : (1 7 5 8 5)
    Send to player 1 [name: WAIT17 - 4] infomation : (1 1 1 0 1)
Step 27:
    Send to player 0 [name: JammeSherry] a signal: ACTION
    Receive message form player 0 [name: JammeSherry]: 1 0 U
    Transform message form [number: 0] [name: JammeSherry]: 1 0 U
    Correct move!
    Player 0 [name JammeSherry] choose (1,0) move to (2 0)
    Send to player 0 [name: JammeSherry] infomation : (0 1 0 2 0)
    Send to player 1 [name: WAIT17 - 4] infomation : (0 7 6 6 6)
Step 28:
    Send to player 1 [name: WAIT17 - 4] a signal: ACTION
    Receive message form player 1 [name: WAIT17 - 4]: 1 0 D
    Transform message form [number: 1] [name: WAIT17 - 4]: 7 6 U
    Correct move!
    Player 1 [name WAIT17 - 4] choose (7,6) move to (8 6)
    Send to player 0 [name: JammeSherry] infomation : (1 7 6 8 6)
    Send to player 1 [name: WAIT17 - 4] infomation : (1 1 0 0 0)
Step 29:
    Send to player 0 [name: JammeSherry] a signal: ACTION
    Receive message form player 0 [name: JammeSherry]: 3 6 U
    Transform message form [number: 0] [name: JammeSherry]: 3 6 U
    Correct move!
    Player 0 [name JammeSherry] choose (3,6) move to (4 6)
    Send to player 0 [name: JammeSherry] infomation : (0 3 6 4 6)
    Send to player 1 [name: WAIT17 - 4] infomation : (0 5 0 4 0)
Step 30:
    Send to player 1 [name: WAIT17 - 4] a signal: ACTION
    Receive message form player 1 [name: WAIT17 - 4]: 0 1 R
    Transform message form [number: 1] [name: WAIT17 - 4]: 8 5 L
    Correct move!
    Player 1 [name WAIT17 - 4] choose (8,5) move to (8 4)
    Send to player 0 [name: JammeSherry] infomation : (1 8 5 8 4)
    Send to player 1 [name: WAIT17 - 4] infomation : (1 0 1 0 2)
Step 31:
    Send to player 0 [name: JammeSherry] a signal: ACTION
    Receive message form player 0 [name: JammeSherry]: 2 0 U
    Transform message form [number: 0] [name: JammeSherry]: 2 0 U
    Correct move!
    Player 0 [name JammeSherry] choose (2,0) move to (3 0)
    Send to player 0 [name: JammeSherry] infomation : (0 2 0 3 0)
    Send to player 1 [name: WAIT17 - 4] infomation : (0 6 6 5 6)
Step 32:
    Send to player 1 [name: WAIT17 - 4] a signal: ACTION
    Receive message form player 1 [name: WAIT17 - 4]: 1 5 D
    Transform message form [number: 1] [name: WAIT17 - 4]: 7 1 U
    Correct move!
    Player 1 [name WAIT17 - 4] choose (7,1) move to (8 1)
    Send to player 0 [name: JammeSherry] infomation : (1 7 1 8 1)
    Send to player 1 [name: WAIT17 - 4] infomation : (1 1 5 0 5)
Step 33:
    Send to player 0 [name: JammeSherry] a signal: ACTION
    Receive message form player 0 [name: JammeSherry]: 4 5 U
    Transform message form [number: 0] [name: JammeSherry]: 4 5 U
    Correct move!
    Player 0 [name JammeSherry] choose (4,5) move to (5 5)
    Send to player 0 [name: JammeSherry] infomation : (0 4 5 5 5)
    Send to player 1 [name: WAIT17 - 4] infomation : (0 4 1 3 1)
Step 34:
    Send to player 1 [name: WAIT17 - 4] a signal: ACTION
    Receive message form player 1 [name: WAIT17 - 4]: 2 6 L
    Transform message form [number: 1] [name: WAIT17 - 4]: 6 0 R
    Correct move!
    Player 1 [name WAIT17 - 4] choose (6,0) move to (6 1)
    Send to player 0 [name: JammeSherry] infomation : (1 6 0 6 1)
    Send to player 1 [name: WAIT17 - 4] infomation : (1 2 6 2 5)
Step 35:
    Send to player 0 [name: JammeSherry] a signal: ACTION
    Receive message form player 0 [name: JammeSherry]: 5 5 L
    Transform message form [number: 0] [name: JammeSherry]: 5 5 L
    Correct move!
    Player 0 [name JammeSherry] choose (5,5) move to (5 4)
    Send to player 0 [name: JammeSherry] infomation : (0 5 5 5 4)
    Send to player 1 [name: WAIT17 - 4] infomation : (0 3 1 3 2)
Step 36:
    Send to player 1 [name: WAIT17 - 4] a signal: ACTION
    Receive message form player 1 [name: WAIT17 - 4]: 1 6 U
    Transform message form [number: 1] [name: WAIT17 - 4]: 7 0 D
    Correct move!
    Player 1 [name WAIT17 - 4] choose (7,0) move to (6 0)
    Send to player 0 [name: JammeSherry] infomation : (1 7 0 6 0)
    Send to player 1 [name: WAIT17 - 4] infomation : (1 1 6 2 6)
Step 37:
    Send to player 0 [name: JammeSherry] a signal: ACTION
    Receive message form player 0 [name: JammeSherry]: 4 6 L
    Transform message form [number: 0] [name: JammeSherry]: 4 6 L
    Correct move!
    Player 0 [name JammeSherry] choose (4,6) move to (4 3)
    Send to player 0 [name: JammeSherry] infomation : (0 4 6 4 3)
    Send to player 1 [name: WAIT17 - 4] infomation : (0 4 0 4 3)
Step 38:
    Send to player 1 [name: WAIT17 - 4] a signal: ACTION
    Receive message form player 1 [name: WAIT17 - 4]: 2 6 U
    Transform message form [number: 1] [name: WAIT17 - 4]: 6 0 D
    Correct move!
    Player 1 [name WAIT17 - 4] choose (6,0) move to (5 0)
    Send to player 0 [name: JammeSherry] infomation : (1 6 0 5 0)
    Send to player 1 [name: WAIT17 - 4] infomation : (1 2 6 3 6)
Step 39:
    Send to player 0 [name: JammeSherry] a signal: ACTION
    Receive message form player 0 [name: JammeSherry]: 3 0 R
    Transform message form [number: 0] [name: JammeSherry]: 3 0 R
    Correct move!
    Player 0 [name JammeSherry] choose (3,0) move to (3 3)
    Send to player 0 [name: JammeSherry] infomation : (0 3 0 3 3)
    Send to player 1 [name: WAIT17 - 4] infomation : (0 5 6 5 3)
Step 40:
    Send to player 1 [name: WAIT17 - 4] a signal: ACTION
    Receive message form player 1 [name: WAIT17 - 4]: 2 5 U
    Transform message form [number: 1] [name: WAIT17 - 4]: 6 1 D
    Correct move!
    Player 1 [name WAIT17 - 4] choose (6,1) move to (5 1)
    Send to player 0 [name: JammeSherry] infomation : (1 6 1 5 1)
    Send to player 1 [name: WAIT17 - 4] infomation : (1 2 5 3 5)
Step 41:
    Send to player 0 [name: JammeSherry] a signal: ACTION
    Receive message form player 0 [name: JammeSherry]: 4 3 U
    Transform message form [number: 0] [name: JammeSherry]: 4 3 U
    Correct move!
    Player 0 [name JammeSherry] choose (4,3) move to (5 3)
    Send to player 0 [name: JammeSherry] infomation : (0 4 3 5 3)
    Send to player 1 [name: WAIT17 - 4] infomation : (0 4 3 3 3)
Step 42:
    Send to player 1 [name: WAIT17 - 4] a signal: ACTION
    Receive message form player 1 [name: WAIT17 - 4]: 3 6 U
    Transform message form [number: 1] [name: WAIT17 - 4]: 5 0 D
    Correct move!
    Player 1 [name WAIT17 - 4] choose (5,0) move to (4 0)
    Send to player 0 [name: JammeSherry] infomation : (1 5 0 4 0)
    Send to player 1 [name: WAIT17 - 4] infomation : (1 3 6 4 6)
Step 43:
    Send to player 0 [name: JammeSherry] a signal: ACTION
    Receive message form player 0 [name: JammeSherry]: 3 3 U
    Transform message form [number: 0] [name: JammeSherry]: 3 3 U
    Correct move!
    Player 0 [name JammeSherry] choose (3,3) move to (4 3)
    Send to player 0 [name: JammeSherry] infomation : (0 3 3 4 3)
    Send to player 1 [name: WAIT17 - 4] infomation : (0 5 3 4 3)
Step 44:
    Send to player 1 [name: WAIT17 - 4] a signal: ACTION
    Receive message form player 1 [name: WAIT17 - 4]: 3 5 L
    Transform message form [number: 1] [name: WAIT17 - 4]: 5 1 R
    Correct move!
    Player 1 [name WAIT17 - 4] choose (5,1) move to (5 2)
    Send to player 0 [name: JammeSherry] infomation : (1 5 1 5 2)
    Send to player 1 [name: WAIT17 - 4] infomation : (1 3 5 3 4)
Step 45:
    Send to player 0 [name: JammeSherry] a signal: ACTION
    Receive message form player 0 [name: JammeSherry]: 5 3 U
    Transform message form [number: 0] [name: JammeSherry]: 5 3 U
    Correct move!
    Player 0 [name JammeSherry] choose (5,3) move to (6 3)
    Send to player 0 [name: JammeSherry] infomation : (0 5 3 6 3)
    Send to player 1 [name: WAIT17 - 4] infomation : (0 3 3 2 3)
Step 46:
    Send to player 1 [name: WAIT17 - 4] a signal: ACTION
    Receive message form player 1 [name: WAIT17 - 4]: 0 2 U
    Transform message form [number: 1] [name: WAIT17 - 4]: 8 4 D
    Correct move!
    Player 1 [name WAIT17 - 4] choose (8,4) move to (7 4)
    Send to player 0 [name: JammeSherry] infomation : (1 8 4 7 4)
    Send to player 1 [name: WAIT17 - 4] infomation : (1 0 2 1 2)
Step 47:
    Send to player 0 [name: JammeSherry] a signal: ACTION
    Receive message form player 0 [name: JammeSherry]: 4 3 U
    Transform message form [number: 0] [name: JammeSherry]: 4 3 U
    Correct move!
    Player 0 [name JammeSherry] choose (4,3) move to (5 3)
    Send to player 0 [name: JammeSherry] infomation : (0 4 3 5 3)
    Send to player 1 [name: WAIT17 - 4] infomation : (0 4 3 3 3)
Step 48:
    Send to player 1 [name: WAIT17 - 4] a signal: ACTION
    Receive message form player 1 [name: WAIT17 - 4]: 4 6 D
    Transform message form [number: 1] [name: WAIT17 - 4]: 4 0 U
    Correct move!
    Player 1 [name WAIT17 - 4] choose (4,0) move to (5 0)
    Send to player 0 [name: JammeSherry] infomation : (1 4 0 5 0)
    Send to player 1 [name: WAIT17 - 4] infomation : (1 4 6 3 6)
Step 49:
    Send to player 0 [name: JammeSherry] a signal: ACTION
    Receive message form player 0 [name: JammeSherry]: 6 3 L
    Transform message form [number: 0] [name: JammeSherry]: 6 3 L
    Correct move!
    Player 0 [name JammeSherry] choose (6,3) move to (6 2)
    Send to player 0 [name: JammeSherry] infomation : (0 6 3 6 2)
    Send to player 1 [name: WAIT17 - 4] infomation : (0 2 3 2 4)
Step 50:
    Send to player 1 [name: WAIT17 - 4] a signal: ACTION
    Receive message form player 1 [name: WAIT17 - 4]: 1 2 R
    Transform message form [number: 1] [name: WAIT17 - 4]: 7 4 L
    Correct move!
    Player 1 [name WAIT17 - 4] choose (7,4) move to (7 3)
    Send to player 0 [name: JammeSherry] infomation : (1 7 4 7 3)
    Send to player 1 [name: WAIT17 - 4] infomation : (1 1 2 1 3)
Step 51:
    Send to player 0 [name: JammeSherry] a signal: ACTION
    Receive message form player 0 [name: JammeSherry]: 5 4 R
    Transform message form [number: 0] [name: JammeSherry]: 5 4 R
    Correct move!
    Player 0 [name JammeSherry] choose (5,4) move to (5 5)
    Send to player 0 [name: JammeSherry] infomation : (0 5 4 5 5)
    Send to player 1 [name: WAIT17 - 4] infomation : (0 3 2 3 1)
Step 52:
    Send to player 1 [name: WAIT17 - 4] a signal: ACTION
    Receive message form player 1 [name: WAIT17 - 4]: 2 2 L
    Transform message form [number: 1] [name: WAIT17 - 4]: 6 4 R
    Correct move!
    Player 1 [name WAIT17 - 4] choose (6,4) move to (6 5)
    Send to player 0 [name: JammeSherry] infomation : (1 6 4 6 5)
    Send to player 1 [name: WAIT17 - 4] infomation : (1 2 2 2 1)
Step 53:
    Send to player 0 [name: JammeSherry] a signal: ACTION
    Receive message form player 0 [name: JammeSherry]: 5 5 R
    Transform message form [number: 0] [name: JammeSherry]: 5 5 R
    Correct move!
    Player 0 [name JammeSherry] choose (5,5) move to (5 6)
    Send to player 0 [name: JammeSherry] infomation : (0 5 5 5 6)
    Send to player 1 [name: WAIT17 - 4] infomation : (0 3 1 3 0)
Step 54:
    Send to player 1 [name: WAIT17 - 4] a signal: ACTION
    Receive message form player 1 [name: WAIT17 - 4]: 2 1 L
    Transform message form [number: 1] [name: WAIT17 - 4]: 6 5 R
    Correct move!
    Player 1 [name WAIT17 - 4] choose (6,5) move to (6 6)
    Send to player 0 [name: JammeSherry] infomation : (1 6 5 6 6)
    Send to player 1 [name: WAIT17 - 4] infomation : (1 2 1 2 0)
Step 55:
    Send to player 0 [name: JammeSherry] a signal: ACTION
    Receive message form player 0 [name: JammeSherry]: 5 6 L
    Transform message form [number: 0] [name: JammeSherry]: 5 6 L
    Correct move!
    Player 0 [name JammeSherry] choose (5,6) move to (5 5)
    Send to player 0 [name: JammeSherry] infomation : (0 5 6 5 5)
    Send to player 1 [name: WAIT17 - 4] infomation : (0 3 0 3 1)
Step 56:
    Send to player 1 [name: WAIT17 - 4] a signal: ACTION
    Receive message form player 1 [name: WAIT17 - 4]: 0 5 R
    Transform message form [number: 1] [name: WAIT17 - 4]: 8 1 L
    Correct move!
    Player 1 [name WAIT17 - 4] choose (8,1) move to (8 0)
    Send to player 0 [name: JammeSherry] infomation : (1 8 1 8 0)
    Send to player 1 [name: WAIT17 - 4] infomation : (1 0 5 0 6)
Step 57:
    Send to player 0 [name: JammeSherry] a signal: ACTION
    Receive message form player 0 [name: JammeSherry]: 6 2 U
    Transform message form [number: 0] [name: JammeSherry]: 6 2 U
    Correct move!
    Player 0 [name JammeSherry] choose (6,2) move to (7 2)
    Send to player 0 [name: JammeSherry] infomation : (0 6 2 7 2)
    Send to player 1 [name: WAIT17 - 4] infomation : (0 2 4 1 4)
Step 58:
    Send to player 1 [name: WAIT17 - 4] a signal: ACTION
    Receive message form player 1 [name: WAIT17 - 4]: 0 6 L
    Transform message form [number: 1] [name: WAIT17 - 4]: 8 0 R
    Correct move!
    Player 1 [name WAIT17 - 4] choose (8,0) move to (8 1)
    Send to player 0 [name: JammeSherry] infomation : (1 8 0 8 1)
    Send to player 1 [name: WAIT17 - 4] infomation : (1 0 6 0 5)
Step 59:
    Send to player 0 [name: JammeSherry] a signal: ACTION
    Receive message form player 0 [name: JammeSherry]: 5 3 U
    Transform message form [number: 0] [name: JammeSherry]: 5 3 U
    Correct move!
    Player 0 [name JammeSherry] choose (5,3) move to (6 3)
    Send to player 0 [name: JammeSherry] infomation : (0 5 3 6 3)
    Send to player 1 [name: WAIT17 - 4] infomation : (0 3 3 2 3)
Step 60:
    Send to player 1 [name: WAIT17 - 4] a signal: ACTION
    Receive message form player 1 [name: WAIT17 - 4]: 1 3 L
    Transform message form [number: 1] [name: WAIT17 - 4]: 7 3 R
    Correct move!
    Player 1 [name WAIT17 - 4] choose (7,3) move to (7 4)
    Send to player 0 [name: JammeSherry] infomation : (1 7 3 7 4)
    Send to player 1 [name: WAIT17 - 4] infomation : (1 1 3 1 2)
Step 61:
    Send to player 0 [name: JammeSherry] a signal: ACTION
    Receive message form player 0 [name: JammeSherry]: 7 2 L
    Transform message form [number: 0] [name: JammeSherry]: 7 2 L
    Correct move!
    Player 0 [name JammeSherry] choose (7,2) move to (7 1)
    Send to player 0 [name: JammeSherry] infomation : (0 7 2 7 1)
    Send to player 1 [name: WAIT17 - 4] infomation : (0 1 4 1 5)
Step 62:
    Send to player 1 [name: WAIT17 - 4] a signal: ACTION
    Receive message form player 1 [name: WAIT17 - 4]: 0 5 L
    Transform message form [number: 1] [name: WAIT17 - 4]: 8 1 R
    Correct move!
    Player 1 [name WAIT17 - 4] choose (8,1) move to (8 2)
    Send to player 0 [name: JammeSherry] infomation : (1 8 1 8 2)
    Send to player 1 [name: WAIT17 - 4] infomation : (1 0 5 0 4)
Step 63:
    Send to player 0 [name: JammeSherry] a signal: ACTION
    Receive message form player 0 [name: JammeSherry]: 6 3 R
    Transform message form [number: 0] [name: JammeSherry]: 6 3 R
    Correct move!
    Player 0 [name JammeSherry] choose (6,3) move to (6 4)
    Send to player 0 [name: JammeSherry] infomation : (0 6 3 6 4)
    Send to player 1 [name: WAIT17 - 4] infomation : (0 2 3 2 2)
Step 64:
    Send to player 1 [name: WAIT17 - 4] a signal: ACTION
    Receive message form player 1 [name: WAIT17 - 4]: 1 2 R
    Transform message form [number: 1] [name: WAIT17 - 4]: 7 4 L
    Correct move!
    Player 1 [name WAIT17 - 4] choose (7,4) move to (7 3)
    Send to player 0 [name: JammeSherry] infomation : (1 7 4 7 3)
    Send to player 1 [name: WAIT17 - 4] infomation : (1 1 2 1 3)
Step 65:
    Send to player 0 [name: JammeSherry] a signal: ACTION
    Receive message form player 0 [name: JammeSherry]: 7 1 U
    Transform message form [number: 0] [name: JammeSherry]: 7 1 U
    Correct move!
    Player 0 [name JammeSherry] choose (7,1) move to (8 1)
    Send to player 0 [name: JammeSherry] infomation : (0 7 1 8 1)
    Send to player 1 [name: WAIT17 - 4] infomation : (0 1 5 0 5)
Step 66:
    Send to player 1 [name: WAIT17 - 4] a signal: ACTION
    Receive message form player 1 [name: WAIT17 - 4]: 0 4 U
    Transform message form [number: 1] [name: WAIT17 - 4]: 8 2 D
    Correct move!
    Player 1 [name WAIT17 - 4] choose (8,2) move to (7 2)
    Send to player 0 [name: JammeSherry] infomation : (1 8 2 7 2)
    Send to player 1 [name: WAIT17 - 4] infomation : (1 0 4 1 4)
Step 67:
    Send to player 0 [name: JammeSherry] a signal: ACTION
    Receive message form player 0 [name: JammeSherry]: 6 4 U
    Transform message form [number: 0] [name: JammeSherry]: 6 4 U
    Correct move!
    Player 0 [name JammeSherry] choose (6,4) move to (7 4)
    Send to player 0 [name: JammeSherry] infomation : (0 6 4 7 4)
    Send to player 1 [name: WAIT17 - 4] infomation : (0 2 2 1 2)
Step 68:
    Send to player 1 [name: WAIT17 - 4] a signal: ACTION
    Receive message form player 1 [name: WAIT17 - 4]: 0 0 R
    Transform message form [number: 1] [name: WAIT17 - 4]: 8 6 L
    Correct move!
    Player 1 [name WAIT17 - 4] choose (8,6) move to (8 5)
    Send to player 0 [name: JammeSherry] infomation : (1 8 6 8 5)
    Send to player 1 [name: WAIT17 - 4] infomation : (1 0 0 0 1)
Step 69:
    Send to player 0 [name: JammeSherry] a signal: ACTION
    Receive message form player 0 [name: JammeSherry]: 8 1 L
    Transform message form [number: 0] [name: JammeSherry]: 8 1 L
    Correct move!
    Player 0 [name JammeSherry] choose (8,1) move to (8 0)
    Send to player 0 [name: JammeSherry] infomation : (0 8 1 8 0)
    Send to player 1 [name: WAIT17 - 4] infomation : (0 0 5 0 6)
Step 70:
    Send to player 1 [name: WAIT17 - 4] a signal: ACTION
    Receive message form player 1 [name: WAIT17 - 4]: 1 3 U
    Transform message form [number: 1] [name: WAIT17 - 4]: 7 3 D
    Correct move!
    Player 1 [name WAIT17 - 4] choose (7,3) move to (6 3)
    Send to player 0 [name: JammeSherry] infomation : (1 7 3 6 3)
    Send to player 1 [name: WAIT17 - 4] infomation : (1 1 3 2 3)
Step 71:
    Send to player 0 [name: JammeSherry] a signal: ACTION
    Receive message form player 0 [name: JammeSherry]: 5 5 L
    Transform message form [number: 0] [name: JammeSherry]: 5 5 L
    Correct move!
    Player 0 [name JammeSherry] choose (5,5) move to (5 4)
    Send to player 0 [name: JammeSherry] infomation : (0 5 5 5 4)
    Send to player 1 [name: WAIT17 - 4] infomation : (0 3 1 3 2)
Step 72:
    Send to player 1 [name: WAIT17 - 4] a signal: ACTION
    Receive message form player 1 [name: WAIT17 - 4]: 3 6 U
    Transform message form [number: 1] [name: WAIT17 - 4]: 5 0 D
    Correct move!
    Player 1 [name WAIT17 - 4] choose (5,0) move to (4 0)
    Send to player 0 [name: JammeSherry] infomation : (1 5 0 4 0)
    Send to player 1 [name: WAIT17 - 4] infomation : (1 3 6 4 6)
Step 73:
    Send to player 0 [name: JammeSherry] a signal: ACTION
    Receive message form player 0 [name: JammeSherry]: 5 4 R
    Transform message form [number: 0] [name: JammeSherry]: 5 4 R
    Correct move!
    Player 0 [name JammeSherry] choose (5,4) move to (5 5)
    Send to player 0 [name: JammeSherry] infomation : (0 5 4 5 5)
    Send to player 1 [name: WAIT17 - 4] infomation : (0 3 2 3 1)
Step 74:
    Send to player 1 [name: WAIT17 - 4] a signal: ACTION
    Receive message form player 1 [name: WAIT17 - 4]: 4 6 U
    Transform message form [number: 1] [name: WAIT17 - 4]: 4 0 D
    Correct move!
    Player 1 [name WAIT17 - 4] choose (4,0) move to (3 0)
    Send to player 0 [name: JammeSherry] infomation : (1 4 0 3 0)
    Send to player 1 [name: WAIT17 - 4] infomation : (1 4 6 5 6)
Step 75:
    Send to player 0 [name: JammeSherry] a signal: ACTION
    Receive message form player 0 [name: JammeSherry]: 2 2 D
    Transform message form [number: 0] [name: JammeSherry]: 2 2 D
    Correct move!
    Player 0 [name JammeSherry] choose (2,2) move to (1 2)
    Send to player 0 [name: JammeSherry] infomation : (0 2 2 1 2)
    Send to player 1 [name: WAIT17 - 4] infomation : (0 6 4 7 4)
Step 76:
    Send to player 1 [name: WAIT17 - 4] a signal: ACTION
    Receive message form player 1 [name: WAIT17 - 4]: 5 6 U
    Transform message form [number: 1] [name: WAIT17 - 4]: 3 0 D
    Correct move!
    Player 1 [name WAIT17 - 4] choose (3,0) move to (2 0)
    Send to player 0 [name: JammeSherry] infomation : (1 3 0 2 0)
    Send to player 1 [name: WAIT17 - 4] infomation : (1 5 6 6 6)
Step 77:
    Send to player 0 [name: JammeSherry] a signal: ACTION
    Receive message form player 0 [name: JammeSherry]: 2 4 L
    Transform message form [number: 0] [name: JammeSherry]: 2 4 L
    Correct move!
    Player 0 [name JammeSherry] choose (2,4) move to (2 3)
    Send to player 0 [name: JammeSherry] infomation : (0 2 4 2 3)
    Send to player 1 [name: WAIT17 - 4] infomation : (0 6 2 6 3)
Step 78:
    Send to player 1 [name: WAIT17 - 4] a signal: ACTION
    Receive message form player 1 [name: WAIT17 - 4]: 1 4 U
    Transform message form [number: 1] [name: WAIT17 - 4]: 7 2 D
    Correct move!
    Player 1 [name WAIT17 - 4] choose (7,2) move to (6 2)
    Send to player 0 [name: JammeSherry] infomation : (1 7 2 6 2)
    Send to player 1 [name: WAIT17 - 4] infomation : (1 1 4 2 4)
Step 79:
    Send to player 0 [name: JammeSherry] a signal: ACTION
    Receive message form player 0 [name: JammeSherry]: 2 3 R
    Transform message form [number: 0] [name: JammeSherry]: 2 3 R
    Correct move!
    Player 0 [name JammeSherry] choose (2,3) move to (2 4)
    Send to player 0 [name: JammeSherry] infomation : (0 2 3 2 4)
    Send to player 1 [name: WAIT17 - 4] infomation : (0 6 3 6 2)
Step 80:
    Send to player 1 [name: WAIT17 - 4] a signal: ACTION
    Receive message form player 1 [name: WAIT17 - 4]: 2 0 U
    Transform message form [number: 1] [name: WAIT17 - 4]: 6 6 D
    Correct move!
    Player 1 [name WAIT17 - 4] choose (6,6) move to (5 6)
    Send to player 0 [name: JammeSherry] infomation : (1 6 6 5 6)
    Send to player 1 [name: WAIT17 - 4] infomation : (1 2 0 3 0)
Step 81:
    Send to player 0 [name: JammeSherry] a signal: ACTION
    Receive message form player 0 [name: JammeSherry]: 8 0 R
    Transform message form [number: 0] [name: JammeSherry]: 8 0 R
    Correct move!
    Player 0 [name JammeSherry] choose (8,0) move to (8 1)
    Send to player 0 [name: JammeSherry] infomation : (0 8 0 8 1)
    Send to player 1 [name: WAIT17 - 4] infomation : (0 0 6 0 5)
Step 82:
    Send to player 1 [name: WAIT17 - 4] a signal: ACTION
    Receive message form player 1 [name: WAIT17 - 4]: 3 0 U
    Transform message form [number: 1] [name: WAIT17 - 4]: 5 6 D
    Correct move!
    Player 1 [name WAIT17 - 4] choose (5,6) move to (4 6)
    Send to player 0 [name: JammeSherry] infomation : (1 5 6 4 6)
    Send to player 1 [name: WAIT17 - 4] infomation : (1 3 0 4 0)
Step 83:
    Send to player 0 [name: JammeSherry] a signal: ACTION
    Receive message form player 0 [name: JammeSherry]: 2 4 L
    Transform message form [number: 0] [name: JammeSherry]: 2 4 L
    Correct move!
    Player 0 [name JammeSherry] choose (2,4) move to (2 3)
    Send to player 0 [name: JammeSherry] infomation : (0 2 4 2 3)
    Send to player 1 [name: WAIT17 - 4] infomation : (0 6 2 6 3)
Step 84:
    Send to player 1 [name: WAIT17 - 4] a signal: ACTION
    Receive message form player 1 [name: WAIT17 - 4]: 4 0 D
    Transform message form [number: 1] [name: WAIT17 - 4]: 4 6 U
    Correct move!
    Player 1 [name WAIT17 - 4] choose (4,6) move to (5 6)
    Send to player 0 [name: JammeSherry] infomation : (1 4 6 5 6)
    Send to player 1 [name: WAIT17 - 4] infomation : (1 4 0 3 0)
Step 85:
    Send to player 0 [name: JammeSherry] a signal: ACTION
    Receive message form player 0 [name: JammeSherry]: 8 1 R
    Transform message form [number: 0] [name: JammeSherry]: 8 1 R
    Correct move!
    Player 0 [name JammeSherry] choose (8,1) move to (8 2)
    Send to player 0 [name: JammeSherry] infomation : (0 8 1 8 2)
    Send to player 1 [name: WAIT17 - 4] infomation : (0 0 5 0 4)
Step 86:
    Send to player 1 [name: WAIT17 - 4] a signal: ACTION
    Receive message form player 1 [name: WAIT17 - 4]: 2 4 R
    Transform message form [number: 1] [name: WAIT17 - 4]: 6 2 L
    Correct move!
    Player 1 [name WAIT17 - 4] choose (6,2) move to (6 1)
    Send to player 0 [name: JammeSherry] infomation : (1 6 2 6 1)
    Send to player 1 [name: WAIT17 - 4] infomation : (1 2 4 2 5)
Step 87:
    Send to player 0 [name: JammeSherry] a signal: ACTION
    Receive message form player 0 [name: JammeSherry]: 2 3 R
    Transform message form [number: 0] [name: JammeSherry]: 2 3 R
    Correct move!
    Player 0 [name JammeSherry] choose (2,3) move to (2 4)
    Send to player 0 [name: JammeSherry] infomation : (0 2 3 2 4)
    Send to player 1 [name: WAIT17 - 4] infomation : (0 6 3 6 2)
Step 88:
    Send to player 1 [name: WAIT17 - 4] a signal: ACTION
    Receive message form player 1 [name: WAIT17 - 4]: 2 5 L
    Transform message form [number: 1] [name: WAIT17 - 4]: 6 1 R
    Correct move!
    Player 1 [name WAIT17 - 4] choose (6,1) move to (6 2)
    Send to player 0 [name: JammeSherry] infomation : (1 6 1 6 2)
    Send to player 1 [name: WAIT17 - 4] infomation : (1 2 5 2 4)
Step 89:
    Send to player 0 [name: JammeSherry] a signal: ACTION
    Receive message form player 0 [name: JammeSherry]: 8 2 R
    Transform message form [number: 0] [name: JammeSherry]: 8 2 R
    Correct move!
    Player 0 [name JammeSherry] choose (8,2) move to (8 3)
    Send to player 0 [name: JammeSherry] infomation : (0 8 2 8 3)
    Send to player 1 [name: WAIT17 - 4] infomation : (0 0 4 0 3)
    The Player 0 (name JammeSherry) win the game
Closing connections:
    Player 0 [name: JammeSherry] connection closed succueefully
    Player 1 [name: WAIT17 - 4] connection closed succueefully
Total Steps: 89
End!
