Initialization:
    Waiting to connect ...
    AI0: 辣子鸡 from 127.0.0.1 connected
    AI1: hito wanaze kizutsu ke a tte from 127.0.0.1 connected
    hito wanaze kizutsu ke a tte is the first player
    辣子鸡 is the second player
Step 1:
    Send to player 1 [name: hito wanaze kizutsu ke a tte] a signal: ACTION
    Receive message form player 1 [name: hito wanaze kizutsu ke a tte]: 2 2 D
    Transform message form [number: 1] [name: hito wanaze kizutsu ke a tte]: 6 4 U
    Correct move!
    Player 1 [name hito wanaze kizutsu ke a tte] choose (6,4) move to (7 4)
    Send to player 0 [name: 辣子鸡] infomation : (1 6 4 7 4)
    Send to player 1 [name: hito wanaze kizutsu ke a tte] infomation : (1 2 2 1 2)
Step 2:
    Send to player 0 [name: 辣子鸡] a signal: ACTION
    Receive message form player 0 [name: 辣子鸡]: 2 0 R
    Transform message form [number: 0] [name: 辣子鸡]: 2 0 R
    Correct move!
    Player 0 [name 辣子鸡] choose (2,0) move to (2 1)
    Send to player 0 [name: 辣子鸡] infomation : (0 2 0 2 1)
    Send to player 1 [name: hito wanaze kizutsu ke a tte] infomation : (0 6 6 6 5)
Step 3:
    Send to player 1 [name: hito wanaze kizutsu ke a tte] a signal: ACTION
    Receive message form player 1 [name: hito wanaze kizutsu ke a tte]: 2 0 R
    Transform message form [number: 1] [name: hito wanaze kizutsu ke a tte]: 6 6 L
    Correct move!
    Player 1 [name hito wanaze kizutsu ke a tte] choose (6,6) move to (6 5)
    Send to player 0 [name: 辣子鸡] infomation : (1 6 6 6 5)
    Send to player 1 [name: hito wanaze kizutsu ke a tte] infomation : (1 2 0 2 1)
Step 4:
    Send to player 0 [name: 辣子鸡] a signal: ACTION
    Receive message form player 0 [name: 辣子鸡]: 1 1 D
    Transform message form [number: 0] [name: 辣子鸡]: 1 1 D
    Correct move!
    Player 0 [name 辣子鸡] choose (1,1) move to (0 1)
    Send to player 0 [name: 辣子鸡] infomation : (0 1 1 0 1)
    Send to player 1 [name: hito wanaze kizutsu ke a tte] infomation : (0 7 5 8 5)
Step 5:
    Send to player 1 [name: hito wanaze kizutsu ke a tte] a signal: ACTION
    Receive message form player 1 [name: hito wanaze kizutsu ke a tte]: 2 1 R
    Transform message form [number: 1] [name: hito wanaze kizutsu ke a tte]: 6 5 L
    Correct move!
    Player 1 [name hito wanaze kizutsu ke a tte] choose (6,5) move to (6 4)
    Send to player 0 [name: 辣子鸡] infomation : (1 6 5 6 4)
    Send to player 1 [name: hito wanaze kizutsu ke a tte] infomation : (1 2 1 2 2)
Step 6:
    Send to player 0 [name: 辣子鸡] a signal: ACTION
    Receive message form player 0 [name: 辣子鸡]: 2 6 U
    Transform message form [number: 0] [name: 辣子鸡]: 2 6 U
    Correct move!
    Player 0 [name 辣子鸡] choose (2,6) move to (3 6)
    Send to player 0 [name: 辣子鸡] infomation : (0 2 6 3 6)
    Send to player 1 [name: hito wanaze kizutsu ke a tte] infomation : (0 6 0 5 0)
Step 7:
    Send to player 1 [name: hito wanaze kizutsu ke a tte] a signal: ACTION
    Receive message form player 1 [name: hito wanaze kizutsu ke a tte]: 2 2 R
    Transform message form [number: 1] [name: hito wanaze kizutsu ke a tte]: 6 4 L
    Correct move!
    Player 1 [name hito wanaze kizutsu ke a tte] choose (6,4) move to (6 3)
    Send to player 0 [name: 辣子鸡] infomation : (1 6 4 6 3)
    Send to player 1 [name: hito wanaze kizutsu ke a tte] infomation : (1 2 2 2 3)
Step 8:
    Send to player 0 [name: 辣子鸡] a signal: ACTION
    Receive message form player 0 [name: 辣子鸡]: 3 6 U
    Transform message form [number: 0] [name: 辣子鸡]: 3 6 U
    Correct move!
    Player 0 [name 辣子鸡] choose (3,6) move to (4 6)
    Send to player 0 [name: 辣子鸡] infomation : (0 3 6 4 6)
    Send to player 1 [name: hito wanaze kizutsu ke a tte] infomation : (0 5 0 4 0)
Step 9:
    Send to player 1 [name: hito wanaze kizutsu ke a tte] a signal: ACTION
    Receive message form player 1 [name: hito wanaze kizutsu ke a tte]: 2 3 U
    Transform message form [number: 1] [name: hito wanaze kizutsu ke a tte]: 6 3 D
    Correct move!
    Player 1 [name hito wanaze kizutsu ke a tte] choose (6,3) move to (5 3)
    Send to player 0 [name: 辣子鸡] infomation : (1 6 3 5 3)
    Send to player 1 [name: hito wanaze kizutsu ke a tte] infomation : (1 2 3 3 3)
Step 10:
    Send to player 0 [name: 辣子鸡] a signal: ACTION
    Receive message form player 0 [name: 辣子鸡]: 4 6 L
    Transform message form [number: 0] [name: 辣子鸡]: 4 6 L
    Correct move!
    Player 0 [name 辣子鸡] choose (4,6) move to (4 5)
    Send to player 0 [name: 辣子鸡] infomation : (0 4 6 4 5)
    Send to player 1 [name: hito wanaze kizutsu ke a tte] infomation : (0 4 0 4 1)
Step 11:
    Send to player 1 [name: hito wanaze kizutsu ke a tte] a signal: ACTION
    Receive message form player 1 [name: hito wanaze kizutsu ke a tte]: 3 3 U
    Transform message form [number: 1] [name: hito wanaze kizutsu ke a tte]: 5 3 D
    Correct move!
    Player 1 [name hito wanaze kizutsu ke a tte] choose (5,3) move to (4 3)
    Send to player 0 [name: 辣子鸡] infomation : (1 5 3 4 3)
    Send to player 1 [name: hito wanaze kizutsu ke a tte] infomation : (1 3 3 4 3)
Step 12:
    Send to player 0 [name: 辣子鸡] a signal: ACTION
    Receive message form player 0 [name: 辣子鸡]: 4 5 L
    Transform message form [number: 0] [name: 辣子鸡]: 4 5 L
    Correct move!
    Player 0 [name 辣子鸡] choose (4,5) move to (4 4)
    Send to player 0 [name: 辣子鸡] infomation : (0 4 5 4 4)
    Send to player 1 [name: hito wanaze kizutsu ke a tte] infomation : (0 4 1 4 2)
Step 13:
    Send to player 1 [name: hito wanaze kizutsu ke a tte] a signal: ACTION
    Receive message form player 1 [name: hito wanaze kizutsu ke a tte]: 4 3 U
    Transform message form [number: 1] [name: hito wanaze kizutsu ke a tte]: 4 3 D
    Correct move!
    Player 1 [name hito wanaze kizutsu ke a tte] choose (4,3) move to (3 3)
    Send to player 0 [name: 辣子鸡] infomation : (1 4 3 3 3)
    Send to player 1 [name: hito wanaze kizutsu ke a tte] infomation : (1 4 3 5 3)
Step 14:
    Send to player 0 [name: 辣子鸡] a signal: ACTION
    Receive message form player 0 [name: 辣子鸡]: 2 2 D
    Transform message form [number: 0] [name: 辣子鸡]: 2 2 D
    Correct move!
    Player 0 [name 辣子鸡] choose (2,2) move to (1 2)
    Send to player 0 [name: 辣子鸡] infomation : (0 2 2 1 2)
    Send to player 1 [name: hito wanaze kizutsu ke a tte] infomation : (0 6 4 7 4)
Step 15:
    Send to player 1 [name: hito wanaze kizutsu ke a tte] a signal: ACTION
    Receive message form player 1 [name: hito wanaze kizutsu ke a tte]: 5 3 U
    Transform message form [number: 1] [name: hito wanaze kizutsu ke a tte]: 3 3 D
    Correct move!
    Player 1 [name hito wanaze kizutsu ke a tte] choose (3,3) move to (2 3)
    Send to player 0 [name: 辣子鸡] infomation : (1 3 3 2 3)
    Send to player 1 [name: hito wanaze kizutsu ke a tte] infomation : (1 5 3 6 3)
Step 16:
    Send to player 0 [name: 辣子鸡] a signal: ACTION
    Receive message form player 0 [name: 辣子鸡]: 2 4 D
    Transform message form [number: 0] [name: 辣子鸡]: 2 4 D
    Correct move!
    Player 0 [name 辣子鸡] choose (2,4) move to (1 4)
    Send to player 0 [name: 辣子鸡] infomation : (0 2 4 1 4)
    Send to player 1 [name: hito wanaze kizutsu ke a tte] infomation : (0 6 2 7 2)
Step 17:
    Send to player 1 [name: hito wanaze kizutsu ke a tte] a signal: ACTION
    Receive message form player 1 [name: hito wanaze kizutsu ke a tte]: 6 3 U
    Transform message form [number: 1] [name: hito wanaze kizutsu ke a tte]: 2 3 D
    Correct move!
    Player 1 [name hito wanaze kizutsu ke a tte] choose (2,3) move to (1 3)
    Send to player 0 [name: 辣子鸡] infomation : (1 2 3 1 3)
    Send to player 1 [name: hito wanaze kizutsu ke a tte] infomation : (1 6 3 7 3)
Step 18:
    Send to player 0 [name: 辣子鸡] a signal: ACTION
    Receive message form player 0 [name: 辣子鸡]: 1 2 R
    Transform message form [number: 0] [name: 辣子鸡]: 1 2 R
    Correct move!
    Player 0 [name 辣子鸡] choose (1,2) move to (1 3)
    Send to player 0 [name: 辣子鸡] infomation : (0 1 2 1 3)
    Send to player 1 [name: hito wanaze kizutsu ke a tte] infomation : (0 7 4 7 3)
Step 19:
    Send to player 1 [name: hito wanaze kizutsu ke a tte] a signal: ACTION
    Receive message form player 1 [name: hito wanaze kizutsu ke a tte]: 0 6 L
    Transform message form [number: 1] [name: hito wanaze kizutsu ke a tte]: 8 0 R
    Correct move!
    Player 1 [name hito wanaze kizutsu ke a tte] choose (8,0) move to (8 1)
    Send to player 0 [name: 辣子鸡] infomation : (1 8 0 8 1)
    Send to player 1 [name: hito wanaze kizutsu ke a tte] infomation : (1 0 6 0 5)
Step 20:
    Send to player 0 [name: 辣子鸡] a signal: ACTION
    Receive message form player 0 [name: 辣子鸡]: 2 1 D
    Transform message form [number: 0] [name: 辣子鸡]: 2 1 D
    Correct move!
    Player 0 [name 辣子鸡] choose (2,1) move to (1 1)
    Send to player 0 [name: 辣子鸡] infomation : (0 2 1 1 1)
    Send to player 1 [name: hito wanaze kizutsu ke a tte] infomation : (0 6 5 7 5)
Step 21:
    Send to player 1 [name: hito wanaze kizutsu ke a tte] a signal: ACTION
    Receive message form player 1 [name: hito wanaze kizutsu ke a tte]: 0 5 L
    Transform message form [number: 1] [name: hito wanaze kizutsu ke a tte]: 8 1 R
    Correct move!
    Player 1 [name hito wanaze kizutsu ke a tte] choose (8,1) move to (8 2)
    Send to player 0 [name: 辣子鸡] infomation : (1 8 1 8 2)
    Send to player 1 [name: hito wanaze kizutsu ke a tte] infomation : (1 0 5 0 4)
Step 22:
    Send to player 0 [name: 辣子鸡] a signal: ACTION
    Receive message form player 0 [name: 辣子鸡]: 1 5 D
    Transform message form [number: 0] [name: 辣子鸡]: 1 5 D
    Correct move!
    Player 0 [name 辣子鸡] choose (1,5) move to (0 5)
    Send to player 0 [name: 辣子鸡] infomation : (0 1 5 0 5)
    Send to player 1 [name: hito wanaze kizutsu ke a tte] infomation : (0 7 1 8 1)
Step 23:
    Send to player 1 [name: hito wanaze kizutsu ke a tte] a signal: ACTION
    Receive message form player 1 [name: hito wanaze kizutsu ke a tte]: 0 4 U
    Transform message form [number: 1] [name: hito wanaze kizutsu ke a tte]: 8 2 D
    Correct move!
    Player 1 [name hito wanaze kizutsu ke a tte] choose (8,2) move to (7 2)
    Send to player 0 [name: 辣子鸡] infomation : (1 8 2 7 2)
    Send to player 1 [name: hito wanaze kizutsu ke a tte] infomation : (1 0 4 1 4)
Step 24:
    Send to player 0 [name: 辣子鸡] a signal: ACTION
    Receive message form player 0 [name: 辣子鸡]: 0 0 U
    Transform message form [number: 0] [name: 辣子鸡]: 0 0 U
    Correct move!
    Player 0 [name 辣子鸡] choose (0,0) move to (1 0)
    Send to player 0 [name: 辣子鸡] infomation : (0 0 0 1 0)
    Send to player 1 [name: hito wanaze kizutsu ke a tte] infomation : (0 8 6 7 6)
Step 25:
    Send to player 1 [name: hito wanaze kizutsu ke a tte] a signal: ACTION
    Receive message form player 1 [name: hito wanaze kizutsu ke a tte]: 1 4 L
    Transform message form [number: 1] [name: hito wanaze kizutsu ke a tte]: 7 2 R
    Correct move!
    Player 1 [name hito wanaze kizutsu ke a tte] choose (7,2) move to (7 3)
    Send to player 0 [name: 辣子鸡] infomation : (1 7 2 7 3)
    Send to player 1 [name: hito wanaze kizutsu ke a tte] infomation : (1 1 4 1 3)
Step 26:
    Send to player 0 [name: 辣子鸡] a signal: ACTION
    Receive message form player 0 [name: 辣子鸡]: 1 0 U
    Transform message form [number: 0] [name: 辣子鸡]: 1 0 U
    Correct move!
    Player 0 [name 辣子鸡] choose (1,0) move to (2 0)
    Send to player 0 [name: 辣子鸡] infomation : (0 1 0 2 0)
    Send to player 1 [name: hito wanaze kizutsu ke a tte] infomation : (0 7 6 6 6)
Step 27:
    Send to player 1 [name: hito wanaze kizutsu ke a tte] a signal: ACTION
    Receive message form player 1 [name: hito wanaze kizutsu ke a tte]: 1 3 U
    Transform message form [number: 1] [name: hito wanaze kizutsu ke a tte]: 7 3 D
    Correct move!
    Player 1 [name hito wanaze kizutsu ke a tte] choose (7,3) move to (6 3)
    Send to player 0 [name: 辣子鸡] infomation : (1 7 3 6 3)
    Send to player 1 [name: hito wanaze kizutsu ke a tte] infomation : (1 1 3 2 3)
Step 28:
    Send to player 0 [name: 辣子鸡] a signal: ACTION
    Receive message form player 0 [name: 辣子鸡]: 2 0 R
    Transform message form [number: 0] [name: 辣子鸡]: 2 0 R
    Correct move!
    Player 0 [name 辣子鸡] choose (2,0) move to (2 1)
    Send to player 0 [name: 辣子鸡] infomation : (0 2 0 2 1)
    Send to player 1 [name: hito wanaze kizutsu ke a tte] infomation : (0 6 6 6 5)
Step 29:
    Send to player 1 [name: hito wanaze kizutsu ke a tte] a signal: ACTION
    Receive message form player 1 [name: hito wanaze kizutsu ke a tte]: 2 3 U
    Transform message form [number: 1] [name: hito wanaze kizutsu ke a tte]: 6 3 D
    Correct move!
    Player 1 [name hito wanaze kizutsu ke a tte] choose (6,3) move to (5 3)
    Send to player 0 [name: 辣子鸡] infomation : (1 6 3 5 3)
    Send to player 1 [name: hito wanaze kizutsu ke a tte] infomation : (1 2 3 3 3)
Step 30:
    Send to player 0 [name: 辣子鸡] a signal: ACTION
    Receive message form player 0 [name: 辣子鸡]: 2 1 U
    Transform message form [number: 0] [name: 辣子鸡]: 2 1 U
    Correct move!
    Player 0 [name 辣子鸡] choose (2,1) move to (6 1)
    Send to player 0 [name: 辣子鸡] infomation : (0 2 1 6 1)
    Send to player 1 [name: hito wanaze kizutsu ke a tte] infomation : (0 6 5 2 5)
Step 31:
    Send to player 1 [name: hito wanaze kizutsu ke a tte] a signal: ACTION
    Receive message form player 1 [name: hito wanaze kizutsu ke a tte]: 3 3 U
    Transform message form [number: 1] [name: hito wanaze kizutsu ke a tte]: 5 3 D
    Correct move!
    Player 1 [name hito wanaze kizutsu ke a tte] choose (5,3) move to (4 3)
    Send to player 0 [name: 辣子鸡] infomation : (1 5 3 4 3)
    Send to player 1 [name: hito wanaze kizutsu ke a tte] infomation : (1 3 3 4 3)
Step 32:
    Send to player 0 [name: 辣子鸡] a signal: ACTION
    Receive message form player 0 [name: 辣子鸡]: 6 1 R
    Transform message form [number: 0] [name: 辣子鸡]: 6 1 R
    Correct move!
    Player 0 [name 辣子鸡] choose (6,1) move to (6 2)
    Send to player 0 [name: 辣子鸡] infomation : (0 6 1 6 2)
    Send to player 1 [name: hito wanaze kizutsu ke a tte] infomation : (0 2 5 2 4)
Step 33:
    Send to player 1 [name: hito wanaze kizutsu ke a tte] a signal: ACTION
    Receive message form player 1 [name: hito wanaze kizutsu ke a tte]: 4 3 U
    Transform message form [number: 1] [name: hito wanaze kizutsu ke a tte]: 4 3 D
    Correct move!
    Player 1 [name hito wanaze kizutsu ke a tte] choose (4,3) move to (3 3)
    Send to player 0 [name: 辣子鸡] infomation : (1 4 3 3 3)
    Send to player 1 [name: hito wanaze kizutsu ke a tte] infomation : (1 4 3 5 3)
Step 34:
    Send to player 0 [name: 辣子鸡] a signal: ACTION
    Receive message form player 0 [name: 辣子鸡]: 6 2 U
    Transform message form [number: 0] [name: 辣子鸡]: 6 2 U
    Correct move!
    Player 0 [name 辣子鸡] choose (6,2) move to (7 2)
    Send to player 0 [name: 辣子鸡] infomation : (0 6 2 7 2)
    Send to player 1 [name: hito wanaze kizutsu ke a tte] infomation : (0 2 4 1 4)
Step 35:
    Send to player 1 [name: hito wanaze kizutsu ke a tte] a signal: ACTION
    Receive message form player 1 [name: hito wanaze kizutsu ke a tte]: 5 3 U
    Transform message form [number: 1] [name: hito wanaze kizutsu ke a tte]: 3 3 D
    Correct move!
    Player 1 [name hito wanaze kizutsu ke a tte] choose (3,3) move to (2 3)
    Send to player 0 [name: 辣子鸡] infomation : (1 3 3 2 3)
    Send to player 1 [name: hito wanaze kizutsu ke a tte] infomation : (1 5 3 6 3)
Step 36:
    Send to player 0 [name: 辣子鸡] a signal: ACTION
    Receive message form player 0 [name: 辣子鸡]: 7 2 U
    Transform message form [number: 0] [name: 辣子鸡]: 7 2 U
    Correct move!
    Player 0 [name 辣子鸡] choose (7,2) move to (8 2)
    Send to player 0 [name: 辣子鸡] infomation : (0 7 2 8 2)
    Send to player 1 [name: hito wanaze kizutsu ke a tte] infomation : (0 1 4 0 4)
Step 37:
    Send to player 1 [name: hito wanaze kizutsu ke a tte] a signal: ACTION
    Receive message form player 1 [name: hito wanaze kizutsu ke a tte]: 6 3 U
    Transform message form [number: 1] [name: hito wanaze kizutsu ke a tte]: 2 3 D
    Correct move!
    Player 1 [name hito wanaze kizutsu ke a tte] choose (2,3) move to (1 3)
    Send to player 0 [name: 辣子鸡] infomation : (1 2 3 1 3)
    Send to player 1 [name: hito wanaze kizutsu ke a tte] infomation : (1 6 3 7 3)
Step 38:
    Send to player 0 [name: 辣子鸡] a signal: ACTION
    Receive message form player 0 [name: 辣子鸡]: 8 2 R
    Transform message form [number: 0] [name: 辣子鸡]: 8 2 R
    Correct move!
    Player 0 [name 辣子鸡] choose (8,2) move to (8 3)
    Send to player 0 [name: 辣子鸡] infomation : (0 8 2 8 3)
    Send to player 1 [name: hito wanaze kizutsu ke a tte] infomation : (0 0 4 0 3)
    The Player 0 (name 辣子鸡) win the game
Closing connections:
    Player 0 [name: 辣子鸡] connection closed succueefully
    Player 1 [name: hito wanaze kizutsu ke a tte] connection closed succueefully
Total Steps: 38
End!
