Initialization:
    Waiting to connect ...
    AI0: Vergissmeinnicht from 127.0.0.1 connected
    AI1: Good Luck My AI from 127.0.0.1 connected
    Good Luck My AI is the first player
    Vergissmeinnicht is the second player
Step 1:
    Send to player 1 [name: Good Luck My AI] a signal: ACTION
    Receive message form player 1 [name: Good Luck My AI]: 2 0 R
    Transform message form [number: 1] [name: Good Luck My AI]: 6 6 L
    Correct move!
    Player 1 [name Good Luck My AI] choose (6,6) move to (6 5)
    Send to player 0 [name: Vergissmeinnicht] infomation : (1 6 6 6 5)
    Send to player 1 [name: Good Luck My AI] infomation : (1 2 0 2 1)
Step 2:
    Send to player 0 [name: Vergissmeinnicht] a signal: ACTION
    Receive message form player 0 [name: Vergissmeinnicht]: 2 4 L
    Transform message form [number: 0] [name: Vergissmeinnicht]: 2 4 L
    Correct move!
    Player 0 [name Vergissmeinnicht] choose (2,4) move to (2 3)
    Send to player 0 [name: Vergissmeinnicht] infomation : (0 2 4 2 3)
    Send to player 1 [name: Good Luck My AI] infomation : (0 6 2 6 3)
Step 3:
    Send to player 1 [name: Good Luck My AI] a signal: ACTION
    Receive message form player 1 [name: Good Luck My AI]: 0 6 L
    Transform message form [number: 1] [name: Good Luck My AI]: 8 0 R
    Correct move!
    Player 1 [name Good Luck My AI] choose (8,0) move to (8 1)
    Send to player 0 [name: Vergissmeinnicht] infomation : (1 8 0 8 1)
    Send to player 1 [name: Good Luck My AI] infomation : (1 0 6 0 5)
Step 4:
    Send to player 0 [name: Vergissmeinnicht] a signal: ACTION
    Receive message form player 0 [name: Vergissmeinnicht]: 2 2 D
    Transform message form [number: 0] [name: Vergissmeinnicht]: 2 2 D
    Correct move!
    Player 0 [name Vergissmeinnicht] choose (2,2) move to (1 2)
    Send to player 0 [name: Vergissmeinnicht] infomation : (0 2 2 1 2)
    Send to player 1 [name: Good Luck My AI] infomation : (0 6 4 7 4)
Step 5:
    Send to player 1 [name: Good Luck My AI] a signal: ACTION
    Receive message form player 1 [name: Good Luck My AI]: 0 5 L
    Transform message form [number: 1] [name: Good Luck My AI]: 8 1 R
    Correct move!
    Player 1 [name Good Luck My AI] choose (8,1) move to (8 2)
    Send to player 0 [name: Vergissmeinnicht] infomation : (1 8 1 8 2)
    Send to player 1 [name: Good Luck My AI] infomation : (1 0 5 0 4)
Step 6:
    Send to player 0 [name: Vergissmeinnicht] a signal: ACTION
    Receive message form player 0 [name: Vergissmeinnicht]: 1 5 L
    Transform message form [number: 0] [name: Vergissmeinnicht]: 1 5 L
    Correct move!
    Player 0 [name Vergissmeinnicht] choose (1,5) move to (1 4)
    Send to player 0 [name: Vergissmeinnicht] infomation : (0 1 5 1 4)
    Send to player 1 [name: Good Luck My AI] infomation : (0 7 1 7 2)
Step 7:
    Send to player 1 [name: Good Luck My AI] a signal: ACTION
    Receive message form player 1 [name: Good Luck My AI]: 0 4 U
    Transform message form [number: 1] [name: Good Luck My AI]: 8 2 D
    Correct move!
    Player 1 [name Good Luck My AI] choose (8,2) move to (7 2)
    Send to player 0 [name: Vergissmeinnicht] infomation : (1 8 2 7 2)
    Send to player 1 [name: Good Luck My AI] infomation : (1 0 4 1 4)
Step 8:
    Send to player 0 [name: Vergissmeinnicht] a signal: ACTION
    Receive message form player 0 [name: Vergissmeinnicht]: 1 1 D
    Transform message form [number: 0] [name: Vergissmeinnicht]: 1 1 D
    Correct move!
    Player 0 [name Vergissmeinnicht] choose (1,1) move to (0 1)
    Send to player 0 [name: Vergissmeinnicht] infomation : (0 1 1 0 1)
    Send to player 1 [name: Good Luck My AI] infomation : (0 7 5 8 5)
Step 9:
    Send to player 1 [name: Good Luck My AI] a signal: ACTION
    Receive message form player 1 [name: Good Luck My AI]: 0 0 U
    Transform message form [number: 1] [name: Good Luck My AI]: 8 6 D
    Correct move!
    Player 1 [name Good Luck My AI] choose (8,6) move to (7 6)
    Send to player 0 [name: Vergissmeinnicht] infomation : (1 8 6 7 6)
    Send to player 1 [name: Good Luck My AI] infomation : (1 0 0 1 0)
Step 10:
    Send to player 0 [name: Vergissmeinnicht] a signal: ACTION
    Receive message form player 0 [name: Vergissmeinnicht]: 2 6 U
    Transform message form [number: 0] [name: Vergissmeinnicht]: 2 6 U
    Correct move!
    Player 0 [name Vergissmeinnicht] choose (2,6) move to (3 6)
    Send to player 0 [name: Vergissmeinnicht] infomation : (0 2 6 3 6)
    Send to player 1 [name: Good Luck My AI] infomation : (0 6 0 5 0)
Step 11:
    Send to player 1 [name: Good Luck My AI] a signal: ACTION
    Receive message form player 1 [name: Good Luck My AI]: 2 4 L
    Transform message form [number: 1] [name: Good Luck My AI]: 6 2 R
    Correct move!
    Player 1 [name Good Luck My AI] choose (6,2) move to (6 3)
    Send to player 0 [name: Vergissmeinnicht] infomation : (1 6 2 6 3)
    Send to player 1 [name: Good Luck My AI] infomation : (1 2 4 2 3)
Step 12:
    Send to player 0 [name: Vergissmeinnicht] a signal: ACTION
    Receive message form player 0 [name: Vergissmeinnicht]: 3 6 L
    Transform message form [number: 0] [name: Vergissmeinnicht]: 3 6 L
    Correct move!
    Player 0 [name Vergissmeinnicht] choose (3,6) move to (3 5)
    Send to player 0 [name: Vergissmeinnicht] infomation : (0 3 6 3 5)
    Send to player 1 [name: Good Luck My AI] infomation : (0 5 0 5 1)
Step 13:
    Send to player 1 [name: Good Luck My AI] a signal: ACTION
    Receive message form player 1 [name: Good Luck My AI]: 1 1 R
    Transform message form [number: 1] [name: Good Luck My AI]: 7 5 L
    Correct move!
    Player 1 [name Good Luck My AI] choose (7,5) move to (7 4)
    Send to player 0 [name: Vergissmeinnicht] infomation : (1 7 5 7 4)
    Send to player 1 [name: Good Luck My AI] infomation : (1 1 1 1 2)
Step 14:
    Send to player 0 [name: Vergissmeinnicht] a signal: ACTION
    Receive message form player 0 [name: Vergissmeinnicht]: 2 0 R
    Transform message form [number: 0] [name: Vergissmeinnicht]: 2 0 R
    Correct move!
    Player 0 [name Vergissmeinnicht] choose (2,0) move to (2 1)
    Send to player 0 [name: Vergissmeinnicht] infomation : (0 2 0 2 1)
    Send to player 1 [name: Good Luck My AI] infomation : (0 6 6 6 5)
Step 15:
    Send to player 1 [name: Good Luck My AI] a signal: ACTION
    Receive message form player 1 [name: Good Luck My AI]: 2 1 D
    Transform message form [number: 1] [name: Good Luck My AI]: 6 5 U
    Correct move!
    Player 1 [name Good Luck My AI] choose (6,5) move to (7 5)
    Send to player 0 [name: Vergissmeinnicht] infomation : (1 6 5 7 5)
    Send to player 1 [name: Good Luck My AI] infomation : (1 2 1 1 1)
Step 16:
    Send to player 0 [name: Vergissmeinnicht] a signal: ACTION
    Receive message form player 0 [name: Vergissmeinnicht]: 2 1 D
    Transform message form [number: 0] [name: Vergissmeinnicht]: 2 1 D
    Correct move!
    Player 0 [name Vergissmeinnicht] choose (2,1) move to (1 1)
    Send to player 0 [name: Vergissmeinnicht] infomation : (0 2 1 1 1)
    Send to player 1 [name: Good Luck My AI] infomation : (0 6 5 7 5)
Step 17:
    Send to player 1 [name: Good Luck My AI] a signal: ACTION
    Receive message form player 1 [name: Good Luck My AI]: 1 2 D
    Transform message form [number: 1] [name: Good Luck My AI]: 7 4 U
    Correct move!
    Player 1 [name Good Luck My AI] choose (7,4) move to (8 4)
    Send to player 0 [name: Vergissmeinnicht] infomation : (1 7 4 8 4)
    Send to player 1 [name: Good Luck My AI] infomation : (1 1 2 0 2)
Step 18:
    Send to player 0 [name: Vergissmeinnicht] a signal: ACTION
    Receive message form player 0 [name: Vergissmeinnicht]: 0 6 U
    Transform message form [number: 0] [name: Vergissmeinnicht]: 0 6 U
    Correct move!
    Player 0 [name Vergissmeinnicht] choose (0,6) move to (1 6)
    Send to player 0 [name: Vergissmeinnicht] infomation : (0 0 6 1 6)
    Send to player 1 [name: Good Luck My AI] infomation : (0 8 0 7 0)
Step 19:
    Send to player 1 [name: Good Luck My AI] a signal: ACTION
    Receive message form player 1 [name: Good Luck My AI]: 1 1 R
    Transform message form [number: 1] [name: Good Luck My AI]: 7 5 L
    Correct move!
    Player 1 [name Good Luck My AI] choose (7,5) move to (7 4)
    Send to player 0 [name: Vergissmeinnicht] infomation : (1 7 5 7 4)
    Send to player 1 [name: Good Luck My AI] infomation : (1 1 1 1 2)
Step 20:
    Send to player 0 [name: Vergissmeinnicht] a signal: ACTION
    Receive message form player 0 [name: Vergissmeinnicht]: 1 6 L
    Transform message form [number: 0] [name: Vergissmeinnicht]: 1 6 L
    Correct move!
    Player 0 [name Vergissmeinnicht] choose (1,6) move to (1 5)
    Send to player 0 [name: Vergissmeinnicht] infomation : (0 1 6 1 5)
    Send to player 1 [name: Good Luck My AI] infomation : (0 7 0 7 1)
Step 21:
    Send to player 1 [name: Good Luck My AI] a signal: ACTION
    Receive message form player 1 [name: Good Luck My AI]: 1 2 R
    Transform message form [number: 1] [name: Good Luck My AI]: 7 4 L
    Correct move!
    Player 1 [name Good Luck My AI] choose (7,4) move to (7 3)
    Send to player 0 [name: Vergissmeinnicht] infomation : (1 7 4 7 3)
    Send to player 1 [name: Good Luck My AI] infomation : (1 1 2 1 3)
Step 22:
    Send to player 0 [name: Vergissmeinnicht] a signal: ACTION
    Receive message form player 0 [name: Vergissmeinnicht]: 0 1 R
    Transform message form [number: 0] [name: Vergissmeinnicht]: 0 1 R
    Correct move!
    Player 0 [name Vergissmeinnicht] choose (0,1) move to (0 2)
    Send to player 0 [name: Vergissmeinnicht] infomation : (0 0 1 0 2)
    Send to player 1 [name: Good Luck My AI] infomation : (0 8 5 8 4)
Step 23:
    Send to player 1 [name: Good Luck My AI] a signal: ACTION
    Receive message form player 1 [name: Good Luck My AI]: 1 5 D
    Transform message form [number: 1] [name: Good Luck My AI]: 7 1 U
    Correct move!
    Player 1 [name Good Luck My AI] choose (7,1) move to (8 1)
    Send to player 0 [name: Vergissmeinnicht] infomation : (1 7 1 8 1)
    Send to player 1 [name: Good Luck My AI] infomation : (1 1 5 0 5)
Step 24:
    Send to player 0 [name: Vergissmeinnicht] a signal: ACTION
    Receive message form player 0 [name: Vergissmeinnicht]: 1 1 D
    Transform message form [number: 0] [name: Vergissmeinnicht]: 1 1 D
    Correct move!
    Player 0 [name Vergissmeinnicht] choose (1,1) move to (0 1)
    Send to player 0 [name: Vergissmeinnicht] infomation : (0 1 1 0 1)
    Send to player 1 [name: Good Luck My AI] infomation : (0 7 5 8 5)
Step 25:
    Send to player 1 [name: Good Luck My AI] a signal: ACTION
    Receive message form player 1 [name: Good Luck My AI]: 0 5 L
    Transform message form [number: 1] [name: Good Luck My AI]: 8 1 R
    Correct move!
    Player 1 [name Good Luck My AI] choose (8,1) move to (8 2)
    Send to player 0 [name: Vergissmeinnicht] infomation : (1 8 1 8 2)
    Send to player 1 [name: Good Luck My AI] infomation : (1 0 5 0 4)
Step 26:
    Send to player 0 [name: Vergissmeinnicht] a signal: ACTION
    Receive message form player 0 [name: Vergissmeinnicht]: 1 5 U
    Transform message form [number: 0] [name: Vergissmeinnicht]: 1 5 U
    Correct move!
    Player 0 [name Vergissmeinnicht] choose (1,5) move to (2 5)
    Send to player 0 [name: Vergissmeinnicht] infomation : (0 1 5 2 5)
    Send to player 1 [name: Good Luck My AI] infomation : (0 7 1 6 1)
Step 27:
    Send to player 1 [name: Good Luck My AI] a signal: ACTION
    Receive message form player 1 [name: Good Luck My AI]: 1 0 U
    Transform message form [number: 1] [name: Good Luck My AI]: 7 6 D
    Correct move!
    Player 1 [name Good Luck My AI] choose (7,6) move to (6 6)
    Send to player 0 [name: Vergissmeinnicht] infomation : (1 7 6 6 6)
    Send to player 1 [name: Good Luck My AI] infomation : (1 1 0 2 0)
Step 28:
    Send to player 0 [name: Vergissmeinnicht] a signal: ACTION
    Receive message form player 0 [name: Vergissmeinnicht]: 2 5 L
    Transform message form [number: 0] [name: Vergissmeinnicht]: 2 5 L
    Correct move!
    Player 0 [name Vergissmeinnicht] choose (2,5) move to (2 4)
    Send to player 0 [name: Vergissmeinnicht] infomation : (0 2 5 2 4)
    Send to player 1 [name: Good Luck My AI] infomation : (0 6 1 6 2)
Step 29:
    Send to player 1 [name: Good Luck My AI] a signal: ACTION
    Receive message form player 1 [name: Good Luck My AI]: 1 4 U
    Transform message form [number: 1] [name: Good Luck My AI]: 7 2 D
    Correct move!
    Player 1 [name Good Luck My AI] choose (7,2) move to (6 2)
    Send to player 0 [name: Vergissmeinnicht] infomation : (1 7 2 6 2)
    Send to player 1 [name: Good Luck My AI] infomation : (1 1 4 2 4)
Step 30:
    Send to player 0 [name: Vergissmeinnicht] a signal: ACTION
    Receive message form player 0 [name: Vergissmeinnicht]: 2 4 U
    Transform message form [number: 0] [name: Vergissmeinnicht]: 2 4 U
    Correct move!
    Player 0 [name Vergissmeinnicht] choose (2,4) move to (6 4)
    Send to player 0 [name: Vergissmeinnicht] infomation : (0 2 4 6 4)
    Send to player 1 [name: Good Luck My AI] infomation : (0 6 2 2 2)
Step 31:
    Send to player 1 [name: Good Luck My AI] a signal: ACTION
    Receive message form player 1 [name: Good Luck My AI]: 2 3 U
    Transform message form [number: 1] [name: Good Luck My AI]: 6 3 D
    Correct move!
    Player 1 [name Good Luck My AI] choose (6,3) move to (5 3)
    Send to player 0 [name: Vergissmeinnicht] infomation : (1 6 3 5 3)
    Send to player 1 [name: Good Luck My AI] infomation : (1 2 3 3 3)
Step 32:
    Send to player 0 [name: Vergissmeinnicht] a signal: ACTION
    Receive message form player 0 [name: Vergissmeinnicht]: 6 4 U
    Transform message form [number: 0] [name: Vergissmeinnicht]: 6 4 U
    Correct move!
    Player 0 [name Vergissmeinnicht] choose (6,4) move to (7 4)
    Send to player 0 [name: Vergissmeinnicht] infomation : (0 6 4 7 4)
    Send to player 1 [name: Good Luck My AI] infomation : (0 2 2 1 2)
Step 33:
    Send to player 1 [name: Good Luck My AI] a signal: ACTION
    Receive message form player 1 [name: Good Luck My AI]: 1 3 L
    Transform message form [number: 1] [name: Good Luck My AI]: 7 3 R
    Correct move!
    Player 1 [name Good Luck My AI] choose (7,3) move to (7 4)
    Send to player 0 [name: Vergissmeinnicht] infomation : (1 7 3 7 4)
    Send to player 1 [name: Good Luck My AI] infomation : (1 1 3 1 2)
Step 34:
    Send to player 0 [name: Vergissmeinnicht] a signal: ACTION
    Receive message form player 0 [name: Vergissmeinnicht]: 3 5 L
    Transform message form [number: 0] [name: Vergissmeinnicht]: 3 5 L
    Correct move!
    Player 0 [name Vergissmeinnicht] choose (3,5) move to (3 4)
    Send to player 0 [name: Vergissmeinnicht] infomation : (0 3 5 3 4)
    Send to player 1 [name: Good Luck My AI] infomation : (0 5 1 5 2)
Step 35:
    Send to player 1 [name: Good Luck My AI] a signal: ACTION
    Receive message form player 1 [name: Good Luck My AI]: 1 2 R
    Transform message form [number: 1] [name: Good Luck My AI]: 7 4 L
    Correct move!
    Player 1 [name Good Luck My AI] choose (7,4) move to (7 3)
    Send to player 0 [name: Vergissmeinnicht] infomation : (1 7 4 7 3)
    Send to player 1 [name: Good Luck My AI] infomation : (1 1 2 1 3)
Step 36:
    Send to player 0 [name: Vergissmeinnicht] a signal: ACTION
    Receive message form player 0 [name: Vergissmeinnicht]: 3 4 R
    Transform message form [number: 0] [name: Vergissmeinnicht]: 3 4 R
    Correct move!
    Player 0 [name Vergissmeinnicht] choose (3,4) move to (3 5)
    Send to player 0 [name: Vergissmeinnicht] infomation : (0 3 4 3 5)
    Send to player 1 [name: Good Luck My AI] infomation : (0 5 2 5 1)
Step 37:
    Send to player 1 [name: Good Luck My AI] a signal: ACTION
    Receive message form player 1 [name: Good Luck My AI]: 2 4 U
    Transform message form [number: 1] [name: Good Luck My AI]: 6 2 D
    Correct move!
    Player 1 [name Good Luck My AI] choose (6,2) move to (2 2)
    Send to player 0 [name: Vergissmeinnicht] infomation : (1 6 2 2 2)
    Send to player 1 [name: Good Luck My AI] infomation : (1 2 4 6 4)
Step 38:
    Send to player 0 [name: Vergissmeinnicht] a signal: ACTION
    Receive message form player 0 [name: Vergissmeinnicht]: 3 5 L
    Transform message form [number: 0] [name: Vergissmeinnicht]: 3 5 L
    Correct move!
    Player 0 [name Vergissmeinnicht] choose (3,5) move to (3 4)
    Send to player 0 [name: Vergissmeinnicht] infomation : (0 3 5 3 4)
    Send to player 1 [name: Good Luck My AI] infomation : (0 5 1 5 2)
Step 39:
    Send to player 1 [name: Good Luck My AI] a signal: ACTION
    Receive message form player 1 [name: Good Luck My AI]: 6 4 L
    Transform message form [number: 1] [name: Good Luck My AI]: 2 2 R
    Correct move!
    Player 1 [name Good Luck My AI] choose (2,2) move to (2 3)
    Send to player 0 [name: Vergissmeinnicht] infomation : (1 2 2 2 3)
    Send to player 1 [name: Good Luck My AI] infomation : (1 6 4 6 3)
Step 40:
    Send to player 0 [name: Vergissmeinnicht] a signal: ACTION
    Receive message form player 0 [name: Vergissmeinnicht]: 3 4 R
    Transform message form [number: 0] [name: Vergissmeinnicht]: 3 4 R
    Correct move!
    Player 0 [name Vergissmeinnicht] choose (3,4) move to (3 5)
    Send to player 0 [name: Vergissmeinnicht] infomation : (0 3 4 3 5)
    Send to player 1 [name: Good Luck My AI] infomation : (0 5 2 5 1)
Step 41:
    Send to player 1 [name: Good Luck My AI] a signal: ACTION
    Receive message form player 1 [name: Good Luck My AI]: 6 3 L
    Transform message form [number: 1] [name: Good Luck My AI]: 2 3 R
    Correct move!
    Player 1 [name Good Luck My AI] choose (2,3) move to (2 4)
    Send to player 0 [name: Vergissmeinnicht] infomation : (1 2 3 2 4)
    Send to player 1 [name: Good Luck My AI] infomation : (1 6 3 6 2)
Step 42:
    Send to player 0 [name: Vergissmeinnicht] a signal: ACTION
    Receive message form player 0 [name: Vergissmeinnicht]: 3 5 L
    Transform message form [number: 0] [name: Vergissmeinnicht]: 3 5 L
    Correct move!
    Player 0 [name Vergissmeinnicht] choose (3,5) move to (3 4)
    Send to player 0 [name: Vergissmeinnicht] infomation : (0 3 5 3 4)
    Send to player 1 [name: Good Luck My AI] infomation : (0 5 1 5 2)
Step 43:
    Send to player 1 [name: Good Luck My AI] a signal: ACTION
    Receive message form player 1 [name: Good Luck My AI]: 6 2 U
    Transform message form [number: 1] [name: Good Luck My AI]: 2 4 D
    Correct move!
    Player 1 [name Good Luck My AI] choose (2,4) move to (1 4)
    Send to player 0 [name: Vergissmeinnicht] infomation : (1 2 4 1 4)
    Send to player 1 [name: Good Luck My AI] infomation : (1 6 2 7 2)
Step 44:
    Send to player 0 [name: Vergissmeinnicht] a signal: ACTION
    Receive message form player 0 [name: Vergissmeinnicht]: 3 4 R
    Transform message form [number: 0] [name: Vergissmeinnicht]: 3 4 R
    Correct move!
    Player 0 [name Vergissmeinnicht] choose (3,4) move to (3 5)
    Send to player 0 [name: Vergissmeinnicht] infomation : (0 3 4 3 5)
    Send to player 1 [name: Good Luck My AI] infomation : (0 5 2 5 1)
Step 45:
    Send to player 1 [name: Good Luck My AI] a signal: ACTION
    Receive message form player 1 [name: Good Luck My AI]: 7 2 U
    Transform message form [number: 1] [name: Good Luck My AI]: 1 4 D
    Correct move!
    Player 1 [name Good Luck My AI] choose (1,4) move to (0 4)
    Send to player 0 [name: Vergissmeinnicht] infomation : (1 1 4 0 4)
    Send to player 1 [name: Good Luck My AI] infomation : (1 7 2 8 2)
Step 46:
    Send to player 0 [name: Vergissmeinnicht] a signal: ACTION
    Receive message form player 0 [name: Vergissmeinnicht]: 3 5 L
    Transform message form [number: 0] [name: Vergissmeinnicht]: 3 5 L
    Correct move!
    Player 0 [name Vergissmeinnicht] choose (3,5) move to (3 4)
    Send to player 0 [name: Vergissmeinnicht] infomation : (0 3 5 3 4)
    Send to player 1 [name: Good Luck My AI] infomation : (0 5 1 5 2)
Step 47:
    Send to player 1 [name: Good Luck My AI] a signal: ACTION
    Receive message form player 1 [name: Good Luck My AI]: 8 2 R
    Transform message form [number: 1] [name: Good Luck My AI]: 0 4 L
    Correct move!
    Player 1 [name Good Luck My AI] choose (0,4) move to (0 3)
    Send to player 0 [name: Vergissmeinnicht] infomation : (1 0 4 0 3)
    Send to player 1 [name: Good Luck My AI] infomation : (1 8 2 8 3)
    The Player 1 (name Good Luck My AI) win the game
Closing connections:
    Player 0 [name: Vergissmeinnicht] connection closed succueefully
    Player 1 [name: Good Luck My AI] connection closed succueefully
Total Steps: 47
End!
