Initialization:
    Waiting to connect ...
    AI0: V from 127.0.0.1 connected
    AI1: balala from 127.0.0.1 connected
    V is the first player
    balala is the second player
Step 1:
    Send to player 0 [name: V] a signal: ACTION
    Receive message form player 0 [name: V]: 1 1 D
    Transform message form [number: 0] [name: V]: 1 1 D
    Correct move!
    Player 0 [name V] choose (1,1) move to (0 1)
    Send to player 0 [name: V] infomation : (0 1 1 0 1)
    Send to player 1 [name: balala] infomation : (0 7 5 8 5)
Step 2:
    Send to player 1 [name: balala] a signal: ACTION
    Receive message form player 1 [name: balala]: 1 5 L
    Transform message form [number: 1] [name: balala]: 7 1 R
    Correct move!
    Player 1 [name balala] choose (7,1) move to (7 2)
    Send to player 0 [name: V] infomation : (1 7 1 7 2)
    Send to player 1 [name: balala] infomation : (1 1 5 1 4)
Step 3:
    Send to player 0 [name: V] a signal: ACTION
    Receive message form player 0 [name: V]: 0 1 R
    Transform message form [number: 0] [name: V]: 0 1 R
    Correct move!
    Player 0 [name V] choose (0,1) move to (0 2)
    Send to player 0 [name: V] infomation : (0 0 1 0 2)
    Send to player 1 [name: balala] infomation : (0 8 5 8 4)
Step 4:
    Send to player 1 [name: balala] a signal: ACTION
    Receive message form player 1 [name: balala]: 1 4 L
    Transform message form [number: 1] [name: balala]: 7 2 R
    Correct move!
    Player 1 [name balala] choose (7,2) move to (7 3)
    Send to player 0 [name: V] infomation : (1 7 2 7 3)
    Send to player 1 [name: balala] infomation : (1 1 4 1 3)
Step 5:
    Send to player 0 [name: V] a signal: ACTION
    Receive message form player 0 [name: V]: 2 0 D
    Transform message form [number: 0] [name: V]: 2 0 D
    Correct move!
    Player 0 [name V] choose (2,0) move to (1 0)
    Send to player 0 [name: V] infomation : (0 2 0 1 0)
    Send to player 1 [name: balala] infomation : (0 6 6 7 6)
Step 6:
    Send to player 1 [name: balala] a signal: ACTION
    Receive message form player 1 [name: balala]: 1 3 L
    Transform message form [number: 1] [name: balala]: 7 3 R
    Correct move!
    Player 1 [name balala] choose (7,3) move to (7 4)
    Send to player 0 [name: V] infomation : (1 7 3 7 4)
    Send to player 1 [name: balala] infomation : (1 1 3 1 2)
Step 7:
    Send to player 0 [name: V] a signal: ACTION
    Receive message form player 0 [name: V]: 1 0 R
    Transform message form [number: 0] [name: V]: 1 0 R
    Correct move!
    Player 0 [name V] choose (1,0) move to (1 1)
    Send to player 0 [name: V] infomation : (0 1 0 1 1)
    Send to player 1 [name: balala] infomation : (0 7 6 7 5)
Step 8:
    Send to player 1 [name: balala] a signal: ACTION
    Receive message form player 1 [name: balala]: 1 2 R
    Transform message form [number: 1] [name: balala]: 7 4 L
    Correct move!
    Player 1 [name balala] choose (7,4) move to (7 3)
    Send to player 0 [name: V] infomation : (1 7 4 7 3)
    Send to player 1 [name: balala] infomation : (1 1 2 1 3)
Step 9:
    Send to player 0 [name: V] a signal: ACTION
    Receive message form player 0 [name: V]: 1 1 R
    Transform message form [number: 0] [name: V]: 1 1 R
    Correct move!
    Player 0 [name V] choose (1,1) move to (1 2)
    Send to player 0 [name: V] infomation : (0 1 1 1 2)
    Send to player 1 [name: balala] infomation : (0 7 5 7 4)
Step 10:
    Send to player 1 [name: balala] a signal: ACTION
    Receive message form player 1 [name: balala]: 1 3 L
    Transform message form [number: 1] [name: balala]: 7 3 R
    Correct move!
    Player 1 [name balala] choose (7,3) move to (7 4)
    Send to player 0 [name: V] infomation : (1 7 3 7 4)
    Send to player 1 [name: balala] infomation : (1 1 3 1 2)
Step 11:
    Send to player 0 [name: V] a signal: ACTION
    Receive message form player 0 [name: V]: 1 2 R
    Transform message form [number: 0] [name: V]: 1 2 R
    Correct move!
    Player 0 [name V] choose (1,2) move to (1 3)
    Send to player 0 [name: V] infomation : (0 1 2 1 3)
    Send to player 1 [name: balala] infomation : (0 7 4 7 3)
Step 12:
    Send to player 1 [name: balala] a signal: ACTION
    Receive message form player 1 [name: balala]: 1 2 R
    Transform message form [number: 1] [name: balala]: 7 4 L
    Correct move!
    Player 1 [name balala] choose (7,4) move to (7 3)
    Send to player 0 [name: V] infomation : (1 7 4 7 3)
    Send to player 1 [name: balala] infomation : (1 1 2 1 3)
Step 13:
    Send to player 0 [name: V] a signal: ACTION
    Receive message form player 0 [name: V]: 2 4 D
    Transform message form [number: 0] [name: V]: 2 4 D
    Correct move!
    Player 0 [name V] choose (2,4) move to (1 4)
    Send to player 0 [name: V] infomation : (0 2 4 1 4)
    Send to player 1 [name: balala] infomation : (0 6 2 7 2)
Step 14:
    Send to player 1 [name: balala] a signal: ACTION
    Receive message form player 1 [name: balala]: 1 3 L
    Transform message form [number: 1] [name: balala]: 7 3 R
    Correct move!
    Player 1 [name balala] choose (7,3) move to (7 4)
    Send to player 0 [name: V] infomation : (1 7 3 7 4)
    Send to player 1 [name: balala] infomation : (1 1 3 1 2)
Step 15:
    Send to player 0 [name: V] a signal: ACTION
    Receive message form player 0 [name: V]: 1 4 D
    Transform message form [number: 0] [name: V]: 1 4 D
    Correct move!
    Player 0 [name V] choose (1,4) move to (0 4)
    Send to player 0 [name: V] infomation : (0 1 4 0 4)
    Send to player 1 [name: balala] infomation : (0 7 2 8 2)
Step 16:
    Send to player 1 [name: balala] a signal: ACTION
    Receive message form player 1 [name: balala]: 1 2 R
    Transform message form [number: 1] [name: balala]: 7 4 L
    Correct move!
    Player 1 [name balala] choose (7,4) move to (7 3)
    Send to player 0 [name: V] infomation : (1 7 4 7 3)
    Send to player 1 [name: balala] infomation : (1 1 2 1 3)
Step 17:
    Send to player 0 [name: V] a signal: ACTION
    Receive message form player 0 [name: V]: 2 6 L
    Transform message form [number: 0] [name: V]: 2 6 L
    Correct move!
    Player 0 [name V] choose (2,6) move to (2 5)
    Send to player 0 [name: V] infomation : (0 2 6 2 5)
    Send to player 1 [name: balala] infomation : (0 6 0 6 1)
Step 18:
    Send to player 1 [name: balala] a signal: ACTION
    Receive message form player 1 [name: balala]: 1 3 L
    Transform message form [number: 1] [name: balala]: 7 3 R
    Correct move!
    Player 1 [name balala] choose (7,3) move to (7 4)
    Send to player 0 [name: V] infomation : (1 7 3 7 4)
    Send to player 1 [name: balala] infomation : (1 1 3 1 2)
Step 19:
    Send to player 0 [name: V] a signal: ACTION
    Receive message form player 0 [name: V]: 0 0 U
    Transform message form [number: 0] [name: V]: 0 0 U
    Correct move!
    Player 0 [name V] choose (0,0) move to (1 0)
    Send to player 0 [name: V] infomation : (0 0 0 1 0)
    Send to player 1 [name: balala] infomation : (0 8 6 7 6)
Step 20:
    Send to player 1 [name: balala] a signal: ACTION
    Receive message form player 1 [name: balala]: 1 2 R
    Transform message form [number: 1] [name: balala]: 7 4 L
    Correct move!
    Player 1 [name balala] choose (7,4) move to (7 3)
    Send to player 0 [name: V] infomation : (1 7 4 7 3)
    Send to player 1 [name: balala] infomation : (1 1 2 1 3)
Step 21:
    Send to player 0 [name: V] a signal: ACTION
    Receive message form player 0 [name: V]: 1 0 U
    Transform message form [number: 0] [name: V]: 1 0 U
    Correct move!
    Player 0 [name V] choose (1,0) move to (2 0)
    Send to player 0 [name: V] infomation : (0 1 0 2 0)
    Send to player 1 [name: balala] infomation : (0 7 6 6 6)
Step 22:
    Send to player 1 [name: balala] a signal: ACTION
    Receive message form player 1 [name: balala]: 1 3 L
    Transform message form [number: 1] [name: balala]: 7 3 R
    Correct move!
    Player 1 [name balala] choose (7,3) move to (7 4)
    Send to player 0 [name: V] infomation : (1 7 3 7 4)
    Send to player 1 [name: balala] infomation : (1 1 3 1 2)
Step 23:
    Send to player 0 [name: V] a signal: ACTION
    Receive message form player 0 [name: V]: 2 0 U
    Transform message form [number: 0] [name: V]: 2 0 U
    Correct move!
    Player 0 [name V] choose (2,0) move to (3 0)
    Send to player 0 [name: V] infomation : (0 2 0 3 0)
    Send to player 1 [name: balala] infomation : (0 6 6 5 6)
Step 24:
    Send to player 1 [name: balala] a signal: ACTION
    Receive message form player 1 [name: balala]: 1 2 R
    Transform message form [number: 1] [name: balala]: 7 4 L
    Correct move!
    Player 1 [name balala] choose (7,4) move to (7 3)
    Send to player 0 [name: V] infomation : (1 7 4 7 3)
    Send to player 1 [name: balala] infomation : (1 1 2 1 3)
Step 25:
    Send to player 0 [name: V] a signal: ACTION
    Receive message form player 0 [name: V]: 3 0 U
    Transform message form [number: 0] [name: V]: 3 0 U
    Correct move!
    Player 0 [name V] choose (3,0) move to (4 0)
    Send to player 0 [name: V] infomation : (0 3 0 4 0)
    Send to player 1 [name: balala] infomation : (0 5 6 4 6)
Step 26:
    Send to player 1 [name: balala] a signal: ACTION
    Receive message form player 1 [name: balala]: 1 3 L
    Transform message form [number: 1] [name: balala]: 7 3 R
    Correct move!
    Player 1 [name balala] choose (7,3) move to (7 4)
    Send to player 0 [name: V] infomation : (1 7 3 7 4)
    Send to player 1 [name: balala] infomation : (1 1 3 1 2)
Step 27:
    Send to player 0 [name: V] a signal: ACTION
    Receive message form player 0 [name: V]: 4 0 U
    Transform message form [number: 0] [name: V]: 4 0 U
    Correct move!
    Player 0 [name V] choose (4,0) move to (5 0)
    Send to player 0 [name: V] infomation : (0 4 0 5 0)
    Send to player 1 [name: balala] infomation : (0 4 6 3 6)
Step 28:
    Send to player 1 [name: balala] a signal: ACTION
    Receive message form player 1 [name: balala]: 2 6 D
    Transform message form [number: 1] [name: balala]: 6 0 U
    Correct move!
    Player 1 [name balala] choose (6,0) move to (7 0)
    Send to player 0 [name: V] infomation : (1 6 0 7 0)
    Send to player 1 [name: balala] infomation : (1 2 6 1 6)
Step 29:
    Send to player 0 [name: V] a signal: ACTION
    Receive message form player 0 [name: V]: 5 0 U
    Transform message form [number: 0] [name: V]: 5 0 U
    Correct move!
    Player 0 [name V] choose (5,0) move to (6 0)
    Send to player 0 [name: V] infomation : (0 5 0 6 0)
    Send to player 1 [name: balala] infomation : (0 3 6 2 6)
Step 30:
    Send to player 1 [name: balala] a signal: ACTION
    Receive message form player 1 [name: balala]: 1 2 R
    Transform message form [number: 1] [name: balala]: 7 4 L
    Correct move!
    Player 1 [name balala] choose (7,4) move to (7 3)
    Send to player 0 [name: V] infomation : (1 7 4 7 3)
    Send to player 1 [name: balala] infomation : (1 1 2 1 3)
Step 31:
    Send to player 0 [name: V] a signal: ACTION
    Receive message form player 0 [name: V]: 6 0 U
    Transform message form [number: 0] [name: V]: 6 0 U
    Correct move!
    Player 0 [name V] choose (6,0) move to (7 0)
    Send to player 0 [name: V] infomation : (0 6 0 7 0)
    Send to player 1 [name: balala] infomation : (0 2 6 1 6)
Step 32:
    Send to player 1 [name: balala] a signal: ACTION
    Receive message form player 1 [name: balala]: 0 6 U
    Transform message form [number: 1] [name: balala]: 8 0 D
    Correct move!
    Player 1 [name balala] choose (8,0) move to (7 0)
    Send to player 0 [name: V] infomation : (1 8 0 7 0)
    Send to player 1 [name: balala] infomation : (1 0 6 1 6)
Step 33:
    Send to player 0 [name: V] a signal: ACTION
    Receive message form player 0 [name: V]: 0 6 U
    Transform message form [number: 0] [name: V]: 0 6 U
    Correct move!
    Player 0 [name V] choose (0,6) move to (1 6)
    Send to player 0 [name: V] infomation : (0 0 6 1 6)
    Send to player 1 [name: balala] infomation : (0 8 0 7 0)
Step 34:
    Send to player 1 [name: balala] a signal: ACTION
    Receive message form player 1 [name: balala]: 1 3 L
    Transform message form [number: 1] [name: balala]: 7 3 R
    Correct move!
    Player 1 [name balala] choose (7,3) move to (7 4)
    Send to player 0 [name: V] infomation : (1 7 3 7 4)
    Send to player 1 [name: balala] infomation : (1 1 3 1 2)
Step 35:
    Send to player 0 [name: V] a signal: ACTION
    Receive message form player 0 [name: V]: 1 6 U
    Transform message form [number: 0] [name: V]: 1 6 U
    Correct move!
    Player 0 [name V] choose (1,6) move to (2 6)
    Send to player 0 [name: V] infomation : (0 1 6 2 6)
    Send to player 1 [name: balala] infomation : (0 7 0 6 0)
Step 36:
    Send to player 1 [name: balala] a signal: ACTION
    Receive message form player 1 [name: balala]: 1 2 R
    Transform message form [number: 1] [name: balala]: 7 4 L
    Correct move!
    Player 1 [name balala] choose (7,4) move to (7 3)
    Send to player 0 [name: V] infomation : (1 7 4 7 3)
    Send to player 1 [name: balala] infomation : (1 1 2 1 3)
Step 37:
    Send to player 0 [name: V] a signal: ACTION
    Receive message form player 0 [name: V]: 2 6 U
    Transform message form [number: 0] [name: V]: 2 6 U
    Correct move!
    Player 0 [name V] choose (2,6) move to (3 6)
    Send to player 0 [name: V] infomation : (0 2 6 3 6)
    Send to player 1 [name: balala] infomation : (0 6 0 5 0)
Step 38:
    Send to player 1 [name: balala] a signal: ACTION
    Receive message form player 1 [name: balala]: 1 3 L
    Transform message form [number: 1] [name: balala]: 7 3 R
    Correct move!
    Player 1 [name balala] choose (7,3) move to (7 4)
    Send to player 0 [name: V] infomation : (1 7 3 7 4)
    Send to player 1 [name: balala] infomation : (1 1 3 1 2)
Step 39:
    Send to player 0 [name: V] a signal: ACTION
    Receive message form player 0 [name: V]: 3 6 U
    Transform message form [number: 0] [name: V]: 3 6 U
    Correct move!
    Player 0 [name V] choose (3,6) move to (4 6)
    Send to player 0 [name: V] infomation : (0 3 6 4 6)
    Send to player 1 [name: balala] infomation : (0 5 0 4 0)
Step 40:
    Send to player 1 [name: balala] a signal: ACTION
    Receive message form player 1 [name: balala]: 1 2 R
    Transform message form [number: 1] [name: balala]: 7 4 L
    Correct move!
    Player 1 [name balala] choose (7,4) move to (7 3)
    Send to player 0 [name: V] infomation : (1 7 4 7 3)
    Send to player 1 [name: balala] infomation : (1 1 2 1 3)
Step 41:
    Send to player 0 [name: V] a signal: ACTION
    Receive message form player 0 [name: V]: 4 6 U
    Transform message form [number: 0] [name: V]: 4 6 U
    Correct move!
    Player 0 [name V] choose (4,6) move to (5 6)
    Send to player 0 [name: V] infomation : (0 4 6 5 6)
    Send to player 1 [name: balala] infomation : (0 4 0 3 0)
Step 42:
    Send to player 1 [name: balala] a signal: ACTION
    Receive message form player 1 [name: balala]: 2 0 U
    Transform message form [number: 1] [name: balala]: 6 6 D
    Correct move!
    Player 1 [name balala] choose (6,6) move to (5 6)
    Send to player 0 [name: V] infomation : (1 6 6 5 6)
    Send to player 1 [name: balala] infomation : (1 2 0 3 0)
Step 43:
    Send to player 0 [name: V] a signal: ACTION
    Receive message form player 0 [name: V]: 1 5 R
    Transform message form [number: 0] [name: V]: 1 5 R
    Correct move!
    Player 0 [name V] choose (1,5) move to (1 6)
    Send to player 0 [name: V] infomation : (0 1 5 1 6)
    Send to player 1 [name: balala] infomation : (0 7 1 7 0)
Step 44:
    Send to player 1 [name: balala] a signal: ACTION
    Receive message form player 1 [name: balala]: 1 3 L
    Transform message form [number: 1] [name: balala]: 7 3 R
    Correct move!
    Player 1 [name balala] choose (7,3) move to (7 4)
    Send to player 0 [name: V] infomation : (1 7 3 7 4)
    Send to player 1 [name: balala] infomation : (1 1 3 1 2)
Step 45:
    Send to player 0 [name: V] a signal: ACTION
    Receive message form player 0 [name: V]: 1 6 U
    Transform message form [number: 0] [name: V]: 1 6 U
    Correct move!
    Player 0 [name V] choose (1,6) move to (2 6)
    Send to player 0 [name: V] infomation : (0 1 6 2 6)
    Send to player 1 [name: balala] infomation : (0 7 0 6 0)
Step 46:
    Send to player 1 [name: balala] a signal: ACTION
    Receive message form player 1 [name: balala]: 1 6 L
    Transform message form [number: 1] [name: balala]: 7 0 R
    Correct move!
    Player 1 [name balala] choose (7,0) move to (7 1)
    Send to player 0 [name: V] infomation : (1 7 0 7 1)
    Send to player 1 [name: balala] infomation : (1 1 6 1 5)
Step 47:
    Send to player 0 [name: V] a signal: ACTION
    Receive message form player 0 [name: V]: 2 6 U
    Transform message form [number: 0] [name: V]: 2 6 U
    Correct move!
    Player 0 [name V] choose (2,6) move to (3 6)
    Send to player 0 [name: V] infomation : (0 2 6 3 6)
    Send to player 1 [name: balala] infomation : (0 6 0 5 0)
Step 48:
    Send to player 1 [name: balala] a signal: ACTION
    Receive message form player 1 [name: balala]: 1 5 R
    Transform message form [number: 1] [name: balala]: 7 1 L
    Correct move!
    Player 1 [name balala] choose (7,1) move to (7 0)
    Send to player 0 [name: V] infomation : (1 7 1 7 0)
    Send to player 1 [name: balala] infomation : (1 1 5 1 6)
Step 49:
    Send to player 0 [name: V] a signal: ACTION
    Receive message form player 0 [name: V]: 3 6 U
    Transform message form [number: 0] [name: V]: 3 6 U
    Correct move!
    Player 0 [name V] choose (3,6) move to (4 6)
    Send to player 0 [name: V] infomation : (0 3 6 4 6)
    Send to player 1 [name: balala] infomation : (0 5 0 4 0)
Step 50:
    Send to player 1 [name: balala] a signal: ACTION
    Receive message form player 1 [name: balala]: 3 0 U
    Transform message form [number: 1] [name: balala]: 5 6 D
    Correct move!
    Player 1 [name balala] choose (5,6) move to (4 6)
    Send to player 0 [name: V] infomation : (1 5 6 4 6)
    Send to player 1 [name: balala] infomation : (1 3 0 4 0)
Step 51:
    Send to player 0 [name: V] a signal: ACTION
    Receive message form player 0 [name: V]: 2 5 R
    Transform message form [number: 0] [name: V]: 2 5 R
    Correct move!
    Player 0 [name V] choose (2,5) move to (2 6)
    Send to player 0 [name: V] infomation : (0 2 5 2 6)
    Send to player 1 [name: balala] infomation : (0 6 1 6 0)
Step 52:
    Send to player 1 [name: balala] a signal: ACTION
    Receive message form player 1 [name: balala]: 1 6 L
    Transform message form [number: 1] [name: balala]: 7 0 R
    Correct move!
    Player 1 [name balala] choose (7,0) move to (7 1)
    Send to player 0 [name: V] infomation : (1 7 0 7 1)
    Send to player 1 [name: balala] infomation : (1 1 6 1 5)
Step 53:
    Send to player 0 [name: V] a signal: ACTION
    Receive message form player 0 [name: V]: 2 6 U
    Transform message form [number: 0] [name: V]: 2 6 U
    Correct move!
    Player 0 [name V] choose (2,6) move to (3 6)
    Send to player 0 [name: V] infomation : (0 2 6 3 6)
    Send to player 1 [name: balala] infomation : (0 6 0 5 0)
Step 54:
    Send to player 1 [name: balala] a signal: ACTION
    Receive message form player 1 [name: balala]: 4 0 D
    Transform message form [number: 1] [name: balala]: 4 6 U
    Correct move!
    Player 1 [name balala] choose (4,6) move to (5 6)
    Send to player 0 [name: V] infomation : (1 4 6 5 6)
    Send to player 1 [name: balala] infomation : (1 4 0 3 0)
Step 55:
    Send to player 0 [name: V] a signal: ACTION
    Receive message form player 0 [name: V]: 3 6 U
    Transform message form [number: 0] [name: V]: 3 6 U
    Correct move!
    Player 0 [name V] choose (3,6) move to (4 6)
    Send to player 0 [name: V] infomation : (0 3 6 4 6)
    Send to player 1 [name: balala] infomation : (0 5 0 4 0)
Step 56:
    Send to player 1 [name: balala] a signal: ACTION
    Receive message form player 1 [name: balala]: 3 0 D
    Transform message form [number: 1] [name: balala]: 5 6 U
    Correct move!
    Player 1 [name balala] choose (5,6) move to (6 6)
    Send to player 0 [name: V] infomation : (1 5 6 6 6)
    Send to player 1 [name: balala] infomation : (1 3 0 2 0)
Step 57:
    Send to player 0 [name: V] a signal: ACTION
    Receive message form player 0 [name: V]: 4 6 U
    Transform message form [number: 0] [name: V]: 4 6 U
    Correct move!
    Player 0 [name V] choose (4,6) move to (5 6)
    Send to player 0 [name: V] infomation : (0 4 6 5 6)
    Send to player 1 [name: balala] infomation : (0 4 0 3 0)
Step 58:
    Send to player 1 [name: balala] a signal: ACTION
    Receive message form player 1 [name: balala]: 2 0 D
    Transform message form [number: 1] [name: balala]: 6 6 U
    Correct move!
    Player 1 [name balala] choose (6,6) move to (7 6)
    Send to player 0 [name: V] infomation : (1 6 6 7 6)
    Send to player 1 [name: balala] infomation : (1 2 0 1 0)
Step 59:
    Send to player 0 [name: V] a signal: ACTION
    Receive message form player 0 [name: V]: 5 6 U
    Transform message form [number: 0] [name: V]: 5 6 U
    Correct move!
    Player 0 [name V] choose (5,6) move to (6 6)
    Send to player 0 [name: V] infomation : (0 5 6 6 6)
    Send to player 1 [name: balala] infomation : (0 3 0 2 0)
Step 60:
    Send to player 1 [name: balala] a signal: ACTION
    Receive message form player 1 [name: balala]: 1 5 R
    Transform message form [number: 1] [name: balala]: 7 1 L
    Correct move!
    Player 1 [name balala] choose (7,1) move to (7 0)
    Send to player 0 [name: V] infomation : (1 7 1 7 0)
    Send to player 1 [name: balala] infomation : (1 1 5 1 6)
Step 61:
    Send to player 0 [name: V] a signal: ACTION
    Receive message form player 0 [name: V]: 6 6 U
    Transform message form [number: 0] [name: V]: 6 6 U
    Correct move!
    Player 0 [name V] choose (6,6) move to (7 6)
    Send to player 0 [name: V] infomation : (0 6 6 7 6)
    Send to player 1 [name: balala] infomation : (0 2 0 1 0)
Step 62:
    Send to player 1 [name: balala] a signal: ACTION
    Receive message form player 1 [name: balala]: 0 0 U
    Transform message form [number: 1] [name: balala]: 8 6 D
    Correct move!
    Player 1 [name balala] choose (8,6) move to (7 6)
    Send to player 0 [name: V] infomation : (1 8 6 7 6)
    Send to player 1 [name: balala] infomation : (1 0 0 1 0)
Step 63:
    Send to player 0 [name: V] a signal: ACTION
    Receive message form player 0 [name: V]: 2 2 R
    Transform message form [number: 0] [name: V]: 2 2 R
    Correct move!
    Player 0 [name V] choose (2,2) move to (2 3)
    Send to player 0 [name: V] infomation : (0 2 2 2 3)
    Send to player 1 [name: balala] infomation : (0 6 4 6 3)
Step 64:
    Send to player 1 [name: balala] a signal: ACTION
    Receive message form player 1 [name: balala]: 1 6 L
    Transform message form [number: 1] [name: balala]: 7 0 R
    Correct move!
    Player 1 [name balala] choose (7,0) move to (7 1)
    Send to player 0 [name: V] infomation : (1 7 0 7 1)
    Send to player 1 [name: balala] infomation : (1 1 6 1 5)
Step 65:
    Send to player 0 [name: V] a signal: ACTION
    Receive message form player 0 [name: V]: 2 3 U
    Transform message form [number: 0] [name: V]: 2 3 U
    Correct move!
    Player 0 [name V] choose (2,3) move to (3 3)
    Send to player 0 [name: V] infomation : (0 2 3 3 3)
    Send to player 1 [name: balala] infomation : (0 6 3 5 3)
Step 66:
    Send to player 1 [name: balala] a signal: ACTION
    Receive message form player 1 [name: balala]: 1 5 R
    Transform message form [number: 1] [name: balala]: 7 1 L
    Correct move!
    Player 1 [name balala] choose (7,1) move to (7 0)
    Send to player 0 [name: V] infomation : (1 7 1 7 0)
    Send to player 1 [name: balala] infomation : (1 1 5 1 6)
Step 67:
    Send to player 0 [name: V] a signal: ACTION
    Receive message form player 0 [name: V]: 3 3 U
    Transform message form [number: 0] [name: V]: 3 3 U
    Correct move!
    Player 0 [name V] choose (3,3) move to (4 3)
    Send to player 0 [name: V] infomation : (0 3 3 4 3)
    Send to player 1 [name: balala] infomation : (0 5 3 4 3)
Step 68:
    Send to player 1 [name: balala] a signal: ACTION
    Receive message form player 1 [name: balala]: 1 6 L
    Transform message form [number: 1] [name: balala]: 7 0 R
    Correct move!
    Player 1 [name balala] choose (7,0) move to (7 1)
    Send to player 0 [name: V] infomation : (1 7 0 7 1)
    Send to player 1 [name: balala] infomation : (1 1 6 1 5)
Step 69:
    Send to player 0 [name: V] a signal: ACTION
    Receive message form player 0 [name: V]: 4 3 U
    Transform message form [number: 0] [name: V]: 4 3 U
    Correct move!
    Player 0 [name V] choose (4,3) move to (5 3)
    Send to player 0 [name: V] infomation : (0 4 3 5 3)
    Send to player 1 [name: balala] infomation : (0 4 3 3 3)
Step 70:
    Send to player 1 [name: balala] a signal: ACTION
    Receive message form player 1 [name: balala]: 1 5 R
    Transform message form [number: 1] [name: balala]: 7 1 L
    Correct move!
    Player 1 [name balala] choose (7,1) move to (7 0)
    Send to player 0 [name: V] infomation : (1 7 1 7 0)
    Send to player 1 [name: balala] infomation : (1 1 5 1 6)
Step 71:
    Send to player 0 [name: V] a signal: ACTION
    Receive message form player 0 [name: V]: 5 3 D
    Transform message form [number: 0] [name: V]: 5 3 D
    Correct move!
    Player 0 [name V] choose (5,3) move to (4 3)
    Send to player 0 [name: V] infomation : (0 5 3 4 3)
    Send to player 1 [name: balala] infomation : (0 3 3 4 3)
Step 72:
    Send to player 1 [name: balala] a signal: ACTION
    Receive message form player 1 [name: balala]: 1 6 L
    Transform message form [number: 1] [name: balala]: 7 0 R
    Correct move!
    Player 1 [name balala] choose (7,0) move to (7 1)
    Send to player 0 [name: V] infomation : (1 7 0 7 1)
    Send to player 1 [name: balala] infomation : (1 1 6 1 5)
Step 73:
    Send to player 0 [name: V] a signal: ACTION
    Receive message form player 0 [name: V]: 4 3 U
    Transform message form [number: 0] [name: V]: 4 3 U
    Correct move!
    Player 0 [name V] choose (4,3) move to (5 3)
    Send to player 0 [name: V] infomation : (0 4 3 5 3)
    Send to player 1 [name: balala] infomation : (0 4 3 3 3)
Step 74:
    Send to player 1 [name: balala] a signal: ACTION
    Receive message form player 1 [name: balala]: 1 5 R
    Transform message form [number: 1] [name: balala]: 7 1 L
    Correct move!
    Player 1 [name balala] choose (7,1) move to (7 0)
    Send to player 0 [name: V] infomation : (1 7 1 7 0)
    Send to player 1 [name: balala] infomation : (1 1 5 1 6)
Step 75:
    Send to player 0 [name: V] a signal: ACTION
    Receive message form player 0 [name: V]: 5 3 D
    Transform message form [number: 0] [name: V]: 5 3 D
    Correct move!
    Player 0 [name V] choose (5,3) move to (4 3)
    Send to player 0 [name: V] infomation : (0 5 3 4 3)
    Send to player 1 [name: balala] infomation : (0 3 3 4 3)
Step 76:
    Send to player 1 [name: balala] a signal: ACTION
    Receive message form player 1 [name: balala]: 1 6 L
    Transform message form [number: 1] [name: balala]: 7 0 R
    Correct move!
    Player 1 [name balala] choose (7,0) move to (7 1)
    Send to player 0 [name: V] infomation : (1 7 0 7 1)
    Send to player 1 [name: balala] infomation : (1 1 6 1 5)
Step 77:
    Send to player 0 [name: V] a signal: ACTION
    Receive message form player 0 [name: V]: 4 3 U
    Transform message form [number: 0] [name: V]: 4 3 U
    Correct move!
    Player 0 [name V] choose (4,3) move to (5 3)
    Send to player 0 [name: V] infomation : (0 4 3 5 3)
    Send to player 1 [name: balala] infomation : (0 4 3 3 3)
Step 78:
    Send to player 1 [name: balala] a signal: ACTION
    Receive message form player 1 [name: balala]: 1 5 R
    Transform message form [number: 1] [name: balala]: 7 1 L
    Correct move!
    Player 1 [name balala] choose (7,1) move to (7 0)
    Send to player 0 [name: V] infomation : (1 7 1 7 0)
    Send to player 1 [name: balala] infomation : (1 1 5 1 6)
Step 79:
    Send to player 0 [name: V] a signal: ACTION
    Receive message form player 0 [name: V]: 5 3 D
    Transform message form [number: 0] [name: V]: 5 3 D
    Correct move!
    Player 0 [name V] choose (5,3) move to (4 3)
    Send to player 0 [name: V] infomation : (0 5 3 4 3)
    Send to player 1 [name: balala] infomation : (0 3 3 4 3)
Step 80:
    Send to player 1 [name: balala] a signal: ACTION
    Receive message form player 1 [name: balala]: 1 6 L
    Transform message form [number: 1] [name: balala]: 7 0 R
    Correct move!
    Player 1 [name balala] choose (7,0) move to (7 1)
    Send to player 0 [name: V] infomation : (1 7 0 7 1)
    Send to player 1 [name: balala] infomation : (1 1 6 1 5)
Step 81:
    Send to player 0 [name: V] a signal: ACTION
    Receive message form player 0 [name: V]: 4 3 U
    Transform message form [number: 0] [name: V]: 4 3 U
    Correct move!
    Player 0 [name V] choose (4,3) move to (5 3)
    Send to player 0 [name: V] infomation : (0 4 3 5 3)
    Send to player 1 [name: balala] infomation : (0 4 3 3 3)
Step 82:
    Send to player 1 [name: balala] a signal: ACTION
    Receive message form player 1 [name: balala]: 1 5 R
    Transform message form [number: 1] [name: balala]: 7 1 L
    Correct move!
    Player 1 [name balala] choose (7,1) move to (7 0)
    Send to player 0 [name: V] infomation : (1 7 1 7 0)
    Send to player 1 [name: balala] infomation : (1 1 5 1 6)
Step 83:
    Send to player 0 [name: V] a signal: ACTION
    Receive message form player 0 [name: V]: 5 3 D
    Transform message form [number: 0] [name: V]: 5 3 D
    Correct move!
    Player 0 [name V] choose (5,3) move to (4 3)
    Send to player 0 [name: V] infomation : (0 5 3 4 3)
    Send to player 1 [name: balala] infomation : (0 3 3 4 3)
Step 84:
    Send to player 1 [name: balala] a signal: ACTION
    Receive message form player 1 [name: balala]: 1 6 L
    Transform message form [number: 1] [name: balala]: 7 0 R
    Correct move!
    Player 1 [name balala] choose (7,0) move to (7 1)
    Send to player 0 [name: V] infomation : (1 7 0 7 1)
    Send to player 1 [name: balala] infomation : (1 1 6 1 5)
Step 85:
    Send to player 0 [name: V] a signal: ACTION
    Receive message form player 0 [name: V]: 4 3 U
    Transform message form [number: 0] [name: V]: 4 3 U
    Correct move!
    Player 0 [name V] choose (4,3) move to (5 3)
    Send to player 0 [name: V] infomation : (0 4 3 5 3)
    Send to player 1 [name: balala] infomation : (0 4 3 3 3)
Step 86:
    Send to player 1 [name: balala] a signal: ACTION
    Receive message form player 1 [name: balala]: 1 5 R
    Transform message form [number: 1] [name: balala]: 7 1 L
    Correct move!
    Player 1 [name balala] choose (7,1) move to (7 0)
    Send to player 0 [name: V] infomation : (1 7 1 7 0)
    Send to player 1 [name: balala] infomation : (1 1 5 1 6)
Step 87:
    Send to player 0 [name: V] a signal: ACTION
    Receive message form player 0 [name: V]: 5 3 D
    Transform message form [number: 0] [name: V]: 5 3 D
    Correct move!
    Player 0 [name V] choose (5,3) move to (4 3)
    Send to player 0 [name: V] infomation : (0 5 3 4 3)
    Send to player 1 [name: balala] infomation : (0 3 3 4 3)
Step 88:
    Send to player 1 [name: balala] a signal: ACTION
    Receive message form player 1 [name: balala]: 1 6 L
    Transform message form [number: 1] [name: balala]: 7 0 R
    Correct move!
    Player 1 [name balala] choose (7,0) move to (7 1)
    Send to player 0 [name: V] infomation : (1 7 0 7 1)
    Send to player 1 [name: balala] infomation : (1 1 6 1 5)
Step 89:
    Send to player 0 [name: V] a signal: ACTION
    Receive message form player 0 [name: V]: 4 3 U
    Transform message form [number: 0] [name: V]: 4 3 U
    Correct move!
    Player 0 [name V] choose (4,3) move to (5 3)
    Send to player 0 [name: V] infomation : (0 4 3 5 3)
    Send to player 1 [name: balala] infomation : (0 4 3 3 3)
Step 90:
    Send to player 1 [name: balala] a signal: ACTION
    Receive message form player 1 [name: balala]: 1 5 R
    Transform message form [number: 1] [name: balala]: 7 1 L
    Correct move!
    Player 1 [name balala] choose (7,1) move to (7 0)
    Send to player 0 [name: V] infomation : (1 7 1 7 0)
    Send to player 1 [name: balala] infomation : (1 1 5 1 6)
Step 91:
    Send to player 0 [name: V] a signal: ACTION
    Receive message form player 0 [name: V]: 5 3 D
    Transform message form [number: 0] [name: V]: 5 3 D
    Correct move!
    Player 0 [name V] choose (5,3) move to (4 3)
    Send to player 0 [name: V] infomation : (0 5 3 4 3)
    Send to player 1 [name: balala] infomation : (0 3 3 4 3)
Step 92:
    Send to player 1 [name: balala] a signal: ACTION
    Receive message form player 1 [name: balala]: 1 6 L
    Transform message form [number: 1] [name: balala]: 7 0 R
    Correct move!
    Player 1 [name balala] choose (7,0) move to (7 1)
    Send to player 0 [name: V] infomation : (1 7 0 7 1)
    Send to player 1 [name: balala] infomation : (1 1 6 1 5)
Step 93:
    Send to player 0 [name: V] a signal: ACTION
    Receive message form player 0 [name: V]: 4 3 U
    Transform message form [number: 0] [name: V]: 4 3 U
    Correct move!
    Player 0 [name V] choose (4,3) move to (5 3)
    Send to player 0 [name: V] infomation : (0 4 3 5 3)
    Send to player 1 [name: balala] infomation : (0 4 3 3 3)
Step 94:
    Send to player 1 [name: balala] a signal: ACTION
    Receive message form player 1 [name: balala]: 1 5 R
    Transform message form [number: 1] [name: balala]: 7 1 L
    Correct move!
    Player 1 [name balala] choose (7,1) move to (7 0)
    Send to player 0 [name: V] infomation : (1 7 1 7 0)
    Send to player 1 [name: balala] infomation : (1 1 5 1 6)
Step 95:
    Send to player 0 [name: V] a signal: ACTION
    Receive message form player 0 [name: V]: 5 3 D
    Transform message form [number: 0] [name: V]: 5 3 D
    Correct move!
    Player 0 [name V] choose (5,3) move to (4 3)
    Send to player 0 [name: V] infomation : (0 5 3 4 3)
    Send to player 1 [name: balala] infomation : (0 3 3 4 3)
Step 96:
    Send to player 1 [name: balala] a signal: ACTION
    Receive message form player 1 [name: balala]: 1 0 U
    Transform message form [number: 1] [name: balala]: 7 6 D
    Correct move!
    Player 1 [name balala] choose (7,6) move to (6 6)
    Send to player 0 [name: V] infomation : (1 7 6 6 6)
    Send to player 1 [name: balala] infomation : (1 1 0 2 0)
Step 97:
    Send to player 0 [name: V] a signal: ACTION
    Receive message form player 0 [name: V]: 4 3 U
    Transform message form [number: 0] [name: V]: 4 3 U
    Correct move!
    Player 0 [name V] choose (4,3) move to (5 3)
    Send to player 0 [name: V] infomation : (0 4 3 5 3)
    Send to player 1 [name: balala] infomation : (0 4 3 3 3)
Step 98:
    Send to player 1 [name: balala] a signal: ACTION
    Receive message form player 1 [name: balala]: 2 0 U
    Transform message form [number: 1] [name: balala]: 6 6 D
    Correct move!
    Player 1 [name balala] choose (6,6) move to (5 6)
    Send to player 0 [name: V] infomation : (1 6 6 5 6)
    Send to player 1 [name: balala] infomation : (1 2 0 3 0)
Step 99:
    Send to player 0 [name: V] a signal: ACTION
    Receive message form player 0 [name: V]: 5 3 D
    Transform message form [number: 0] [name: V]: 5 3 D
    Correct move!
    Player 0 [name V] choose (5,3) move to (4 3)
    Send to player 0 [name: V] infomation : (0 5 3 4 3)
    Send to player 1 [name: balala] infomation : (0 3 3 4 3)
Step 100:
    Send to player 1 [name: balala] a signal: ACTION
    Receive message form player 1 [name: balala]: 3 0 U
    Transform message form [number: 1] [name: balala]: 5 6 D
    Correct move!
    Player 1 [name balala] choose (5,6) move to (4 6)
    Send to player 0 [name: V] infomation : (1 5 6 4 6)
    Send to player 1 [name: balala] infomation : (1 3 0 4 0)
Step 101:
    Send to player 0 [name: V] a signal: ACTION
    Receive message form player 0 [name: V]: 4 3 U
    Transform message form [number: 0] [name: V]: 4 3 U
    Correct move!
    Player 0 [name V] choose (4,3) move to (5 3)
    Send to player 0 [name: V] infomation : (0 4 3 5 3)
    Send to player 1 [name: balala] infomation : (0 4 3 3 3)
Step 102:
    Send to player 1 [name: balala] a signal: ACTION
    Receive message form player 1 [name: balala]: 4 0 U
    Transform message form [number: 1] [name: balala]: 4 6 D
    Correct move!
    Player 1 [name balala] choose (4,6) move to (3 6)
    Send to player 0 [name: V] infomation : (1 4 6 3 6)
    Send to player 1 [name: balala] infomation : (1 4 0 5 0)
Step 103:
    Send to player 0 [name: V] a signal: ACTION
    Receive message form player 0 [name: V]: 5 3 U
    Transform message form [number: 0] [name: V]: 5 3 U
    Correct move!
    Player 0 [name V] choose (5,3) move to (6 3)
    Send to player 0 [name: V] infomation : (0 5 3 6 3)
    Send to player 1 [name: balala] infomation : (0 3 3 2 3)
Step 104:
    Send to player 1 [name: balala] a signal: ACTION
    Receive message form player 1 [name: balala]: 2 4 L
    Transform message form [number: 1] [name: balala]: 6 2 R
    Correct move!
    Player 1 [name balala] choose (6,2) move to (6 3)
    Send to player 0 [name: V] infomation : (1 6 2 6 3)
    Send to player 1 [name: balala] infomation : (1 2 4 2 3)
Step 105:
    Send to player 0 [name: V] a signal: ACTION
    Receive message form player 0 [name: V]: 
    Transform message form [number: 0] [name: V]: 
    unknown error
    Invalid data: []
    The limit of invalid action of player 0 (name V) is 2
Step 106:
    Send to player 1 [name: balala] a signal: ACTION
    Receive message form player 1 [name: balala]: 5 0 U
    Transform message form [number: 1] [name: balala]: 3 6 D
    Correct move!
    Player 1 [name balala] choose (3,6) move to (2 6)
    Send to player 0 [name: V] infomation : (1 3 6 2 6)
    Send to player 1 [name: balala] infomation : (1 5 0 6 0)
Step 107:
    Send to player 0 [name: V] a signal: ACTION
    Send message to AI0 timeout. AI1 wins.
    Send message to AI0 timeout. AI1 wins.
Total Steps: 107
End!
