Initialization:
    Waiting to connect ...
    AI0: r@nd0m from 127.0.0.1 connected
    AI1: aaa from 127.0.0.1 connected
    r@nd0m is the first player
    aaa is the second player
Step 1:
    Send to player 0 [name: r@nd0m] a signal: ACTION
    Receive message form player 0 [name: r@nd0m]: 1 1 D
    Transform message form [number: 0] [name: r@nd0m]: 1 1 D
    Correct move!
    Player 0 [name r@nd0m] choose (1,1) move to (0 1)
    Send to player 0 [name: r@nd0m] infomation : (0 1 1 0 1)
    Send to player 1 [name: aaa] infomation : (0 7 5 8 5)
Step 2:
    Send to player 1 [name: aaa] a signal: ACTION
    Receive message form player 1 [name: aaa]: 2 4 D
    Transform message form [number: 1] [name: aaa]: 6 2 U
    Correct move!
    Player 1 [name aaa] choose (6,2) move to (7 2)
    Send to player 0 [name: r@nd0m] infomation : (1 6 2 7 2)
    Send to player 1 [name: aaa] infomation : (1 2 4 1 4)
Step 3:
    Send to player 0 [name: r@nd0m] a signal: ACTION
    Receive message form player 0 [name: r@nd0m]: 2 2 R
    Transform message form [number: 0] [name: r@nd0m]: 2 2 R
    Correct move!
    Player 0 [name r@nd0m] choose (2,2) move to (2 3)
    Send to player 0 [name: r@nd0m] infomation : (0 2 2 2 3)
    Send to player 1 [name: aaa] infomation : (0 6 4 6 3)
Step 4:
    Send to player 1 [name: aaa] a signal: ACTION
    Receive message form player 1 [name: aaa]: 1 5 D
    Transform message form [number: 1] [name: aaa]: 7 1 U
    Correct move!
    Player 1 [name aaa] choose (7,1) move to (8 1)
    Send to player 0 [name: r@nd0m] infomation : (1 7 1 8 1)
    Send to player 1 [name: aaa] infomation : (1 1 5 0 5)
Step 5:
    Send to player 0 [name: r@nd0m] a signal: ACTION
    Receive message form player 0 [name: r@nd0m]: 1 5 D
    Transform message form [number: 0] [name: r@nd0m]: 1 5 D
    Correct move!
    Player 0 [name r@nd0m] choose (1,5) move to (0 5)
    Send to player 0 [name: r@nd0m] infomation : (0 1 5 0 5)
    Send to player 1 [name: aaa] infomation : (0 7 1 8 1)
Step 6:
    Send to player 1 [name: aaa] a signal: ACTION
    Receive message form player 1 [name: aaa]: 2 2 D
    Transform message form [number: 1] [name: aaa]: 6 4 U
    Correct move!
    Player 1 [name aaa] choose (6,4) move to (7 4)
    Send to player 0 [name: r@nd0m] infomation : (1 6 4 7 4)
    Send to player 1 [name: aaa] infomation : (1 2 2 1 2)
Step 7:
    Send to player 0 [name: r@nd0m] a signal: ACTION
    Receive message form player 0 [name: r@nd0m]: 0 5 L
    Transform message form [number: 0] [name: r@nd0m]: 0 5 L
    Correct move!
    Player 0 [name r@nd0m] choose (0,5) move to (0 4)
    Send to player 0 [name: r@nd0m] infomation : (0 0 5 0 4)
    Send to player 1 [name: aaa] infomation : (0 8 1 8 2)
Step 8:
    Send to player 1 [name: aaa] a signal: ACTION
    Receive message form player 1 [name: aaa]: 2 0 R
    Transform message form [number: 1] [name: aaa]: 6 6 L
    Correct move!
    Player 1 [name aaa] choose (6,6) move to (6 5)
    Send to player 0 [name: r@nd0m] infomation : (1 6 6 6 5)
    Send to player 1 [name: aaa] infomation : (1 2 0 2 1)
Step 9:
    Send to player 0 [name: r@nd0m] a signal: ACTION
    Receive message form player 0 [name: r@nd0m]: 2 6 L
    Transform message form [number: 0] [name: r@nd0m]: 2 6 L
    Correct move!
    Player 0 [name r@nd0m] choose (2,6) move to (2 5)
    Send to player 0 [name: r@nd0m] infomation : (0 2 6 2 5)
    Send to player 1 [name: aaa] infomation : (0 6 0 6 1)
Step 10:
    Send to player 1 [name: aaa] a signal: ACTION
    Receive message form player 1 [name: aaa]: 2 1 R
    Transform message form [number: 1] [name: aaa]: 6 5 L
    Correct move!
    Player 1 [name aaa] choose (6,5) move to (6 4)
    Send to player 0 [name: r@nd0m] infomation : (1 6 5 6 4)
    Send to player 1 [name: aaa] infomation : (1 2 1 2 2)
Step 11:
    Send to player 0 [name: r@nd0m] a signal: ACTION
    Receive message form player 0 [name: r@nd0m]: 2 5 U
    Transform message form [number: 0] [name: r@nd0m]: 2 5 U
    Correct move!
    Player 0 [name r@nd0m] choose (2,5) move to (3 5)
    Send to player 0 [name: r@nd0m] infomation : (0 2 5 3 5)
    Send to player 1 [name: aaa] infomation : (0 6 1 5 1)
Step 12:
    Send to player 1 [name: aaa] a signal: ACTION
    Receive message form player 1 [name: aaa]: 1 1 D
    Transform message form [number: 1] [name: aaa]: 7 5 U
    Correct move!
    Player 1 [name aaa] choose (7,5) move to (8 5)
    Send to player 0 [name: r@nd0m] infomation : (1 7 5 8 5)
    Send to player 1 [name: aaa] infomation : (1 1 1 0 1)
Step 13:
    Send to player 0 [name: r@nd0m] a signal: ACTION
    Receive message form player 0 [name: r@nd0m]: 3 5 U
    Transform message form [number: 0] [name: r@nd0m]: 3 5 U
    Correct move!
    Player 0 [name r@nd0m] choose (3,5) move to (4 5)
    Send to player 0 [name: r@nd0m] infomation : (0 3 5 4 5)
    Send to player 1 [name: aaa] infomation : (0 5 1 4 1)
Step 14:
    Send to player 1 [name: aaa] a signal: ACTION
    Receive message form player 1 [name: aaa]: 0 0 U
    Transform message form [number: 1] [name: aaa]: 8 6 D
    Correct move!
    Player 1 [name aaa] choose (8,6) move to (7 6)
    Send to player 0 [name: r@nd0m] infomation : (1 8 6 7 6)
    Send to player 1 [name: aaa] infomation : (1 0 0 1 0)
Step 15:
    Send to player 0 [name: r@nd0m] a signal: ACTION
    Receive message form player 0 [name: r@nd0m]: 4 5 L
    Transform message form [number: 0] [name: r@nd0m]: 4 5 L
    Correct move!
    Player 0 [name r@nd0m] choose (4,5) move to (4 4)
    Send to player 0 [name: r@nd0m] infomation : (0 4 5 4 4)
    Send to player 1 [name: aaa] infomation : (0 4 1 4 2)
Step 16:
    Send to player 1 [name: aaa] a signal: ACTION
    Receive message form player 1 [name: aaa]: 1 0 U
    Transform message form [number: 1] [name: aaa]: 7 6 D
    Correct move!
    Player 1 [name aaa] choose (7,6) move to (6 6)
    Send to player 0 [name: r@nd0m] infomation : (1 7 6 6 6)
    Send to player 1 [name: aaa] infomation : (1 1 0 2 0)
Step 17:
    Send to player 0 [name: r@nd0m] a signal: ACTION
    Receive message form player 0 [name: r@nd0m]: 0 1 R
    Transform message form [number: 0] [name: r@nd0m]: 0 1 R
    Correct move!
    Player 0 [name r@nd0m] choose (0,1) move to (0 2)
    Send to player 0 [name: r@nd0m] infomation : (0 0 1 0 2)
    Send to player 1 [name: aaa] infomation : (0 8 5 8 4)
Step 18:
    Send to player 1 [name: aaa] a signal: ACTION
    Receive message form player 1 [name: aaa]: 2 0 R
    Transform message form [number: 1] [name: aaa]: 6 6 L
    Correct move!
    Player 1 [name aaa] choose (6,6) move to (6 5)
    Send to player 0 [name: r@nd0m] infomation : (1 6 6 6 5)
    Send to player 1 [name: aaa] infomation : (1 2 0 2 1)
Step 19:
    Send to player 0 [name: r@nd0m] a signal: ACTION
    Receive message form player 0 [name: r@nd0m]: 2 0 R
    Transform message form [number: 0] [name: r@nd0m]: 2 0 R
    Correct move!
    Player 0 [name r@nd0m] choose (2,0) move to (2 1)
    Send to player 0 [name: r@nd0m] infomation : (0 2 0 2 1)
    Send to player 1 [name: aaa] infomation : (0 6 6 6 5)
Step 20:
    Send to player 1 [name: aaa] a signal: ACTION
    Receive message form player 1 [name: aaa]: 2 1 U
    Transform message form [number: 1] [name: aaa]: 6 5 D
    Correct move!
    Player 1 [name aaa] choose (6,5) move to (2 5)
    Send to player 0 [name: r@nd0m] infomation : (1 6 5 2 5)
    Send to player 1 [name: aaa] infomation : (1 2 1 6 1)
Step 21:
    Send to player 0 [name: r@nd0m] a signal: ACTION
    Receive message form player 0 [name: r@nd0m]: 2 3 L
    Transform message form [number: 0] [name: r@nd0m]: 2 3 L
    Correct move!
    Player 0 [name r@nd0m] choose (2,3) move to (2 2)
    Send to player 0 [name: r@nd0m] infomation : (0 2 3 2 2)
    Send to player 1 [name: aaa] infomation : (0 6 3 6 4)
Step 22:
    Send to player 1 [name: aaa] a signal: ACTION
    Receive message form player 1 [name: aaa]: 6 1 R
    Transform message form [number: 1] [name: aaa]: 2 5 L
    Correct move!
    Player 1 [name aaa] choose (2,5) move to (2 4)
    Send to player 0 [name: r@nd0m] infomation : (1 2 5 2 4)
    Send to player 1 [name: aaa] infomation : (1 6 1 6 2)
Step 23:
    Send to player 0 [name: r@nd0m] a signal: ACTION
    Receive message form player 0 [name: r@nd0m]: 4 4 U
    Transform message form [number: 0] [name: r@nd0m]: 4 4 U
    Correct move!
    Player 0 [name r@nd0m] choose (4,4) move to (5 4)
    Send to player 0 [name: r@nd0m] infomation : (0 4 4 5 4)
    Send to player 1 [name: aaa] infomation : (0 4 2 3 2)
Step 24:
    Send to player 1 [name: aaa] a signal: ACTION
    Receive message form player 1 [name: aaa]: 2 2 R
    Transform message form [number: 1] [name: aaa]: 6 4 L
    Correct move!
    Player 1 [name aaa] choose (6,4) move to (6 3)
    Send to player 0 [name: r@nd0m] infomation : (1 6 4 6 3)
    Send to player 1 [name: aaa] infomation : (1 2 2 2 3)
Step 25:
    Send to player 0 [name: r@nd0m] a signal: ACTION
    Receive message form player 0 [name: r@nd0m]: 2 1 D
    Transform message form [number: 0] [name: r@nd0m]: 2 1 D
    Correct move!
    Player 0 [name r@nd0m] choose (2,1) move to (1 1)
    Send to player 0 [name: r@nd0m] infomation : (0 2 1 1 1)
    Send to player 1 [name: aaa] infomation : (0 6 5 7 5)
Step 26:
    Send to player 1 [name: aaa] a signal: ACTION
    Receive message form player 1 [name: aaa]: 6 2 U
    Transform message form [number: 1] [name: aaa]: 2 4 D
    Correct move!
    Player 1 [name aaa] choose (2,4) move to (1 4)
    Send to player 0 [name: r@nd0m] infomation : (1 2 4 1 4)
    Send to player 1 [name: aaa] infomation : (1 6 2 7 2)
Step 27:
    Send to player 0 [name: r@nd0m] a signal: ACTION
    Receive message form player 0 [name: r@nd0m]: 
    Transform message form [number: 0] [name: r@nd0m]: 
    unknown error
    Invalid data: []
    The limit of invalid action of player 0 (name r@nd0m) is 2
Step 28:
    Send to player 1 [name: aaa] a signal: ACTION
    Receive message form player 1 [name: aaa]: 7 2 U
    Transform message form [number: 1] [name: aaa]: 1 4 D
    Correct move!
    Player 1 [name aaa] choose (1,4) move to (0 4)
    Send to player 0 [name: r@nd0m] infomation : (1 1 4 0 4)
    Send to player 1 [name: aaa] infomation : (1 7 2 8 2)
Step 29:
    Send to player 0 [name: r@nd0m] a signal: ACTION
    Send message to AI0 timeout. AI1 wins.
    Send message to AI0 timeout. AI1 wins.
Total Steps: 29
End!
