Initialization:
    Waiting to connect ...
    AI0: Vergissmeinnicht from 127.0.0.1 connected
    AI1: Uchida Kotori from 127.0.0.1 connected
    Uchida Kotori is the first player
    Vergissmeinnicht is the second player
Step 1:
    Send to player 1 [name: Uchida Kotori] a signal: ACTION
    Receive message form player 1 [name: Uchida Kotori]: 0 6 U
    Transform message form [number: 1] [name: Uchida Kotori]: 8 0 D
    Correct move!
    Player 1 [name Uchida Kotori] choose (8,0) move to (7 0)
    Send to player 0 [name: Vergissmeinnicht] infomation : (1 8 0 7 0)
    Send to player 1 [name: Uchida Kotori] infomation : (1 0 6 1 6)
Step 2:
    Send to player 0 [name: Vergissmeinnicht] a signal: ACTION
    Receive message form player 0 [name: Vergissmeinnicht]: 2 4 L
    Transform message form [number: 0] [name: Vergissmeinnicht]: 2 4 L
    Correct move!
    Player 0 [name Vergissmeinnicht] choose (2,4) move to (2 3)
    Send to player 0 [name: Vergissmeinnicht] infomation : (0 2 4 2 3)
    Send to player 1 [name: Uchida Kotori] infomation : (0 6 2 6 3)
Step 3:
    Send to player 1 [name: Uchida Kotori] a signal: ACTION
    Receive message form player 1 [name: Uchida Kotori]: 0 0 U
    Transform message form [number: 1] [name: Uchida Kotori]: 8 6 D
    Correct move!
    Player 1 [name Uchida Kotori] choose (8,6) move to (7 6)
    Send to player 0 [name: Vergissmeinnicht] infomation : (1 8 6 7 6)
    Send to player 1 [name: Uchida Kotori] infomation : (1 0 0 1 0)
Step 4:
    Send to player 0 [name: Vergissmeinnicht] a signal: ACTION
    Receive message form player 0 [name: Vergissmeinnicht]: 2 2 D
    Transform message form [number: 0] [name: Vergissmeinnicht]: 2 2 D
    Correct move!
    Player 0 [name Vergissmeinnicht] choose (2,2) move to (1 2)
    Send to player 0 [name: Vergissmeinnicht] infomation : (0 2 2 1 2)
    Send to player 1 [name: Uchida Kotori] infomation : (0 6 4 7 4)
Step 5:
    Send to player 1 [name: Uchida Kotori] a signal: ACTION
    Receive message form player 1 [name: Uchida Kotori]: 1 5 U
    Transform message form [number: 1] [name: Uchida Kotori]: 7 1 D
    Correct move!
    Player 1 [name Uchida Kotori] choose (7,1) move to (6 1)
    Send to player 0 [name: Vergissmeinnicht] infomation : (1 7 1 6 1)
    Send to player 1 [name: Uchida Kotori] infomation : (1 1 5 2 5)
Step 6:
    Send to player 0 [name: Vergissmeinnicht] a signal: ACTION
    Receive message form player 0 [name: Vergissmeinnicht]: 1 5 L
    Transform message form [number: 0] [name: Vergissmeinnicht]: 1 5 L
    Correct move!
    Player 0 [name Vergissmeinnicht] choose (1,5) move to (1 4)
    Send to player 0 [name: Vergissmeinnicht] infomation : (0 1 5 1 4)
    Send to player 1 [name: Uchida Kotori] infomation : (0 7 1 7 2)
Step 7:
    Send to player 1 [name: Uchida Kotori] a signal: ACTION
    Receive message form player 1 [name: Uchida Kotori]: 2 2 R
    Transform message form [number: 1] [name: Uchida Kotori]: 6 4 L
    Correct move!
    Player 1 [name Uchida Kotori] choose (6,4) move to (6 3)
    Send to player 0 [name: Vergissmeinnicht] infomation : (1 6 4 6 3)
    Send to player 1 [name: Uchida Kotori] infomation : (1 2 2 2 3)
Step 8:
    Send to player 0 [name: Vergissmeinnicht] a signal: ACTION
    Receive message form player 0 [name: Vergissmeinnicht]: 1 1 D
    Transform message form [number: 0] [name: Vergissmeinnicht]: 1 1 D
    Correct move!
    Player 0 [name Vergissmeinnicht] choose (1,1) move to (0 1)
    Send to player 0 [name: Vergissmeinnicht] infomation : (0 1 1 0 1)
    Send to player 1 [name: Uchida Kotori] infomation : (0 7 5 8 5)
Step 9:
    Send to player 1 [name: Uchida Kotori] a signal: ACTION
    Receive message form player 1 [name: Uchida Kotori]: 2 3 L
    Transform message form [number: 1] [name: Uchida Kotori]: 6 3 R
    Correct move!
    Player 1 [name Uchida Kotori] choose (6,3) move to (6 4)
    Send to player 0 [name: Vergissmeinnicht] infomation : (1 6 3 6 4)
    Send to player 1 [name: Uchida Kotori] infomation : (1 2 3 2 2)
Step 10:
    Send to player 0 [name: Vergissmeinnicht] a signal: ACTION
    Receive message form player 0 [name: Vergissmeinnicht]: 2 6 U
    Transform message form [number: 0] [name: Vergissmeinnicht]: 2 6 U
    Correct move!
    Player 0 [name Vergissmeinnicht] choose (2,6) move to (3 6)
    Send to player 0 [name: Vergissmeinnicht] infomation : (0 2 6 3 6)
    Send to player 1 [name: Uchida Kotori] infomation : (0 6 0 5 0)
Step 11:
    Send to player 1 [name: Uchida Kotori] a signal: ACTION
    Receive message form player 1 [name: Uchida Kotori]: 2 2 R
    Transform message form [number: 1] [name: Uchida Kotori]: 6 4 L
    Correct move!
    Player 1 [name Uchida Kotori] choose (6,4) move to (6 3)
    Send to player 0 [name: Vergissmeinnicht] infomation : (1 6 4 6 3)
    Send to player 1 [name: Uchida Kotori] infomation : (1 2 2 2 3)
Step 12:
    Send to player 0 [name: Vergissmeinnicht] a signal: ACTION
    Receive message form player 0 [name: Vergissmeinnicht]: 3 6 L
    Transform message form [number: 0] [name: Vergissmeinnicht]: 3 6 L
    Correct move!
    Player 0 [name Vergissmeinnicht] choose (3,6) move to (3 5)
    Send to player 0 [name: Vergissmeinnicht] infomation : (0 3 6 3 5)
    Send to player 1 [name: Uchida Kotori] infomation : (0 5 0 5 1)
Step 13:
    Send to player 1 [name: Uchida Kotori] a signal: ACTION
    Receive message form player 1 [name: Uchida Kotori]: 2 3 L
    Transform message form [number: 1] [name: Uchida Kotori]: 6 3 R
    Correct move!
    Player 1 [name Uchida Kotori] choose (6,3) move to (6 4)
    Send to player 0 [name: Vergissmeinnicht] infomation : (1 6 3 6 4)
    Send to player 1 [name: Uchida Kotori] infomation : (1 2 3 2 2)
Step 14:
    Send to player 0 [name: Vergissmeinnicht] a signal: ACTION
    Receive message form player 0 [name: Vergissmeinnicht]: 2 0 R
    Transform message form [number: 0] [name: Vergissmeinnicht]: 2 0 R
    Correct move!
    Player 0 [name Vergissmeinnicht] choose (2,0) move to (2 1)
    Send to player 0 [name: Vergissmeinnicht] infomation : (0 2 0 2 1)
    Send to player 1 [name: Uchida Kotori] infomation : (0 6 6 6 5)
Step 15:
    Send to player 1 [name: Uchida Kotori] a signal: ACTION
    Receive message form player 1 [name: Uchida Kotori]: 2 2 R
    Transform message form [number: 1] [name: Uchida Kotori]: 6 4 L
    Correct move!
    Player 1 [name Uchida Kotori] choose (6,4) move to (6 3)
    Send to player 0 [name: Vergissmeinnicht] infomation : (1 6 4 6 3)
    Send to player 1 [name: Uchida Kotori] infomation : (1 2 2 2 3)
Step 16:
    Send to player 0 [name: Vergissmeinnicht] a signal: ACTION
    Receive message form player 0 [name: Vergissmeinnicht]: 2 1 D
    Transform message form [number: 0] [name: Vergissmeinnicht]: 2 1 D
    Correct move!
    Player 0 [name Vergissmeinnicht] choose (2,1) move to (1 1)
    Send to player 0 [name: Vergissmeinnicht] infomation : (0 2 1 1 1)
    Send to player 1 [name: Uchida Kotori] infomation : (0 6 5 7 5)
Step 17:
    Send to player 1 [name: Uchida Kotori] a signal: ACTION
    Receive message form player 1 [name: Uchida Kotori]: 2 3 L
    Transform message form [number: 1] [name: Uchida Kotori]: 6 3 R
    Correct move!
    Player 1 [name Uchida Kotori] choose (6,3) move to (6 4)
    Send to player 0 [name: Vergissmeinnicht] infomation : (1 6 3 6 4)
    Send to player 1 [name: Uchida Kotori] infomation : (1 2 3 2 2)
Step 18:
    Send to player 0 [name: Vergissmeinnicht] a signal: ACTION
    Receive message form player 0 [name: Vergissmeinnicht]: 0 6 U
    Transform message form [number: 0] [name: Vergissmeinnicht]: 0 6 U
    Correct move!
    Player 0 [name Vergissmeinnicht] choose (0,6) move to (1 6)
    Send to player 0 [name: Vergissmeinnicht] infomation : (0 0 6 1 6)
    Send to player 1 [name: Uchida Kotori] infomation : (0 8 0 7 0)
Step 19:
    Send to player 1 [name: Uchida Kotori] a signal: ACTION
    Receive message form player 1 [name: Uchida Kotori]: 2 2 R
    Transform message form [number: 1] [name: Uchida Kotori]: 6 4 L
    Correct move!
    Player 1 [name Uchida Kotori] choose (6,4) move to (6 3)
    Send to player 0 [name: Vergissmeinnicht] infomation : (1 6 4 6 3)
    Send to player 1 [name: Uchida Kotori] infomation : (1 2 2 2 3)
Step 20:
    Send to player 0 [name: Vergissmeinnicht] a signal: ACTION
    Receive message form player 0 [name: Vergissmeinnicht]: 1 6 L
    Transform message form [number: 0] [name: Vergissmeinnicht]: 1 6 L
    Correct move!
    Player 0 [name Vergissmeinnicht] choose (1,6) move to (1 5)
    Send to player 0 [name: Vergissmeinnicht] infomation : (0 1 6 1 5)
    Send to player 1 [name: Uchida Kotori] infomation : (0 7 0 7 1)
Step 21:
    Send to player 1 [name: Uchida Kotori] a signal: ACTION
    Receive message form player 1 [name: Uchida Kotori]: 2 3 L
    Transform message form [number: 1] [name: Uchida Kotori]: 6 3 R
    Correct move!
    Player 1 [name Uchida Kotori] choose (6,3) move to (6 4)
    Send to player 0 [name: Vergissmeinnicht] infomation : (1 6 3 6 4)
    Send to player 1 [name: Uchida Kotori] infomation : (1 2 3 2 2)
Step 22:
    Send to player 0 [name: Vergissmeinnicht] a signal: ACTION
    Receive message form player 0 [name: Vergissmeinnicht]: 0 1 R
    Transform message form [number: 0] [name: Vergissmeinnicht]: 0 1 R
    Correct move!
    Player 0 [name Vergissmeinnicht] choose (0,1) move to (0 2)
    Send to player 0 [name: Vergissmeinnicht] infomation : (0 0 1 0 2)
    Send to player 1 [name: Uchida Kotori] infomation : (0 8 5 8 4)
Step 23:
    Send to player 1 [name: Uchida Kotori] a signal: ACTION
    Receive message form player 1 [name: Uchida Kotori]: 2 6 U
    Transform message form [number: 1] [name: Uchida Kotori]: 6 0 D
    Correct move!
    Player 1 [name Uchida Kotori] choose (6,0) move to (5 0)
    Send to player 0 [name: Vergissmeinnicht] infomation : (1 6 0 5 0)
    Send to player 1 [name: Uchida Kotori] infomation : (1 2 6 3 6)
Step 24:
    Send to player 0 [name: Vergissmeinnicht] a signal: ACTION
    Receive message form player 0 [name: Vergissmeinnicht]: 1 1 D
    Transform message form [number: 0] [name: Vergissmeinnicht]: 1 1 D
    Correct move!
    Player 0 [name Vergissmeinnicht] choose (1,1) move to (0 1)
    Send to player 0 [name: Vergissmeinnicht] infomation : (0 1 1 0 1)
    Send to player 1 [name: Uchida Kotori] infomation : (0 7 5 8 5)
Step 25:
    Send to player 1 [name: Uchida Kotori] a signal: ACTION
    Receive message form player 1 [name: Uchida Kotori]: 3 6 U
    Transform message form [number: 1] [name: Uchida Kotori]: 5 0 D
    Correct move!
    Player 1 [name Uchida Kotori] choose (5,0) move to (4 0)
    Send to player 0 [name: Vergissmeinnicht] infomation : (1 5 0 4 0)
    Send to player 1 [name: Uchida Kotori] infomation : (1 3 6 4 6)
Step 26:
    Send to player 0 [name: Vergissmeinnicht] a signal: ACTION
    Receive message form player 0 [name: Vergissmeinnicht]: 1 5 U
    Transform message form [number: 0] [name: Vergissmeinnicht]: 1 5 U
    Correct move!
    Player 0 [name Vergissmeinnicht] choose (1,5) move to (2 5)
    Send to player 0 [name: Vergissmeinnicht] infomation : (0 1 5 2 5)
    Send to player 1 [name: Uchida Kotori] infomation : (0 7 1 6 1)
Step 27:
    Send to player 1 [name: Uchida Kotori] a signal: ACTION
    Receive message form player 1 [name: Uchida Kotori]: 4 6 U
    Transform message form [number: 1] [name: Uchida Kotori]: 4 0 D
    Correct move!
    Player 1 [name Uchida Kotori] choose (4,0) move to (3 0)
    Send to player 0 [name: Vergissmeinnicht] infomation : (1 4 0 3 0)
    Send to player 1 [name: Uchida Kotori] infomation : (1 4 6 5 6)
Step 28:
    Send to player 0 [name: Vergissmeinnicht] a signal: ACTION
    Receive message form player 0 [name: Vergissmeinnicht]: 2 5 L
    Transform message form [number: 0] [name: Vergissmeinnicht]: 2 5 L
    Correct move!
    Player 0 [name Vergissmeinnicht] choose (2,5) move to (2 4)
    Send to player 0 [name: Vergissmeinnicht] infomation : (0 2 5 2 4)
    Send to player 1 [name: Uchida Kotori] infomation : (0 6 1 6 2)
Step 29:
    Send to player 1 [name: Uchida Kotori] a signal: ACTION
    Receive message form player 1 [name: Uchida Kotori]: 5 6 U
    Transform message form [number: 1] [name: Uchida Kotori]: 3 0 D
    Correct move!
    Player 1 [name Uchida Kotori] choose (3,0) move to (2 0)
    Send to player 0 [name: Vergissmeinnicht] infomation : (1 3 0 2 0)
    Send to player 1 [name: Uchida Kotori] infomation : (1 5 6 6 6)
Step 30:
    Send to player 0 [name: Vergissmeinnicht] a signal: ACTION
    Receive message form player 0 [name: Vergissmeinnicht]: 2 4 U
    Transform message form [number: 0] [name: Vergissmeinnicht]: 2 4 U
    Correct move!
    Player 0 [name Vergissmeinnicht] choose (2,4) move to (6 4)
    Send to player 0 [name: Vergissmeinnicht] infomation : (0 2 4 6 4)
    Send to player 1 [name: Uchida Kotori] infomation : (0 6 2 2 2)
Step 31:
    Send to player 1 [name: Uchida Kotori] a signal: ACTION
    Receive message form player 1 [name: Uchida Kotori]: 2 0 U
    Transform message form [number: 1] [name: Uchida Kotori]: 6 6 D
    Correct move!
    Player 1 [name Uchida Kotori] choose (6,6) move to (5 6)
    Send to player 0 [name: Vergissmeinnicht] infomation : (1 6 6 5 6)
    Send to player 1 [name: Uchida Kotori] infomation : (1 2 0 3 0)
Step 32:
    Send to player 0 [name: Vergissmeinnicht] a signal: ACTION
    Receive message form player 0 [name: Vergissmeinnicht]: 6 4 U
    Transform message form [number: 0] [name: Vergissmeinnicht]: 6 4 U
    Correct move!
    Player 0 [name Vergissmeinnicht] choose (6,4) move to (7 4)
    Send to player 0 [name: Vergissmeinnicht] infomation : (0 6 4 7 4)
    Send to player 1 [name: Uchida Kotori] infomation : (0 2 2 1 2)
Step 33:
    Send to player 1 [name: Uchida Kotori] a signal: ACTION
    Receive message form player 1 [name: Uchida Kotori]: 1 1 U
    Transform message form [number: 1] [name: Uchida Kotori]: 7 5 D
    Correct move!
    Player 1 [name Uchida Kotori] choose (7,5) move to (6 5)
    Send to player 0 [name: Vergissmeinnicht] infomation : (1 7 5 6 5)
    Send to player 1 [name: Uchida Kotori] infomation : (1 1 1 2 1)
Step 34:
    Send to player 0 [name: Vergissmeinnicht] a signal: ACTION
    Receive message form player 0 [name: Vergissmeinnicht]: 7 4 L
    Transform message form [number: 0] [name: Vergissmeinnicht]: 7 4 L
    Correct move!
    Player 0 [name Vergissmeinnicht] choose (7,4) move to (7 3)
    Send to player 0 [name: Vergissmeinnicht] infomation : (0 7 4 7 3)
    Send to player 1 [name: Uchida Kotori] infomation : (0 1 2 1 3)
Step 35:
    Send to player 1 [name: Uchida Kotori] a signal: ACTION
    Receive message form player 1 [name: Uchida Kotori]: 1 6 U
    Transform message form [number: 1] [name: Uchida Kotori]: 7 0 D
    Correct move!
    Player 1 [name Uchida Kotori] choose (7,0) move to (6 0)
    Send to player 0 [name: Vergissmeinnicht] infomation : (1 7 0 6 0)
    Send to player 1 [name: Uchida Kotori] infomation : (1 1 6 2 6)
Step 36:
    Send to player 0 [name: Vergissmeinnicht] a signal: ACTION
    Receive message form player 0 [name: Vergissmeinnicht]: 7 3 U
    Transform message form [number: 0] [name: Vergissmeinnicht]: 7 3 U
    Correct move!
    Player 0 [name Vergissmeinnicht] choose (7,3) move to (8 3)
    Send to player 0 [name: Vergissmeinnicht] infomation : (0 7 3 8 3)
    Send to player 1 [name: Uchida Kotori] infomation : (0 1 3 0 3)
    The Player 0 (name Vergissmeinnicht) win the game
Closing connections:
    Player 0 [name: Vergissmeinnicht] connection closed succueefully
    Player 1 [name: Uchida Kotori] connection closed succueefully
Total Steps: 36
End!
