Initialization:
    Waiting to connect ...
    AI0: mamisan from 127.0.0.1 connected
    AI1: Biu from 127.0.0.1 connected
    mamisan is the first player
    Biu is the second player
Step 1:
    Send to player 0 [name: mamisan] a signal: ACTION
    Receive message form player 0 [name: mamisan]: 2 2 R
    Transform message form [number: 0] [name: mamisan]: 2 2 R
    Correct move!
    Player 0 [name mamisan] choose (2,2) move to (2 3)
    Send to player 0 [name: mamisan] infomation : (0 2 2 2 3)
    Send to player 1 [name: Biu] infomation : (0 6 4 6 3)
Step 2:
    Send to player 1 [name: Biu] a signal: ACTION
    Receive message form player 1 [name: Biu]: 0 6 U
    Transform message form [number: 1] [name: Biu]: 8 0 D
    Correct move!
    Player 1 [name Biu] choose (8,0) move to (7 0)
    Send to player 0 [name: mamisan] infomation : (1 8 0 7 0)
    Send to player 1 [name: Biu] infomation : (1 0 6 1 6)
Step 3:
    Send to player 0 [name: mamisan] a signal: ACTION
    Receive message form player 0 [name: mamisan]: 2 3 U
    Transform message form [number: 0] [name: mamisan]: 2 3 U
    Correct move!
    Player 0 [name mamisan] choose (2,3) move to (3 3)
    Send to player 0 [name: mamisan] infomation : (0 2 3 3 3)
    Send to player 1 [name: Biu] infomation : (0 6 3 5 3)
Step 4:
    Send to player 1 [name: Biu] a signal: ACTION
    Receive message form player 1 [name: Biu]: 0 0 U
    Transform message form [number: 1] [name: Biu]: 8 6 D
    Correct move!
    Player 1 [name Biu] choose (8,6) move to (7 6)
    Send to player 0 [name: mamisan] infomation : (1 8 6 7 6)
    Send to player 1 [name: Biu] infomation : (1 0 0 1 0)
Step 5:
    Send to player 0 [name: mamisan] a signal: ACTION
    Receive message form player 0 [name: mamisan]: 3 3 U
    Transform message form [number: 0] [name: mamisan]: 3 3 U
    Correct move!
    Player 0 [name mamisan] choose (3,3) move to (4 3)
    Send to player 0 [name: mamisan] infomation : (0 3 3 4 3)
    Send to player 1 [name: Biu] infomation : (0 5 3 4 3)
Step 6:
    Send to player 1 [name: Biu] a signal: ACTION
    Receive message form player 1 [name: Biu]: 2 0 R
    Transform message form [number: 1] [name: Biu]: 6 6 L
    Correct move!
    Player 1 [name Biu] choose (6,6) move to (6 5)
    Send to player 0 [name: mamisan] infomation : (1 6 6 6 5)
    Send to player 1 [name: Biu] infomation : (1 2 0 2 1)
Step 7:
    Send to player 0 [name: mamisan] a signal: ACTION
    Receive message form player 0 [name: mamisan]: 4 3 U
    Transform message form [number: 0] [name: mamisan]: 4 3 U
    Correct move!
    Player 0 [name mamisan] choose (4,3) move to (5 3)
    Send to player 0 [name: mamisan] infomation : (0 4 3 5 3)
    Send to player 1 [name: Biu] infomation : (0 4 3 3 3)
Step 8:
    Send to player 1 [name: Biu] a signal: ACTION
    Receive message form player 1 [name: Biu]: 1 0 U
    Transform message form [number: 1] [name: Biu]: 7 6 D
    Correct move!
    Player 1 [name Biu] choose (7,6) move to (6 6)
    Send to player 0 [name: mamisan] infomation : (1 7 6 6 6)
    Send to player 1 [name: Biu] infomation : (1 1 0 2 0)
Step 9:
    Send to player 0 [name: mamisan] a signal: ACTION
    Receive message form player 0 [name: mamisan]: 5 3 U
    Transform message form [number: 0] [name: mamisan]: 5 3 U
    Correct move!
    Player 0 [name mamisan] choose (5,3) move to (6 3)
    Send to player 0 [name: mamisan] infomation : (0 5 3 6 3)
    Send to player 1 [name: Biu] infomation : (0 3 3 2 3)
Step 10:
    Send to player 1 [name: Biu] a signal: ACTION
    Receive message form player 1 [name: Biu]: 2 4 L
    Transform message form [number: 1] [name: Biu]: 6 2 R
    Correct move!
    Player 1 [name Biu] choose (6,2) move to (6 3)
    Send to player 0 [name: mamisan] infomation : (1 6 2 6 3)
    Send to player 1 [name: Biu] infomation : (1 2 4 2 3)
Step 11:
    Send to player 0 [name: mamisan] a signal: ACTION
    Receive message form player 0 [name: mamisan]: 2 4 L
    Transform message form [number: 0] [name: mamisan]: 2 4 L
    Correct move!
    Player 0 [name mamisan] choose (2,4) move to (2 3)
    Send to player 0 [name: mamisan] infomation : (0 2 4 2 3)
    Send to player 1 [name: Biu] infomation : (0 6 2 6 3)
Step 12:
    Send to player 1 [name: Biu] a signal: ACTION
    Receive message form player 1 [name: Biu]: 2 0 U
    Transform message form [number: 1] [name: Biu]: 6 6 D
    Correct move!
    Player 1 [name Biu] choose (6,6) move to (5 6)
    Send to player 0 [name: mamisan] infomation : (1 6 6 5 6)
    Send to player 1 [name: Biu] infomation : (1 2 0 3 0)
Step 13:
    Send to player 0 [name: mamisan] a signal: ACTION
    Receive message form player 0 [name: mamisan]: 2 3 U
    Transform message form [number: 0] [name: mamisan]: 2 3 U
    Correct move!
    Player 0 [name mamisan] choose (2,3) move to (3 3)
    Send to player 0 [name: mamisan] infomation : (0 2 3 3 3)
    Send to player 1 [name: Biu] infomation : (0 6 3 5 3)
Step 14:
    Send to player 1 [name: Biu] a signal: ACTION
    Receive message form player 1 [name: Biu]: 3 0 R
    Transform message form [number: 1] [name: Biu]: 5 6 L
    Correct move!
    Player 1 [name Biu] choose (5,6) move to (5 3)
    Send to player 0 [name: mamisan] infomation : (1 5 6 5 3)
    Send to player 1 [name: Biu] infomation : (1 3 0 3 3)
Step 15:
    Send to player 0 [name: mamisan] a signal: ACTION
    Receive message form player 0 [name: mamisan]: 0 0 R
    Transform message form [number: 0] [name: mamisan]: 0 0 R
    Correct move!
    Player 0 [name mamisan] choose (0,0) move to (0 1)
    Send to player 0 [name: mamisan] infomation : (0 0 0 0 1)
    Send to player 1 [name: Biu] infomation : (0 8 6 8 5)
Step 16:
    Send to player 1 [name: Biu] a signal: ACTION
    Receive message form player 1 [name: Biu]: 3 3 U
    Transform message form [number: 1] [name: Biu]: 5 3 D
    Correct move!
    Player 1 [name Biu] choose (5,3) move to (4 3)
    Send to player 0 [name: mamisan] infomation : (1 5 3 4 3)
    Send to player 1 [name: Biu] infomation : (1 3 3 4 3)
Step 17:
    Send to player 0 [name: mamisan] a signal: ACTION
    Receive message form player 0 [name: mamisan]: 0 1 R
    Transform message form [number: 0] [name: mamisan]: 0 1 R
    Correct move!
    Player 0 [name mamisan] choose (0,1) move to (0 2)
    Send to player 0 [name: mamisan] infomation : (0 0 1 0 2)
    Send to player 1 [name: Biu] infomation : (0 8 5 8 4)
Step 18:
    Send to player 1 [name: Biu] a signal: ACTION
    Receive message form player 1 [name: Biu]: 4 3 U
    Transform message form [number: 1] [name: Biu]: 4 3 D
    Correct move!
    Player 1 [name Biu] choose (4,3) move to (3 3)
    Send to player 0 [name: mamisan] infomation : (1 4 3 3 3)
    Send to player 1 [name: Biu] infomation : (1 4 3 5 3)
Step 19:
    Send to player 0 [name: mamisan] a signal: ACTION
    Receive message form player 0 [name: mamisan]: 0 2 U
    Transform message form [number: 0] [name: mamisan]: 0 2 U
    Correct move!
    Player 0 [name mamisan] choose (0,2) move to (1 2)
    Send to player 0 [name: mamisan] infomation : (0 0 2 1 2)
    Send to player 1 [name: Biu] infomation : (0 8 4 7 4)
Step 20:
    Send to player 1 [name: Biu] a signal: ACTION
    Receive message form player 1 [name: Biu]: 2 6 U
    Transform message form [number: 1] [name: Biu]: 6 0 D
    Correct move!
    Player 1 [name Biu] choose (6,0) move to (5 0)
    Send to player 0 [name: mamisan] infomation : (1 6 0 5 0)
    Send to player 1 [name: Biu] infomation : (1 2 6 3 6)
Step 21:
    Send to player 0 [name: mamisan] a signal: ACTION
    Receive message form player 0 [name: mamisan]: 1 2 U
    Transform message form [number: 0] [name: mamisan]: 1 2 U
    Correct move!
    Player 0 [name mamisan] choose (1,2) move to (2 2)
    Send to player 0 [name: mamisan] infomation : (0 1 2 2 2)
    Send to player 1 [name: Biu] infomation : (0 7 4 6 4)
Step 22:
    Send to player 1 [name: Biu] a signal: ACTION
    Receive message form player 1 [name: Biu]: 5 3 D
    Transform message form [number: 1] [name: Biu]: 3 3 U
    Correct move!
    Player 1 [name Biu] choose (3,3) move to (4 3)
    Send to player 0 [name: mamisan] infomation : (1 3 3 4 3)
    Send to player 1 [name: Biu] infomation : (1 5 3 4 3)
Step 23:
    Send to player 0 [name: mamisan] a signal: ACTION
    Receive message form player 0 [name: mamisan]: 2 2 U
    Transform message form [number: 0] [name: mamisan]: 2 2 U
    Correct move!
    Player 0 [name mamisan] choose (2,2) move to (6 2)
    Send to player 0 [name: mamisan] infomation : (0 2 2 6 2)
    Send to player 1 [name: Biu] infomation : (0 6 4 2 4)
Step 24:
    Send to player 1 [name: Biu] a signal: ACTION
    Receive message form player 1 [name: Biu]: 2 3 U
    Transform message form [number: 1] [name: Biu]: 6 3 D
    Correct move!
    Player 1 [name Biu] choose (6,3) move to (5 3)
    Send to player 0 [name: mamisan] infomation : (1 6 3 5 3)
    Send to player 1 [name: Biu] infomation : (1 2 3 3 3)
Step 25:
    Send to player 0 [name: mamisan] a signal: ACTION
    Receive message form player 0 [name: mamisan]: 6 2 R
    Transform message form [number: 0] [name: mamisan]: 6 2 R
    Correct move!
    Player 0 [name mamisan] choose (6,2) move to (6 3)
    Send to player 0 [name: mamisan] infomation : (0 6 2 6 3)
    Send to player 1 [name: Biu] infomation : (0 2 4 2 3)
Step 26:
    Send to player 1 [name: Biu] a signal: ACTION
    Receive message form player 1 [name: Biu]: 2 2 D
    Transform message form [number: 1] [name: Biu]: 6 4 U
    Correct move!
    Player 1 [name Biu] choose (6,4) move to (7 4)
    Send to player 0 [name: mamisan] infomation : (1 6 4 7 4)
    Send to player 1 [name: Biu] infomation : (1 2 2 1 2)
Step 27:
    Send to player 0 [name: mamisan] a signal: ACTION
    Receive message form player 0 [name: mamisan]: 6 3 U
    Transform message form [number: 0] [name: mamisan]: 6 3 U
    Correct move!
    Player 0 [name mamisan] choose (6,3) move to (7 3)
    Send to player 0 [name: mamisan] infomation : (0 6 3 7 3)
    Send to player 1 [name: Biu] infomation : (0 2 3 1 3)
Step 28:
    Send to player 1 [name: Biu] a signal: ACTION
    Receive message form player 1 [name: Biu]: 1 2 R
    Transform message form [number: 1] [name: Biu]: 7 4 L
    Correct move!
    Player 1 [name Biu] choose (7,4) move to (7 3)
    Send to player 0 [name: mamisan] infomation : (1 7 4 7 3)
    Send to player 1 [name: Biu] infomation : (1 1 2 1 3)
Step 29:
    Send to player 0 [name: mamisan] a signal: ACTION
    Receive message form player 0 [name: mamisan]: 0 6 L
    Transform message form [number: 0] [name: mamisan]: 0 6 L
    Correct move!
    Player 0 [name mamisan] choose (0,6) move to (0 5)
    Send to player 0 [name: mamisan] infomation : (0 0 6 0 5)
    Send to player 1 [name: Biu] infomation : (0 8 0 8 1)
Step 30:
    Send to player 1 [name: Biu] a signal: ACTION
    Receive message form player 1 [name: Biu]: 1 6 U
    Transform message form [number: 1] [name: Biu]: 7 0 D
    Correct move!
    Player 1 [name Biu] choose (7,0) move to (6 0)
    Send to player 0 [name: mamisan] infomation : (1 7 0 6 0)
    Send to player 1 [name: Biu] infomation : (1 1 6 2 6)
Step 31:
    Send to player 0 [name: mamisan] a signal: ACTION
    Receive message form player 0 [name: mamisan]: 0 5 L
    Transform message form [number: 0] [name: mamisan]: 0 5 L
    Correct move!
    Player 0 [name mamisan] choose (0,5) move to (0 4)
    Send to player 0 [name: mamisan] infomation : (0 0 5 0 4)
    Send to player 1 [name: Biu] infomation : (0 8 1 8 2)
Step 32:
    Send to player 1 [name: Biu] a signal: ACTION
    Receive message form player 1 [name: Biu]: 2 6 L
    Transform message form [number: 1] [name: Biu]: 6 0 R
    Correct move!
    Player 1 [name Biu] choose (6,0) move to (6 1)
    Send to player 0 [name: mamisan] infomation : (1 6 0 6 1)
    Send to player 1 [name: Biu] infomation : (1 2 6 2 5)
Step 33:
    Send to player 0 [name: mamisan] a signal: ACTION
    Receive message form player 0 [name: mamisan]: 0 4 U
    Transform message form [number: 0] [name: mamisan]: 0 4 U
    Correct move!
    Player 0 [name mamisan] choose (0,4) move to (1 4)
    Send to player 0 [name: mamisan] infomation : (0 0 4 1 4)
    Send to player 1 [name: Biu] infomation : (0 8 2 7 2)
Step 34:
    Send to player 1 [name: Biu] a signal: ACTION
    Receive message form player 1 [name: Biu]: 2 5 L
    Transform message form [number: 1] [name: Biu]: 6 1 R
    Correct move!
    Player 1 [name Biu] choose (6,1) move to (6 2)
    Send to player 0 [name: mamisan] infomation : (1 6 1 6 2)
    Send to player 1 [name: Biu] infomation : (1 2 5 2 4)
Step 35:
    Send to player 0 [name: mamisan] a signal: ACTION
    Receive message form player 0 [name: mamisan]: 1 4 U
    Transform message form [number: 0] [name: mamisan]: 1 4 U
    Correct move!
    Player 0 [name mamisan] choose (1,4) move to (2 4)
    Send to player 0 [name: mamisan] infomation : (0 1 4 2 4)
    Send to player 1 [name: Biu] infomation : (0 7 2 6 2)
Step 36:
    Send to player 1 [name: Biu] a signal: ACTION
    Receive message form player 1 [name: Biu]: 1 3 U
    Transform message form [number: 1] [name: Biu]: 7 3 D
    Correct move!
    Player 1 [name Biu] choose (7,3) move to (6 3)
    Send to player 0 [name: mamisan] infomation : (1 7 3 6 3)
    Send to player 1 [name: Biu] infomation : (1 1 3 2 3)
Step 37:
    Send to player 0 [name: mamisan] a signal: ACTION
    Receive message form player 0 [name: mamisan]: 2 4 U
    Transform message form [number: 0] [name: mamisan]: 2 4 U
    Correct move!
    Player 0 [name mamisan] choose (2,4) move to (6 4)
    Send to player 0 [name: mamisan] infomation : (0 2 4 6 4)
    Send to player 1 [name: Biu] infomation : (0 6 2 2 2)
Step 38:
    Send to player 1 [name: Biu] a signal: ACTION
    Receive message form player 1 [name: Biu]: 2 1 R
    Transform message form [number: 1] [name: Biu]: 6 5 L
    Correct move!
    Player 1 [name Biu] choose (6,5) move to (6 4)
    Send to player 0 [name: mamisan] infomation : (1 6 5 6 4)
    Send to player 1 [name: Biu] infomation : (1 2 1 2 2)
Step 39:
    Send to player 0 [name: mamisan] a signal: ACTION
    Receive message form player 0 [name: mamisan]: 2 0 R
    Transform message form [number: 0] [name: mamisan]: 2 0 R
    Correct move!
    Player 0 [name mamisan] choose (2,0) move to (2 1)
    Send to player 0 [name: mamisan] infomation : (0 2 0 2 1)
    Send to player 1 [name: Biu] infomation : (0 6 6 6 5)
Step 40:
    Send to player 1 [name: Biu] a signal: ACTION
    Receive message form player 1 [name: Biu]: 4 3 U
    Transform message form [number: 1] [name: Biu]: 4 3 D
    Correct move!
    Player 1 [name Biu] choose (4,3) move to (3 3)
    Send to player 0 [name: mamisan] infomation : (1 4 3 3 3)
    Send to player 1 [name: Biu] infomation : (1 4 3 5 3)
Step 41:
    Send to player 0 [name: mamisan] a signal: ACTION
    Receive message form player 0 [name: mamisan]: 2 1 R
    Transform message form [number: 0] [name: mamisan]: 2 1 R
    Correct move!
    Player 0 [name mamisan] choose (2,1) move to (2 2)
    Send to player 0 [name: mamisan] infomation : (0 2 1 2 2)
    Send to player 1 [name: Biu] infomation : (0 6 5 6 4)
Step 42:
    Send to player 1 [name: Biu] a signal: ACTION
    Receive message form player 1 [name: Biu]: 5 3 D
    Transform message form [number: 1] [name: Biu]: 3 3 U
    Correct move!
    Player 1 [name Biu] choose (3,3) move to (4 3)
    Send to player 0 [name: mamisan] infomation : (1 3 3 4 3)
    Send to player 1 [name: Biu] infomation : (1 5 3 4 3)
Step 43:
    Send to player 0 [name: mamisan] a signal: ACTION
    Receive message form player 0 [name: mamisan]: 2 2 R
    Transform message form [number: 0] [name: mamisan]: 2 2 R
    Correct move!
    Player 0 [name mamisan] choose (2,2) move to (2 3)
    Send to player 0 [name: mamisan] infomation : (0 2 2 2 3)
    Send to player 1 [name: Biu] infomation : (0 6 4 6 3)
Step 44:
    Send to player 1 [name: Biu] a signal: ACTION
    Receive message form player 1 [name: Biu]: 1 5 D
    Transform message form [number: 1] [name: Biu]: 7 1 U
    Correct move!
    Player 1 [name Biu] choose (7,1) move to (8 1)
    Send to player 0 [name: mamisan] infomation : (1 7 1 8 1)
    Send to player 1 [name: Biu] infomation : (1 1 5 0 5)
Step 45:
    Send to player 0 [name: mamisan] a signal: ACTION
    Receive message form player 0 [name: mamisan]: 2 3 U
    Transform message form [number: 0] [name: mamisan]: 2 3 U
    Correct move!
    Player 0 [name mamisan] choose (2,3) move to (3 3)
    Send to player 0 [name: mamisan] infomation : (0 2 3 3 3)
    Send to player 1 [name: Biu] infomation : (0 6 3 5 3)
Step 46:
    Send to player 1 [name: Biu] a signal: ACTION
    Receive message form player 1 [name: Biu]: 4 3 L
    Transform message form [number: 1] [name: Biu]: 4 3 R
    Correct move!
    Player 1 [name Biu] choose (4,3) move to (4 6)
    Send to player 0 [name: mamisan] infomation : (1 4 3 4 6)
    Send to player 1 [name: Biu] infomation : (1 4 3 4 0)
Step 47:
    Send to player 0 [name: mamisan] a signal: ACTION
    Receive message form player 0 [name: mamisan]: 3 3 U
    Transform message form [number: 0] [name: mamisan]: 3 3 U
    Correct move!
    Player 0 [name mamisan] choose (3,3) move to (4 3)
    Send to player 0 [name: mamisan] infomation : (0 3 3 4 3)
    Send to player 1 [name: Biu] infomation : (0 5 3 4 3)
Step 48:
    Send to player 1 [name: Biu] a signal: ACTION
    Receive message form player 1 [name: Biu]: 2 4 U
    Transform message form [number: 1] [name: Biu]: 6 2 D
    Correct move!
    Player 1 [name Biu] choose (6,2) move to (2 2)
    Send to player 0 [name: mamisan] infomation : (1 6 2 2 2)
    Send to player 1 [name: Biu] infomation : (1 2 4 6 4)
Step 49:
    Send to player 0 [name: mamisan] a signal: ACTION
    Receive message form player 0 [name: mamisan]: 4 3 U
    Transform message form [number: 0] [name: mamisan]: 4 3 U
    Correct move!
    Player 0 [name mamisan] choose (4,3) move to (5 3)
    Send to player 0 [name: mamisan] infomation : (0 4 3 5 3)
    Send to player 1 [name: Biu] infomation : (0 4 3 3 3)
Step 50:
    Send to player 1 [name: Biu] a signal: ACTION
    Receive message form player 1 [name: Biu]: 2 3 R
    Transform message form [number: 1] [name: Biu]: 6 3 L
    Correct move!
    Player 1 [name Biu] choose (6,3) move to (6 2)
    Send to player 0 [name: mamisan] infomation : (1 6 3 6 2)
    Send to player 1 [name: Biu] infomation : (1 2 3 2 4)
Step 51:
    Send to player 0 [name: mamisan] a signal: ACTION
    Receive message form player 0 [name: mamisan]: 5 3 U
    Transform message form [number: 0] [name: mamisan]: 5 3 U
    Correct move!
    Player 0 [name mamisan] choose (5,3) move to (6 3)
    Send to player 0 [name: mamisan] infomation : (0 5 3 6 3)
    Send to player 1 [name: Biu] infomation : (0 3 3 2 3)
Step 52:
    Send to player 1 [name: Biu] a signal: ACTION
    Receive message form player 1 [name: Biu]: 2 2 R
    Transform message form [number: 1] [name: Biu]: 6 4 L
    Correct move!
    Player 1 [name Biu] choose (6,4) move to (6 3)
    Send to player 0 [name: mamisan] infomation : (1 6 4 6 3)
    Send to player 1 [name: Biu] infomation : (1 2 2 2 3)
Step 53:
    Send to player 0 [name: mamisan] a signal: ACTION
    Receive message form player 0 [name: mamisan]: 2 6 U
    Transform message form [number: 0] [name: mamisan]: 2 6 U
    Correct move!
    Player 0 [name mamisan] choose (2,6) move to (3 6)
    Send to player 0 [name: mamisan] infomation : (0 2 6 3 6)
    Send to player 1 [name: Biu] infomation : (0 6 0 5 0)
Step 54:
    Send to player 1 [name: Biu] a signal: ACTION
    Receive message form player 1 [name: Biu]: 4 0 U
    Transform message form [number: 1] [name: Biu]: 4 6 D
    Correct move!
    Player 1 [name Biu] choose (4,6) move to (3 6)
    Send to player 0 [name: mamisan] infomation : (1 4 6 3 6)
    Send to player 1 [name: Biu] infomation : (1 4 0 5 0)
Step 55:
    Send to player 0 [name: mamisan] a signal: ACTION
    Receive message form player 0 [name: mamisan]: 1 1 U
    Transform message form [number: 0] [name: mamisan]: 1 1 U
    Correct move!
    Player 0 [name mamisan] choose (1,1) move to (2 1)
    Send to player 0 [name: mamisan] infomation : (0 1 1 2 1)
    Send to player 1 [name: Biu] infomation : (0 7 5 6 5)
Step 56:
    Send to player 1 [name: Biu] a signal: ACTION
    Receive message form player 1 [name: Biu]: 6 4 R
    Transform message form [number: 1] [name: Biu]: 2 2 L
    Correct move!
    Player 1 [name Biu] choose (2,2) move to (2 1)
    Send to player 0 [name: mamisan] infomation : (1 2 2 2 1)
    Send to player 1 [name: Biu] infomation : (1 6 4 6 5)
Step 57:
    Send to player 0 [name: mamisan] a signal: ACTION
    Receive message form player 0 [name: mamisan]: 1 5 L
    Transform message form [number: 0] [name: mamisan]: 1 5 L
    Correct move!
    Player 0 [name mamisan] choose (1,5) move to (1 4)
    Send to player 0 [name: mamisan] infomation : (0 1 5 1 4)
    Send to player 1 [name: Biu] infomation : (0 7 1 7 2)
Step 58:
    Send to player 1 [name: Biu] a signal: ACTION
    Receive message form player 1 [name: Biu]: 6 5 L
    Transform message form [number: 1] [name: Biu]: 2 1 R
    Correct move!
    Player 1 [name Biu] choose (2,1) move to (2 2)
    Send to player 0 [name: mamisan] infomation : (1 2 1 2 2)
    Send to player 1 [name: Biu] infomation : (1 6 5 6 4)
Step 59:
    Send to player 0 [name: mamisan] a signal: ACTION
    Receive message form player 0 [name: mamisan]: 1 4 L
    Transform message form [number: 0] [name: mamisan]: 1 4 L
    Correct move!
    Player 0 [name mamisan] choose (1,4) move to (1 3)
    Send to player 0 [name: mamisan] infomation : (0 1 4 1 3)
    Send to player 1 [name: Biu] infomation : (0 7 2 7 3)
Step 60:
    Send to player 1 [name: Biu] a signal: ACTION
    Receive message form player 1 [name: Biu]: 5 0 U
    Transform message form [number: 1] [name: Biu]: 3 6 D
    Correct move!
    Player 1 [name Biu] choose (3,6) move to (2 6)
    Send to player 0 [name: mamisan] infomation : (1 3 6 2 6)
    Send to player 1 [name: Biu] infomation : (1 5 0 6 0)
Step 61:
    Send to player 0 [name: mamisan] a signal: ACTION
    Receive message form player 0 [name: mamisan]: 1 3 L
    Transform message form [number: 0] [name: mamisan]: 1 3 L
    Correct move!
    Player 0 [name mamisan] choose (1,3) move to (1 2)
    Send to player 0 [name: mamisan] infomation : (0 1 3 1 2)
    Send to player 1 [name: Biu] infomation : (0 7 3 7 4)
Step 62:
    Send to player 1 [name: Biu] a signal: ACTION
    Receive message form player 1 [name: Biu]: 6 4 U
    Transform message form [number: 1] [name: Biu]: 2 2 D
    Correct move!
    Player 1 [name Biu] choose (2,2) move to (1 2)
    Send to player 0 [name: mamisan] infomation : (1 2 2 1 2)
    Send to player 1 [name: Biu] infomation : (1 6 4 7 4)
Step 63:
    Send to player 0 [name: mamisan] a signal: ACTION
    Receive message form player 0 [name: mamisan]: 0 0 R
    Transform message form [number: 0] [name: mamisan]: 0 0 R
    try to use uncorrect role
    Invalid chess piece: ['0', '0', 'R']
    The limit of invalid action of player 0 (name mamisan) is 2
Step 64:
    Send to player 1 [name: Biu] a signal: ACTION
    Receive message form player 1 [name: Biu]: 7 4 U
    Transform message form [number: 1] [name: Biu]: 1 2 D
    Correct move!
    Player 1 [name Biu] choose (1,2) move to (0 2)
    Send to player 0 [name: mamisan] infomation : (1 1 2 0 2)
    Send to player 1 [name: Biu] infomation : (1 7 4 8 4)
Step 65:
    Send to player 0 [name: mamisan] a signal: ACTION
    Receive message form player 0 [name: mamisan]: 0 0 R
    Transform message form [number: 0] [name: mamisan]: 0 0 R
    try to use uncorrect role
    Invalid chess piece: ['0', '0', 'R']
    The limit of invalid action of player 0 (name mamisan) is 1
Step 66:
    Send to player 1 [name: Biu] a signal: ACTION
    Receive message form player 1 [name: Biu]: 8 4 L
    Transform message form [number: 1] [name: Biu]: 0 2 R
    Correct move!
    Player 1 [name Biu] choose (0,2) move to (0 3)
    Send to player 0 [name: mamisan] infomation : (1 0 2 0 3)
    Send to player 1 [name: Biu] infomation : (1 8 4 8 3)
    The Player 1 (name Biu) win the game
Closing connections:
    Player 0 [name: mamisan] connection closed succueefully
    Player 1 [name: Biu] connection closed succueefully
Total Steps: 66
End!
