Initialization:
    Waiting to connect ...
    AI0: XIQCX from 127.0.0.1 connected
    AI1: Search from 127.0.0.1 connected
    Search is the first player
    XIQCX is the second player
Step 1:
    Send to player 1 [name: Search] a signal: ACTION
    Receive message form player 1 [name: Search]: 0 0 U
    Transform message form [number: 1] [name: Search]: 8 6 D
    Correct move!
    Player 1 [name Search] choose (8,6) move to (7 6)
    Send to player 0 [name: XIQCX] infomation : (1 8 6 7 6)
    Send to player 1 [name: Search] infomation : (1 0 0 1 0)
Step 2:
    Send to player 0 [name: XIQCX] a signal: ACTION
    Receive message form player 0 [name: XIQCX]: 0 0 U
    Transform message form [number: 0] [name: XIQCX]: 0 0 U
    Correct move!
    Player 0 [name XIQCX] choose (0,0) move to (1 0)
    Send to player 0 [name: XIQCX] infomation : (0 0 0 1 0)
    Send to player 1 [name: Search] infomation : (0 8 6 7 6)
Step 3:
    Send to player 1 [name: Search] a signal: ACTION
    Receive message form player 1 [name: Search]: 2 0 R
    Transform message form [number: 1] [name: Search]: 6 6 L
    Correct move!
    Player 1 [name Search] choose (6,6) move to (6 5)
    Send to player 0 [name: XIQCX] infomation : (1 6 6 6 5)
    Send to player 1 [name: Search] infomation : (1 2 0 2 1)
Step 4:
    Send to player 0 [name: XIQCX] a signal: ACTION
    Receive message form player 0 [name: XIQCX]: 2 4 D
    Transform message form [number: 0] [name: XIQCX]: 2 4 D
    Correct move!
    Player 0 [name XIQCX] choose (2,4) move to (1 4)
    Send to player 0 [name: XIQCX] infomation : (0 2 4 1 4)
    Send to player 1 [name: Search] infomation : (0 6 2 7 2)
Step 5:
    Send to player 1 [name: Search] a signal: ACTION
    Receive message form player 1 [name: Search]: 1 1 D
    Transform message form [number: 1] [name: Search]: 7 5 U
    Correct move!
    Player 1 [name Search] choose (7,5) move to (8 5)
    Send to player 0 [name: XIQCX] infomation : (1 7 5 8 5)
    Send to player 1 [name: Search] infomation : (1 1 1 0 1)
Step 6:
    Send to player 0 [name: XIQCX] a signal: ACTION
    Receive message form player 0 [name: XIQCX]: 1 4 U
    Transform message form [number: 0] [name: XIQCX]: 1 4 U
    Correct move!
    Player 0 [name XIQCX] choose (1,4) move to (2 4)
    Send to player 0 [name: XIQCX] infomation : (0 1 4 2 4)
    Send to player 1 [name: Search] infomation : (0 7 2 6 2)
Step 7:
    Send to player 1 [name: Search] a signal: ACTION
    Receive message form player 1 [name: Search]: 2 6 U
    Transform message form [number: 1] [name: Search]: 6 0 D
    Correct move!
    Player 1 [name Search] choose (6,0) move to (5 0)
    Send to player 0 [name: XIQCX] infomation : (1 6 0 5 0)
    Send to player 1 [name: Search] infomation : (1 2 6 3 6)
Step 8:
    Send to player 0 [name: XIQCX] a signal: ACTION
    Receive message form player 0 [name: XIQCX]: 1 5 U
    Transform message form [number: 0] [name: XIQCX]: 1 5 U
    Correct move!
    Player 0 [name XIQCX] choose (1,5) move to (2 5)
    Send to player 0 [name: XIQCX] infomation : (0 1 5 2 5)
    Send to player 1 [name: Search] infomation : (0 7 1 6 1)
Step 9:
    Send to player 1 [name: Search] a signal: ACTION
    Receive message form player 1 [name: Search]: 1 5 D
    Transform message form [number: 1] [name: Search]: 7 1 U
    Correct move!
    Player 1 [name Search] choose (7,1) move to (8 1)
    Send to player 0 [name: XIQCX] infomation : (1 7 1 8 1)
    Send to player 1 [name: Search] infomation : (1 1 5 0 5)
Step 10:
    Send to player 0 [name: XIQCX] a signal: ACTION
    Receive message form player 0 [name: XIQCX]: 2 5 D
    Transform message form [number: 0] [name: XIQCX]: 2 5 D
    Correct move!
    Player 0 [name XIQCX] choose (2,5) move to (1 5)
    Send to player 0 [name: XIQCX] infomation : (0 2 5 1 5)
    Send to player 1 [name: Search] infomation : (0 6 1 7 1)
Step 11:
    Send to player 1 [name: Search] a signal: ACTION
    Receive message form player 1 [name: Search]: 3 6 L
    Transform message form [number: 1] [name: Search]: 5 0 R
    Correct move!
    Player 1 [name Search] choose (5,0) move to (5 1)
    Send to player 0 [name: XIQCX] infomation : (1 5 0 5 1)
    Send to player 1 [name: Search] infomation : (1 3 6 3 5)
Step 12:
    Send to player 0 [name: XIQCX] a signal: ACTION
    Receive message form player 0 [name: XIQCX]: 2 4 L
    Transform message form [number: 0] [name: XIQCX]: 2 4 L
    Correct move!
    Player 0 [name XIQCX] choose (2,4) move to (2 3)
    Send to player 0 [name: XIQCX] infomation : (0 2 4 2 3)
    Send to player 1 [name: Search] infomation : (0 6 2 6 3)
Step 13:
    Send to player 1 [name: Search] a signal: ACTION
    Receive message form player 1 [name: Search]: 2 1 D
    Transform message form [number: 1] [name: Search]: 6 5 U
    Correct move!
    Player 1 [name Search] choose (6,5) move to (7 5)
    Send to player 0 [name: XIQCX] infomation : (1 6 5 7 5)
    Send to player 1 [name: Search] infomation : (1 2 1 1 1)
Step 14:
    Send to player 0 [name: XIQCX] a signal: ACTION
    Receive message form player 0 [name: XIQCX]: 2 3 D
    Transform message form [number: 0] [name: XIQCX]: 2 3 D
    Correct move!
    Player 0 [name XIQCX] choose (2,3) move to (1 3)
    Send to player 0 [name: XIQCX] infomation : (0 2 3 1 3)
    Send to player 1 [name: Search] infomation : (0 6 3 7 3)
Step 15:
    Send to player 1 [name: Search] a signal: ACTION
    Receive message form player 1 [name: Search]: 1 1 R
    Transform message form [number: 1] [name: Search]: 7 5 L
    Correct move!
    Player 1 [name Search] choose (7,5) move to (7 4)
    Send to player 0 [name: XIQCX] infomation : (1 7 5 7 4)
    Send to player 1 [name: Search] infomation : (1 1 1 1 2)
Step 16:
    Send to player 0 [name: XIQCX] a signal: ACTION
    Receive message form player 0 [name: XIQCX]: 2 6 U
    Transform message form [number: 0] [name: XIQCX]: 2 6 U
    Correct move!
    Player 0 [name XIQCX] choose (2,6) move to (3 6)
    Send to player 0 [name: XIQCX] infomation : (0 2 6 3 6)
    Send to player 1 [name: Search] infomation : (0 6 0 5 0)
Step 17:
    Send to player 1 [name: Search] a signal: ACTION
    Receive message form player 1 [name: Search]: 0 1 R
    Transform message form [number: 1] [name: Search]: 8 5 L
    Correct move!
    Player 1 [name Search] choose (8,5) move to (8 4)
    Send to player 0 [name: XIQCX] infomation : (1 8 5 8 4)
    Send to player 1 [name: Search] infomation : (1 0 1 0 2)
Step 18:
    Send to player 0 [name: XIQCX] a signal: ACTION
    Receive message form player 0 [name: XIQCX]: 2 2 R
    Transform message form [number: 0] [name: XIQCX]: 2 2 R
    Correct move!
    Player 0 [name XIQCX] choose (2,2) move to (2 3)
    Send to player 0 [name: XIQCX] infomation : (0 2 2 2 3)
    Send to player 1 [name: Search] infomation : (0 6 4 6 3)
Step 19:
    Send to player 1 [name: Search] a signal: ACTION
    Receive message form player 1 [name: Search]: 1 2 R
    Transform message form [number: 1] [name: Search]: 7 4 L
    Correct move!
    Player 1 [name Search] choose (7,4) move to (7 3)
    Send to player 0 [name: XIQCX] infomation : (1 7 4 7 3)
    Send to player 1 [name: Search] infomation : (1 1 2 1 3)
Step 20:
    Send to player 0 [name: XIQCX] a signal: ACTION
    Receive message form player 0 [name: XIQCX]: 1 5 L
    Transform message form [number: 0] [name: XIQCX]: 1 5 L
    Correct move!
    Player 0 [name XIQCX] choose (1,5) move to (1 4)
    Send to player 0 [name: XIQCX] infomation : (0 1 5 1 4)
    Send to player 1 [name: Search] infomation : (0 7 1 7 2)
Step 21:
    Send to player 1 [name: Search] a signal: ACTION
    Receive message form player 1 [name: Search]: 0 5 L
    Transform message form [number: 1] [name: Search]: 8 1 R
    Correct move!
    Player 1 [name Search] choose (8,1) move to (8 2)
    Send to player 0 [name: XIQCX] infomation : (1 8 1 8 2)
    Send to player 1 [name: Search] infomation : (1 0 5 0 4)
Step 22:
    Send to player 0 [name: XIQCX] a signal: ACTION
    Receive message form player 0 [name: XIQCX]: 1 3 L
    Transform message form [number: 0] [name: XIQCX]: 1 3 L
    Correct move!
    Player 0 [name XIQCX] choose (1,3) move to (1 2)
    Send to player 0 [name: XIQCX] infomation : (0 1 3 1 2)
    Send to player 1 [name: Search] infomation : (0 7 3 7 4)
Step 23:
    Send to player 1 [name: Search] a signal: ACTION
    Receive message form player 1 [name: Search]: 0 6 U
    Transform message form [number: 1] [name: Search]: 8 0 D
    Correct move!
    Player 1 [name Search] choose (8,0) move to (7 0)
    Send to player 0 [name: XIQCX] infomation : (1 8 0 7 0)
    Send to player 1 [name: Search] infomation : (1 0 6 1 6)
Step 24:
    Send to player 0 [name: XIQCX] a signal: ACTION
    Receive message form player 0 [name: XIQCX]: 1 2 D
    Transform message form [number: 0] [name: XIQCX]: 1 2 D
    Correct move!
    Player 0 [name XIQCX] choose (1,2) move to (0 2)
    Send to player 0 [name: XIQCX] infomation : (0 1 2 0 2)
    Send to player 1 [name: Search] infomation : (0 7 4 8 4)
Step 25:
    Send to player 1 [name: Search] a signal: ACTION
    Receive message form player 1 [name: Search]: 3 5 U
    Transform message form [number: 1] [name: Search]: 5 1 D
    Correct move!
    Player 1 [name Search] choose (5,1) move to (4 1)
    Send to player 0 [name: XIQCX] infomation : (1 5 1 4 1)
    Send to player 1 [name: Search] infomation : (1 3 5 4 5)
Step 26:
    Send to player 0 [name: XIQCX] a signal: ACTION
    Receive message form player 0 [name: XIQCX]: 1 4 L
    Transform message form [number: 0] [name: XIQCX]: 1 4 L
    Correct move!
    Player 0 [name XIQCX] choose (1,4) move to (1 3)
    Send to player 0 [name: XIQCX] infomation : (0 1 4 1 3)
    Send to player 1 [name: Search] infomation : (0 7 2 7 3)
Step 27:
    Send to player 1 [name: Search] a signal: ACTION
    Receive message form player 1 [name: Search]: 4 5 U
    Transform message form [number: 1] [name: Search]: 4 1 D
    Correct move!
    Player 1 [name Search] choose (4,1) move to (3 1)
    Send to player 0 [name: XIQCX] infomation : (1 4 1 3 1)
    Send to player 1 [name: Search] infomation : (1 4 5 5 5)
Step 28:
    Send to player 0 [name: XIQCX] a signal: ACTION
    Receive message form player 0 [name: XIQCX]: 2 3 L
    Transform message form [number: 0] [name: XIQCX]: 2 3 L
    Correct move!
    Player 0 [name XIQCX] choose (2,3) move to (2 2)
    Send to player 0 [name: XIQCX] infomation : (0 2 3 2 2)
    Send to player 1 [name: Search] infomation : (0 6 3 6 4)
Step 29:
    Send to player 1 [name: Search] a signal: ACTION
    Receive message form player 1 [name: Search]: 1 6 U
    Transform message form [number: 1] [name: Search]: 7 0 D
    Correct move!
    Player 1 [name Search] choose (7,0) move to (6 0)
    Send to player 0 [name: XIQCX] infomation : (1 7 0 6 0)
    Send to player 1 [name: Search] infomation : (1 1 6 2 6)
Step 30:
    Send to player 0 [name: XIQCX] a signal: ACTION
    Receive message form player 0 [name: XIQCX]: 1 1 R
    Transform message form [number: 0] [name: XIQCX]: 1 1 R
    Correct move!
    Player 0 [name XIQCX] choose (1,1) move to (1 2)
    Send to player 0 [name: XIQCX] infomation : (0 1 1 1 2)
    Send to player 1 [name: Search] infomation : (0 7 5 7 4)
Step 31:
    Send to player 1 [name: Search] a signal: ACTION
    Receive message form player 1 [name: Search]: 2 6 L
    Transform message form [number: 1] [name: Search]: 6 0 R
    Correct move!
    Player 1 [name Search] choose (6,0) move to (6 1)
    Send to player 0 [name: XIQCX] infomation : (1 6 0 6 1)
    Send to player 1 [name: Search] infomation : (1 2 6 2 5)
Step 32:
    Send to player 0 [name: XIQCX] a signal: ACTION
    Receive message form player 0 [name: XIQCX]: 1 0 D
    Transform message form [number: 0] [name: XIQCX]: 1 0 D
    Correct move!
    Player 0 [name XIQCX] choose (1,0) move to (0 0)
    Send to player 0 [name: XIQCX] infomation : (0 1 0 0 0)
    Send to player 1 [name: Search] infomation : (0 7 6 8 6)
Step 33:
    Send to player 1 [name: Search] a signal: ACTION
    Receive message form player 1 [name: Search]: 2 4 D
    Transform message form [number: 1] [name: Search]: 6 2 U
    Correct move!
    Player 1 [name Search] choose (6,2) move to (7 2)
    Send to player 0 [name: XIQCX] infomation : (1 6 2 7 2)
    Send to player 1 [name: Search] infomation : (1 2 4 1 4)
Step 34:
    Send to player 0 [name: XIQCX] a signal: ACTION
    Receive message form player 0 [name: XIQCX]: 0 6 L
    Transform message form [number: 0] [name: XIQCX]: 0 6 L
    Correct move!
    Player 0 [name XIQCX] choose (0,6) move to (0 5)
    Send to player 0 [name: XIQCX] infomation : (0 0 6 0 5)
    Send to player 1 [name: Search] infomation : (0 8 0 8 1)
Step 35:
    Send to player 1 [name: Search] a signal: ACTION
    Receive message form player 1 [name: Search]: 2 5 L
    Transform message form [number: 1] [name: Search]: 6 1 R
    Correct move!
    Player 1 [name Search] choose (6,1) move to (6 2)
    Send to player 0 [name: XIQCX] infomation : (1 6 1 6 2)
    Send to player 1 [name: Search] infomation : (1 2 5 2 4)
Step 36:
    Send to player 0 [name: XIQCX] a signal: ACTION
    Receive message form player 0 [name: XIQCX]: 0 5 L
    Transform message form [number: 0] [name: XIQCX]: 0 5 L
    Correct move!
    Player 0 [name XIQCX] choose (0,5) move to (0 4)
    Send to player 0 [name: XIQCX] infomation : (0 0 5 0 4)
    Send to player 1 [name: Search] infomation : (0 8 1 8 2)
Step 37:
    Send to player 1 [name: Search] a signal: ACTION
    Receive message form player 1 [name: Search]: 2 4 U
    Transform message form [number: 1] [name: Search]: 6 2 D
    Correct move!
    Player 1 [name Search] choose (6,2) move to (2 2)
    Send to player 0 [name: XIQCX] infomation : (1 6 2 2 2)
    Send to player 1 [name: Search] infomation : (1 2 4 6 4)
Step 38:
    Send to player 0 [name: XIQCX] a signal: ACTION
    Receive message form player 0 [name: XIQCX]: 1 2 L
    Transform message form [number: 0] [name: XIQCX]: 1 2 L
    Correct move!
    Player 0 [name XIQCX] choose (1,2) move to (1 1)
    Send to player 0 [name: XIQCX] infomation : (0 1 2 1 1)
    Send to player 1 [name: Search] infomation : (0 7 4 7 5)
Step 39:
    Send to player 1 [name: Search] a signal: ACTION
    Receive message form player 1 [name: Search]: 6 4 U
    Transform message form [number: 1] [name: Search]: 2 2 D
    Correct move!
    Player 1 [name Search] choose (2,2) move to (1 2)
    Send to player 0 [name: XIQCX] infomation : (1 2 2 1 2)
    Send to player 1 [name: Search] infomation : (1 6 4 7 4)
Step 40:
    Send to player 0 [name: XIQCX] a signal: ACTION
    Receive message form player 0 [name: XIQCX]: 1 2 L
    Transform message form [number: 0] [name: XIQCX]: 1 2 L
    try to use uncorrect role
    Invalid chess piece: ['1', '2', 'L']
    The limit of invalid action of player 0 (name XIQCX) is 2
Step 41:
    Send to player 1 [name: Search] a signal: ACTION
    Receive message form player 1 [name: Search]: 7 4 U
    Transform message form [number: 1] [name: Search]: 1 2 D
    Correct move!
    Player 1 [name Search] choose (1,2) move to (0 2)
    Send to player 0 [name: XIQCX] infomation : (1 1 2 0 2)
    Send to player 1 [name: Search] infomation : (1 7 4 8 4)
Step 42:
    Send to player 0 [name: XIQCX] a signal: ACTION
    Receive message form player 0 [name: XIQCX]: 1 2 L
    Transform message form [number: 0] [name: XIQCX]: 1 2 L
    try to use uncorrect role
    Invalid chess piece: ['1', '2', 'L']
    The limit of invalid action of player 0 (name XIQCX) is 1
Step 43:
    Send to player 1 [name: Search] a signal: ACTION
    Receive message form player 1 [name: Search]: 8 4 L
    Transform message form [number: 1] [name: Search]: 0 2 R
    Correct move!
    Player 1 [name Search] choose (0,2) move to (0 3)
    Send to player 0 [name: XIQCX] infomation : (1 0 2 0 3)
    Send to player 1 [name: Search] infomation : (1 8 4 8 3)
    The Player 1 (name Search) win the game
Closing connections:
    Player 0 [name: XIQCX] connection closed succueefully
    Player 1 [name: Search] connection closed succueefully
Total Steps: 43
End!
