Initialization:
    Waiting to connect ...
    AI0: charles from 127.0.0.1 connected
    AI1: balala from 127.0.0.1 connected
    balala is the first player
    charles is the second player
Step 1:
    Send to player 1 [name: balala] a signal: ACTION
    Receive message form player 1 [name: balala]: 0 6 L
    Transform message form [number: 1] [name: balala]: 8 0 R
    Correct move!
    Player 1 [name balala] choose (8,0) move to (8 1)
    Send to player 0 [name: charles] infomation : (1 8 0 8 1)
    Send to player 1 [name: balala] infomation : (1 0 6 0 5)
Step 2:
    Send to player 0 [name: charles] a signal: ACTION
    Receive message form player 0 [name: charles]: 1 5 D
    Transform message form [number: 0] [name: charles]: 1 5 D
    Correct move!
    Player 0 [name charles] choose (1,5) move to (0 5)
    Send to player 0 [name: charles] infomation : (0 1 5 0 5)
    Send to player 1 [name: balala] infomation : (0 7 1 8 1)
Step 3:
    Send to player 1 [name: balala] a signal: ACTION
    Receive message form player 1 [name: balala]: 0 5 R
    Transform message form [number: 1] [name: balala]: 8 1 L
    Correct move!
    Player 1 [name balala] choose (8,1) move to (8 0)
    Send to player 0 [name: charles] infomation : (1 8 1 8 0)
    Send to player 1 [name: balala] infomation : (1 0 5 0 6)
Step 4:
    Send to player 0 [name: charles] a signal: ACTION
    Receive message form player 0 [name: charles]: 2 4 D
    Transform message form [number: 0] [name: charles]: 2 4 D
    Correct move!
    Player 0 [name charles] choose (2,4) move to (1 4)
    Send to player 0 [name: charles] infomation : (0 2 4 1 4)
    Send to player 1 [name: balala] infomation : (0 6 2 7 2)
Step 5:
    Send to player 1 [name: balala] a signal: ACTION
    Receive message form player 1 [name: balala]: 0 6 L
    Transform message form [number: 1] [name: balala]: 8 0 R
    Correct move!
    Player 1 [name balala] choose (8,0) move to (8 1)
    Send to player 0 [name: charles] infomation : (1 8 0 8 1)
    Send to player 1 [name: balala] infomation : (1 0 6 0 5)
Step 6:
    Send to player 0 [name: charles] a signal: ACTION
    Receive message form player 0 [name: charles]: 2 2 D
    Transform message form [number: 0] [name: charles]: 2 2 D
    Correct move!
    Player 0 [name charles] choose (2,2) move to (1 2)
    Send to player 0 [name: charles] infomation : (0 2 2 1 2)
    Send to player 1 [name: balala] infomation : (0 6 4 7 4)
Step 7:
    Send to player 1 [name: balala] a signal: ACTION
    Receive message form player 1 [name: balala]: 0 5 R
    Transform message form [number: 1] [name: balala]: 8 1 L
    Correct move!
    Player 1 [name balala] choose (8,1) move to (8 0)
    Send to player 0 [name: charles] infomation : (1 8 1 8 0)
    Send to player 1 [name: balala] infomation : (1 0 5 0 6)
Step 8:
    Send to player 0 [name: charles] a signal: ACTION
    Receive message form player 0 [name: charles]: 1 1 D
    Transform message form [number: 0] [name: charles]: 1 1 D
    Correct move!
    Player 0 [name charles] choose (1,1) move to (0 1)
    Send to player 0 [name: charles] infomation : (0 1 1 0 1)
    Send to player 1 [name: balala] infomation : (0 7 5 8 5)
Step 9:
    Send to player 1 [name: balala] a signal: ACTION
    Receive message form player 1 [name: balala]: 0 6 L
    Transform message form [number: 1] [name: balala]: 8 0 R
    Correct move!
    Player 1 [name balala] choose (8,0) move to (8 1)
    Send to player 0 [name: charles] infomation : (1 8 0 8 1)
    Send to player 1 [name: balala] infomation : (1 0 6 0 5)
Step 10:
    Send to player 0 [name: charles] a signal: ACTION
    Receive message form player 0 [name: charles]: 2 0 R
    Transform message form [number: 0] [name: charles]: 2 0 R
    Correct move!
    Player 0 [name charles] choose (2,0) move to (2 1)
    Send to player 0 [name: charles] infomation : (0 2 0 2 1)
    Send to player 1 [name: balala] infomation : (0 6 6 6 5)
Step 11:
    Send to player 1 [name: balala] a signal: ACTION
    Receive message form player 1 [name: balala]: 0 5 R
    Transform message form [number: 1] [name: balala]: 8 1 L
    Correct move!
    Player 1 [name balala] choose (8,1) move to (8 0)
    Send to player 0 [name: charles] infomation : (1 8 1 8 0)
    Send to player 1 [name: balala] infomation : (1 0 5 0 6)
Step 12:
    Send to player 0 [name: charles] a signal: ACTION
    Receive message form player 0 [name: charles]: 0 6 U
    Transform message form [number: 0] [name: charles]: 0 6 U
    Correct move!
    Player 0 [name charles] choose (0,6) move to (1 6)
    Send to player 0 [name: charles] infomation : (0 0 6 1 6)
    Send to player 1 [name: balala] infomation : (0 8 0 7 0)
Step 13:
    Send to player 1 [name: balala] a signal: ACTION
    Receive message form player 1 [name: balala]: 0 6 L
    Transform message form [number: 1] [name: balala]: 8 0 R
    Correct move!
    Player 1 [name balala] choose (8,0) move to (8 1)
    Send to player 0 [name: charles] infomation : (1 8 0 8 1)
    Send to player 1 [name: balala] infomation : (1 0 6 0 5)
Step 14:
    Send to player 0 [name: charles] a signal: ACTION
    Receive message form player 0 [name: charles]: 1 6 L
    Transform message form [number: 0] [name: charles]: 1 6 L
    Correct move!
    Player 0 [name charles] choose (1,6) move to (1 5)
    Send to player 0 [name: charles] infomation : (0 1 6 1 5)
    Send to player 1 [name: balala] infomation : (0 7 0 7 1)
Step 15:
    Send to player 1 [name: balala] a signal: ACTION
    Receive message form player 1 [name: balala]: 0 5 R
    Transform message form [number: 1] [name: balala]: 8 1 L
    Correct move!
    Player 1 [name balala] choose (8,1) move to (8 0)
    Send to player 0 [name: charles] infomation : (1 8 1 8 0)
    Send to player 1 [name: balala] infomation : (1 0 5 0 6)
Step 16:
    Send to player 0 [name: charles] a signal: ACTION
    Receive message form player 0 [name: charles]: 1 5 U
    Transform message form [number: 0] [name: charles]: 1 5 U
    Correct move!
    Player 0 [name charles] choose (1,5) move to (2 5)
    Send to player 0 [name: charles] infomation : (0 1 5 2 5)
    Send to player 1 [name: balala] infomation : (0 7 1 6 1)
Step 17:
    Send to player 1 [name: balala] a signal: ACTION
    Receive message form player 1 [name: balala]: 0 6 L
    Transform message form [number: 1] [name: balala]: 8 0 R
    Correct move!
    Player 1 [name balala] choose (8,0) move to (8 1)
    Send to player 0 [name: charles] infomation : (1 8 0 8 1)
    Send to player 1 [name: balala] infomation : (1 0 6 0 5)
Step 18:
    Send to player 0 [name: charles] a signal: ACTION
    Receive message form player 0 [name: charles]: 2 5 L
    Transform message form [number: 0] [name: charles]: 2 5 L
    Correct move!
    Player 0 [name charles] choose (2,5) move to (2 4)
    Send to player 0 [name: charles] infomation : (0 2 5 2 4)
    Send to player 1 [name: balala] infomation : (0 6 1 6 2)
Step 19:
    Send to player 1 [name: balala] a signal: ACTION
    Receive message form player 1 [name: balala]: 0 5 R
    Transform message form [number: 1] [name: balala]: 8 1 L
    Correct move!
    Player 1 [name balala] choose (8,1) move to (8 0)
    Send to player 0 [name: charles] infomation : (1 8 1 8 0)
    Send to player 1 [name: balala] infomation : (1 0 5 0 6)
Step 20:
    Send to player 0 [name: charles] a signal: ACTION
    Receive message form player 0 [name: charles]: 2 4 U
    Transform message form [number: 0] [name: charles]: 2 4 U
    Correct move!
    Player 0 [name charles] choose (2,4) move to (6 4)
    Send to player 0 [name: charles] infomation : (0 2 4 6 4)
    Send to player 1 [name: balala] infomation : (0 6 2 2 2)
Step 21:
    Send to player 1 [name: balala] a signal: ACTION
    Receive message form player 1 [name: balala]: 0 6 L
    Transform message form [number: 1] [name: balala]: 8 0 R
    Correct move!
    Player 1 [name balala] choose (8,0) move to (8 1)
    Send to player 0 [name: charles] infomation : (1 8 0 8 1)
    Send to player 1 [name: balala] infomation : (1 0 6 0 5)
Step 22:
    Send to player 0 [name: charles] a signal: ACTION
    Receive message form player 0 [name: charles]: 6 4 L
    Transform message form [number: 0] [name: charles]: 6 4 L
    Correct move!
    Player 0 [name charles] choose (6,4) move to (6 3)
    Send to player 0 [name: charles] infomation : (0 6 4 6 3)
    Send to player 1 [name: balala] infomation : (0 2 2 2 3)
Step 23:
    Send to player 1 [name: balala] a signal: ACTION
    Receive message form player 1 [name: balala]: 2 4 R
    Transform message form [number: 1] [name: balala]: 6 2 L
    Correct move!
    Player 1 [name balala] choose (6,2) move to (6 1)
    Send to player 0 [name: charles] infomation : (1 6 2 6 1)
    Send to player 1 [name: balala] infomation : (1 2 4 2 5)
Step 24:
    Send to player 0 [name: charles] a signal: ACTION
    Receive message form player 0 [name: charles]: 6 3 U
    Transform message form [number: 0] [name: charles]: 6 3 U
    Correct move!
    Player 0 [name charles] choose (6,3) move to (7 3)
    Send to player 0 [name: charles] infomation : (0 6 3 7 3)
    Send to player 1 [name: balala] infomation : (0 2 3 1 3)
Step 25:
    Send to player 1 [name: balala] a signal: ACTION
    Receive message form player 1 [name: balala]: 0 0 R
    Transform message form [number: 1] [name: balala]: 8 6 L
    Correct move!
    Player 1 [name balala] choose (8,6) move to (8 5)
    Send to player 0 [name: charles] infomation : (1 8 6 8 5)
    Send to player 1 [name: balala] infomation : (1 0 0 0 1)
Step 26:
    Send to player 0 [name: charles] a signal: ACTION
    Receive message form player 0 [name: charles]: 7 3 U
    Transform message form [number: 0] [name: charles]: 7 3 U
    Correct move!
    Player 0 [name charles] choose (7,3) move to (8 3)
    Send to player 0 [name: charles] infomation : (0 7 3 8 3)
    Send to player 1 [name: balala] infomation : (0 1 3 0 3)
    The Player 0 (name charles) win the game
Closing connections:
    Player 0 [name: charles] connection closed succueefully
    Player 1 [name: balala] connection closed succueefully
Total Steps: 26
End!
