Initialization:
    Waiting to connect ...
    AI0: lagoon0o0 from 127.0.0.1 connected
    AI1: balala from 127.0.0.1 connected
    lagoon0o0 is the first player
    balala is the second player
Step 1:
    Send to player 0 [name: lagoon0o0] a signal: ACTION
    Receive message form player 0 [name: lagoon0o0]: 2 6 L
    Transform message form [number: 0] [name: lagoon0o0]: 2 6 L
    Correct move!
    Player 0 [name lagoon0o0] choose (2,6) move to (2 5)
    Send to player 0 [name: lagoon0o0] infomation : (0 2 6 2 5)
    Send to player 1 [name: balala] infomation : (0 6 0 6 1)
Step 2:
    Send to player 1 [name: balala] a signal: ACTION
    Receive message form player 1 [name: balala]: 0 6 L
    Transform message form [number: 1] [name: balala]: 8 0 R
    Correct move!
    Player 1 [name balala] choose (8,0) move to (8 1)
    Send to player 0 [name: lagoon0o0] infomation : (1 8 0 8 1)
    Send to player 1 [name: balala] infomation : (1 0 6 0 5)
Step 3:
    Send to player 0 [name: lagoon0o0] a signal: ACTION
    Receive message form player 0 [name: lagoon0o0]: 2 5 U
    Transform message form [number: 0] [name: lagoon0o0]: 2 5 U
    Correct move!
    Player 0 [name lagoon0o0] choose (2,5) move to (3 5)
    Send to player 0 [name: lagoon0o0] infomation : (0 2 5 3 5)
    Send to player 1 [name: balala] infomation : (0 6 1 5 1)
Step 4:
    Send to player 1 [name: balala] a signal: ACTION
    Receive message form player 1 [name: balala]: 0 5 R
    Transform message form [number: 1] [name: balala]: 8 1 L
    Correct move!
    Player 1 [name balala] choose (8,1) move to (8 0)
    Send to player 0 [name: lagoon0o0] infomation : (1 8 1 8 0)
    Send to player 1 [name: balala] infomation : (1 0 5 0 6)
Step 5:
    Send to player 0 [name: lagoon0o0] a signal: ACTION
    Receive message form player 0 [name: lagoon0o0]: 1 1 D
    Transform message form [number: 0] [name: lagoon0o0]: 1 1 D
    Correct move!
    Player 0 [name lagoon0o0] choose (1,1) move to (0 1)
    Send to player 0 [name: lagoon0o0] infomation : (0 1 1 0 1)
    Send to player 1 [name: balala] infomation : (0 7 5 8 5)
Step 6:
    Send to player 1 [name: balala] a signal: ACTION
    Receive message form player 1 [name: balala]: 0 6 L
    Transform message form [number: 1] [name: balala]: 8 0 R
    Correct move!
    Player 1 [name balala] choose (8,0) move to (8 1)
    Send to player 0 [name: lagoon0o0] infomation : (1 8 0 8 1)
    Send to player 1 [name: balala] infomation : (1 0 6 0 5)
Step 7:
    Send to player 0 [name: lagoon0o0] a signal: ACTION
    Receive message form player 0 [name: lagoon0o0]: 2 2 D
    Transform message form [number: 0] [name: lagoon0o0]: 2 2 D
    Correct move!
    Player 0 [name lagoon0o0] choose (2,2) move to (1 2)
    Send to player 0 [name: lagoon0o0] infomation : (0 2 2 1 2)
    Send to player 1 [name: balala] infomation : (0 6 4 7 4)
Step 8:
    Send to player 1 [name: balala] a signal: ACTION
    Receive message form player 1 [name: balala]: 0 5 R
    Transform message form [number: 1] [name: balala]: 8 1 L
    Correct move!
    Player 1 [name balala] choose (8,1) move to (8 0)
    Send to player 0 [name: lagoon0o0] infomation : (1 8 1 8 0)
    Send to player 1 [name: balala] infomation : (1 0 5 0 6)
Step 9:
    Send to player 0 [name: lagoon0o0] a signal: ACTION
    Receive message form player 0 [name: lagoon0o0]: 2 0 R
    Transform message form [number: 0] [name: lagoon0o0]: 2 0 R
    Correct move!
    Player 0 [name lagoon0o0] choose (2,0) move to (2 1)
    Send to player 0 [name: lagoon0o0] infomation : (0 2 0 2 1)
    Send to player 1 [name: balala] infomation : (0 6 6 6 5)
Step 10:
    Send to player 1 [name: balala] a signal: ACTION
    Receive message form player 1 [name: balala]: 0 6 L
    Transform message form [number: 1] [name: balala]: 8 0 R
    Correct move!
    Player 1 [name balala] choose (8,0) move to (8 1)
    Send to player 0 [name: lagoon0o0] infomation : (1 8 0 8 1)
    Send to player 1 [name: balala] infomation : (1 0 6 0 5)
Step 11:
    Send to player 0 [name: lagoon0o0] a signal: ACTION
    Receive message form player 0 [name: lagoon0o0]: 2 1 R
    Transform message form [number: 0] [name: lagoon0o0]: 2 1 R
    Correct move!
    Player 0 [name lagoon0o0] choose (2,1) move to (2 2)
    Send to player 0 [name: lagoon0o0] infomation : (0 2 1 2 2)
    Send to player 1 [name: balala] infomation : (0 6 5 6 4)
Step 12:
    Send to player 1 [name: balala] a signal: ACTION
    Receive message form player 1 [name: balala]: 0 5 R
    Transform message form [number: 1] [name: balala]: 8 1 L
    Correct move!
    Player 1 [name balala] choose (8,1) move to (8 0)
    Send to player 0 [name: lagoon0o0] infomation : (1 8 1 8 0)
    Send to player 1 [name: balala] infomation : (1 0 5 0 6)
Step 13:
    Send to player 0 [name: lagoon0o0] a signal: ACTION
    Receive message form player 0 [name: lagoon0o0]: 1 5 D
    Transform message form [number: 0] [name: lagoon0o0]: 1 5 D
    Correct move!
    Player 0 [name lagoon0o0] choose (1,5) move to (0 5)
    Send to player 0 [name: lagoon0o0] infomation : (0 1 5 0 5)
    Send to player 1 [name: balala] infomation : (0 7 1 8 1)
Step 14:
    Send to player 1 [name: balala] a signal: ACTION
    Receive message form player 1 [name: balala]: 0 6 L
    Transform message form [number: 1] [name: balala]: 8 0 R
    Correct move!
    Player 1 [name balala] choose (8,0) move to (8 1)
    Send to player 0 [name: lagoon0o0] infomation : (1 8 0 8 1)
    Send to player 1 [name: balala] infomation : (1 0 6 0 5)
Step 15:
    Send to player 0 [name: lagoon0o0] a signal: ACTION
    Receive message form player 0 [name: lagoon0o0]: 2 4 D
    Transform message form [number: 0] [name: lagoon0o0]: 2 4 D
    Correct move!
    Player 0 [name lagoon0o0] choose (2,4) move to (1 4)
    Send to player 0 [name: lagoon0o0] infomation : (0 2 4 1 4)
    Send to player 1 [name: balala] infomation : (0 6 2 7 2)
Step 16:
    Send to player 1 [name: balala] a signal: ACTION
    Receive message form player 1 [name: balala]: 0 5 R
    Transform message form [number: 1] [name: balala]: 8 1 L
    Correct move!
    Player 1 [name balala] choose (8,1) move to (8 0)
    Send to player 0 [name: lagoon0o0] infomation : (1 8 1 8 0)
    Send to player 1 [name: balala] infomation : (1 0 5 0 6)
Step 17:
    Send to player 0 [name: lagoon0o0] a signal: ACTION
    Receive message form player 0 [name: lagoon0o0]: 0 0 U
    Transform message form [number: 0] [name: lagoon0o0]: 0 0 U
    Correct move!
    Player 0 [name lagoon0o0] choose (0,0) move to (1 0)
    Send to player 0 [name: lagoon0o0] infomation : (0 0 0 1 0)
    Send to player 1 [name: balala] infomation : (0 8 6 7 6)
Step 18:
    Send to player 1 [name: balala] a signal: ACTION
    Receive message form player 1 [name: balala]: 0 6 L
    Transform message form [number: 1] [name: balala]: 8 0 R
    Correct move!
    Player 1 [name balala] choose (8,0) move to (8 1)
    Send to player 0 [name: lagoon0o0] infomation : (1 8 0 8 1)
    Send to player 1 [name: balala] infomation : (1 0 6 0 5)
Step 19:
    Send to player 0 [name: lagoon0o0] a signal: ACTION
    Receive message form player 0 [name: lagoon0o0]: 1 0 R
    Transform message form [number: 0] [name: lagoon0o0]: 1 0 R
    Correct move!
    Player 0 [name lagoon0o0] choose (1,0) move to (1 1)
    Send to player 0 [name: lagoon0o0] infomation : (0 1 0 1 1)
    Send to player 1 [name: balala] infomation : (0 7 6 7 5)
Step 20:
    Send to player 1 [name: balala] a signal: ACTION
    Receive message form player 1 [name: balala]: 0 5 R
    Transform message form [number: 1] [name: balala]: 8 1 L
    Correct move!
    Player 1 [name balala] choose (8,1) move to (8 0)
    Send to player 0 [name: lagoon0o0] infomation : (1 8 1 8 0)
    Send to player 1 [name: balala] infomation : (1 0 5 0 6)
Step 21:
    Send to player 0 [name: lagoon0o0] a signal: ACTION
    Receive message form player 0 [name: lagoon0o0]: 1 1 U
    Transform message form [number: 0] [name: lagoon0o0]: 1 1 U
    Correct move!
    Player 0 [name lagoon0o0] choose (1,1) move to (2 1)
    Send to player 0 [name: lagoon0o0] infomation : (0 1 1 2 1)
    Send to player 1 [name: balala] infomation : (0 7 5 6 5)
Step 22:
    Send to player 1 [name: balala] a signal: ACTION
    Receive message form player 1 [name: balala]: 0 6 L
    Transform message form [number: 1] [name: balala]: 8 0 R
    Correct move!
    Player 1 [name balala] choose (8,0) move to (8 1)
    Send to player 0 [name: lagoon0o0] infomation : (1 8 0 8 1)
    Send to player 1 [name: balala] infomation : (1 0 6 0 5)
Step 23:
    Send to player 0 [name: lagoon0o0] a signal: ACTION
    Receive message form player 0 [name: lagoon0o0]: 2 1 U
    Transform message form [number: 0] [name: lagoon0o0]: 2 1 U
    Correct move!
    Player 0 [name lagoon0o0] choose (2,1) move to (6 1)
    Send to player 0 [name: lagoon0o0] infomation : (0 2 1 6 1)
    Send to player 1 [name: balala] infomation : (0 6 5 2 5)
Step 24:
    Send to player 1 [name: balala] a signal: ACTION
    Receive message form player 1 [name: balala]: 2 4 L
    Transform message form [number: 1] [name: balala]: 6 2 R
    Correct move!
    Player 1 [name balala] choose (6,2) move to (6 3)
    Send to player 0 [name: lagoon0o0] infomation : (1 6 2 6 3)
    Send to player 1 [name: balala] infomation : (1 2 4 2 3)
Step 25:
    Send to player 0 [name: lagoon0o0] a signal: ACTION
    Receive message form player 0 [name: lagoon0o0]: 6 1 L
    Transform message form [number: 0] [name: lagoon0o0]: 6 1 L
    Correct move!
    Player 0 [name lagoon0o0] choose (6,1) move to (6 0)
    Send to player 0 [name: lagoon0o0] infomation : (0 6 1 6 0)
    Send to player 1 [name: balala] infomation : (0 2 5 2 6)
Step 26:
    Send to player 1 [name: balala] a signal: ACTION
    Receive message form player 1 [name: balala]: 0 5 R
    Transform message form [number: 1] [name: balala]: 8 1 L
    Correct move!
    Player 1 [name balala] choose (8,1) move to (8 0)
    Send to player 0 [name: lagoon0o0] infomation : (1 8 1 8 0)
    Send to player 1 [name: balala] infomation : (1 0 5 0 6)
Step 27:
    Send to player 0 [name: lagoon0o0] a signal: ACTION
    Receive message form player 0 [name: lagoon0o0]: 6 0 R
    Transform message form [number: 0] [name: lagoon0o0]: 6 0 R
    Correct move!
    Player 0 [name lagoon0o0] choose (6,0) move to (6 1)
    Send to player 0 [name: lagoon0o0] infomation : (0 6 0 6 1)
    Send to player 1 [name: balala] infomation : (0 2 6 2 5)
Step 28:
    Send to player 1 [name: balala] a signal: ACTION
    Receive message form player 1 [name: balala]: 1 5 D
    Transform message form [number: 1] [name: balala]: 7 1 U
    Correct move!
    Player 1 [name balala] choose (7,1) move to (8 1)
    Send to player 0 [name: lagoon0o0] infomation : (1 7 1 8 1)
    Send to player 1 [name: balala] infomation : (1 1 5 0 5)
Step 29:
    Send to player 0 [name: lagoon0o0] a signal: ACTION
    Receive message form player 0 [name: lagoon0o0]: 6 1 R
    Transform message form [number: 0] [name: lagoon0o0]: 6 1 R
    Correct move!
    Player 0 [name lagoon0o0] choose (6,1) move to (6 2)
    Send to player 0 [name: lagoon0o0] infomation : (0 6 1 6 2)
    Send to player 1 [name: balala] infomation : (0 2 5 2 4)
Step 30:
    Send to player 1 [name: balala] a signal: ACTION
    Receive message form player 1 [name: balala]: 0 6 U
    Transform message form [number: 1] [name: balala]: 8 0 D
    Correct move!
    Player 1 [name balala] choose (8,0) move to (7 0)
    Send to player 0 [name: lagoon0o0] infomation : (1 8 0 7 0)
    Send to player 1 [name: balala] infomation : (1 0 6 1 6)
Step 31:
    Send to player 0 [name: lagoon0o0] a signal: ACTION
    Receive message form player 0 [name: lagoon0o0]: 6 2 R
    Transform message form [number: 0] [name: lagoon0o0]: 6 2 R
    Correct move!
    Player 0 [name lagoon0o0] choose (6,2) move to (6 3)
    Send to player 0 [name: lagoon0o0] infomation : (0 6 2 6 3)
    Send to player 1 [name: balala] infomation : (0 2 4 2 3)
Step 32:
    Send to player 1 [name: balala] a signal: ACTION
    Receive message form player 1 [name: balala]: 2 2 L
    Transform message form [number: 1] [name: balala]: 6 4 R
    Correct move!
    Player 1 [name balala] choose (6,4) move to (6 5)
    Send to player 0 [name: lagoon0o0] infomation : (1 6 4 6 5)
    Send to player 1 [name: balala] infomation : (1 2 2 2 1)
Step 33:
    Send to player 0 [name: lagoon0o0] a signal: ACTION
    Receive message form player 0 [name: lagoon0o0]: 6 3 R
    Transform message form [number: 0] [name: lagoon0o0]: 6 3 R
    Correct move!
    Player 0 [name lagoon0o0] choose (6,3) move to (6 4)
    Send to player 0 [name: lagoon0o0] infomation : (0 6 3 6 4)
    Send to player 1 [name: balala] infomation : (0 2 3 2 2)
Step 34:
    Send to player 1 [name: balala] a signal: ACTION
    Receive message form player 1 [name: balala]: 1 6 U
    Transform message form [number: 1] [name: balala]: 7 0 D
    Correct move!
    Player 1 [name balala] choose (7,0) move to (6 0)
    Send to player 0 [name: lagoon0o0] infomation : (1 7 0 6 0)
    Send to player 1 [name: balala] infomation : (1 1 6 2 6)
Step 35:
    Send to player 0 [name: lagoon0o0] a signal: ACTION
    Receive message form player 0 [name: lagoon0o0]: 6 4 L
    Transform message form [number: 0] [name: lagoon0o0]: 6 4 L
    Correct move!
    Player 0 [name lagoon0o0] choose (6,4) move to (6 3)
    Send to player 0 [name: lagoon0o0] infomation : (0 6 4 6 3)
    Send to player 1 [name: balala] infomation : (0 2 2 2 3)
Step 36:
    Send to player 1 [name: balala] a signal: ACTION
    Receive message form player 1 [name: balala]: 2 6 U
    Transform message form [number: 1] [name: balala]: 6 0 D
    Correct move!
    Player 1 [name balala] choose (6,0) move to (5 0)
    Send to player 0 [name: lagoon0o0] infomation : (1 6 0 5 0)
    Send to player 1 [name: balala] infomation : (1 2 6 3 6)
Step 37:
    Send to player 0 [name: lagoon0o0] a signal: ACTION
    Receive message form player 0 [name: lagoon0o0]: 6 3 L
    Transform message form [number: 0] [name: lagoon0o0]: 6 3 L
    Correct move!
    Player 0 [name lagoon0o0] choose (6,3) move to (6 2)
    Send to player 0 [name: lagoon0o0] infomation : (0 6 3 6 2)
    Send to player 1 [name: balala] infomation : (0 2 3 2 4)
Step 38:
    Send to player 1 [name: balala] a signal: ACTION
    Receive message form player 1 [name: balala]: 3 6 U
    Transform message form [number: 1] [name: balala]: 5 0 D
    Correct move!
    Player 1 [name balala] choose (5,0) move to (4 0)
    Send to player 0 [name: lagoon0o0] infomation : (1 5 0 4 0)
    Send to player 1 [name: balala] infomation : (1 3 6 4 6)
Step 39:
    Send to player 0 [name: lagoon0o0] a signal: ACTION
    Receive message form player 0 [name: lagoon0o0]: 6 2 L
    Transform message form [number: 0] [name: lagoon0o0]: 6 2 L
    Correct move!
    Player 0 [name lagoon0o0] choose (6,2) move to (6 1)
    Send to player 0 [name: lagoon0o0] infomation : (0 6 2 6 1)
    Send to player 1 [name: balala] infomation : (0 2 4 2 5)
Step 40:
    Send to player 1 [name: balala] a signal: ACTION
    Receive message form player 1 [name: balala]: 4 6 U
    Transform message form [number: 1] [name: balala]: 4 0 D
    Correct move!
    Player 1 [name balala] choose (4,0) move to (3 0)
    Send to player 0 [name: lagoon0o0] infomation : (1 4 0 3 0)
    Send to player 1 [name: balala] infomation : (1 4 6 5 6)
Step 41:
    Send to player 0 [name: lagoon0o0] a signal: ACTION
    Receive message form player 0 [name: lagoon0o0]: 6 1 U
    Transform message form [number: 0] [name: lagoon0o0]: 6 1 U
    Correct move!
    Player 0 [name lagoon0o0] choose (6,1) move to (7 1)
    Send to player 0 [name: lagoon0o0] infomation : (0 6 1 7 1)
    Send to player 1 [name: balala] infomation : (0 2 5 1 5)
Step 42:
    Send to player 1 [name: balala] a signal: ACTION
    Receive message form player 1 [name: balala]: 5 6 U
    Transform message form [number: 1] [name: balala]: 3 0 D
    Correct move!
    Player 1 [name balala] choose (3,0) move to (2 0)
    Send to player 0 [name: lagoon0o0] infomation : (1 3 0 2 0)
    Send to player 1 [name: balala] infomation : (1 5 6 6 6)
Step 43:
    Send to player 0 [name: lagoon0o0] a signal: ACTION
    Receive message form player 0 [name: lagoon0o0]: 7 1 U
    Transform message form [number: 0] [name: lagoon0o0]: 7 1 U
    Correct move!
    Player 0 [name lagoon0o0] choose (7,1) move to (8 1)
    Send to player 0 [name: lagoon0o0] infomation : (0 7 1 8 1)
    Send to player 1 [name: balala] infomation : (0 1 5 0 5)
Step 44:
    Send to player 1 [name: balala] a signal: ACTION
    Receive message form player 1 [name: balala]: 6 6 U
    Transform message form [number: 1] [name: balala]: 2 0 D
    Correct move!
    Player 1 [name balala] choose (2,0) move to (1 0)
    Send to player 0 [name: lagoon0o0] infomation : (1 2 0 1 0)
    Send to player 1 [name: balala] infomation : (1 6 6 7 6)
Step 45:
    Send to player 0 [name: lagoon0o0] a signal: ACTION
    Receive message form player 0 [name: lagoon0o0]: 0 1 R
    Transform message form [number: 0] [name: lagoon0o0]: 0 1 R
    Correct move!
    Player 0 [name lagoon0o0] choose (0,1) move to (0 2)
    Send to player 0 [name: lagoon0o0] infomation : (0 0 1 0 2)
    Send to player 1 [name: balala] infomation : (0 8 5 8 4)
Step 46:
    Send to player 1 [name: balala] a signal: ACTION
    Receive message form player 1 [name: balala]: 7 6 U
    Transform message form [number: 1] [name: balala]: 1 0 D
    Correct move!
    Player 1 [name balala] choose (1,0) move to (0 0)
    Send to player 0 [name: lagoon0o0] infomation : (1 1 0 0 0)
    Send to player 1 [name: balala] infomation : (1 7 6 8 6)
Step 47:
    Send to player 0 [name: lagoon0o0] a signal: ACTION
    Receive message form player 0 [name: lagoon0o0]: 8 1 R
    Transform message form [number: 0] [name: lagoon0o0]: 8 1 R
    Correct move!
    Player 0 [name lagoon0o0] choose (8,1) move to (8 2)
    Send to player 0 [name: lagoon0o0] infomation : (0 8 1 8 2)
    Send to player 1 [name: balala] infomation : (0 0 5 0 4)
Step 48:
    Send to player 1 [name: balala] a signal: ACTION
    Receive message form player 1 [name: balala]: 8 6 L
    Transform message form [number: 1] [name: balala]: 0 0 R
    Correct move!
    Player 1 [name balala] choose (0,0) move to (0 1)
    Send to player 0 [name: lagoon0o0] infomation : (1 0 0 0 1)
    Send to player 1 [name: balala] infomation : (1 8 6 8 5)
Step 49:
    Send to player 0 [name: lagoon0o0] a signal: ACTION
    Receive message form player 0 [name: lagoon0o0]: 8 2 R
    Transform message form [number: 0] [name: lagoon0o0]: 8 2 R
    Correct move!
    Player 0 [name lagoon0o0] choose (8,2) move to (8 3)
    Send to player 0 [name: lagoon0o0] infomation : (0 8 2 8 3)
    Send to player 1 [name: balala] infomation : (0 0 4 0 3)
    The Player 0 (name lagoon0o0) win the game
Closing connections:
    Player 0 [name: lagoon0o0] connection closed succueefully
    Player 1 [name: balala] connection closed succueefully
Total Steps: 49
End!
