Initialization:
    Waiting to connect ...
    AI0: BreakVoid from 127.0.0.1 connected
    AI1: Lee Algebra from 127.0.0.1 connected
    Lee Algebra is the first player
    BreakVoid is the second player
Step 1:
    Send to player 1 [name: Lee Algebra] a signal: ACTION
    Receive message form player 1 [name: Lee Algebra]: 0 0 U
    Transform message form [number: 1] [name: Lee Algebra]: 8 6 D
    Correct move!
    Player 1 [name Lee Algebra] choose (8,6) move to (7 6)
    Send to player 0 [name: BreakVoid] infomation : (1 8 6 7 6)
    Send to player 1 [name: Lee Algebra] infomation : (1 0 0 1 0)
Step 2:
    Send to player 0 [name: BreakVoid] a signal: ACTION
    Receive message form player 0 [name: BreakVoid]: 2 0 R
    Transform message form [number: 0] [name: BreakVoid]: 2 0 R
    Correct move!
    Player 0 [name BreakVoid] choose (2,0) move to (2 1)
    Send to player 0 [name: BreakVoid] infomation : (0 2 0 2 1)
    Send to player 1 [name: Lee Algebra] infomation : (0 6 6 6 5)
Step 3:
    Send to player 1 [name: Lee Algebra] a signal: ACTION
    Receive message form player 1 [name: Lee Algebra]: 0 6 L
    Transform message form [number: 1] [name: Lee Algebra]: 8 0 R
    Correct move!
    Player 1 [name Lee Algebra] choose (8,0) move to (8 1)
    Send to player 0 [name: BreakVoid] infomation : (1 8 0 8 1)
    Send to player 1 [name: Lee Algebra] infomation : (1 0 6 0 5)
Step 4:
    Send to player 0 [name: BreakVoid] a signal: ACTION
    Receive message form player 0 [name: BreakVoid]: 2 2 R
    Transform message form [number: 0] [name: BreakVoid]: 2 2 R
    Correct move!
    Player 0 [name BreakVoid] choose (2,2) move to (2 3)
    Send to player 0 [name: BreakVoid] infomation : (0 2 2 2 3)
    Send to player 1 [name: Lee Algebra] infomation : (0 6 4 6 3)
Step 5:
    Send to player 1 [name: Lee Algebra] a signal: ACTION
    Receive message form player 1 [name: Lee Algebra]: 2 0 R
    Transform message form [number: 1] [name: Lee Algebra]: 6 6 L
    Correct move!
    Player 1 [name Lee Algebra] choose (6,6) move to (6 5)
    Send to player 0 [name: BreakVoid] infomation : (1 6 6 6 5)
    Send to player 1 [name: Lee Algebra] infomation : (1 2 0 2 1)
Step 6:
    Send to player 0 [name: BreakVoid] a signal: ACTION
    Receive message form player 0 [name: BreakVoid]: 2 3 U
    Transform message form [number: 0] [name: BreakVoid]: 2 3 U
    Correct move!
    Player 0 [name BreakVoid] choose (2,3) move to (3 3)
    Send to player 0 [name: BreakVoid] infomation : (0 2 3 3 3)
    Send to player 1 [name: Lee Algebra] infomation : (0 6 3 5 3)
Step 7:
    Send to player 1 [name: Lee Algebra] a signal: ACTION
    Receive message form player 1 [name: Lee Algebra]: 0 5 L
    Transform message form [number: 1] [name: Lee Algebra]: 8 1 R
    Correct move!
    Player 1 [name Lee Algebra] choose (8,1) move to (8 2)
    Send to player 0 [name: BreakVoid] infomation : (1 8 1 8 2)
    Send to player 1 [name: Lee Algebra] infomation : (1 0 5 0 4)
Step 8:
    Send to player 0 [name: BreakVoid] a signal: ACTION
    Receive message form player 0 [name: BreakVoid]: 2 1 R
    Transform message form [number: 0] [name: BreakVoid]: 2 1 R
    Correct move!
    Player 0 [name BreakVoid] choose (2,1) move to (2 2)
    Send to player 0 [name: BreakVoid] infomation : (0 2 1 2 2)
    Send to player 1 [name: Lee Algebra] infomation : (0 6 5 6 4)
Step 9:
    Send to player 1 [name: Lee Algebra] a signal: ACTION
    Receive message form player 1 [name: Lee Algebra]: 1 0 U
    Transform message form [number: 1] [name: Lee Algebra]: 7 6 D
    Correct move!
    Player 1 [name Lee Algebra] choose (7,6) move to (6 6)
    Send to player 0 [name: BreakVoid] infomation : (1 7 6 6 6)
    Send to player 1 [name: Lee Algebra] infomation : (1 1 0 2 0)
Step 10:
    Send to player 0 [name: BreakVoid] a signal: ACTION
    Receive message form player 0 [name: BreakVoid]: 2 2 R
    Transform message form [number: 0] [name: BreakVoid]: 2 2 R
    Correct move!
    Player 0 [name BreakVoid] choose (2,2) move to (2 3)
    Send to player 0 [name: BreakVoid] infomation : (0 2 2 2 3)
    Send to player 1 [name: Lee Algebra] infomation : (0 6 4 6 3)
Step 11:
    Send to player 1 [name: Lee Algebra] a signal: ACTION
    Receive message form player 1 [name: Lee Algebra]: 2 6 U
    Transform message form [number: 1] [name: Lee Algebra]: 6 0 D
    Correct move!
    Player 1 [name Lee Algebra] choose (6,0) move to (5 0)
    Send to player 0 [name: BreakVoid] infomation : (1 6 0 5 0)
    Send to player 1 [name: Lee Algebra] infomation : (1 2 6 3 6)
Step 12:
    Send to player 0 [name: BreakVoid] a signal: ACTION
    Receive message form player 0 [name: BreakVoid]: 2 3 D
    Transform message form [number: 0] [name: BreakVoid]: 2 3 D
    Correct move!
    Player 0 [name BreakVoid] choose (2,3) move to (1 3)
    Send to player 0 [name: BreakVoid] infomation : (0 2 3 1 3)
    Send to player 1 [name: Lee Algebra] infomation : (0 6 3 7 3)
Step 13:
    Send to player 1 [name: Lee Algebra] a signal: ACTION
    Receive message form player 1 [name: Lee Algebra]: 3 6 L
    Transform message form [number: 1] [name: Lee Algebra]: 5 0 R
    Correct move!
    Player 1 [name Lee Algebra] choose (5,0) move to (5 1)
    Send to player 0 [name: BreakVoid] infomation : (1 5 0 5 1)
    Send to player 1 [name: Lee Algebra] infomation : (1 3 6 3 5)
Step 14:
    Send to player 0 [name: BreakVoid] a signal: ACTION
    Receive message form player 0 [name: BreakVoid]: 2 6 U
    Transform message form [number: 0] [name: BreakVoid]: 2 6 U
    Correct move!
    Player 0 [name BreakVoid] choose (2,6) move to (3 6)
    Send to player 0 [name: BreakVoid] infomation : (0 2 6 3 6)
    Send to player 1 [name: Lee Algebra] infomation : (0 6 0 5 0)
Step 15:
    Send to player 1 [name: Lee Algebra] a signal: ACTION
    Receive message form player 1 [name: Lee Algebra]: 0 4 U
    Transform message form [number: 1] [name: Lee Algebra]: 8 2 D
    Correct move!
    Player 1 [name Lee Algebra] choose (8,2) move to (7 2)
    Send to player 0 [name: BreakVoid] infomation : (1 8 2 7 2)
    Send to player 1 [name: Lee Algebra] infomation : (1 0 4 1 4)
Step 16:
    Send to player 0 [name: BreakVoid] a signal: ACTION
    Receive message form player 0 [name: BreakVoid]: 3 6 L
    Transform message form [number: 0] [name: BreakVoid]: 3 6 L
    Correct move!
    Player 0 [name BreakVoid] choose (3,6) move to (3 5)
    Send to player 0 [name: BreakVoid] infomation : (0 3 6 3 5)
    Send to player 1 [name: Lee Algebra] infomation : (0 5 0 5 1)
Step 17:
    Send to player 1 [name: Lee Algebra] a signal: ACTION
    Receive message form player 1 [name: Lee Algebra]: 1 1 R
    Transform message form [number: 1] [name: Lee Algebra]: 7 5 L
    Correct move!
    Player 1 [name Lee Algebra] choose (7,5) move to (7 4)
    Send to player 0 [name: BreakVoid] infomation : (1 7 5 7 4)
    Send to player 1 [name: Lee Algebra] infomation : (1 1 1 1 2)
Step 18:
    Send to player 0 [name: BreakVoid] a signal: ACTION
    Receive message form player 0 [name: BreakVoid]: 1 1 R
    Transform message form [number: 0] [name: BreakVoid]: 1 1 R
    Correct move!
    Player 0 [name BreakVoid] choose (1,1) move to (1 2)
    Send to player 0 [name: BreakVoid] infomation : (0 1 1 1 2)
    Send to player 1 [name: Lee Algebra] infomation : (0 7 5 7 4)
Step 19:
    Send to player 1 [name: Lee Algebra] a signal: ACTION
    Receive message form player 1 [name: Lee Algebra]: 1 2 D
    Transform message form [number: 1] [name: Lee Algebra]: 7 4 U
    Correct move!
    Player 1 [name Lee Algebra] choose (7,4) move to (8 4)
    Send to player 0 [name: BreakVoid] infomation : (1 7 4 8 4)
    Send to player 1 [name: Lee Algebra] infomation : (1 1 2 0 2)
Step 20:
    Send to player 0 [name: BreakVoid] a signal: ACTION
    Receive message form player 0 [name: BreakVoid]: 1 5 L
    Transform message form [number: 0] [name: BreakVoid]: 1 5 L
    Correct move!
    Player 0 [name BreakVoid] choose (1,5) move to (1 4)
    Send to player 0 [name: BreakVoid] infomation : (0 1 5 1 4)
    Send to player 1 [name: Lee Algebra] infomation : (0 7 1 7 2)
Step 21:
    Send to player 1 [name: Lee Algebra] a signal: ACTION
    Receive message form player 1 [name: Lee Algebra]: 2 1 D
    Transform message form [number: 1] [name: Lee Algebra]: 6 5 U
    Correct move!
    Player 1 [name Lee Algebra] choose (6,5) move to (7 5)
    Send to player 0 [name: BreakVoid] infomation : (1 6 5 7 5)
    Send to player 1 [name: Lee Algebra] infomation : (1 2 1 1 1)
Step 22:
    Send to player 0 [name: BreakVoid] a signal: ACTION
    Receive message form player 0 [name: BreakVoid]: 2 4 R
    Transform message form [number: 0] [name: BreakVoid]: 2 4 R
    Correct move!
    Player 0 [name BreakVoid] choose (2,4) move to (2 5)
    Send to player 0 [name: BreakVoid] infomation : (0 2 4 2 5)
    Send to player 1 [name: Lee Algebra] infomation : (0 6 2 6 1)
Step 23:
    Send to player 1 [name: Lee Algebra] a signal: ACTION
    Receive message form player 1 [name: Lee Algebra]: 1 1 R
    Transform message form [number: 1] [name: Lee Algebra]: 7 5 L
    Correct move!
    Player 1 [name Lee Algebra] choose (7,5) move to (7 4)
    Send to player 0 [name: BreakVoid] infomation : (1 7 5 7 4)
    Send to player 1 [name: Lee Algebra] infomation : (1 1 1 1 2)
Step 24:
    Send to player 0 [name: BreakVoid] a signal: ACTION
    Receive message form player 0 [name: BreakVoid]: 0 6 U
    Transform message form [number: 0] [name: BreakVoid]: 0 6 U
    Correct move!
    Player 0 [name BreakVoid] choose (0,6) move to (1 6)
    Send to player 0 [name: BreakVoid] infomation : (0 0 6 1 6)
    Send to player 1 [name: Lee Algebra] infomation : (0 8 0 7 0)
Step 25:
    Send to player 1 [name: Lee Algebra] a signal: ACTION
    Receive message form player 1 [name: Lee Algebra]: 1 2 R
    Transform message form [number: 1] [name: Lee Algebra]: 7 4 L
    Correct move!
    Player 1 [name Lee Algebra] choose (7,4) move to (7 3)
    Send to player 0 [name: BreakVoid] infomation : (1 7 4 7 3)
    Send to player 1 [name: Lee Algebra] infomation : (1 1 2 1 3)
Step 26:
    Send to player 0 [name: BreakVoid] a signal: ACTION
    Receive message form player 0 [name: BreakVoid]: 0 0 U
    Transform message form [number: 0] [name: BreakVoid]: 0 0 U
    Correct move!
    Player 0 [name BreakVoid] choose (0,0) move to (1 0)
    Send to player 0 [name: BreakVoid] infomation : (0 0 0 1 0)
    Send to player 1 [name: Lee Algebra] infomation : (0 8 6 7 6)
Step 27:
    Send to player 1 [name: Lee Algebra] a signal: ACTION
    Receive message form player 1 [name: Lee Algebra]: 1 5 D
    Transform message form [number: 1] [name: Lee Algebra]: 7 1 U
    Correct move!
    Player 1 [name Lee Algebra] choose (7,1) move to (8 1)
    Send to player 0 [name: BreakVoid] infomation : (1 7 1 8 1)
    Send to player 1 [name: Lee Algebra] infomation : (1 1 5 0 5)
Step 28:
    Send to player 0 [name: BreakVoid] a signal: ACTION
    Receive message form player 0 [name: BreakVoid]: 1 0 R
    Transform message form [number: 0] [name: BreakVoid]: 1 0 R
    Correct move!
    Player 0 [name BreakVoid] choose (1,0) move to (1 1)
    Send to player 0 [name: BreakVoid] infomation : (0 1 0 1 1)
    Send to player 1 [name: Lee Algebra] infomation : (0 7 6 7 5)
Step 29:
    Send to player 1 [name: Lee Algebra] a signal: ACTION
    Receive message form player 1 [name: Lee Algebra]: 0 5 L
    Transform message form [number: 1] [name: Lee Algebra]: 8 1 R
    Correct move!
    Player 1 [name Lee Algebra] choose (8,1) move to (8 2)
    Send to player 0 [name: BreakVoid] infomation : (1 8 1 8 2)
    Send to player 1 [name: Lee Algebra] infomation : (1 0 5 0 4)
Step 30:
    Send to player 0 [name: BreakVoid] a signal: ACTION
    Receive message form player 0 [name: BreakVoid]: 3 3 U
    Transform message form [number: 0] [name: BreakVoid]: 3 3 U
    Correct move!
    Player 0 [name BreakVoid] choose (3,3) move to (4 3)
    Send to player 0 [name: BreakVoid] infomation : (0 3 3 4 3)
    Send to player 1 [name: Lee Algebra] infomation : (0 5 3 4 3)
Step 31:
    Send to player 1 [name: Lee Algebra] a signal: ACTION
    Receive message form player 1 [name: Lee Algebra]: 2 2 R
    Transform message form [number: 1] [name: Lee Algebra]: 6 4 L
    Correct move!
    Player 1 [name Lee Algebra] choose (6,4) move to (6 3)
    Send to player 0 [name: BreakVoid] infomation : (1 6 4 6 3)
    Send to player 1 [name: Lee Algebra] infomation : (1 2 2 2 3)
Step 32:
    Send to player 0 [name: BreakVoid] a signal: ACTION
    Receive message form player 0 [name: BreakVoid]: 1 6 U
    Transform message form [number: 0] [name: BreakVoid]: 1 6 U
    Correct move!
    Player 0 [name BreakVoid] choose (1,6) move to (2 6)
    Send to player 0 [name: BreakVoid] infomation : (0 1 6 2 6)
    Send to player 1 [name: Lee Algebra] infomation : (0 7 0 6 0)
Step 33:
    Send to player 1 [name: Lee Algebra] a signal: ACTION
    Receive message form player 1 [name: Lee Algebra]: 2 4 R
    Transform message form [number: 1] [name: Lee Algebra]: 6 2 L
    Correct move!
    Player 1 [name Lee Algebra] choose (6,2) move to (6 1)
    Send to player 0 [name: BreakVoid] infomation : (1 6 2 6 1)
    Send to player 1 [name: Lee Algebra] infomation : (1 2 4 2 5)
Step 34:
    Send to player 0 [name: BreakVoid] a signal: ACTION
    Receive message form player 0 [name: BreakVoid]: 2 6 D
    Transform message form [number: 0] [name: BreakVoid]: 2 6 D
    Correct move!
    Player 0 [name BreakVoid] choose (2,6) move to (1 6)
    Send to player 0 [name: BreakVoid] infomation : (0 2 6 1 6)
    Send to player 1 [name: Lee Algebra] infomation : (0 6 0 7 0)
Step 35:
    Send to player 1 [name: Lee Algebra] a signal: ACTION
    Receive message form player 1 [name: Lee Algebra]: 1 4 U
    Transform message form [number: 1] [name: Lee Algebra]: 7 2 D
    Correct move!
    Player 1 [name Lee Algebra] choose (7,2) move to (6 2)
    Send to player 0 [name: BreakVoid] infomation : (1 7 2 6 2)
    Send to player 1 [name: Lee Algebra] infomation : (1 1 4 2 4)
Step 36:
    Send to player 0 [name: BreakVoid] a signal: ACTION
    Receive message form player 0 [name: BreakVoid]: 1 1 U
    Transform message form [number: 0] [name: BreakVoid]: 1 1 U
    Correct move!
    Player 0 [name BreakVoid] choose (1,1) move to (2 1)
    Send to player 0 [name: BreakVoid] infomation : (0 1 1 2 1)
    Send to player 1 [name: Lee Algebra] infomation : (0 7 5 6 5)
Step 37:
    Send to player 1 [name: Lee Algebra] a signal: ACTION
    Receive message form player 1 [name: Lee Algebra]: 2 4 U
    Transform message form [number: 1] [name: Lee Algebra]: 6 2 D
    Correct move!
    Player 1 [name Lee Algebra] choose (6,2) move to (2 2)
    Send to player 0 [name: BreakVoid] infomation : (1 6 2 2 2)
    Send to player 1 [name: Lee Algebra] infomation : (1 2 4 6 4)
Step 38:
    Send to player 0 [name: BreakVoid] a signal: ACTION
    Receive message form player 0 [name: BreakVoid]: 2 1 D
    Transform message form [number: 0] [name: BreakVoid]: 2 1 D
    Correct move!
    Player 0 [name BreakVoid] choose (2,1) move to (1 1)
    Send to player 0 [name: BreakVoid] infomation : (0 2 1 1 1)
    Send to player 1 [name: Lee Algebra] infomation : (0 6 5 7 5)
Step 39:
    Send to player 1 [name: Lee Algebra] a signal: ACTION
    Receive message form player 1 [name: Lee Algebra]: 6 4 R
    Transform message form [number: 1] [name: Lee Algebra]: 2 2 L
    Correct move!
    Player 1 [name Lee Algebra] choose (2,2) move to (2 1)
    Send to player 0 [name: BreakVoid] infomation : (1 2 2 2 1)
    Send to player 1 [name: Lee Algebra] infomation : (1 6 4 6 5)
Step 40:
    Send to player 0 [name: BreakVoid] a signal: ACTION
    Receive message form player 0 [name: BreakVoid]: 1 1 L
    Transform message form [number: 0] [name: BreakVoid]: 1 1 L
    Correct move!
    Player 0 [name BreakVoid] choose (1,1) move to (1 0)
    Send to player 0 [name: BreakVoid] infomation : (0 1 1 1 0)
    Send to player 1 [name: Lee Algebra] infomation : (0 7 5 7 6)
Step 41:
    Send to player 1 [name: Lee Algebra] a signal: ACTION
    Receive message form player 1 [name: Lee Algebra]: 6 5 R
    Transform message form [number: 1] [name: Lee Algebra]: 2 1 L
    Correct move!
    Player 1 [name Lee Algebra] choose (2,1) move to (2 0)
    Send to player 0 [name: BreakVoid] infomation : (1 2 1 2 0)
    Send to player 1 [name: Lee Algebra] infomation : (1 6 5 6 6)
Step 42:
    Send to player 0 [name: BreakVoid] a signal: ACTION
    Receive message form player 0 [name: BreakVoid]: 1 0 R
    Transform message form [number: 0] [name: BreakVoid]: 1 0 R
    Correct move!
    Player 0 [name BreakVoid] choose (1,0) move to (1 1)
    Send to player 0 [name: BreakVoid] infomation : (0 1 0 1 1)
    Send to player 1 [name: Lee Algebra] infomation : (0 7 6 7 5)
Step 43:
    Send to player 1 [name: Lee Algebra] a signal: ACTION
    Receive message form player 1 [name: Lee Algebra]: 6 6 L
    Transform message form [number: 1] [name: Lee Algebra]: 2 0 R
    Correct move!
    Player 1 [name Lee Algebra] choose (2,0) move to (2 1)
    Send to player 0 [name: BreakVoid] infomation : (1 2 0 2 1)
    Send to player 1 [name: Lee Algebra] infomation : (1 6 6 6 5)
Step 44:
    Send to player 0 [name: BreakVoid] a signal: ACTION
    Receive message form player 0 [name: BreakVoid]: 1 1 L
    Transform message form [number: 0] [name: BreakVoid]: 1 1 L
    Correct move!
    Player 0 [name BreakVoid] choose (1,1) move to (1 0)
    Send to player 0 [name: BreakVoid] infomation : (0 1 1 1 0)
    Send to player 1 [name: Lee Algebra] infomation : (0 7 5 7 6)
Step 45:
    Send to player 1 [name: Lee Algebra] a signal: ACTION
    Receive message form player 1 [name: Lee Algebra]: 6 5 R
    Transform message form [number: 1] [name: Lee Algebra]: 2 1 L
    Correct move!
    Player 1 [name Lee Algebra] choose (2,1) move to (2 0)
    Send to player 0 [name: BreakVoid] infomation : (1 2 1 2 0)
    Send to player 1 [name: Lee Algebra] infomation : (1 6 5 6 6)
Step 46:
    Send to player 0 [name: BreakVoid] a signal: ACTION
    Receive message form player 0 [name: BreakVoid]: 1 0 D
    Transform message form [number: 0] [name: BreakVoid]: 1 0 D
    Correct move!
    Player 0 [name BreakVoid] choose (1,0) move to (0 0)
    Send to player 0 [name: BreakVoid] infomation : (0 1 0 0 0)
    Send to player 1 [name: Lee Algebra] infomation : (0 7 6 8 6)
Step 47:
    Send to player 1 [name: Lee Algebra] a signal: ACTION
    Receive message form player 1 [name: Lee Algebra]: 6 6 L
    Transform message form [number: 1] [name: Lee Algebra]: 2 0 R
    Correct move!
    Player 1 [name Lee Algebra] choose (2,0) move to (2 1)
    Send to player 0 [name: BreakVoid] infomation : (1 2 0 2 1)
    Send to player 1 [name: Lee Algebra] infomation : (1 6 6 6 5)
Step 48:
    Send to player 0 [name: BreakVoid] a signal: ACTION
    Receive message form player 0 [name: BreakVoid]: 2 5 L
    Transform message form [number: 0] [name: BreakVoid]: 2 5 L
    Correct move!
    Player 0 [name BreakVoid] choose (2,5) move to (2 4)
    Send to player 0 [name: BreakVoid] infomation : (0 2 5 2 4)
    Send to player 1 [name: Lee Algebra] infomation : (0 6 1 6 2)
Step 49:
    Send to player 1 [name: Lee Algebra] a signal: ACTION
    Receive message form player 1 [name: Lee Algebra]: 6 5 U
    Transform message form [number: 1] [name: Lee Algebra]: 2 1 D
    Correct move!
    Player 1 [name Lee Algebra] choose (2,1) move to (1 1)
    Send to player 0 [name: BreakVoid] infomation : (1 2 1 1 1)
    Send to player 1 [name: Lee Algebra] infomation : (1 6 5 7 5)
Step 50:
    Send to player 0 [name: BreakVoid] a signal: ACTION
    Receive message form player 0 [name: BreakVoid]: 2 4 L
    Transform message form [number: 0] [name: BreakVoid]: 2 4 L
    Correct move!
    Player 0 [name BreakVoid] choose (2,4) move to (2 3)
    Send to player 0 [name: BreakVoid] infomation : (0 2 4 2 3)
    Send to player 1 [name: Lee Algebra] infomation : (0 6 2 6 3)
Step 51:
    Send to player 1 [name: Lee Algebra] a signal: ACTION
    Receive message form player 1 [name: Lee Algebra]: 2 0 R
    Transform message form [number: 1] [name: Lee Algebra]: 6 6 L
    Correct move!
    Player 1 [name Lee Algebra] choose (6,6) move to (6 5)
    Send to player 0 [name: BreakVoid] infomation : (1 6 6 6 5)
    Send to player 1 [name: Lee Algebra] infomation : (1 2 0 2 1)
Step 52:
    Send to player 0 [name: BreakVoid] a signal: ACTION
    Receive message form player 0 [name: BreakVoid]: 3 5 L
    Transform message form [number: 0] [name: BreakVoid]: 3 5 L
    Correct move!
    Player 0 [name BreakVoid] choose (3,5) move to (3 4)
    Send to player 0 [name: BreakVoid] infomation : (0 3 5 3 4)
    Send to player 1 [name: Lee Algebra] infomation : (0 5 1 5 2)
Step 53:
    Send to player 1 [name: Lee Algebra] a signal: ACTION
    Receive message form player 1 [name: Lee Algebra]: 2 1 U
    Transform message form [number: 1] [name: Lee Algebra]: 6 5 D
    Correct move!
    Player 1 [name Lee Algebra] choose (6,5) move to (2 5)
    Send to player 0 [name: BreakVoid] infomation : (1 6 5 2 5)
    Send to player 1 [name: Lee Algebra] infomation : (1 2 1 6 1)
Step 54:
    Send to player 0 [name: BreakVoid] a signal: ACTION
    Receive message form player 0 [name: BreakVoid]: 3 4 U
    Transform message form [number: 0] [name: BreakVoid]: 3 4 U
    Correct move!
    Player 0 [name BreakVoid] choose (3,4) move to (4 4)
    Send to player 0 [name: BreakVoid] infomation : (0 3 4 4 4)
    Send to player 1 [name: Lee Algebra] infomation : (0 5 2 4 2)
Step 55:
    Send to player 1 [name: Lee Algebra] a signal: ACTION
    Receive message form player 1 [name: Lee Algebra]: 2 5 L
    Transform message form [number: 1] [name: Lee Algebra]: 6 1 R
    Correct move!
    Player 1 [name Lee Algebra] choose (6,1) move to (6 2)
    Send to player 0 [name: BreakVoid] infomation : (1 6 1 6 2)
    Send to player 1 [name: Lee Algebra] infomation : (1 2 5 2 4)
Step 56:
    Send to player 0 [name: BreakVoid] a signal: ACTION
    Receive message form player 0 [name: BreakVoid]: 4 4 U
    Transform message form [number: 0] [name: BreakVoid]: 4 4 U
    Correct move!
    Player 0 [name BreakVoid] choose (4,4) move to (5 4)
    Send to player 0 [name: BreakVoid] infomation : (0 4 4 5 4)
    Send to player 1 [name: Lee Algebra] infomation : (0 4 2 3 2)
Step 57:
    Send to player 1 [name: Lee Algebra] a signal: ACTION
    Receive message form player 1 [name: Lee Algebra]: 2 4 D
    Transform message form [number: 1] [name: Lee Algebra]: 6 2 U
    Correct move!
    Player 1 [name Lee Algebra] choose (6,2) move to (7 2)
    Send to player 0 [name: BreakVoid] infomation : (1 6 2 7 2)
    Send to player 1 [name: Lee Algebra] infomation : (1 2 4 1 4)
Step 58:
    Send to player 0 [name: BreakVoid] a signal: ACTION
    Receive message form player 0 [name: BreakVoid]: 1 6 U
    Transform message form [number: 0] [name: BreakVoid]: 1 6 U
    Correct move!
    Player 0 [name BreakVoid] choose (1,6) move to (2 6)
    Send to player 0 [name: BreakVoid] infomation : (0 1 6 2 6)
    Send to player 1 [name: Lee Algebra] infomation : (0 7 0 6 0)
Step 59:
    Send to player 1 [name: Lee Algebra] a signal: ACTION
    Receive message form player 1 [name: Lee Algebra]: 6 1 U
    Transform message form [number: 1] [name: Lee Algebra]: 2 5 D
    Correct move!
    Player 1 [name Lee Algebra] choose (2,5) move to (1 5)
    Send to player 0 [name: BreakVoid] infomation : (1 2 5 1 5)
    Send to player 1 [name: Lee Algebra] infomation : (1 6 1 7 1)
Step 60:
    Send to player 0 [name: BreakVoid] a signal: ACTION
    Receive message form player 0 [name: BreakVoid]: 2 3 U
    Transform message form [number: 0] [name: BreakVoid]: 2 3 U
    Correct move!
    Player 0 [name BreakVoid] choose (2,3) move to (3 3)
    Send to player 0 [name: BreakVoid] infomation : (0 2 3 3 3)
    Send to player 1 [name: Lee Algebra] infomation : (0 6 3 5 3)
Step 61:
    Send to player 1 [name: Lee Algebra] a signal: ACTION
    Receive message form player 1 [name: Lee Algebra]: 7 5 L
    Transform message form [number: 1] [name: Lee Algebra]: 1 1 R
    Correct move!
    Player 1 [name Lee Algebra] choose (1,1) move to (1 2)
    Send to player 0 [name: BreakVoid] infomation : (1 1 1 1 2)
    Send to player 1 [name: Lee Algebra] infomation : (1 7 5 7 4)
Step 62:
    Send to player 0 [name: BreakVoid] a signal: ACTION
    Receive message form player 0 [name: BreakVoid]: 1 3 L
    Transform message form [number: 0] [name: BreakVoid]: 1 3 L
    Correct move!
    Player 0 [name BreakVoid] choose (1,3) move to (1 2)
    Send to player 0 [name: BreakVoid] infomation : (0 1 3 1 2)
    Send to player 1 [name: Lee Algebra] infomation : (0 7 3 7 4)
Step 63:
    Send to player 1 [name: Lee Algebra] a signal: ACTION
    Receive message form player 1 [name: Lee Algebra]: 7 1 R
    Transform message form [number: 1] [name: Lee Algebra]: 1 5 L
    Correct move!
    Player 1 [name Lee Algebra] choose (1,5) move to (1 4)
    Send to player 0 [name: BreakVoid] infomation : (1 1 5 1 4)
    Send to player 1 [name: Lee Algebra] infomation : (1 7 1 7 2)
Step 64:
    Send to player 0 [name: BreakVoid] a signal: ACTION
    Receive message form player 0 [name: BreakVoid]: 4 3 U
    Transform message form [number: 0] [name: BreakVoid]: 4 3 U
    Correct move!
    Player 0 [name BreakVoid] choose (4,3) move to (5 3)
    Send to player 0 [name: BreakVoid] infomation : (0 4 3 5 3)
    Send to player 1 [name: Lee Algebra] infomation : (0 4 3 3 3)
Step 65:
    Send to player 1 [name: Lee Algebra] a signal: ACTION
    Receive message form player 1 [name: Lee Algebra]: 7 2 U
    Transform message form [number: 1] [name: Lee Algebra]: 1 4 D
    Correct move!
    Player 1 [name Lee Algebra] choose (1,4) move to (0 4)
    Send to player 0 [name: BreakVoid] infomation : (1 1 4 0 4)
    Send to player 1 [name: Lee Algebra] infomation : (1 7 2 8 2)
Step 66:
    Send to player 0 [name: BreakVoid] a signal: ACTION
    Receive message form player 0 [name: BreakVoid]: 2 6 L
    Transform message form [number: 0] [name: BreakVoid]: 2 6 L
    Correct move!
    Player 0 [name BreakVoid] choose (2,6) move to (2 5)
    Send to player 0 [name: BreakVoid] infomation : (0 2 6 2 5)
    Send to player 1 [name: Lee Algebra] infomation : (0 6 0 6 1)
Step 67:
    Send to player 1 [name: Lee Algebra] a signal: ACTION
    Receive message form player 1 [name: Lee Algebra]: 8 2 R
    Transform message form [number: 1] [name: Lee Algebra]: 0 4 L
    Correct move!
    Player 1 [name Lee Algebra] choose (0,4) move to (0 3)
    Send to player 0 [name: BreakVoid] infomation : (1 0 4 0 3)
    Send to player 1 [name: Lee Algebra] infomation : (1 8 2 8 3)
    The Player 1 (name Lee Algebra) win the game
Closing connections:
    Player 0 [name: BreakVoid] connection closed succueefully
    Player 1 [name: Lee Algebra] connection closed succueefully
Total Steps: 67
End!
