Initialization:
    Waiting to connect ...
    AI0: AntiZeroAI from 127.0.0.1 connected
    AI1: WAIT17 - 4 from 127.0.0.1 connected
    AntiZeroAI is the first player
    WAIT17 - 4 is the second player
Step 1:
    Send to player 0 [name: AntiZeroAI] a signal: ACTION
    Receive message form player 0 [name: AntiZeroAI]: 2 2 D
    Transform message form [number: 0] [name: AntiZeroAI]: 2 2 D
    Correct move!
    Player 0 [name AntiZeroAI] choose (2,2) move to (1 2)
    Send to player 0 [name: AntiZeroAI] infomation : (0 2 2 1 2)
    Send to player 1 [name: WAIT17 - 4] infomation : (0 6 4 7 4)
Step 2:
    Send to player 1 [name: WAIT17 - 4] a signal: ACTION
    Receive message form player 1 [name: WAIT17 - 4]: 0 0 U
    Transform message form [number: 1] [name: WAIT17 - 4]: 8 6 D
    Correct move!
    Player 1 [name WAIT17 - 4] choose (8,6) move to (7 6)
    Send to player 0 [name: AntiZeroAI] infomation : (1 8 6 7 6)
    Send to player 1 [name: WAIT17 - 4] infomation : (1 0 0 1 0)
Step 3:
    Send to player 0 [name: AntiZeroAI] a signal: ACTION
    Receive message form player 0 [name: AntiZeroAI]: 2 0 R
    Transform message form [number: 0] [name: AntiZeroAI]: 2 0 R
    Correct move!
    Player 0 [name AntiZeroAI] choose (2,0) move to (2 1)
    Send to player 0 [name: AntiZeroAI] infomation : (0 2 0 2 1)
    Send to player 1 [name: WAIT17 - 4] infomation : (0 6 6 6 5)
Step 4:
    Send to player 1 [name: WAIT17 - 4] a signal: ACTION
    Receive message form player 1 [name: WAIT17 - 4]: 2 0 R
    Transform message form [number: 1] [name: WAIT17 - 4]: 6 6 L
    Correct move!
    Player 1 [name WAIT17 - 4] choose (6,6) move to (6 5)
    Send to player 0 [name: AntiZeroAI] infomation : (1 6 6 6 5)
    Send to player 1 [name: WAIT17 - 4] infomation : (1 2 0 2 1)
Step 5:
    Send to player 0 [name: AntiZeroAI] a signal: ACTION
    Receive message form player 0 [name: AntiZeroAI]: 2 1 R
    Transform message form [number: 0] [name: AntiZeroAI]: 2 1 R
    Correct move!
    Player 0 [name AntiZeroAI] choose (2,1) move to (2 2)
    Send to player 0 [name: AntiZeroAI] infomation : (0 2 1 2 2)
    Send to player 1 [name: WAIT17 - 4] infomation : (0 6 5 6 4)
Step 6:
    Send to player 1 [name: WAIT17 - 4] a signal: ACTION
    Receive message form player 1 [name: WAIT17 - 4]: 1 0 U
    Transform message form [number: 1] [name: WAIT17 - 4]: 7 6 D
    Correct move!
    Player 1 [name WAIT17 - 4] choose (7,6) move to (6 6)
    Send to player 0 [name: AntiZeroAI] infomation : (1 7 6 6 6)
    Send to player 1 [name: WAIT17 - 4] infomation : (1 1 0 2 0)
Step 7:
    Send to player 0 [name: AntiZeroAI] a signal: ACTION
    Receive message form player 0 [name: AntiZeroAI]: 2 2 R
    Transform message form [number: 0] [name: AntiZeroAI]: 2 2 R
    Correct move!
    Player 0 [name AntiZeroAI] choose (2,2) move to (2 3)
    Send to player 0 [name: AntiZeroAI] infomation : (0 2 2 2 3)
    Send to player 1 [name: WAIT17 - 4] infomation : (0 6 4 6 3)
Step 8:
    Send to player 1 [name: WAIT17 - 4] a signal: ACTION
    Receive message form player 1 [name: WAIT17 - 4]: 2 0 U
    Transform message form [number: 1] [name: WAIT17 - 4]: 6 6 D
    Correct move!
    Player 1 [name WAIT17 - 4] choose (6,6) move to (5 6)
    Send to player 0 [name: AntiZeroAI] infomation : (1 6 6 5 6)
    Send to player 1 [name: WAIT17 - 4] infomation : (1 2 0 3 0)
Step 9:
    Send to player 0 [name: AntiZeroAI] a signal: ACTION
    Receive message form player 0 [name: AntiZeroAI]: 2 3 U
    Transform message form [number: 0] [name: AntiZeroAI]: 2 3 U
    Correct move!
    Player 0 [name AntiZeroAI] choose (2,3) move to (3 3)
    Send to player 0 [name: AntiZeroAI] infomation : (0 2 3 3 3)
    Send to player 1 [name: WAIT17 - 4] infomation : (0 6 3 5 3)
Step 10:
    Send to player 1 [name: WAIT17 - 4] a signal: ACTION
    Receive message form player 1 [name: WAIT17 - 4]: 3 0 U
    Transform message form [number: 1] [name: WAIT17 - 4]: 5 6 D
    Correct move!
    Player 1 [name WAIT17 - 4] choose (5,6) move to (4 6)
    Send to player 0 [name: AntiZeroAI] infomation : (1 5 6 4 6)
    Send to player 1 [name: WAIT17 - 4] infomation : (1 3 0 4 0)
Step 11:
    Send to player 0 [name: AntiZeroAI] a signal: ACTION
    Receive message form player 0 [name: AntiZeroAI]: 3 3 U
    Transform message form [number: 0] [name: AntiZeroAI]: 3 3 U
    Correct move!
    Player 0 [name AntiZeroAI] choose (3,3) move to (4 3)
    Send to player 0 [name: AntiZeroAI] infomation : (0 3 3 4 3)
    Send to player 1 [name: WAIT17 - 4] infomation : (0 5 3 4 3)
Step 12:
    Send to player 1 [name: WAIT17 - 4] a signal: ACTION
    Receive message form player 1 [name: WAIT17 - 4]: 4 0 U
    Transform message form [number: 1] [name: WAIT17 - 4]: 4 6 D
    Correct move!
    Player 1 [name WAIT17 - 4] choose (4,6) move to (3 6)
    Send to player 0 [name: AntiZeroAI] infomation : (1 4 6 3 6)
    Send to player 1 [name: WAIT17 - 4] infomation : (1 4 0 5 0)
Step 13:
    Send to player 0 [name: AntiZeroAI] a signal: ACTION
    Receive message form player 0 [name: AntiZeroAI]: 4 3 U
    Transform message form [number: 0] [name: AntiZeroAI]: 4 3 U
    Correct move!
    Player 0 [name AntiZeroAI] choose (4,3) move to (5 3)
    Send to player 0 [name: AntiZeroAI] infomation : (0 4 3 5 3)
    Send to player 1 [name: WAIT17 - 4] infomation : (0 4 3 3 3)
Step 14:
    Send to player 1 [name: WAIT17 - 4] a signal: ACTION
    Receive message form player 1 [name: WAIT17 - 4]: 5 0 U
    Transform message form [number: 1] [name: WAIT17 - 4]: 3 6 D
    Correct move!
    Player 1 [name WAIT17 - 4] choose (3,6) move to (2 6)
    Send to player 0 [name: AntiZeroAI] infomation : (1 3 6 2 6)
    Send to player 1 [name: WAIT17 - 4] infomation : (1 5 0 6 0)
Step 15:
    Send to player 0 [name: AntiZeroAI] a signal: ACTION
    Receive message form player 0 [name: AntiZeroAI]: 5 3 U
    Transform message form [number: 0] [name: AntiZeroAI]: 5 3 U
    Correct move!
    Player 0 [name AntiZeroAI] choose (5,3) move to (6 3)
    Send to player 0 [name: AntiZeroAI] infomation : (0 5 3 6 3)
    Send to player 1 [name: WAIT17 - 4] infomation : (0 3 3 2 3)
Step 16:
    Send to player 1 [name: WAIT17 - 4] a signal: ACTION
    Receive message form player 1 [name: WAIT17 - 4]: 1 5 L
    Transform message form [number: 1] [name: WAIT17 - 4]: 7 1 R
    Correct move!
    Player 1 [name WAIT17 - 4] choose (7,1) move to (7 2)
    Send to player 0 [name: AntiZeroAI] infomation : (1 7 1 7 2)
    Send to player 1 [name: WAIT17 - 4] infomation : (1 1 5 1 4)
Step 17:
    Send to player 0 [name: AntiZeroAI] a signal: ACTION
    Receive message form player 0 [name: AntiZeroAI]: 6 3 R
    Transform message form [number: 0] [name: AntiZeroAI]: 6 3 R
    Correct move!
    Player 0 [name AntiZeroAI] choose (6,3) move to (6 4)
    Send to player 0 [name: AntiZeroAI] infomation : (0 6 3 6 4)
    Send to player 1 [name: WAIT17 - 4] infomation : (0 2 3 2 2)
Step 18:
    Send to player 1 [name: WAIT17 - 4] a signal: ACTION
    Receive message form player 1 [name: WAIT17 - 4]: 1 4 L
    Transform message form [number: 1] [name: WAIT17 - 4]: 7 2 R
    Correct move!
    Player 1 [name WAIT17 - 4] choose (7,2) move to (7 3)
    Send to player 0 [name: AntiZeroAI] infomation : (1 7 2 7 3)
    Send to player 1 [name: WAIT17 - 4] infomation : (1 1 4 1 3)
Step 19:
    Send to player 0 [name: AntiZeroAI] a signal: ACTION
    Receive message form player 0 [name: AntiZeroAI]: 6 4 U
    Transform message form [number: 0] [name: AntiZeroAI]: 6 4 U
    Correct move!
    Player 0 [name AntiZeroAI] choose (6,4) move to (7 4)
    Send to player 0 [name: AntiZeroAI] infomation : (0 6 4 7 4)
    Send to player 1 [name: WAIT17 - 4] infomation : (0 2 2 1 2)
Step 20:
    Send to player 1 [name: WAIT17 - 4] a signal: ACTION
    Receive message form player 1 [name: WAIT17 - 4]: 2 4 L
    Transform message form [number: 1] [name: WAIT17 - 4]: 6 2 R
    Correct move!
    Player 1 [name WAIT17 - 4] choose (6,2) move to (6 3)
    Send to player 0 [name: AntiZeroAI] infomation : (1 6 2 6 3)
    Send to player 1 [name: WAIT17 - 4] infomation : (1 2 4 2 3)
Step 21:
    Send to player 0 [name: AntiZeroAI] a signal: ACTION
    Receive message form player 0 [name: AntiZeroAI]: 7 4 R
    Transform message form [number: 0] [name: AntiZeroAI]: 7 4 R
    Correct move!
    Player 0 [name AntiZeroAI] choose (7,4) move to (7 5)
    Send to player 0 [name: AntiZeroAI] infomation : (0 7 4 7 5)
    Send to player 1 [name: WAIT17 - 4] infomation : (0 1 2 1 1)
Step 22:
    Send to player 1 [name: WAIT17 - 4] a signal: ACTION
    Receive message form player 1 [name: WAIT17 - 4]: 2 1 D
    Transform message form [number: 1] [name: WAIT17 - 4]: 6 5 U
    Correct move!
    Player 1 [name WAIT17 - 4] choose (6,5) move to (7 5)
    Send to player 0 [name: AntiZeroAI] infomation : (1 6 5 7 5)
    Send to player 1 [name: WAIT17 - 4] infomation : (1 2 1 1 1)
Step 23:
    Send to player 0 [name: AntiZeroAI] a signal: ACTION
    Receive message form player 0 [name: AntiZeroAI]: 7 5 U
    Transform message form [number: 0] [name: AntiZeroAI]: 7 5 U
    try to use uncorrect role
    Invalid chess piece: ['7', '5', 'U']
    The limit of invalid action of player 0 (name AntiZeroAI) is 2
Step 24:
    Send to player 1 [name: WAIT17 - 4] a signal: ACTION
    Receive message form player 1 [name: WAIT17 - 4]: 6 0 R
    Transform message form [number: 1] [name: WAIT17 - 4]: 2 6 L
    Correct move!
    Player 1 [name WAIT17 - 4] choose (2,6) move to (2 5)
    Send to player 0 [name: AntiZeroAI] infomation : (1 2 6 2 5)
    Send to player 1 [name: WAIT17 - 4] infomation : (1 6 0 6 1)
Step 25:
    Send to player 0 [name: AntiZeroAI] a signal: ACTION
    Receive message form player 0 [name: AntiZeroAI]: 8 5 L
    Transform message form [number: 0] [name: AntiZeroAI]: 8 5 L
    try to use uncorrect role
    Invalid chess piece: ['8', '5', 'L']
    The limit of invalid action of player 0 (name AntiZeroAI) is 1
Step 26:
    Send to player 1 [name: WAIT17 - 4] a signal: ACTION
    Receive message form player 1 [name: WAIT17 - 4]: 1 3 R
    Transform message form [number: 1] [name: WAIT17 - 4]: 7 3 L
    Correct move!
    Player 1 [name WAIT17 - 4] choose (7,3) move to (7 2)
    Send to player 0 [name: AntiZeroAI] infomation : (1 7 3 7 2)
    Send to player 1 [name: WAIT17 - 4] infomation : (1 1 3 1 4)
Step 27:
    Send to player 0 [name: AntiZeroAI] a signal: ACTION
    Receive message form player 0 [name: AntiZeroAI]: 8 4 L
    Transform message form [number: 0] [name: AntiZeroAI]: 8 4 L
    try to use uncorrect role
    Invalid chess piece: ['8', '4', 'L']
    The limit of invalid action of player 0 (name AntiZeroAI) is 0
    The Player 1 (name WAIT17 - 4) win the game
Closing connections:
    Player 0 [name: AntiZeroAI] connection closed succueefully
    Player 1 [name: WAIT17 - 4] connection closed succueefully
Total Steps: 27
End!
