Initialization:
    Waiting to connect ...
    AI0: 辣子鸡 from 127.0.0.1 connected
    AI1: WJZB from 127.0.0.1 connected
    WJZB is the first player
    辣子鸡 is the second player
Step 1:
    Send to player 1 [name: WJZB] a signal: ACTION
    Receive message form player 1 [name: WJZB]: 2 2 D
    Transform message form [number: 1] [name: WJZB]: 6 4 U
    Correct move!
    Player 1 [name WJZB] choose (6,4) move to (7 4)
    Send to player 0 [name: 辣子鸡] infomation : (1 6 4 7 4)
    Send to player 1 [name: WJZB] infomation : (1 2 2 1 2)
Step 2:
    Send to player 0 [name: 辣子鸡] a signal: ACTION
    Receive message form player 0 [name: 辣子鸡]: 2 0 R
    Transform message form [number: 0] [name: 辣子鸡]: 2 0 R
    Correct move!
    Player 0 [name 辣子鸡] choose (2,0) move to (2 1)
    Send to player 0 [name: 辣子鸡] infomation : (0 2 0 2 1)
    Send to player 1 [name: WJZB] infomation : (0 6 6 6 5)
Step 3:
    Send to player 1 [name: WJZB] a signal: ACTION
    Receive message form player 1 [name: WJZB]: 1 2 D
    Transform message form [number: 1] [name: WJZB]: 7 4 U
    Correct move!
    Player 1 [name WJZB] choose (7,4) move to (8 4)
    Send to player 0 [name: 辣子鸡] infomation : (1 7 4 8 4)
    Send to player 1 [name: WJZB] infomation : (1 1 2 0 2)
Step 4:
    Send to player 0 [name: 辣子鸡] a signal: ACTION
    Receive message form player 0 [name: 辣子鸡]: 1 1 D
    Transform message form [number: 0] [name: 辣子鸡]: 1 1 D
    Correct move!
    Player 0 [name 辣子鸡] choose (1,1) move to (0 1)
    Send to player 0 [name: 辣子鸡] infomation : (0 1 1 0 1)
    Send to player 1 [name: WJZB] infomation : (0 7 5 8 5)
Step 5:
    Send to player 1 [name: WJZB] a signal: ACTION
    Receive message form player 1 [name: WJZB]: 2 4 D
    Transform message form [number: 1] [name: WJZB]: 6 2 U
    Correct move!
    Player 1 [name WJZB] choose (6,2) move to (7 2)
    Send to player 0 [name: 辣子鸡] infomation : (1 6 2 7 2)
    Send to player 1 [name: WJZB] infomation : (1 2 4 1 4)
Step 6:
    Send to player 0 [name: 辣子鸡] a signal: ACTION
    Receive message form player 0 [name: 辣子鸡]: 2 6 U
    Transform message form [number: 0] [name: 辣子鸡]: 2 6 U
    Correct move!
    Player 0 [name 辣子鸡] choose (2,6) move to (3 6)
    Send to player 0 [name: 辣子鸡] infomation : (0 2 6 3 6)
    Send to player 1 [name: WJZB] infomation : (0 6 0 5 0)
Step 7:
    Send to player 1 [name: WJZB] a signal: ACTION
    Receive message form player 1 [name: WJZB]: 1 4 D
    Transform message form [number: 1] [name: WJZB]: 7 2 U
    Correct move!
    Player 1 [name WJZB] choose (7,2) move to (8 2)
    Send to player 0 [name: 辣子鸡] infomation : (1 7 2 8 2)
    Send to player 1 [name: WJZB] infomation : (1 1 4 0 4)
Step 8:
    Send to player 0 [name: 辣子鸡] a signal: ACTION
    Receive message form player 0 [name: 辣子鸡]: 3 6 U
    Transform message form [number: 0] [name: 辣子鸡]: 3 6 U
    Correct move!
    Player 0 [name 辣子鸡] choose (3,6) move to (4 6)
    Send to player 0 [name: 辣子鸡] infomation : (0 3 6 4 6)
    Send to player 1 [name: WJZB] infomation : (0 5 0 4 0)
Step 9:
    Send to player 1 [name: WJZB] a signal: ACTION
    Receive message form player 1 [name: WJZB]: 2 0 D
    Transform message form [number: 1] [name: WJZB]: 6 6 U
    Correct move!
    Player 1 [name WJZB] choose (6,6) move to (7 6)
    Send to player 0 [name: 辣子鸡] infomation : (1 6 6 7 6)
    Send to player 1 [name: WJZB] infomation : (1 2 0 1 0)
Step 10:
    Send to player 0 [name: 辣子鸡] a signal: ACTION
    Receive message form player 0 [name: 辣子鸡]: 4 6 L
    Transform message form [number: 0] [name: 辣子鸡]: 4 6 L
    Correct move!
    Player 0 [name 辣子鸡] choose (4,6) move to (4 5)
    Send to player 0 [name: 辣子鸡] infomation : (0 4 6 4 5)
    Send to player 1 [name: WJZB] infomation : (0 4 0 4 1)
Step 11:
    Send to player 1 [name: WJZB] a signal: ACTION
    Receive message form player 1 [name: WJZB]: 1 1 D
    Transform message form [number: 1] [name: WJZB]: 7 5 U
    Correct move!
    Player 1 [name WJZB] choose (7,5) move to (8 5)
    Send to player 0 [name: 辣子鸡] infomation : (1 7 5 8 5)
    Send to player 1 [name: WJZB] infomation : (1 1 1 0 1)
Step 12:
    Send to player 0 [name: 辣子鸡] a signal: ACTION
    Receive message form player 0 [name: 辣子鸡]: 4 5 L
    Transform message form [number: 0] [name: 辣子鸡]: 4 5 L
    Correct move!
    Player 0 [name 辣子鸡] choose (4,5) move to (4 4)
    Send to player 0 [name: 辣子鸡] infomation : (0 4 5 4 4)
    Send to player 1 [name: WJZB] infomation : (0 4 1 4 2)
Step 13:
    Send to player 1 [name: WJZB] a signal: ACTION
    Receive message form player 1 [name: WJZB]: 1 5 D
    Transform message form [number: 1] [name: WJZB]: 7 1 U
    Correct move!
    Player 1 [name WJZB] choose (7,1) move to (8 1)
    Send to player 0 [name: 辣子鸡] infomation : (1 7 1 8 1)
    Send to player 1 [name: WJZB] infomation : (1 1 5 0 5)
Step 14:
    Send to player 0 [name: 辣子鸡] a signal: ACTION
    Receive message form player 0 [name: 辣子鸡]: 1 5 D
    Transform message form [number: 0] [name: 辣子鸡]: 1 5 D
    Correct move!
    Player 0 [name 辣子鸡] choose (1,5) move to (0 5)
    Send to player 0 [name: 辣子鸡] infomation : (0 1 5 0 5)
    Send to player 1 [name: WJZB] infomation : (0 7 1 8 1)
Step 15:
    Send to player 1 [name: WJZB] a signal: ACTION
    Receive message form player 1 [name: WJZB]: 2 6 D
    Transform message form [number: 1] [name: WJZB]: 6 0 U
    Correct move!
    Player 1 [name WJZB] choose (6,0) move to (7 0)
    Send to player 0 [name: 辣子鸡] infomation : (1 6 0 7 0)
    Send to player 1 [name: WJZB] infomation : (1 2 6 1 6)
Step 16:
    Send to player 0 [name: 辣子鸡] a signal: ACTION
    Receive message form player 0 [name: 辣子鸡]: 2 2 R
    Transform message form [number: 0] [name: 辣子鸡]: 2 2 R
    Correct move!
    Player 0 [name 辣子鸡] choose (2,2) move to (2 3)
    Send to player 0 [name: 辣子鸡] infomation : (0 2 2 2 3)
    Send to player 1 [name: WJZB] infomation : (0 6 4 6 3)
Step 17:
    Send to player 1 [name: WJZB] a signal: ACTION
    Receive message form player 1 [name: WJZB]: 1 6 L
    Transform message form [number: 1] [name: WJZB]: 7 0 R
    Correct move!
    Player 1 [name WJZB] choose (7,0) move to (7 1)
    Send to player 0 [name: 辣子鸡] infomation : (1 7 0 7 1)
    Send to player 1 [name: WJZB] infomation : (1 1 6 1 5)
Step 18:
    Send to player 0 [name: 辣子鸡] a signal: ACTION
    Receive message form player 0 [name: 辣子鸡]: 4 4 U
    Transform message form [number: 0] [name: 辣子鸡]: 4 4 U
    Correct move!
    Player 0 [name 辣子鸡] choose (4,4) move to (5 4)
    Send to player 0 [name: 辣子鸡] infomation : (0 4 4 5 4)
    Send to player 1 [name: WJZB] infomation : (0 4 2 3 2)
Step 19:
    Send to player 1 [name: WJZB] a signal: ACTION
    Receive message form player 1 [name: WJZB]: 1 5 L
    Transform message form [number: 1] [name: WJZB]: 7 1 R
    Correct move!
    Player 1 [name WJZB] choose (7,1) move to (7 2)
    Send to player 0 [name: 辣子鸡] infomation : (1 7 1 7 2)
    Send to player 1 [name: WJZB] infomation : (1 1 5 1 4)
Step 20:
    Send to player 0 [name: 辣子鸡] a signal: ACTION
    Receive message form player 0 [name: 辣子鸡]: 2 4 D
    Transform message form [number: 0] [name: 辣子鸡]: 2 4 D
    Correct move!
    Player 0 [name 辣子鸡] choose (2,4) move to (1 4)
    Send to player 0 [name: 辣子鸡] infomation : (0 2 4 1 4)
    Send to player 1 [name: WJZB] infomation : (0 6 2 7 2)
Step 21:
    Send to player 1 [name: WJZB] a signal: ACTION
    Receive message form player 1 [name: WJZB]: 1 4 L
    Transform message form [number: 1] [name: WJZB]: 7 2 R
    Correct move!
    Player 1 [name WJZB] choose (7,2) move to (7 3)
    Send to player 0 [name: 辣子鸡] infomation : (1 7 2 7 3)
    Send to player 1 [name: WJZB] infomation : (1 1 4 1 3)
Step 22:
    Send to player 0 [name: 辣子鸡] a signal: ACTION
    Receive message form player 0 [name: 辣子鸡]: 2 1 D
    Transform message form [number: 0] [name: 辣子鸡]: 2 1 D
    Correct move!
    Player 0 [name 辣子鸡] choose (2,1) move to (1 1)
    Send to player 0 [name: 辣子鸡] infomation : (0 2 1 1 1)
    Send to player 1 [name: WJZB] infomation : (0 6 5 7 5)
Step 23:
    Send to player 1 [name: WJZB] a signal: ACTION
    Receive message form player 1 [name: WJZB]: 1 0 R
    Transform message form [number: 1] [name: WJZB]: 7 6 L
    Correct move!
    Player 1 [name WJZB] choose (7,6) move to (7 5)
    Send to player 0 [name: 辣子鸡] infomation : (1 7 6 7 5)
    Send to player 1 [name: WJZB] infomation : (1 1 0 1 1)
Step 24:
    Send to player 0 [name: 辣子鸡] a signal: ACTION
    Receive message form player 0 [name: 辣子鸡]: 1 1 R
    Transform message form [number: 0] [name: 辣子鸡]: 1 1 R
    Correct move!
    Player 0 [name 辣子鸡] choose (1,1) move to (1 2)
    Send to player 0 [name: 辣子鸡] infomation : (0 1 1 1 2)
    Send to player 1 [name: WJZB] infomation : (0 7 5 7 4)
Step 25:
    Send to player 1 [name: WJZB] a signal: ACTION
    Receive message form player 1 [name: WJZB]: 1 1 L
    Transform message form [number: 1] [name: WJZB]: 7 5 R
    Correct move!
    Player 1 [name WJZB] choose (7,5) move to (7 6)
    Send to player 0 [name: 辣子鸡] infomation : (1 7 5 7 6)
    Send to player 1 [name: WJZB] infomation : (1 1 1 1 0)
Step 26:
    Send to player 0 [name: 辣子鸡] a signal: ACTION
    Receive message form player 0 [name: 辣子鸡]: 0 0 U
    Transform message form [number: 0] [name: 辣子鸡]: 0 0 U
    Correct move!
    Player 0 [name 辣子鸡] choose (0,0) move to (1 0)
    Send to player 0 [name: 辣子鸡] infomation : (0 0 0 1 0)
    Send to player 1 [name: WJZB] infomation : (0 8 6 7 6)
Step 27:
    Send to player 1 [name: WJZB] a signal: ACTION
    Receive message form player 1 [name: WJZB]: 1 0 R
    Transform message form [number: 1] [name: WJZB]: 7 6 L
    Correct move!
    Player 1 [name WJZB] choose (7,6) move to (7 5)
    Send to player 0 [name: 辣子鸡] infomation : (1 7 6 7 5)
    Send to player 1 [name: WJZB] infomation : (1 1 0 1 1)
Step 28:
    Send to player 0 [name: 辣子鸡] a signal: ACTION
    Receive message form player 0 [name: 辣子鸡]: 1 0 R
    Transform message form [number: 0] [name: 辣子鸡]: 1 0 R
    Correct move!
    Player 0 [name 辣子鸡] choose (1,0) move to (1 1)
    Send to player 0 [name: 辣子鸡] infomation : (0 1 0 1 1)
    Send to player 1 [name: WJZB] infomation : (0 7 6 7 5)
Step 29:
    Send to player 1 [name: WJZB] a signal: ACTION
    Receive message form player 1 [name: WJZB]: 1 1 L
    Transform message form [number: 1] [name: WJZB]: 7 5 R
    Correct move!
    Player 1 [name WJZB] choose (7,5) move to (7 6)
    Send to player 0 [name: 辣子鸡] infomation : (1 7 5 7 6)
    Send to player 1 [name: WJZB] infomation : (1 1 1 1 0)
Step 30:
    Send to player 0 [name: 辣子鸡] a signal: ACTION
    Receive message form player 0 [name: 辣子鸡]: 1 1 U
    Transform message form [number: 0] [name: 辣子鸡]: 1 1 U
    Correct move!
    Player 0 [name 辣子鸡] choose (1,1) move to (2 1)
    Send to player 0 [name: 辣子鸡] infomation : (0 1 1 2 1)
    Send to player 1 [name: WJZB] infomation : (0 7 5 6 5)
Step 31:
    Send to player 1 [name: WJZB] a signal: ACTION
    Receive message form player 1 [name: WJZB]: 1 0 R
    Transform message form [number: 1] [name: WJZB]: 7 6 L
    Correct move!
    Player 1 [name WJZB] choose (7,6) move to (7 5)
    Send to player 0 [name: 辣子鸡] infomation : (1 7 6 7 5)
    Send to player 1 [name: WJZB] infomation : (1 1 0 1 1)
Step 32:
    Send to player 0 [name: 辣子鸡] a signal: ACTION
    Receive message form player 0 [name: 辣子鸡]: 2 1 U
    Transform message form [number: 0] [name: 辣子鸡]: 2 1 U
    Correct move!
    Player 0 [name 辣子鸡] choose (2,1) move to (6 1)
    Send to player 0 [name: 辣子鸡] infomation : (0 2 1 6 1)
    Send to player 1 [name: WJZB] infomation : (0 6 5 2 5)
Step 33:
    Send to player 1 [name: WJZB] a signal: ACTION
    Receive message form player 1 [name: WJZB]: 1 1 L
    Transform message form [number: 1] [name: WJZB]: 7 5 R
    Correct move!
    Player 1 [name WJZB] choose (7,5) move to (7 6)
    Send to player 0 [name: 辣子鸡] infomation : (1 7 5 7 6)
    Send to player 1 [name: WJZB] infomation : (1 1 1 1 0)
Step 34:
    Send to player 0 [name: 辣子鸡] a signal: ACTION
    Receive message form player 0 [name: 辣子鸡]: 6 1 U
    Transform message form [number: 0] [name: 辣子鸡]: 6 1 U
    Correct move!
    Player 0 [name 辣子鸡] choose (6,1) move to (7 1)
    Send to player 0 [name: 辣子鸡] infomation : (0 6 1 7 1)
    Send to player 1 [name: WJZB] infomation : (0 2 5 1 5)
Step 35:
    Send to player 1 [name: WJZB] a signal: ACTION
    Receive message form player 1 [name: WJZB]: 1 0 R
    Transform message form [number: 1] [name: WJZB]: 7 6 L
    Correct move!
    Player 1 [name WJZB] choose (7,6) move to (7 5)
    Send to player 0 [name: 辣子鸡] infomation : (1 7 6 7 5)
    Send to player 1 [name: WJZB] infomation : (1 1 0 1 1)
Step 36:
    Send to player 0 [name: 辣子鸡] a signal: ACTION
    Receive message form player 0 [name: 辣子鸡]: 7 1 R
    Transform message form [number: 0] [name: 辣子鸡]: 7 1 R
    Correct move!
    Player 0 [name 辣子鸡] choose (7,1) move to (7 2)
    Send to player 0 [name: 辣子鸡] infomation : (0 7 1 7 2)
    Send to player 1 [name: WJZB] infomation : (0 1 5 1 4)
Step 37:
    Send to player 1 [name: WJZB] a signal: ACTION
    Receive message form player 1 [name: WJZB]: 1 3 L
    Transform message form [number: 1] [name: WJZB]: 7 3 R
    Correct move!
    Player 1 [name WJZB] choose (7,3) move to (7 4)
    Send to player 0 [name: 辣子鸡] infomation : (1 7 3 7 4)
    Send to player 1 [name: WJZB] infomation : (1 1 3 1 2)
Step 38:
    Send to player 0 [name: 辣子鸡] a signal: ACTION
    Receive message form player 0 [name: 辣子鸡]: 0 6 U
    Transform message form [number: 0] [name: 辣子鸡]: 0 6 U
    Correct move!
    Player 0 [name 辣子鸡] choose (0,6) move to (1 6)
    Send to player 0 [name: 辣子鸡] infomation : (0 0 6 1 6)
    Send to player 1 [name: WJZB] infomation : (0 8 0 7 0)
Step 39:
    Send to player 1 [name: WJZB] a signal: ACTION
    Receive message form player 1 [name: WJZB]: 1 1 L
    Transform message form [number: 1] [name: WJZB]: 7 5 R
    Correct move!
    Player 1 [name WJZB] choose (7,5) move to (7 6)
    Send to player 0 [name: 辣子鸡] infomation : (1 7 5 7 6)
    Send to player 1 [name: WJZB] infomation : (1 1 1 1 0)
Step 40:
    Send to player 0 [name: 辣子鸡] a signal: ACTION
    Receive message form player 0 [name: 辣子鸡]: 1 6 L
    Transform message form [number: 0] [name: 辣子鸡]: 1 6 L
    Correct move!
    Player 0 [name 辣子鸡] choose (1,6) move to (1 5)
    Send to player 0 [name: 辣子鸡] infomation : (0 1 6 1 5)
    Send to player 1 [name: WJZB] infomation : (0 7 0 7 1)
Step 41:
    Send to player 1 [name: WJZB] a signal: ACTION
    Receive message form player 1 [name: WJZB]: 1 2 L
    Transform message form [number: 1] [name: WJZB]: 7 4 R
    Correct move!
    Player 1 [name WJZB] choose (7,4) move to (7 5)
    Send to player 0 [name: 辣子鸡] infomation : (1 7 4 7 5)
    Send to player 1 [name: WJZB] infomation : (1 1 2 1 1)
Step 42:
    Send to player 0 [name: 辣子鸡] a signal: ACTION
    Receive message form player 0 [name: 辣子鸡]: 7 2 R
    Transform message form [number: 0] [name: 辣子鸡]: 7 2 R
    Correct move!
    Player 0 [name 辣子鸡] choose (7,2) move to (7 3)
    Send to player 0 [name: 辣子鸡] infomation : (0 7 2 7 3)
    Send to player 1 [name: WJZB] infomation : (0 1 4 1 3)
Step 43:
    Send to player 1 [name: WJZB] a signal: ACTION
    Receive message form player 1 [name: WJZB]: 1 0 U
    Transform message form [number: 1] [name: WJZB]: 7 6 D
    Correct move!
    Player 1 [name WJZB] choose (7,6) move to (6 6)
    Send to player 0 [name: 辣子鸡] infomation : (1 7 6 6 6)
    Send to player 1 [name: WJZB] infomation : (1 1 0 2 0)
Step 44:
    Send to player 0 [name: 辣子鸡] a signal: ACTION
    Receive message form player 0 [name: 辣子鸡]: 7 3 U
    Transform message form [number: 0] [name: 辣子鸡]: 7 3 U
    Correct move!
    Player 0 [name 辣子鸡] choose (7,3) move to (8 3)
    Send to player 0 [name: 辣子鸡] infomation : (0 7 3 8 3)
    Send to player 1 [name: WJZB] infomation : (0 1 3 0 3)
    The Player 0 (name 辣子鸡) win the game
Closing connections:
    Player 0 [name: 辣子鸡] connection closed succueefully
    Player 1 [name: WJZB] connection closed succueefully
Total Steps: 44
End!
