Initialization:
    Waiting to connect ...
    AI0: mamisan from 127.0.0.1 connected
    AI1: Biu from 127.0.0.1 connected
    Biu is the first player
    mamisan is the second player
Step 1:
    Send to player 1 [name: Biu] a signal: ACTION
    Receive message form player 1 [name: Biu]: 0 6 U
    Transform message form [number: 1] [name: Biu]: 8 0 D
    Correct move!
    Player 1 [name Biu] choose (8,0) move to (7 0)
    Send to player 0 [name: mamisan] infomation : (1 8 0 7 0)
    Send to player 1 [name: Biu] infomation : (1 0 6 1 6)
Step 2:
    Send to player 0 [name: mamisan] a signal: ACTION
    Receive message form player 0 [name: mamisan]: 2 2 R
    Transform message form [number: 0] [name: mamisan]: 2 2 R
    Correct move!
    Player 0 [name mamisan] choose (2,2) move to (2 3)
    Send to player 0 [name: mamisan] infomation : (0 2 2 2 3)
    Send to player 1 [name: Biu] infomation : (0 6 4 6 3)
Step 3:
    Send to player 1 [name: Biu] a signal: ACTION
    Receive message form player 1 [name: Biu]: 0 0 U
    Transform message form [number: 1] [name: Biu]: 8 6 D
    Correct move!
    Player 1 [name Biu] choose (8,6) move to (7 6)
    Send to player 0 [name: mamisan] infomation : (1 8 6 7 6)
    Send to player 1 [name: Biu] infomation : (1 0 0 1 0)
Step 4:
    Send to player 0 [name: mamisan] a signal: ACTION
    Receive message form player 0 [name: mamisan]: 2 3 U
    Transform message form [number: 0] [name: mamisan]: 2 3 U
    Correct move!
    Player 0 [name mamisan] choose (2,3) move to (3 3)
    Send to player 0 [name: mamisan] infomation : (0 2 3 3 3)
    Send to player 1 [name: Biu] infomation : (0 6 3 5 3)
Step 5:
    Send to player 1 [name: Biu] a signal: ACTION
    Receive message form player 1 [name: Biu]: 2 0 R
    Transform message form [number: 1] [name: Biu]: 6 6 L
    Correct move!
    Player 1 [name Biu] choose (6,6) move to (6 5)
    Send to player 0 [name: mamisan] infomation : (1 6 6 6 5)
    Send to player 1 [name: Biu] infomation : (1 2 0 2 1)
Step 6:
    Send to player 0 [name: mamisan] a signal: ACTION
    Receive message form player 0 [name: mamisan]: 3 3 U
    Transform message form [number: 0] [name: mamisan]: 3 3 U
    Correct move!
    Player 0 [name mamisan] choose (3,3) move to (4 3)
    Send to player 0 [name: mamisan] infomation : (0 3 3 4 3)
    Send to player 1 [name: Biu] infomation : (0 5 3 4 3)
Step 7:
    Send to player 1 [name: Biu] a signal: ACTION
    Receive message form player 1 [name: Biu]: 1 0 U
    Transform message form [number: 1] [name: Biu]: 7 6 D
    Correct move!
    Player 1 [name Biu] choose (7,6) move to (6 6)
    Send to player 0 [name: mamisan] infomation : (1 7 6 6 6)
    Send to player 1 [name: Biu] infomation : (1 1 0 2 0)
Step 8:
    Send to player 0 [name: mamisan] a signal: ACTION
    Receive message form player 0 [name: mamisan]: 4 3 U
    Transform message form [number: 0] [name: mamisan]: 4 3 U
    Correct move!
    Player 0 [name mamisan] choose (4,3) move to (5 3)
    Send to player 0 [name: mamisan] infomation : (0 4 3 5 3)
    Send to player 1 [name: Biu] infomation : (0 4 3 3 3)
Step 9:
    Send to player 1 [name: Biu] a signal: ACTION
    Receive message form player 1 [name: Biu]: 2 0 U
    Transform message form [number: 1] [name: Biu]: 6 6 D
    Correct move!
    Player 1 [name Biu] choose (6,6) move to (5 6)
    Send to player 0 [name: mamisan] infomation : (1 6 6 5 6)
    Send to player 1 [name: Biu] infomation : (1 2 0 3 0)
Step 10:
    Send to player 0 [name: mamisan] a signal: ACTION
    Receive message form player 0 [name: mamisan]: 5 3 U
    Transform message form [number: 0] [name: mamisan]: 5 3 U
    Correct move!
    Player 0 [name mamisan] choose (5,3) move to (6 3)
    Send to player 0 [name: mamisan] infomation : (0 5 3 6 3)
    Send to player 1 [name: Biu] infomation : (0 3 3 2 3)
Step 11:
    Send to player 1 [name: Biu] a signal: ACTION
    Receive message form player 1 [name: Biu]: 2 2 R
    Transform message form [number: 1] [name: Biu]: 6 4 L
    Correct move!
    Player 1 [name Biu] choose (6,4) move to (6 3)
    Send to player 0 [name: mamisan] infomation : (1 6 4 6 3)
    Send to player 1 [name: Biu] infomation : (1 2 2 2 3)
Step 12:
    Send to player 0 [name: mamisan] a signal: ACTION
    Receive message form player 0 [name: mamisan]: 2 4 L
    Transform message form [number: 0] [name: mamisan]: 2 4 L
    Correct move!
    Player 0 [name mamisan] choose (2,4) move to (2 3)
    Send to player 0 [name: mamisan] infomation : (0 2 4 2 3)
    Send to player 1 [name: Biu] infomation : (0 6 2 6 3)
Step 13:
    Send to player 1 [name: Biu] a signal: ACTION
    Receive message form player 1 [name: Biu]: 3 0 R
    Transform message form [number: 1] [name: Biu]: 5 6 L
    Correct move!
    Player 1 [name Biu] choose (5,6) move to (5 3)
    Send to player 0 [name: mamisan] infomation : (1 5 6 5 3)
    Send to player 1 [name: Biu] infomation : (1 3 0 3 3)
Step 14:
    Send to player 0 [name: mamisan] a signal: ACTION
    Receive message form player 0 [name: mamisan]: 0 0 R
    Transform message form [number: 0] [name: mamisan]: 0 0 R
    Correct move!
    Player 0 [name mamisan] choose (0,0) move to (0 1)
    Send to player 0 [name: mamisan] infomation : (0 0 0 0 1)
    Send to player 1 [name: Biu] infomation : (0 8 6 8 5)
Step 15:
    Send to player 1 [name: Biu] a signal: ACTION
    Receive message form player 1 [name: Biu]: 3 3 U
    Transform message form [number: 1] [name: Biu]: 5 3 D
    Correct move!
    Player 1 [name Biu] choose (5,3) move to (4 3)
    Send to player 0 [name: mamisan] infomation : (1 5 3 4 3)
    Send to player 1 [name: Biu] infomation : (1 3 3 4 3)
Step 16:
    Send to player 0 [name: mamisan] a signal: ACTION
    Receive message form player 0 [name: mamisan]: 0 1 R
    Transform message form [number: 0] [name: mamisan]: 0 1 R
    Correct move!
    Player 0 [name mamisan] choose (0,1) move to (0 2)
    Send to player 0 [name: mamisan] infomation : (0 0 1 0 2)
    Send to player 1 [name: Biu] infomation : (0 8 5 8 4)
Step 17:
    Send to player 1 [name: Biu] a signal: ACTION
    Receive message form player 1 [name: Biu]: 4 3 U
    Transform message form [number: 1] [name: Biu]: 4 3 D
    Correct move!
    Player 1 [name Biu] choose (4,3) move to (3 3)
    Send to player 0 [name: mamisan] infomation : (1 4 3 3 3)
    Send to player 1 [name: Biu] infomation : (1 4 3 5 3)
Step 18:
    Send to player 0 [name: mamisan] a signal: ACTION
    Receive message form player 0 [name: mamisan]: 0 2 U
    Transform message form [number: 0] [name: mamisan]: 0 2 U
    Correct move!
    Player 0 [name mamisan] choose (0,2) move to (1 2)
    Send to player 0 [name: mamisan] infomation : (0 0 2 1 2)
    Send to player 1 [name: Biu] infomation : (0 8 4 7 4)
Step 19:
    Send to player 1 [name: Biu] a signal: ACTION
    Receive message form player 1 [name: Biu]: 5 3 U
    Transform message form [number: 1] [name: Biu]: 3 3 D
    Correct move!
    Player 1 [name Biu] choose (3,3) move to (2 3)
    Send to player 0 [name: mamisan] infomation : (1 3 3 2 3)
    Send to player 1 [name: Biu] infomation : (1 5 3 6 3)
Step 20:
    Send to player 0 [name: mamisan] a signal: ACTION
    Receive message form player 0 [name: mamisan]: 1 2 U
    Transform message form [number: 0] [name: mamisan]: 1 2 U
    Correct move!
    Player 0 [name mamisan] choose (1,2) move to (2 2)
    Send to player 0 [name: mamisan] infomation : (0 1 2 2 2)
    Send to player 1 [name: Biu] infomation : (0 7 4 6 4)
Step 21:
    Send to player 1 [name: Biu] a signal: ACTION
    Receive message form player 1 [name: Biu]: 6 3 R
    Transform message form [number: 1] [name: Biu]: 2 3 L
    Correct move!
    Player 1 [name Biu] choose (2,3) move to (2 2)
    Send to player 0 [name: mamisan] infomation : (1 2 3 2 2)
    Send to player 1 [name: Biu] infomation : (1 6 3 6 4)
Step 22:
    Send to player 0 [name: mamisan] a signal: ACTION
    Receive message form player 0 [name: mamisan]: 0 6 L
    Transform message form [number: 0] [name: mamisan]: 0 6 L
    Correct move!
    Player 0 [name mamisan] choose (0,6) move to (0 5)
    Send to player 0 [name: mamisan] infomation : (0 0 6 0 5)
    Send to player 1 [name: Biu] infomation : (0 8 0 8 1)
Step 23:
    Send to player 1 [name: Biu] a signal: ACTION
    Receive message form player 1 [name: Biu]: 6 4 U
    Transform message form [number: 1] [name: Biu]: 2 2 D
    Correct move!
    Player 1 [name Biu] choose (2,2) move to (1 2)
    Send to player 0 [name: mamisan] infomation : (1 2 2 1 2)
    Send to player 1 [name: Biu] infomation : (1 6 4 7 4)
Step 24:
    Send to player 0 [name: mamisan] a signal: ACTION
    Receive message form player 0 [name: mamisan]: 0 5 L
    Transform message form [number: 0] [name: mamisan]: 0 5 L
    Correct move!
    Player 0 [name mamisan] choose (0,5) move to (0 4)
    Send to player 0 [name: mamisan] infomation : (0 0 5 0 4)
    Send to player 1 [name: Biu] infomation : (0 8 1 8 2)
Step 25:
    Send to player 1 [name: Biu] a signal: ACTION
    Receive message form player 1 [name: Biu]: 7 4 U
    Transform message form [number: 1] [name: Biu]: 1 2 D
    Correct move!
    Player 1 [name Biu] choose (1,2) move to (0 2)
    Send to player 0 [name: mamisan] infomation : (1 1 2 0 2)
    Send to player 1 [name: Biu] infomation : (1 7 4 8 4)
Step 26:
    Send to player 0 [name: mamisan] a signal: ACTION
    Receive message form player 0 [name: mamisan]: 0 4 U
    Transform message form [number: 0] [name: mamisan]: 0 4 U
    Correct move!
    Player 0 [name mamisan] choose (0,4) move to (1 4)
    Send to player 0 [name: mamisan] infomation : (0 0 4 1 4)
    Send to player 1 [name: Biu] infomation : (0 8 2 7 2)
Step 27:
    Send to player 1 [name: Biu] a signal: ACTION
    Receive message form player 1 [name: Biu]: 8 4 L
    Transform message form [number: 1] [name: Biu]: 0 2 R
    Correct move!
    Player 1 [name Biu] choose (0,2) move to (0 3)
    Send to player 0 [name: mamisan] infomation : (1 0 2 0 3)
    Send to player 1 [name: Biu] infomation : (1 8 4 8 3)
    The Player 1 (name Biu) win the game
Closing connections:
    Player 0 [name: mamisan] connection closed succueefully
    Player 1 [name: Biu] connection closed succueefully
Total Steps: 27
End!
