Initialization:
    Waiting to connect ...
    AI0: Kotori? from 127.0.0.1 connected
    AI1: Uchida Kotori from 127.0.0.1 connected
    Kotori? is the first player
    Uchida Kotori is the second player
Step 1:
    Send to player 0 [name: Kotori?] a signal: ACTION
    Receive message form player 0 [name: Kotori?]: 2 4 R
    Transform message form [number: 0] [name: Kotori?]: 2 4 R
    Correct move!
    Player 0 [name Kotori?] choose (2,4) move to (2 5)
    Send to player 0 [name: Kotori?] infomation : (0 2 4 2 5)
    Send to player 1 [name: Uchida Kotori] infomation : (0 6 2 6 1)
Step 2:
    Send to player 1 [name: Uchida Kotori] a signal: ACTION
    Receive message form player 1 [name: Uchida Kotori]: 0 6 U
    Transform message form [number: 1] [name: Uchida Kotori]: 8 0 D
    Correct move!
    Player 1 [name Uchida Kotori] choose (8,0) move to (7 0)
    Send to player 0 [name: Kotori?] infomation : (1 8 0 7 0)
    Send to player 1 [name: Uchida Kotori] infomation : (1 0 6 1 6)
Step 3:
    Send to player 0 [name: Kotori?] a signal: ACTION
    Receive message form player 0 [name: Kotori?]: 1 5 D
    Transform message form [number: 0] [name: Kotori?]: 1 5 D
    Correct move!
    Player 0 [name Kotori?] choose (1,5) move to (0 5)
    Send to player 0 [name: Kotori?] infomation : (0 1 5 0 5)
    Send to player 1 [name: Uchida Kotori] infomation : (0 7 1 8 1)
Step 4:
    Send to player 1 [name: Uchida Kotori] a signal: ACTION
    Receive message form player 1 [name: Uchida Kotori]: 0 0 U
    Transform message form [number: 1] [name: Uchida Kotori]: 8 6 D
    Correct move!
    Player 1 [name Uchida Kotori] choose (8,6) move to (7 6)
    Send to player 0 [name: Kotori?] infomation : (1 8 6 7 6)
    Send to player 1 [name: Uchida Kotori] infomation : (1 0 0 1 0)
Step 5:
    Send to player 0 [name: Kotori?] a signal: ACTION
    Receive message form player 0 [name: Kotori?]: 2 0 D
    Transform message form [number: 0] [name: Kotori?]: 2 0 D
    Correct move!
    Player 0 [name Kotori?] choose (2,0) move to (1 0)
    Send to player 0 [name: Kotori?] infomation : (0 2 0 1 0)
    Send to player 1 [name: Uchida Kotori] infomation : (0 6 6 7 6)
Step 6:
    Send to player 1 [name: Uchida Kotori] a signal: ACTION
    Receive message form player 1 [name: Uchida Kotori]: 1 5 U
    Transform message form [number: 1] [name: Uchida Kotori]: 7 1 D
    Correct move!
    Player 1 [name Uchida Kotori] choose (7,1) move to (6 1)
    Send to player 0 [name: Kotori?] infomation : (1 7 1 6 1)
    Send to player 1 [name: Uchida Kotori] infomation : (1 1 5 2 5)
Step 7:
    Send to player 0 [name: Kotori?] a signal: ACTION
    Receive message form player 0 [name: Kotori?]: 2 5 D
    Transform message form [number: 0] [name: Kotori?]: 2 5 D
    Correct move!
    Player 0 [name Kotori?] choose (2,5) move to (1 5)
    Send to player 0 [name: Kotori?] infomation : (0 2 5 1 5)
    Send to player 1 [name: Uchida Kotori] infomation : (0 6 1 7 1)
Step 8:
    Send to player 1 [name: Uchida Kotori] a signal: ACTION
    Receive message form player 1 [name: Uchida Kotori]: 2 2 R
    Transform message form [number: 1] [name: Uchida Kotori]: 6 4 L
    Correct move!
    Player 1 [name Uchida Kotori] choose (6,4) move to (6 3)
    Send to player 0 [name: Kotori?] infomation : (1 6 4 6 3)
    Send to player 1 [name: Uchida Kotori] infomation : (1 2 2 2 3)
Step 9:
    Send to player 0 [name: Kotori?] a signal: ACTION
    Receive message form player 0 [name: Kotori?]: 1 5 R
    Transform message form [number: 0] [name: Kotori?]: 1 5 R
    Correct move!
    Player 0 [name Kotori?] choose (1,5) move to (1 6)
    Send to player 0 [name: Kotori?] infomation : (0 1 5 1 6)
    Send to player 1 [name: Uchida Kotori] infomation : (0 7 1 7 0)
Step 10:
    Send to player 1 [name: Uchida Kotori] a signal: ACTION
    Receive message form player 1 [name: Uchida Kotori]: 2 3 L
    Transform message form [number: 1] [name: Uchida Kotori]: 6 3 R
    Correct move!
    Player 1 [name Uchida Kotori] choose (6,3) move to (6 4)
    Send to player 0 [name: Kotori?] infomation : (1 6 3 6 4)
    Send to player 1 [name: Uchida Kotori] infomation : (1 2 3 2 2)
Step 11:
    Send to player 0 [name: Kotori?] a signal: ACTION
    Receive message form player 0 [name: Kotori?]: 2 2 D
    Transform message form [number: 0] [name: Kotori?]: 2 2 D
    Correct move!
    Player 0 [name Kotori?] choose (2,2) move to (1 2)
    Send to player 0 [name: Kotori?] infomation : (0 2 2 1 2)
    Send to player 1 [name: Uchida Kotori] infomation : (0 6 4 7 4)
Step 12:
    Send to player 1 [name: Uchida Kotori] a signal: ACTION
    Receive message form player 1 [name: Uchida Kotori]: 2 2 R
    Transform message form [number: 1] [name: Uchida Kotori]: 6 4 L
    Correct move!
    Player 1 [name Uchida Kotori] choose (6,4) move to (6 3)
    Send to player 0 [name: Kotori?] infomation : (1 6 4 6 3)
    Send to player 1 [name: Uchida Kotori] infomation : (1 2 2 2 3)
Step 13:
    Send to player 0 [name: Kotori?] a signal: ACTION
    Receive message form player 0 [name: Kotori?]: 1 2 D
    Transform message form [number: 0] [name: Kotori?]: 1 2 D
    Correct move!
    Player 0 [name Kotori?] choose (1,2) move to (0 2)
    Send to player 0 [name: Kotori?] infomation : (0 1 2 0 2)
    Send to player 1 [name: Uchida Kotori] infomation : (0 7 4 8 4)
Step 14:
    Send to player 1 [name: Uchida Kotori] a signal: ACTION
    Receive message form player 1 [name: Uchida Kotori]: 2 3 L
    Transform message form [number: 1] [name: Uchida Kotori]: 6 3 R
    Correct move!
    Player 1 [name Uchida Kotori] choose (6,3) move to (6 4)
    Send to player 0 [name: Kotori?] infomation : (1 6 3 6 4)
    Send to player 1 [name: Uchida Kotori] infomation : (1 2 3 2 2)
Step 15:
    Send to player 0 [name: Kotori?] a signal: ACTION
    Receive message form player 0 [name: Kotori?]: 0 0 R
    Transform message form [number: 0] [name: Kotori?]: 0 0 R
    Correct move!
    Player 0 [name Kotori?] choose (0,0) move to (0 1)
    Send to player 0 [name: Kotori?] infomation : (0 0 0 0 1)
    Send to player 1 [name: Uchida Kotori] infomation : (0 8 6 8 5)
Step 16:
    Send to player 1 [name: Uchida Kotori] a signal: ACTION
    Receive message form player 1 [name: Uchida Kotori]: 2 2 R
    Transform message form [number: 1] [name: Uchida Kotori]: 6 4 L
    Correct move!
    Player 1 [name Uchida Kotori] choose (6,4) move to (6 3)
    Send to player 0 [name: Kotori?] infomation : (1 6 4 6 3)
    Send to player 1 [name: Uchida Kotori] infomation : (1 2 2 2 3)
Step 17:
    Send to player 0 [name: Kotori?] a signal: ACTION
    Receive message form player 0 [name: Kotori?]: 1 0 D
    Transform message form [number: 0] [name: Kotori?]: 1 0 D
    Correct move!
    Player 0 [name Kotori?] choose (1,0) move to (0 0)
    Send to player 0 [name: Kotori?] infomation : (0 1 0 0 0)
    Send to player 1 [name: Uchida Kotori] infomation : (0 7 6 8 6)
Step 18:
    Send to player 1 [name: Uchida Kotori] a signal: ACTION
    Receive message form player 1 [name: Uchida Kotori]: 2 3 L
    Transform message form [number: 1] [name: Uchida Kotori]: 6 3 R
    Correct move!
    Player 1 [name Uchida Kotori] choose (6,3) move to (6 4)
    Send to player 0 [name: Kotori?] infomation : (1 6 3 6 4)
    Send to player 1 [name: Uchida Kotori] infomation : (1 2 3 2 2)
Step 19:
    Send to player 0 [name: Kotori?] a signal: ACTION
    Receive message form player 0 [name: Kotori?]: 0 5 U
    Transform message form [number: 0] [name: Kotori?]: 0 5 U
    Correct move!
    Player 0 [name Kotori?] choose (0,5) move to (1 5)
    Send to player 0 [name: Kotori?] infomation : (0 0 5 1 5)
    Send to player 1 [name: Uchida Kotori] infomation : (0 8 1 7 1)
Step 20:
    Send to player 1 [name: Uchida Kotori] a signal: ACTION
    Receive message form player 1 [name: Uchida Kotori]: 2 2 R
    Transform message form [number: 1] [name: Uchida Kotori]: 6 4 L
    Correct move!
    Player 1 [name Uchida Kotori] choose (6,4) move to (6 3)
    Send to player 0 [name: Kotori?] infomation : (1 6 4 6 3)
    Send to player 1 [name: Uchida Kotori] infomation : (1 2 2 2 3)
Step 21:
    Send to player 0 [name: Kotori?] a signal: ACTION
    Receive message form player 0 [name: Kotori?]: 1 1 L
    Transform message form [number: 0] [name: Kotori?]: 1 1 L
    Correct move!
    Player 0 [name Kotori?] choose (1,1) move to (1 0)
    Send to player 0 [name: Kotori?] infomation : (0 1 1 1 0)
    Send to player 1 [name: Uchida Kotori] infomation : (0 7 5 7 6)
Step 22:
    Send to player 1 [name: Uchida Kotori] a signal: ACTION
    Receive message form player 1 [name: Uchida Kotori]: 2 3 U
    Transform message form [number: 1] [name: Uchida Kotori]: 6 3 D
    Correct move!
    Player 1 [name Uchida Kotori] choose (6,3) move to (5 3)
    Send to player 0 [name: Kotori?] infomation : (1 6 3 5 3)
    Send to player 1 [name: Uchida Kotori] infomation : (1 2 3 3 3)
Step 23:
    Send to player 0 [name: Kotori?] a signal: ACTION
    Receive message form player 0 [name: Kotori?]: 1 5 D
    Transform message form [number: 0] [name: Kotori?]: 1 5 D
    Correct move!
    Player 0 [name Kotori?] choose (1,5) move to (0 5)
    Send to player 0 [name: Kotori?] infomation : (0 1 5 0 5)
    Send to player 1 [name: Uchida Kotori] infomation : (0 7 1 8 1)
Step 24:
    Send to player 1 [name: Uchida Kotori] a signal: ACTION
    Receive message form player 1 [name: Uchida Kotori]: 2 4 L
    Transform message form [number: 1] [name: Uchida Kotori]: 6 2 R
    Correct move!
    Player 1 [name Uchida Kotori] choose (6,2) move to (6 3)
    Send to player 0 [name: Kotori?] infomation : (1 6 2 6 3)
    Send to player 1 [name: Uchida Kotori] infomation : (1 2 4 2 3)
Step 25:
    Send to player 0 [name: Kotori?] a signal: ACTION
    Receive message form player 0 [name: Kotori?]: 1 6 L
    Transform message form [number: 0] [name: Kotori?]: 1 6 L
    Correct move!
    Player 0 [name Kotori?] choose (1,6) move to (1 5)
    Send to player 0 [name: Kotori?] infomation : (0 1 6 1 5)
    Send to player 1 [name: Uchida Kotori] infomation : (0 7 0 7 1)
Step 26:
    Send to player 1 [name: Uchida Kotori] a signal: ACTION
    Receive message form player 1 [name: Uchida Kotori]: 3 3 U
    Transform message form [number: 1] [name: Uchida Kotori]: 5 3 D
    Correct move!
    Player 1 [name Uchida Kotori] choose (5,3) move to (4 3)
    Send to player 0 [name: Kotori?] infomation : (1 5 3 4 3)
    Send to player 1 [name: Uchida Kotori] infomation : (1 3 3 4 3)
Step 27:
    Send to player 0 [name: Kotori?] a signal: ACTION
    Receive message form player 0 [name: Kotori?]: 1 0 R
    Transform message form [number: 0] [name: Kotori?]: 1 0 R
    Correct move!
    Player 0 [name Kotori?] choose (1,0) move to (1 1)
    Send to player 0 [name: Kotori?] infomation : (0 1 0 1 1)
    Send to player 1 [name: Uchida Kotori] infomation : (0 7 6 7 5)
Step 28:
    Send to player 1 [name: Uchida Kotori] a signal: ACTION
    Receive message form player 1 [name: Uchida Kotori]: 2 6 U
    Transform message form [number: 1] [name: Uchida Kotori]: 6 0 D
    Correct move!
    Player 1 [name Uchida Kotori] choose (6,0) move to (5 0)
    Send to player 0 [name: Kotori?] infomation : (1 6 0 5 0)
    Send to player 1 [name: Uchida Kotori] infomation : (1 2 6 3 6)
Step 29:
    Send to player 0 [name: Kotori?] a signal: ACTION
    Receive message form player 0 [name: Kotori?]: 1 5 R
    Transform message form [number: 0] [name: Kotori?]: 1 5 R
    Correct move!
    Player 0 [name Kotori?] choose (1,5) move to (1 6)
    Send to player 0 [name: Kotori?] infomation : (0 1 5 1 6)
    Send to player 1 [name: Uchida Kotori] infomation : (0 7 1 7 0)
Step 30:
    Send to player 1 [name: Uchida Kotori] a signal: ACTION
    Receive message form player 1 [name: Uchida Kotori]: 2 3 U
    Transform message form [number: 1] [name: Uchida Kotori]: 6 3 D
    Correct move!
    Player 1 [name Uchida Kotori] choose (6,3) move to (5 3)
    Send to player 0 [name: Kotori?] infomation : (1 6 3 5 3)
    Send to player 1 [name: Uchida Kotori] infomation : (1 2 3 3 3)
Step 31:
    Send to player 0 [name: Kotori?] a signal: ACTION
    Receive message form player 0 [name: Kotori?]: 2 6 U
    Transform message form [number: 0] [name: Kotori?]: 2 6 U
    Correct move!
    Player 0 [name Kotori?] choose (2,6) move to (3 6)
    Send to player 0 [name: Kotori?] infomation : (0 2 6 3 6)
    Send to player 1 [name: Uchida Kotori] infomation : (0 6 0 5 0)
Step 32:
    Send to player 1 [name: Uchida Kotori] a signal: ACTION
    Receive message form player 1 [name: Uchida Kotori]: 4 3 U
    Transform message form [number: 1] [name: Uchida Kotori]: 4 3 D
    Correct move!
    Player 1 [name Uchida Kotori] choose (4,3) move to (3 3)
    Send to player 0 [name: Kotori?] infomation : (1 4 3 3 3)
    Send to player 1 [name: Uchida Kotori] infomation : (1 4 3 5 3)
Step 33:
    Send to player 0 [name: Kotori?] a signal: ACTION
    Receive message form player 0 [name: Kotori?]: 3 6 D
    Transform message form [number: 0] [name: Kotori?]: 3 6 D
    Correct move!
    Player 0 [name Kotori?] choose (3,6) move to (2 6)
    Send to player 0 [name: Kotori?] infomation : (0 3 6 2 6)
    Send to player 1 [name: Uchida Kotori] infomation : (0 5 0 6 0)
Step 34:
    Send to player 1 [name: Uchida Kotori] a signal: ACTION
    Receive message form player 1 [name: Uchida Kotori]: 3 6 U
    Transform message form [number: 1] [name: Uchida Kotori]: 5 0 D
    Correct move!
    Player 1 [name Uchida Kotori] choose (5,0) move to (4 0)
    Send to player 0 [name: Kotori?] infomation : (1 5 0 4 0)
    Send to player 1 [name: Uchida Kotori] infomation : (1 3 6 4 6)
Step 35:
    Send to player 0 [name: Kotori?] a signal: ACTION
    Receive message form player 0 [name: Kotori?]: 2 6 U
    Transform message form [number: 0] [name: Kotori?]: 2 6 U
    Correct move!
    Player 0 [name Kotori?] choose (2,6) move to (3 6)
    Send to player 0 [name: Kotori?] infomation : (0 2 6 3 6)
    Send to player 1 [name: Uchida Kotori] infomation : (0 6 0 5 0)
Step 36:
    Send to player 1 [name: Uchida Kotori] a signal: ACTION
    Receive message form player 1 [name: Uchida Kotori]: 4 6 U
    Transform message form [number: 1] [name: Uchida Kotori]: 4 0 D
    Correct move!
    Player 1 [name Uchida Kotori] choose (4,0) move to (3 0)
    Send to player 0 [name: Kotori?] infomation : (1 4 0 3 0)
    Send to player 1 [name: Uchida Kotori] infomation : (1 4 6 5 6)
Step 37:
    Send to player 0 [name: Kotori?] a signal: ACTION
    Receive message form player 0 [name: Kotori?]: 3 6 D
    Transform message form [number: 0] [name: Kotori?]: 3 6 D
    Correct move!
    Player 0 [name Kotori?] choose (3,6) move to (2 6)
    Send to player 0 [name: Kotori?] infomation : (0 3 6 2 6)
    Send to player 1 [name: Uchida Kotori] infomation : (0 5 0 6 0)
Step 38:
    Send to player 1 [name: Uchida Kotori] a signal: ACTION
    Receive message form player 1 [name: Uchida Kotori]: 5 3 U
    Transform message form [number: 1] [name: Uchida Kotori]: 3 3 D
    Correct move!
    Player 1 [name Uchida Kotori] choose (3,3) move to (2 3)
    Send to player 0 [name: Kotori?] infomation : (1 3 3 2 3)
    Send to player 1 [name: Uchida Kotori] infomation : (1 5 3 6 3)
Step 39:
    Send to player 0 [name: Kotori?] a signal: ACTION
    Receive message form player 0 [name: Kotori?]: 0 0 U
    Transform message form [number: 0] [name: Kotori?]: 0 0 U
    Correct move!
    Player 0 [name Kotori?] choose (0,0) move to (1 0)
    Send to player 0 [name: Kotori?] infomation : (0 0 0 1 0)
    Send to player 1 [name: Uchida Kotori] infomation : (0 8 6 7 6)
Step 40:
    Send to player 1 [name: Uchida Kotori] a signal: ACTION
    Receive message form player 1 [name: Uchida Kotori]: 5 6 U
    Transform message form [number: 1] [name: Uchida Kotori]: 3 0 D
    Correct move!
    Player 1 [name Uchida Kotori] choose (3,0) move to (2 0)
    Send to player 0 [name: Kotori?] infomation : (1 3 0 2 0)
    Send to player 1 [name: Uchida Kotori] infomation : (1 5 6 6 6)
Step 41:
    Send to player 0 [name: Kotori?] a signal: ACTION
    Receive message form player 0 [name: Kotori?]: 1 0 D
    Transform message form [number: 0] [name: Kotori?]: 1 0 D
    Correct move!
    Player 0 [name Kotori?] choose (1,0) move to (0 0)
    Send to player 0 [name: Kotori?] infomation : (0 1 0 0 0)
    Send to player 1 [name: Uchida Kotori] infomation : (0 7 6 8 6)
Step 42:
    Send to player 1 [name: Uchida Kotori] a signal: ACTION
    Receive message form player 1 [name: Uchida Kotori]: 6 3 U
    Transform message form [number: 1] [name: Uchida Kotori]: 2 3 D
    Correct move!
    Player 1 [name Uchida Kotori] choose (2,3) move to (1 3)
    Send to player 0 [name: Kotori?] infomation : (1 2 3 1 3)
    Send to player 1 [name: Uchida Kotori] infomation : (1 6 3 7 3)
Step 43:
    Send to player 0 [name: Kotori?] a signal: ACTION
    Receive message form player 0 [name: Kotori?]: 1 1 L
    Transform message form [number: 0] [name: Kotori?]: 1 1 L
    Correct move!
    Player 0 [name Kotori?] choose (1,1) move to (1 0)
    Send to player 0 [name: Kotori?] infomation : (0 1 1 1 0)
    Send to player 1 [name: Uchida Kotori] infomation : (0 7 5 7 6)
Step 44:
    Send to player 1 [name: Uchida Kotori] a signal: ACTION
    Receive message form player 1 [name: Uchida Kotori]: 1 6 U
    Transform message form [number: 1] [name: Uchida Kotori]: 7 0 D
    Correct move!
    Player 1 [name Uchida Kotori] choose (7,0) move to (6 0)
    Send to player 0 [name: Kotori?] infomation : (1 7 0 6 0)
    Send to player 1 [name: Uchida Kotori] infomation : (1 1 6 2 6)
Step 45:
    Send to player 0 [name: Kotori?] a signal: ACTION
    Receive message form player 0 [name: Kotori?]: 2 6 U
    Transform message form [number: 0] [name: Kotori?]: 2 6 U
    Correct move!
    Player 0 [name Kotori?] choose (2,6) move to (3 6)
    Send to player 0 [name: Kotori?] infomation : (0 2 6 3 6)
    Send to player 1 [name: Uchida Kotori] infomation : (0 6 0 5 0)
Step 46:
    Send to player 1 [name: Uchida Kotori] a signal: ACTION
    Receive message form player 1 [name: Uchida Kotori]: 2 6 U
    Transform message form [number: 1] [name: Uchida Kotori]: 6 0 D
    Correct move!
    Player 1 [name Uchida Kotori] choose (6,0) move to (5 0)
    Send to player 0 [name: Kotori?] infomation : (1 6 0 5 0)
    Send to player 1 [name: Uchida Kotori] infomation : (1 2 6 3 6)
Step 47:
    Send to player 0 [name: Kotori?] a signal: ACTION
    Receive message form player 0 [name: Kotori?]: 1 0 U
    Transform message form [number: 0] [name: Kotori?]: 1 0 U
    Correct move!
    Player 0 [name Kotori?] choose (1,0) move to (2 0)
    Send to player 0 [name: Kotori?] infomation : (0 1 0 2 0)
    Send to player 1 [name: Uchida Kotori] infomation : (0 7 6 6 6)
Step 48:
    Send to player 1 [name: Uchida Kotori] a signal: ACTION
    Receive message form player 1 [name: Uchida Kotori]: 2 0 U
    Transform message form [number: 1] [name: Uchida Kotori]: 6 6 D
    Correct move!
    Player 1 [name Uchida Kotori] choose (6,6) move to (5 6)
    Send to player 0 [name: Kotori?] infomation : (1 6 6 5 6)
    Send to player 1 [name: Uchida Kotori] infomation : (1 2 0 3 0)
Step 49:
    Send to player 0 [name: Kotori?] a signal: ACTION
    Receive message form player 0 [name: Kotori?]: 3 6 D
    Transform message form [number: 0] [name: Kotori?]: 3 6 D
    Correct move!
    Player 0 [name Kotori?] choose (3,6) move to (2 6)
    Send to player 0 [name: Kotori?] infomation : (0 3 6 2 6)
    Send to player 1 [name: Uchida Kotori] infomation : (0 5 0 6 0)
Step 50:
    Send to player 1 [name: Uchida Kotori] a signal: ACTION
    Receive message form player 1 [name: Uchida Kotori]: 3 0 U
    Transform message form [number: 1] [name: Uchida Kotori]: 5 6 D
    Correct move!
    Player 1 [name Uchida Kotori] choose (5,6) move to (4 6)
    Send to player 0 [name: Kotori?] infomation : (1 5 6 4 6)
    Send to player 1 [name: Uchida Kotori] infomation : (1 3 0 4 0)
Step 51:
    Send to player 0 [name: Kotori?] a signal: ACTION
    Receive message form player 0 [name: Kotori?]: 2 6 L
    Transform message form [number: 0] [name: Kotori?]: 2 6 L
    Correct move!
    Player 0 [name Kotori?] choose (2,6) move to (2 5)
    Send to player 0 [name: Kotori?] infomation : (0 2 6 2 5)
    Send to player 1 [name: Uchida Kotori] infomation : (0 6 0 6 1)
Step 52:
    Send to player 1 [name: Uchida Kotori] a signal: ACTION
    Receive message form player 1 [name: Uchida Kotori]: 4 0 U
    Transform message form [number: 1] [name: Uchida Kotori]: 4 6 D
    Correct move!
    Player 1 [name Uchida Kotori] choose (4,6) move to (3 6)
    Send to player 0 [name: Kotori?] infomation : (1 4 6 3 6)
    Send to player 1 [name: Uchida Kotori] infomation : (1 4 0 5 0)
Step 53:
    Send to player 0 [name: Kotori?] a signal: ACTION
    Receive message form player 0 [name: Kotori?]: 2 5 R
    Transform message form [number: 0] [name: Kotori?]: 2 5 R
    Correct move!
    Player 0 [name Kotori?] choose (2,5) move to (2 6)
    Send to player 0 [name: Kotori?] infomation : (0 2 5 2 6)
    Send to player 1 [name: Uchida Kotori] infomation : (0 6 1 6 0)
Step 54:
    Send to player 1 [name: Uchida Kotori] a signal: ACTION
    Receive message form player 1 [name: Uchida Kotori]: 5 0 D
    Transform message form [number: 1] [name: Uchida Kotori]: 3 6 U
    Correct move!
    Player 1 [name Uchida Kotori] choose (3,6) move to (4 6)
    Send to player 0 [name: Kotori?] infomation : (1 3 6 4 6)
    Send to player 1 [name: Uchida Kotori] infomation : (1 5 0 4 0)
Step 55:
    Send to player 0 [name: Kotori?] a signal: ACTION
    Receive message form player 0 [name: Kotori?]: 2 6 L
    Transform message form [number: 0] [name: Kotori?]: 2 6 L
    Correct move!
    Player 0 [name Kotori?] choose (2,6) move to (2 5)
    Send to player 0 [name: Kotori?] infomation : (0 2 6 2 5)
    Send to player 1 [name: Uchida Kotori] infomation : (0 6 0 6 1)
Step 56:
    Send to player 1 [name: Uchida Kotori] a signal: ACTION
    Receive message form player 1 [name: Uchida Kotori]: 4 0 U
    Transform message form [number: 1] [name: Uchida Kotori]: 4 6 D
    Correct move!
    Player 1 [name Uchida Kotori] choose (4,6) move to (3 6)
    Send to player 0 [name: Kotori?] infomation : (1 4 6 3 6)
    Send to player 1 [name: Uchida Kotori] infomation : (1 4 0 5 0)
Step 57:
    Send to player 0 [name: Kotori?] a signal: ACTION
    Receive message form player 0 [name: Kotori?]: 2 5 R
    Transform message form [number: 0] [name: Kotori?]: 2 5 R
    Correct move!
    Player 0 [name Kotori?] choose (2,5) move to (2 6)
    Send to player 0 [name: Kotori?] infomation : (0 2 5 2 6)
    Send to player 1 [name: Uchida Kotori] infomation : (0 6 1 6 0)
Step 58:
    Send to player 1 [name: Uchida Kotori] a signal: ACTION
    Receive message form player 1 [name: Uchida Kotori]: 5 0 D
    Transform message form [number: 1] [name: Uchida Kotori]: 3 6 U
    Correct move!
    Player 1 [name Uchida Kotori] choose (3,6) move to (4 6)
    Send to player 0 [name: Kotori?] infomation : (1 3 6 4 6)
    Send to player 1 [name: Uchida Kotori] infomation : (1 5 0 4 0)
Step 59:
    Send to player 0 [name: Kotori?] a signal: ACTION
    Receive message form player 0 [name: Kotori?]: 2 6 L
    Transform message form [number: 0] [name: Kotori?]: 2 6 L
    Correct move!
    Player 0 [name Kotori?] choose (2,6) move to (2 5)
    Send to player 0 [name: Kotori?] infomation : (0 2 6 2 5)
    Send to player 1 [name: Uchida Kotori] infomation : (0 6 0 6 1)
Step 60:
    Send to player 1 [name: Uchida Kotori] a signal: ACTION
    Receive message form player 1 [name: Uchida Kotori]: 4 0 U
    Transform message form [number: 1] [name: Uchida Kotori]: 4 6 D
    Correct move!
    Player 1 [name Uchida Kotori] choose (4,6) move to (3 6)
    Send to player 0 [name: Kotori?] infomation : (1 4 6 3 6)
    Send to player 1 [name: Uchida Kotori] infomation : (1 4 0 5 0)
Step 61:
    Send to player 0 [name: Kotori?] a signal: ACTION
    Receive message form player 0 [name: Kotori?]: 2 5 R
    Transform message form [number: 0] [name: Kotori?]: 2 5 R
    Correct move!
    Player 0 [name Kotori?] choose (2,5) move to (2 6)
    Send to player 0 [name: Kotori?] infomation : (0 2 5 2 6)
    Send to player 1 [name: Uchida Kotori] infomation : (0 6 1 6 0)
Step 62:
    Send to player 1 [name: Uchida Kotori] a signal: ACTION
    Receive message form player 1 [name: Uchida Kotori]: 5 0 D
    Transform message form [number: 1] [name: Uchida Kotori]: 3 6 U
    Correct move!
    Player 1 [name Uchida Kotori] choose (3,6) move to (4 6)
    Send to player 0 [name: Kotori?] infomation : (1 3 6 4 6)
    Send to player 1 [name: Uchida Kotori] infomation : (1 5 0 4 0)
Step 63:
    Send to player 0 [name: Kotori?] a signal: ACTION
    Receive message form player 0 [name: Kotori?]: 0 1 U
    Transform message form [number: 0] [name: Kotori?]: 0 1 U
    Correct move!
    Player 0 [name Kotori?] choose (0,1) move to (1 1)
    Send to player 0 [name: Kotori?] infomation : (0 0 1 1 1)
    Send to player 1 [name: Uchida Kotori] infomation : (0 8 5 7 5)
Step 64:
    Send to player 1 [name: Uchida Kotori] a signal: ACTION
    Receive message form player 1 [name: Uchida Kotori]: 3 3 U
    Transform message form [number: 1] [name: Uchida Kotori]: 5 3 D
    Correct move!
    Player 1 [name Uchida Kotori] choose (5,3) move to (4 3)
    Send to player 0 [name: Kotori?] infomation : (1 5 3 4 3)
    Send to player 1 [name: Uchida Kotori] infomation : (1 3 3 4 3)
Step 65:
    Send to player 0 [name: Kotori?] a signal: ACTION
    Receive message form player 0 [name: Kotori?]: 0 2 L
    Transform message form [number: 0] [name: Kotori?]: 0 2 L
    Correct move!
    Player 0 [name Kotori?] choose (0,2) move to (0 1)
    Send to player 0 [name: Kotori?] infomation : (0 0 2 0 1)
    Send to player 1 [name: Uchida Kotori] infomation : (0 8 4 8 5)
Step 66:
    Send to player 1 [name: Uchida Kotori] a signal: ACTION
    Receive message form player 1 [name: Uchida Kotori]: 7 3 U
    Transform message form [number: 1] [name: Uchida Kotori]: 1 3 D
    Correct move!
    Player 1 [name Uchida Kotori] choose (1,3) move to (0 3)
    Send to player 0 [name: Kotori?] infomation : (1 1 3 0 3)
    Send to player 1 [name: Uchida Kotori] infomation : (1 7 3 8 3)
    The Player 1 (name Uchida Kotori) win the game
Closing connections:
    Player 0 [name: Kotori?] connection closed succueefully
    Player 1 [name: Uchida Kotori] connection closed succueefully
Total Steps: 66
End!
