Initialization:
    Waiting to connect ...
    AI0: AntiZeroAI from 127.0.0.1 connected
    AI1: mamisan from 127.0.0.1 connected
    mamisan is the first player
    AntiZeroAI is the second player
Step 1:
    Send to player 1 [name: mamisan] a signal: ACTION
    Receive message form player 1 [name: mamisan]: 2 2 R
    Transform message form [number: 1] [name: mamisan]: 6 4 L
    Correct move!
    Player 1 [name mamisan] choose (6,4) move to (6 3)
    Send to player 0 [name: AntiZeroAI] infomation : (1 6 4 6 3)
    Send to player 1 [name: mamisan] infomation : (1 2 2 2 3)
Step 2:
    Send to player 0 [name: AntiZeroAI] a signal: ACTION
    Receive message form player 0 [name: AntiZeroAI]: 2 2 D
    Transform message form [number: 0] [name: AntiZeroAI]: 2 2 D
    Correct move!
    Player 0 [name AntiZeroAI] choose (2,2) move to (1 2)
    Send to player 0 [name: AntiZeroAI] infomation : (0 2 2 1 2)
    Send to player 1 [name: mamisan] infomation : (0 6 4 7 4)
Step 3:
    Send to player 1 [name: mamisan] a signal: ACTION
    Receive message form player 1 [name: mamisan]: 2 3 U
    Transform message form [number: 1] [name: mamisan]: 6 3 D
    Correct move!
    Player 1 [name mamisan] choose (6,3) move to (5 3)
    Send to player 0 [name: AntiZeroAI] infomation : (1 6 3 5 3)
    Send to player 1 [name: mamisan] infomation : (1 2 3 3 3)
Step 4:
    Send to player 0 [name: AntiZeroAI] a signal: ACTION
    Receive message form player 0 [name: AntiZeroAI]: 2 0 R
    Transform message form [number: 0] [name: AntiZeroAI]: 2 0 R
    Correct move!
    Player 0 [name AntiZeroAI] choose (2,0) move to (2 1)
    Send to player 0 [name: AntiZeroAI] infomation : (0 2 0 2 1)
    Send to player 1 [name: mamisan] infomation : (0 6 6 6 5)
Step 5:
    Send to player 1 [name: mamisan] a signal: ACTION
    Receive message form player 1 [name: mamisan]: 3 3 U
    Transform message form [number: 1] [name: mamisan]: 5 3 D
    Correct move!
    Player 1 [name mamisan] choose (5,3) move to (4 3)
    Send to player 0 [name: AntiZeroAI] infomation : (1 5 3 4 3)
    Send to player 1 [name: mamisan] infomation : (1 3 3 4 3)
Step 6:
    Send to player 0 [name: AntiZeroAI] a signal: ACTION
    Receive message form player 0 [name: AntiZeroAI]: 2 1 R
    Transform message form [number: 0] [name: AntiZeroAI]: 2 1 R
    Correct move!
    Player 0 [name AntiZeroAI] choose (2,1) move to (2 2)
    Send to player 0 [name: AntiZeroAI] infomation : (0 2 1 2 2)
    Send to player 1 [name: mamisan] infomation : (0 6 5 6 4)
Step 7:
    Send to player 1 [name: mamisan] a signal: ACTION
    Receive message form player 1 [name: mamisan]: 4 3 U
    Transform message form [number: 1] [name: mamisan]: 4 3 D
    Correct move!
    Player 1 [name mamisan] choose (4,3) move to (3 3)
    Send to player 0 [name: AntiZeroAI] infomation : (1 4 3 3 3)
    Send to player 1 [name: mamisan] infomation : (1 4 3 5 3)
Step 8:
    Send to player 0 [name: AntiZeroAI] a signal: ACTION
    Receive message form player 0 [name: AntiZeroAI]: 2 2 R
    Transform message form [number: 0] [name: AntiZeroAI]: 2 2 R
    Correct move!
    Player 0 [name AntiZeroAI] choose (2,2) move to (2 3)
    Send to player 0 [name: AntiZeroAI] infomation : (0 2 2 2 3)
    Send to player 1 [name: mamisan] infomation : (0 6 4 6 3)
Step 9:
    Send to player 1 [name: mamisan] a signal: ACTION
    Receive message form player 1 [name: mamisan]: 0 0 R
    Transform message form [number: 1] [name: mamisan]: 8 6 L
    Correct move!
    Player 1 [name mamisan] choose (8,6) move to (8 5)
    Send to player 0 [name: AntiZeroAI] infomation : (1 8 6 8 5)
    Send to player 1 [name: mamisan] infomation : (1 0 0 0 1)
Step 10:
    Send to player 0 [name: AntiZeroAI] a signal: ACTION
    Receive message form player 0 [name: AntiZeroAI]: 2 3 U
    Transform message form [number: 0] [name: AntiZeroAI]: 2 3 U
    Correct move!
    Player 0 [name AntiZeroAI] choose (2,3) move to (3 3)
    Send to player 0 [name: AntiZeroAI] infomation : (0 2 3 3 3)
    Send to player 1 [name: mamisan] infomation : (0 6 3 5 3)
Step 11:
    Send to player 1 [name: mamisan] a signal: ACTION
    Receive message form player 1 [name: mamisan]: 0 1 R
    Transform message form [number: 1] [name: mamisan]: 8 5 L
    Correct move!
    Player 1 [name mamisan] choose (8,5) move to (8 4)
    Send to player 0 [name: AntiZeroAI] infomation : (1 8 5 8 4)
    Send to player 1 [name: mamisan] infomation : (1 0 1 0 2)
Step 12:
    Send to player 0 [name: AntiZeroAI] a signal: ACTION
    Receive message form player 0 [name: AntiZeroAI]: 3 3 U
    Transform message form [number: 0] [name: AntiZeroAI]: 3 3 U
    Correct move!
    Player 0 [name AntiZeroAI] choose (3,3) move to (4 3)
    Send to player 0 [name: AntiZeroAI] infomation : (0 3 3 4 3)
    Send to player 1 [name: mamisan] infomation : (0 5 3 4 3)
Step 13:
    Send to player 1 [name: mamisan] a signal: ACTION
    Receive message form player 1 [name: mamisan]: 0 2 U
    Transform message form [number: 1] [name: mamisan]: 8 4 D
    Correct move!
    Player 1 [name mamisan] choose (8,4) move to (7 4)
    Send to player 0 [name: AntiZeroAI] infomation : (1 8 4 7 4)
    Send to player 1 [name: mamisan] infomation : (1 0 2 1 2)
Step 14:
    Send to player 0 [name: AntiZeroAI] a signal: ACTION
    Receive message form player 0 [name: AntiZeroAI]: 4 3 U
    Transform message form [number: 0] [name: AntiZeroAI]: 4 3 U
    Correct move!
    Player 0 [name AntiZeroAI] choose (4,3) move to (5 3)
    Send to player 0 [name: AntiZeroAI] infomation : (0 4 3 5 3)
    Send to player 1 [name: mamisan] infomation : (0 4 3 3 3)
Step 15:
    Send to player 1 [name: mamisan] a signal: ACTION
    Receive message form player 1 [name: mamisan]: 1 2 U
    Transform message form [number: 1] [name: mamisan]: 7 4 D
    Correct move!
    Player 1 [name mamisan] choose (7,4) move to (6 4)
    Send to player 0 [name: AntiZeroAI] infomation : (1 7 4 6 4)
    Send to player 1 [name: mamisan] infomation : (1 1 2 2 2)
Step 16:
    Send to player 0 [name: AntiZeroAI] a signal: ACTION
    Receive message form player 0 [name: AntiZeroAI]: 5 3 U
    Transform message form [number: 0] [name: AntiZeroAI]: 5 3 U
    Correct move!
    Player 0 [name AntiZeroAI] choose (5,3) move to (6 3)
    Send to player 0 [name: AntiZeroAI] infomation : (0 5 3 6 3)
    Send to player 1 [name: mamisan] infomation : (0 3 3 2 3)
Step 17:
    Send to player 1 [name: mamisan] a signal: ACTION
    Receive message form player 1 [name: mamisan]: 2 2 U
    Transform message form [number: 1] [name: mamisan]: 6 4 D
    Correct move!
    Player 1 [name mamisan] choose (6,4) move to (2 4)
    Send to player 0 [name: AntiZeroAI] infomation : (1 6 4 2 4)
    Send to player 1 [name: mamisan] infomation : (1 2 2 6 2)
Step 18:
    Send to player 0 [name: AntiZeroAI] a signal: ACTION
    Receive message form player 0 [name: AntiZeroAI]: 6 3 R
    Transform message form [number: 0] [name: AntiZeroAI]: 6 3 R
    Correct move!
    Player 0 [name AntiZeroAI] choose (6,3) move to (6 4)
    Send to player 0 [name: AntiZeroAI] infomation : (0 6 3 6 4)
    Send to player 1 [name: mamisan] infomation : (0 2 3 2 2)
Step 19:
    Send to player 1 [name: mamisan] a signal: ACTION
    Receive message form player 1 [name: mamisan]: 6 2 R
    Transform message form [number: 1] [name: mamisan]: 2 4 L
    Correct move!
    Player 1 [name mamisan] choose (2,4) move to (2 3)
    Send to player 0 [name: AntiZeroAI] infomation : (1 2 4 2 3)
    Send to player 1 [name: mamisan] infomation : (1 6 2 6 3)
Step 20:
    Send to player 0 [name: AntiZeroAI] a signal: ACTION
    Receive message form player 0 [name: AntiZeroAI]: 6 4 U
    Transform message form [number: 0] [name: AntiZeroAI]: 6 4 U
    Correct move!
    Player 0 [name AntiZeroAI] choose (6,4) move to (7 4)
    Send to player 0 [name: AntiZeroAI] infomation : (0 6 4 7 4)
    Send to player 1 [name: mamisan] infomation : (0 2 2 1 2)
Step 21:
    Send to player 1 [name: mamisan] a signal: ACTION
    Receive message form player 1 [name: mamisan]: 6 3 U
    Transform message form [number: 1] [name: mamisan]: 2 3 D
    Correct move!
    Player 1 [name mamisan] choose (2,3) move to (1 3)
    Send to player 0 [name: AntiZeroAI] infomation : (1 2 3 1 3)
    Send to player 1 [name: mamisan] infomation : (1 6 3 7 3)
Step 22:
    Send to player 0 [name: AntiZeroAI] a signal: ACTION
    Receive message form player 0 [name: AntiZeroAI]: 7 4 R
    Transform message form [number: 0] [name: AntiZeroAI]: 7 4 R
    Correct move!
    Player 0 [name AntiZeroAI] choose (7,4) move to (7 5)
    Send to player 0 [name: AntiZeroAI] infomation : (0 7 4 7 5)
    Send to player 1 [name: mamisan] infomation : (0 1 2 1 1)
Step 23:
    Send to player 1 [name: mamisan] a signal: ACTION
    Receive message form player 1 [name: mamisan]: 7 3 U
    Transform message form [number: 1] [name: mamisan]: 1 3 D
    Correct move!
    Player 1 [name mamisan] choose (1,3) move to (0 3)
    Send to player 0 [name: AntiZeroAI] infomation : (1 1 3 0 3)
    Send to player 1 [name: mamisan] infomation : (1 7 3 8 3)
    The Player 1 (name mamisan) win the game
Closing connections:
    Player 0 [name: AntiZeroAI] connection closed succueefully
    Player 1 [name: mamisan] connection closed succueefully
Total Steps: 23
End!
