Initialization:
    Waiting to connect ...
    AI0: AntiZeroAI from 127.0.0.1 connected
    AI1: BreakVoid from 127.0.0.1 connected
    BreakVoid is the first player
    AntiZeroAI is the second player
Step 1:
    Send to player 1 [name: BreakVoid] a signal: ACTION
    Receive message form player 1 [name: BreakVoid]: 2 0 R
    Transform message form [number: 1] [name: BreakVoid]: 6 6 L
    Correct move!
    Player 1 [name BreakVoid] choose (6,6) move to (6 5)
    Send to player 0 [name: AntiZeroAI] infomation : (1 6 6 6 5)
    Send to player 1 [name: BreakVoid] infomation : (1 2 0 2 1)
Step 2:
    Send to player 0 [name: AntiZeroAI] a signal: ACTION
    Receive message form player 0 [name: AntiZeroAI]: 2 2 D
    Transform message form [number: 0] [name: AntiZeroAI]: 2 2 D
    Correct move!
    Player 0 [name AntiZeroAI] choose (2,2) move to (1 2)
    Send to player 0 [name: AntiZeroAI] infomation : (0 2 2 1 2)
    Send to player 1 [name: BreakVoid] infomation : (0 6 4 7 4)
Step 3:
    Send to player 1 [name: BreakVoid] a signal: ACTION
    Receive message form player 1 [name: BreakVoid]: 2 2 R
    Transform message form [number: 1] [name: BreakVoid]: 6 4 L
    Correct move!
    Player 1 [name BreakVoid] choose (6,4) move to (6 3)
    Send to player 0 [name: AntiZeroAI] infomation : (1 6 4 6 3)
    Send to player 1 [name: BreakVoid] infomation : (1 2 2 2 3)
Step 4:
    Send to player 0 [name: AntiZeroAI] a signal: ACTION
    Receive message form player 0 [name: AntiZeroAI]: 2 0 R
    Transform message form [number: 0] [name: AntiZeroAI]: 2 0 R
    Correct move!
    Player 0 [name AntiZeroAI] choose (2,0) move to (2 1)
    Send to player 0 [name: AntiZeroAI] infomation : (0 2 0 2 1)
    Send to player 1 [name: BreakVoid] infomation : (0 6 6 6 5)
Step 5:
    Send to player 1 [name: BreakVoid] a signal: ACTION
    Receive message form player 1 [name: BreakVoid]: 2 3 U
    Transform message form [number: 1] [name: BreakVoid]: 6 3 D
    Correct move!
    Player 1 [name BreakVoid] choose (6,3) move to (5 3)
    Send to player 0 [name: AntiZeroAI] infomation : (1 6 3 5 3)
    Send to player 1 [name: BreakVoid] infomation : (1 2 3 3 3)
Step 6:
    Send to player 0 [name: AntiZeroAI] a signal: ACTION
    Receive message form player 0 [name: AntiZeroAI]: 2 1 R
    Transform message form [number: 0] [name: AntiZeroAI]: 2 1 R
    Correct move!
    Player 0 [name AntiZeroAI] choose (2,1) move to (2 2)
    Send to player 0 [name: AntiZeroAI] infomation : (0 2 1 2 2)
    Send to player 1 [name: BreakVoid] infomation : (0 6 5 6 4)
Step 7:
    Send to player 1 [name: BreakVoid] a signal: ACTION
    Receive message form player 1 [name: BreakVoid]: 2 1 R
    Transform message form [number: 1] [name: BreakVoid]: 6 5 L
    Correct move!
    Player 1 [name BreakVoid] choose (6,5) move to (6 4)
    Send to player 0 [name: AntiZeroAI] infomation : (1 6 5 6 4)
    Send to player 1 [name: BreakVoid] infomation : (1 2 1 2 2)
Step 8:
    Send to player 0 [name: AntiZeroAI] a signal: ACTION
    Receive message form player 0 [name: AntiZeroAI]: 2 2 R
    Transform message form [number: 0] [name: AntiZeroAI]: 2 2 R
    Correct move!
    Player 0 [name AntiZeroAI] choose (2,2) move to (2 3)
    Send to player 0 [name: AntiZeroAI] infomation : (0 2 2 2 3)
    Send to player 1 [name: BreakVoid] infomation : (0 6 4 6 3)
Step 9:
    Send to player 1 [name: BreakVoid] a signal: ACTION
    Receive message form player 1 [name: BreakVoid]: 2 2 R
    Transform message form [number: 1] [name: BreakVoid]: 6 4 L
    Correct move!
    Player 1 [name BreakVoid] choose (6,4) move to (6 3)
    Send to player 0 [name: AntiZeroAI] infomation : (1 6 4 6 3)
    Send to player 1 [name: BreakVoid] infomation : (1 2 2 2 3)
Step 10:
    Send to player 0 [name: AntiZeroAI] a signal: ACTION
    Receive message form player 0 [name: AntiZeroAI]: 2 3 U
    Transform message form [number: 0] [name: AntiZeroAI]: 2 3 U
    Correct move!
    Player 0 [name AntiZeroAI] choose (2,3) move to (3 3)
    Send to player 0 [name: AntiZeroAI] infomation : (0 2 3 3 3)
    Send to player 1 [name: BreakVoid] infomation : (0 6 3 5 3)
Step 11:
    Send to player 1 [name: BreakVoid] a signal: ACTION
    Receive message form player 1 [name: BreakVoid]: 2 3 D
    Transform message form [number: 1] [name: BreakVoid]: 6 3 U
    Correct move!
    Player 1 [name BreakVoid] choose (6,3) move to (7 3)
    Send to player 0 [name: AntiZeroAI] infomation : (1 6 3 7 3)
    Send to player 1 [name: BreakVoid] infomation : (1 2 3 1 3)
Step 12:
    Send to player 0 [name: AntiZeroAI] a signal: ACTION
    Receive message form player 0 [name: AntiZeroAI]: 3 3 U
    Transform message form [number: 0] [name: AntiZeroAI]: 3 3 U
    Correct move!
    Player 0 [name AntiZeroAI] choose (3,3) move to (4 3)
    Send to player 0 [name: AntiZeroAI] infomation : (0 3 3 4 3)
    Send to player 1 [name: BreakVoid] infomation : (0 5 3 4 3)
Step 13:
    Send to player 1 [name: BreakVoid] a signal: ACTION
    Receive message form player 1 [name: BreakVoid]: 2 6 U
    Transform message form [number: 1] [name: BreakVoid]: 6 0 D
    Correct move!
    Player 1 [name BreakVoid] choose (6,0) move to (5 0)
    Send to player 0 [name: AntiZeroAI] infomation : (1 6 0 5 0)
    Send to player 1 [name: BreakVoid] infomation : (1 2 6 3 6)
Step 14:
    Send to player 0 [name: AntiZeroAI] a signal: ACTION
    Receive message form player 0 [name: AntiZeroAI]: 4 3 U
    Transform message form [number: 0] [name: AntiZeroAI]: 4 3 U
    Correct move!
    Player 0 [name AntiZeroAI] choose (4,3) move to (5 3)
    Send to player 0 [name: AntiZeroAI] infomation : (0 4 3 5 3)
    Send to player 1 [name: BreakVoid] infomation : (0 4 3 3 3)
Step 15:
    Send to player 1 [name: BreakVoid] a signal: ACTION
    Receive message form player 1 [name: BreakVoid]: 3 6 L
    Transform message form [number: 1] [name: BreakVoid]: 5 0 R
    Correct move!
    Player 1 [name BreakVoid] choose (5,0) move to (5 1)
    Send to player 0 [name: AntiZeroAI] infomation : (1 5 0 5 1)
    Send to player 1 [name: BreakVoid] infomation : (1 3 6 3 5)
Step 16:
    Send to player 0 [name: AntiZeroAI] a signal: ACTION
    Receive message form player 0 [name: AntiZeroAI]: 5 3 U
    Transform message form [number: 0] [name: AntiZeroAI]: 5 3 U
    Correct move!
    Player 0 [name AntiZeroAI] choose (5,3) move to (6 3)
    Send to player 0 [name: AntiZeroAI] infomation : (0 5 3 6 3)
    Send to player 1 [name: BreakVoid] infomation : (0 3 3 2 3)
Step 17:
    Send to player 1 [name: BreakVoid] a signal: ACTION
    Receive message form player 1 [name: BreakVoid]: 1 1 R
    Transform message form [number: 1] [name: BreakVoid]: 7 5 L
    Correct move!
    Player 1 [name BreakVoid] choose (7,5) move to (7 4)
    Send to player 0 [name: AntiZeroAI] infomation : (1 7 5 7 4)
    Send to player 1 [name: BreakVoid] infomation : (1 1 1 1 2)
Step 18:
    Send to player 0 [name: AntiZeroAI] a signal: ACTION
    Receive message form player 0 [name: AntiZeroAI]: 6 3 R
    Transform message form [number: 0] [name: AntiZeroAI]: 6 3 R
    Correct move!
    Player 0 [name AntiZeroAI] choose (6,3) move to (6 4)
    Send to player 0 [name: AntiZeroAI] infomation : (0 6 3 6 4)
    Send to player 1 [name: BreakVoid] infomation : (0 2 3 2 2)
Step 19:
    Send to player 1 [name: BreakVoid] a signal: ACTION
    Receive message form player 1 [name: BreakVoid]: 1 5 L
    Transform message form [number: 1] [name: BreakVoid]: 7 1 R
    Correct move!
    Player 1 [name BreakVoid] choose (7,1) move to (7 2)
    Send to player 0 [name: AntiZeroAI] infomation : (1 7 1 7 2)
    Send to player 1 [name: BreakVoid] infomation : (1 1 5 1 4)
Step 20:
    Send to player 0 [name: AntiZeroAI] a signal: ACTION
    Receive message form player 0 [name: AntiZeroAI]: 6 4 U
    Transform message form [number: 0] [name: AntiZeroAI]: 6 4 U
    Correct move!
    Player 0 [name AntiZeroAI] choose (6,4) move to (7 4)
    Send to player 0 [name: AntiZeroAI] infomation : (0 6 4 7 4)
    Send to player 1 [name: BreakVoid] infomation : (0 2 2 1 2)
Step 21:
    Send to player 1 [name: BreakVoid] a signal: ACTION
    Receive message form player 1 [name: BreakVoid]: 1 3 L
    Transform message form [number: 1] [name: BreakVoid]: 7 3 R
    Correct move!
    Player 1 [name BreakVoid] choose (7,3) move to (7 4)
    Send to player 0 [name: AntiZeroAI] infomation : (1 7 3 7 4)
    Send to player 1 [name: BreakVoid] infomation : (1 1 3 1 2)
Step 22:
    Send to player 0 [name: AntiZeroAI] a signal: ACTION
    Receive message form player 0 [name: AntiZeroAI]: 7 4 R
    Transform message form [number: 0] [name: AntiZeroAI]: 7 4 R
    try to use uncorrect role
    Invalid chess piece: ['7', '4', 'R']
    The limit of invalid action of player 0 (name AntiZeroAI) is 2
Step 23:
    Send to player 1 [name: BreakVoid] a signal: ACTION
    Receive message form player 1 [name: BreakVoid]: 3 5 D
    Transform message form [number: 1] [name: BreakVoid]: 5 1 U
    Correct move!
    Player 1 [name BreakVoid] choose (5,1) move to (6 1)
    Send to player 0 [name: AntiZeroAI] infomation : (1 5 1 6 1)
    Send to player 1 [name: BreakVoid] infomation : (1 3 5 2 5)
Step 24:
    Send to player 0 [name: AntiZeroAI] a signal: ACTION
    Receive message form player 0 [name: AntiZeroAI]: 7 5 U
    Transform message form [number: 0] [name: AntiZeroAI]: 7 5 U
    try to use uncorrect role
    Invalid chess piece: ['7', '5', 'U']
    The limit of invalid action of player 0 (name AntiZeroAI) is 1
Step 25:
    Send to player 1 [name: BreakVoid] a signal: ACTION
    Receive message form player 1 [name: BreakVoid]: 0 0 R
    Transform message form [number: 1] [name: BreakVoid]: 8 6 L
    Correct move!
    Player 1 [name BreakVoid] choose (8,6) move to (8 5)
    Send to player 0 [name: AntiZeroAI] infomation : (1 8 6 8 5)
    Send to player 1 [name: BreakVoid] infomation : (1 0 0 0 1)
Step 26:
    Send to player 0 [name: AntiZeroAI] a signal: ACTION
    Receive message form player 0 [name: AntiZeroAI]: 8 5 L
    Transform message form [number: 0] [name: AntiZeroAI]: 8 5 L
    try to use uncorrect role
    Invalid chess piece: ['8', '5', 'L']
    The limit of invalid action of player 0 (name AntiZeroAI) is 0
    The Player 1 (name BreakVoid) win the game
Closing connections:
    Player 0 [name: AntiZeroAI] connection closed succueefully
    Player 1 [name: BreakVoid] connection closed succueefully
Total Steps: 26
End!
