Initialization:
    Waiting to connect ...
    AI0: aaa from 127.0.0.1 connected
    AI1: Uchida Kotori from 127.0.0.1 connected
    aaa is the first player
    Uchida Kotori is the second player
Step 1:
    Send to player 0 [name: aaa] a signal: ACTION
    Receive message form player 0 [name: aaa]: 2 4 D
    Transform message form [number: 0] [name: aaa]: 2 4 D
    Correct move!
    Player 0 [name aaa] choose (2,4) move to (1 4)
    Send to player 0 [name: aaa] infomation : (0 2 4 1 4)
    Send to player 1 [name: Uchida Kotori] infomation : (0 6 2 7 2)
Step 2:
    Send to player 1 [name: Uchida Kotori] a signal: ACTION
    Receive message form player 1 [name: Uchida Kotori]: 0 6 U
    Transform message form [number: 1] [name: Uchida Kotori]: 8 0 D
    Correct move!
    Player 1 [name Uchida Kotori] choose (8,0) move to (7 0)
    Send to player 0 [name: aaa] infomation : (1 8 0 7 0)
    Send to player 1 [name: Uchida Kotori] infomation : (1 0 6 1 6)
Step 3:
    Send to player 0 [name: aaa] a signal: ACTION
    Receive message form player 0 [name: aaa]: 1 5 D
    Transform message form [number: 0] [name: aaa]: 1 5 D
    Correct move!
    Player 0 [name aaa] choose (1,5) move to (0 5)
    Send to player 0 [name: aaa] infomation : (0 1 5 0 5)
    Send to player 1 [name: Uchida Kotori] infomation : (0 7 1 8 1)
Step 4:
    Send to player 1 [name: Uchida Kotori] a signal: ACTION
    Receive message form player 1 [name: Uchida Kotori]: 0 0 U
    Transform message form [number: 1] [name: Uchida Kotori]: 8 6 D
    Correct move!
    Player 1 [name Uchida Kotori] choose (8,6) move to (7 6)
    Send to player 0 [name: aaa] infomation : (1 8 6 7 6)
    Send to player 1 [name: Uchida Kotori] infomation : (1 0 0 1 0)
Step 5:
    Send to player 0 [name: aaa] a signal: ACTION
    Receive message form player 0 [name: aaa]: 2 2 D
    Transform message form [number: 0] [name: aaa]: 2 2 D
    Correct move!
    Player 0 [name aaa] choose (2,2) move to (1 2)
    Send to player 0 [name: aaa] infomation : (0 2 2 1 2)
    Send to player 1 [name: Uchida Kotori] infomation : (0 6 4 7 4)
Step 6:
    Send to player 1 [name: Uchida Kotori] a signal: ACTION
    Receive message form player 1 [name: Uchida Kotori]: 1 5 U
    Transform message form [number: 1] [name: Uchida Kotori]: 7 1 D
    Correct move!
    Player 1 [name Uchida Kotori] choose (7,1) move to (6 1)
    Send to player 0 [name: aaa] infomation : (1 7 1 6 1)
    Send to player 1 [name: Uchida Kotori] infomation : (1 1 5 2 5)
Step 7:
    Send to player 0 [name: aaa] a signal: ACTION
    Receive message form player 0 [name: aaa]: 2 0 R
    Transform message form [number: 0] [name: aaa]: 2 0 R
    Correct move!
    Player 0 [name aaa] choose (2,0) move to (2 1)
    Send to player 0 [name: aaa] infomation : (0 2 0 2 1)
    Send to player 1 [name: Uchida Kotori] infomation : (0 6 6 6 5)
Step 8:
    Send to player 1 [name: Uchida Kotori] a signal: ACTION
    Receive message form player 1 [name: Uchida Kotori]: 2 2 R
    Transform message form [number: 1] [name: Uchida Kotori]: 6 4 L
    Correct move!
    Player 1 [name Uchida Kotori] choose (6,4) move to (6 3)
    Send to player 0 [name: aaa] infomation : (1 6 4 6 3)
    Send to player 1 [name: Uchida Kotori] infomation : (1 2 2 2 3)
Step 9:
    Send to player 0 [name: aaa] a signal: ACTION
    Receive message form player 0 [name: aaa]: 2 1 R
    Transform message form [number: 0] [name: aaa]: 2 1 R
    Correct move!
    Player 0 [name aaa] choose (2,1) move to (2 2)
    Send to player 0 [name: aaa] infomation : (0 2 1 2 2)
    Send to player 1 [name: Uchida Kotori] infomation : (0 6 5 6 4)
Step 10:
    Send to player 1 [name: Uchida Kotori] a signal: ACTION
    Receive message form player 1 [name: Uchida Kotori]: 2 3 L
    Transform message form [number: 1] [name: Uchida Kotori]: 6 3 R
    Correct move!
    Player 1 [name Uchida Kotori] choose (6,3) move to (6 4)
    Send to player 0 [name: aaa] infomation : (1 6 3 6 4)
    Send to player 1 [name: Uchida Kotori] infomation : (1 2 3 2 2)
Step 11:
    Send to player 0 [name: aaa] a signal: ACTION
    Receive message form player 0 [name: aaa]: 0 6 U
    Transform message form [number: 0] [name: aaa]: 0 6 U
    Correct move!
    Player 0 [name aaa] choose (0,6) move to (1 6)
    Send to player 0 [name: aaa] infomation : (0 0 6 1 6)
    Send to player 1 [name: Uchida Kotori] infomation : (0 8 0 7 0)
Step 12:
    Send to player 1 [name: Uchida Kotori] a signal: ACTION
    Receive message form player 1 [name: Uchida Kotori]: 2 2 R
    Transform message form [number: 1] [name: Uchida Kotori]: 6 4 L
    Correct move!
    Player 1 [name Uchida Kotori] choose (6,4) move to (6 3)
    Send to player 0 [name: aaa] infomation : (1 6 4 6 3)
    Send to player 1 [name: Uchida Kotori] infomation : (1 2 2 2 3)
Step 13:
    Send to player 0 [name: aaa] a signal: ACTION
    Receive message form player 0 [name: aaa]: 0 0 U
    Transform message form [number: 0] [name: aaa]: 0 0 U
    Correct move!
    Player 0 [name aaa] choose (0,0) move to (1 0)
    Send to player 0 [name: aaa] infomation : (0 0 0 1 0)
    Send to player 1 [name: Uchida Kotori] infomation : (0 8 6 7 6)
Step 14:
    Send to player 1 [name: Uchida Kotori] a signal: ACTION
    Receive message form player 1 [name: Uchida Kotori]: 2 3 L
    Transform message form [number: 1] [name: Uchida Kotori]: 6 3 R
    Correct move!
    Player 1 [name Uchida Kotori] choose (6,3) move to (6 4)
    Send to player 0 [name: aaa] infomation : (1 6 3 6 4)
    Send to player 1 [name: Uchida Kotori] infomation : (1 2 3 2 2)
Step 15:
    Send to player 0 [name: aaa] a signal: ACTION
    Receive message form player 0 [name: aaa]: 1 0 U
    Transform message form [number: 0] [name: aaa]: 1 0 U
    Correct move!
    Player 0 [name aaa] choose (1,0) move to (2 0)
    Send to player 0 [name: aaa] infomation : (0 1 0 2 0)
    Send to player 1 [name: Uchida Kotori] infomation : (0 7 6 6 6)
Step 16:
    Send to player 1 [name: Uchida Kotori] a signal: ACTION
    Receive message form player 1 [name: Uchida Kotori]: 2 2 R
    Transform message form [number: 1] [name: Uchida Kotori]: 6 4 L
    Correct move!
    Player 1 [name Uchida Kotori] choose (6,4) move to (6 3)
    Send to player 0 [name: aaa] infomation : (1 6 4 6 3)
    Send to player 1 [name: Uchida Kotori] infomation : (1 2 2 2 3)
Step 17:
    Send to player 0 [name: aaa] a signal: ACTION
    Receive message form player 0 [name: aaa]: 2 0 R
    Transform message form [number: 0] [name: aaa]: 2 0 R
    Correct move!
    Player 0 [name aaa] choose (2,0) move to (2 1)
    Send to player 0 [name: aaa] infomation : (0 2 0 2 1)
    Send to player 1 [name: Uchida Kotori] infomation : (0 6 6 6 5)
Step 18:
    Send to player 1 [name: Uchida Kotori] a signal: ACTION
    Receive message form player 1 [name: Uchida Kotori]: 2 3 L
    Transform message form [number: 1] [name: Uchida Kotori]: 6 3 R
    Correct move!
    Player 1 [name Uchida Kotori] choose (6,3) move to (6 4)
    Send to player 0 [name: aaa] infomation : (1 6 3 6 4)
    Send to player 1 [name: Uchida Kotori] infomation : (1 2 3 2 2)
Step 19:
    Send to player 0 [name: aaa] a signal: ACTION
    Receive message form player 0 [name: aaa]: 2 1 U
    Transform message form [number: 0] [name: aaa]: 2 1 U
    Correct move!
    Player 0 [name aaa] choose (2,1) move to (6 1)
    Send to player 0 [name: aaa] infomation : (0 2 1 6 1)
    Send to player 1 [name: Uchida Kotori] infomation : (0 6 5 2 5)
Step 20:
    Send to player 1 [name: Uchida Kotori] a signal: ACTION
    Receive message form player 1 [name: Uchida Kotori]: 2 4 L
    Transform message form [number: 1] [name: Uchida Kotori]: 6 2 R
    Correct move!
    Player 1 [name Uchida Kotori] choose (6,2) move to (6 3)
    Send to player 0 [name: aaa] infomation : (1 6 2 6 3)
    Send to player 1 [name: Uchida Kotori] infomation : (1 2 4 2 3)
Step 21:
    Send to player 0 [name: aaa] a signal: ACTION
    Receive message form player 0 [name: aaa]: 6 1 R
    Transform message form [number: 0] [name: aaa]: 6 1 R
    Correct move!
    Player 0 [name aaa] choose (6,1) move to (6 2)
    Send to player 0 [name: aaa] infomation : (0 6 1 6 2)
    Send to player 1 [name: Uchida Kotori] infomation : (0 2 5 2 4)
Step 22:
    Send to player 1 [name: Uchida Kotori] a signal: ACTION
    Receive message form player 1 [name: Uchida Kotori]: 2 3 U
    Transform message form [number: 1] [name: Uchida Kotori]: 6 3 D
    Correct move!
    Player 1 [name Uchida Kotori] choose (6,3) move to (5 3)
    Send to player 0 [name: aaa] infomation : (1 6 3 5 3)
    Send to player 1 [name: Uchida Kotori] infomation : (1 2 3 3 3)
Step 23:
    Send to player 0 [name: aaa] a signal: ACTION
    Receive message form player 0 [name: aaa]: 6 2 U
    Transform message form [number: 0] [name: aaa]: 6 2 U
    Correct move!
    Player 0 [name aaa] choose (6,2) move to (7 2)
    Send to player 0 [name: aaa] infomation : (0 6 2 7 2)
    Send to player 1 [name: Uchida Kotori] infomation : (0 2 4 1 4)
Step 24:
    Send to player 1 [name: Uchida Kotori] a signal: ACTION
    Receive message form player 1 [name: Uchida Kotori]: 2 2 L
    Transform message form [number: 1] [name: Uchida Kotori]: 6 4 R
    Correct move!
    Player 1 [name Uchida Kotori] choose (6,4) move to (6 5)
    Send to player 0 [name: aaa] infomation : (1 6 4 6 5)
    Send to player 1 [name: Uchida Kotori] infomation : (1 2 2 2 1)
Step 25:
    Send to player 0 [name: aaa] a signal: ACTION
    Receive message form player 0 [name: aaa]: 7 2 U
    Transform message form [number: 0] [name: aaa]: 7 2 U
    Correct move!
    Player 0 [name aaa] choose (7,2) move to (8 2)
    Send to player 0 [name: aaa] infomation : (0 7 2 8 2)
    Send to player 1 [name: Uchida Kotori] infomation : (0 1 4 0 4)
Step 26:
    Send to player 1 [name: Uchida Kotori] a signal: ACTION
    Receive message form player 1 [name: Uchida Kotori]: 3 3 U
    Transform message form [number: 1] [name: Uchida Kotori]: 5 3 D
    Correct move!
    Player 1 [name Uchida Kotori] choose (5,3) move to (4 3)
    Send to player 0 [name: aaa] infomation : (1 5 3 4 3)
    Send to player 1 [name: Uchida Kotori] infomation : (1 3 3 4 3)
Step 27:
    Send to player 0 [name: aaa] a signal: ACTION
    Receive message form player 0 [name: aaa]: 8 2 R
    Transform message form [number: 0] [name: aaa]: 8 2 R
    Correct move!
    Player 0 [name aaa] choose (8,2) move to (8 3)
    Send to player 0 [name: aaa] infomation : (0 8 2 8 3)
    Send to player 1 [name: Uchida Kotori] infomation : (0 0 4 0 3)
    The Player 0 (name aaa) win the game
Closing connections:
    Player 0 [name: aaa] connection closed succueefully
    Player 1 [name: Uchida Kotori] connection closed succueefully
Total Steps: 27
End!
