Initialization:
    Waiting to connect ...
    AI0: HY_ZYH_Final from 127.0.0.1 connected
    AI1: 辣子鸡 from 127.0.0.1 connected
    辣子鸡 is the first player
    HY_ZYH_Final is the second player
Step 1:
    Send to player 1 [name: 辣子鸡] a signal: ACTION
    Receive message form player 1 [name: 辣子鸡]: 2 0 R
    Transform message form [number: 1] [name: 辣子鸡]: 6 6 L
    Correct move!
    Player 1 [name 辣子鸡] choose (6,6) move to (6 5)
    Send to player 0 [name: HY_ZYH_Final] infomation : (1 6 6 6 5)
    Send to player 1 [name: 辣子鸡] infomation : (1 2 0 2 1)
Step 2:
    Send to player 0 [name: HY_ZYH_Final] a signal: ACTION
    Receive message form player 0 [name: HY_ZYH_Final]: 1 1 D
    Transform message form [number: 0] [name: HY_ZYH_Final]: 1 1 D
    Correct move!
    Player 0 [name HY_ZYH_Final] choose (1,1) move to (0 1)
    Send to player 0 [name: HY_ZYH_Final] infomation : (0 1 1 0 1)
    Send to player 1 [name: 辣子鸡] infomation : (0 7 5 8 5)
Step 3:
    Send to player 1 [name: 辣子鸡] a signal: ACTION
    Receive message form player 1 [name: 辣子鸡]: 1 1 D
    Transform message form [number: 1] [name: 辣子鸡]: 7 5 U
    Correct move!
    Player 1 [name 辣子鸡] choose (7,5) move to (8 5)
    Send to player 0 [name: HY_ZYH_Final] infomation : (1 7 5 8 5)
    Send to player 1 [name: 辣子鸡] infomation : (1 1 1 0 1)
Step 4:
    Send to player 0 [name: HY_ZYH_Final] a signal: ACTION
    Receive message form player 0 [name: HY_ZYH_Final]: 2 0 R
    Transform message form [number: 0] [name: HY_ZYH_Final]: 2 0 R
    Correct move!
    Player 0 [name HY_ZYH_Final] choose (2,0) move to (2 1)
    Send to player 0 [name: HY_ZYH_Final] infomation : (0 2 0 2 1)
    Send to player 1 [name: 辣子鸡] infomation : (0 6 6 6 5)
Step 5:
    Send to player 1 [name: 辣子鸡] a signal: ACTION
    Receive message form player 1 [name: 辣子鸡]: 2 6 U
    Transform message form [number: 1] [name: 辣子鸡]: 6 0 D
    Correct move!
    Player 1 [name 辣子鸡] choose (6,0) move to (5 0)
    Send to player 0 [name: HY_ZYH_Final] infomation : (1 6 0 5 0)
    Send to player 1 [name: 辣子鸡] infomation : (1 2 6 3 6)
Step 6:
    Send to player 0 [name: HY_ZYH_Final] a signal: ACTION
    Receive message form player 0 [name: HY_ZYH_Final]: 2 1 D
    Transform message form [number: 0] [name: HY_ZYH_Final]: 2 1 D
    Correct move!
    Player 0 [name HY_ZYH_Final] choose (2,1) move to (1 1)
    Send to player 0 [name: HY_ZYH_Final] infomation : (0 2 1 1 1)
    Send to player 1 [name: 辣子鸡] infomation : (0 6 5 7 5)
Step 7:
    Send to player 1 [name: 辣子鸡] a signal: ACTION
    Receive message form player 1 [name: 辣子鸡]: 3 6 U
    Transform message form [number: 1] [name: 辣子鸡]: 5 0 D
    Correct move!
    Player 1 [name 辣子鸡] choose (5,0) move to (4 0)
    Send to player 0 [name: HY_ZYH_Final] infomation : (1 5 0 4 0)
    Send to player 1 [name: 辣子鸡] infomation : (1 3 6 4 6)
Step 8:
    Send to player 0 [name: HY_ZYH_Final] a signal: ACTION
    Receive message form player 0 [name: HY_ZYH_Final]: 1 5 D
    Transform message form [number: 0] [name: HY_ZYH_Final]: 1 5 D
    Correct move!
    Player 0 [name HY_ZYH_Final] choose (1,5) move to (0 5)
    Send to player 0 [name: HY_ZYH_Final] infomation : (0 1 5 0 5)
    Send to player 1 [name: 辣子鸡] infomation : (0 7 1 8 1)
Step 9:
    Send to player 1 [name: 辣子鸡] a signal: ACTION
    Receive message form player 1 [name: 辣子鸡]: 4 6 L
    Transform message form [number: 1] [name: 辣子鸡]: 4 0 R
    Correct move!
    Player 1 [name 辣子鸡] choose (4,0) move to (4 1)
    Send to player 0 [name: HY_ZYH_Final] infomation : (1 4 0 4 1)
    Send to player 1 [name: 辣子鸡] infomation : (1 4 6 4 5)
Step 10:
    Send to player 0 [name: HY_ZYH_Final] a signal: ACTION
    Receive message form player 0 [name: HY_ZYH_Final]: 1 1 R
    Transform message form [number: 0] [name: HY_ZYH_Final]: 1 1 R
    Correct move!
    Player 0 [name HY_ZYH_Final] choose (1,1) move to (1 2)
    Send to player 0 [name: HY_ZYH_Final] infomation : (0 1 1 1 2)
    Send to player 1 [name: 辣子鸡] infomation : (0 7 5 7 4)
Step 11:
    Send to player 1 [name: 辣子鸡] a signal: ACTION
    Receive message form player 1 [name: 辣子鸡]: 4 5 L
    Transform message form [number: 1] [name: 辣子鸡]: 4 1 R
    Correct move!
    Player 1 [name 辣子鸡] choose (4,1) move to (4 2)
    Send to player 0 [name: HY_ZYH_Final] infomation : (1 4 1 4 2)
    Send to player 1 [name: 辣子鸡] infomation : (1 4 5 4 4)
Step 12:
    Send to player 0 [name: HY_ZYH_Final] a signal: ACTION
    Receive message form player 0 [name: HY_ZYH_Final]: 1 2 R
    Transform message form [number: 0] [name: HY_ZYH_Final]: 1 2 R
    Correct move!
    Player 0 [name HY_ZYH_Final] choose (1,2) move to (1 3)
    Send to player 0 [name: HY_ZYH_Final] infomation : (0 1 2 1 3)
    Send to player 1 [name: 辣子鸡] infomation : (0 7 4 7 3)
Step 13:
    Send to player 1 [name: 辣子鸡] a signal: ACTION
    Receive message form player 1 [name: 辣子鸡]: 2 2 D
    Transform message form [number: 1] [name: 辣子鸡]: 6 4 U
    Correct move!
    Player 1 [name 辣子鸡] choose (6,4) move to (7 4)
    Send to player 0 [name: HY_ZYH_Final] infomation : (1 6 4 7 4)
    Send to player 1 [name: 辣子鸡] infomation : (1 2 2 1 2)
Step 14:
    Send to player 0 [name: HY_ZYH_Final] a signal: ACTION
    Receive message form player 0 [name: HY_ZYH_Final]: 0 1 R
    Transform message form [number: 0] [name: HY_ZYH_Final]: 0 1 R
    Correct move!
    Player 0 [name HY_ZYH_Final] choose (0,1) move to (0 2)
    Send to player 0 [name: HY_ZYH_Final] infomation : (0 0 1 0 2)
    Send to player 1 [name: 辣子鸡] infomation : (0 8 5 8 4)
Step 15:
    Send to player 1 [name: 辣子鸡] a signal: ACTION
    Receive message form player 1 [name: 辣子鸡]: 1 5 L
    Transform message form [number: 1] [name: 辣子鸡]: 7 1 R
    Correct move!
    Player 1 [name 辣子鸡] choose (7,1) move to (7 2)
    Send to player 0 [name: HY_ZYH_Final] infomation : (1 7 1 7 2)
    Send to player 1 [name: 辣子鸡] infomation : (1 1 5 1 4)
Step 16:
    Send to player 0 [name: HY_ZYH_Final] a signal: ACTION
    Receive message form player 0 [name: HY_ZYH_Final]: 0 5 L
    Transform message form [number: 0] [name: HY_ZYH_Final]: 0 5 L
    Correct move!
    Player 0 [name HY_ZYH_Final] choose (0,5) move to (0 4)
    Send to player 0 [name: HY_ZYH_Final] infomation : (0 0 5 0 4)
    Send to player 1 [name: 辣子鸡] infomation : (0 8 1 8 2)
Step 17:
    Send to player 1 [name: 辣子鸡] a signal: ACTION
    Receive message form player 1 [name: 辣子鸡]: 0 6 L
    Transform message form [number: 1] [name: 辣子鸡]: 8 0 R
    Correct move!
    Player 1 [name 辣子鸡] choose (8,0) move to (8 1)
    Send to player 0 [name: HY_ZYH_Final] infomation : (1 8 0 8 1)
    Send to player 1 [name: 辣子鸡] infomation : (1 0 6 0 5)
Step 18:
    Send to player 0 [name: HY_ZYH_Final] a signal: ACTION
    Receive message from AI0 timeout. AI1 wins.
    Receive message from AI0 timeout. AI1 wins.
Total Steps: 18
End!
