Initialization:
    Waiting to connect ...
    AI0: Qualification exam from 127.0.0.1 connected
    AI1: mamisan from 127.0.0.1 connected
    Qualification exam is the first player
    mamisan is the second player
Step 1:
    Send to player 0 [name: Qualification exam] a signal: ACTION
    Receive message form player 0 [name: Qualification exam]: 1 1 D
    Transform message form [number: 0] [name: Qualification exam]: 1 1 D
    Correct move!
    Player 0 [name Qualification exam] choose (1,1) move to (0 1)
    Send to player 0 [name: Qualification exam] infomation : (0 1 1 0 1)
    Send to player 1 [name: mamisan] infomation : (0 7 5 8 5)
Step 2:
    Send to player 1 [name: mamisan] a signal: ACTION
    Receive message form player 1 [name: mamisan]: 2 2 R
    Transform message form [number: 1] [name: mamisan]: 6 4 L
    Correct move!
    Player 1 [name mamisan] choose (6,4) move to (6 3)
    Send to player 0 [name: Qualification exam] infomation : (1 6 4 6 3)
    Send to player 1 [name: mamisan] infomation : (1 2 2 2 3)
Step 3:
    Send to player 0 [name: Qualification exam] a signal: ACTION
    Receive message form player 0 [name: Qualification exam]: 2 2 R
    Transform message form [number: 0] [name: Qualification exam]: 2 2 R
    Correct move!
    Player 0 [name Qualification exam] choose (2,2) move to (2 3)
    Send to player 0 [name: Qualification exam] infomation : (0 2 2 2 3)
    Send to player 1 [name: mamisan] infomation : (0 6 4 6 3)
Step 4:
    Send to player 1 [name: mamisan] a signal: ACTION
    Receive message form player 1 [name: mamisan]: 2 3 U
    Transform message form [number: 1] [name: mamisan]: 6 3 D
    Correct move!
    Player 1 [name mamisan] choose (6,3) move to (5 3)
    Send to player 0 [name: Qualification exam] infomation : (1 6 3 5 3)
    Send to player 1 [name: mamisan] infomation : (1 2 3 3 3)
Step 5:
    Send to player 0 [name: Qualification exam] a signal: ACTION
    Receive message form player 0 [name: Qualification exam]: 1 5 D
    Transform message form [number: 0] [name: Qualification exam]: 1 5 D
    Correct move!
    Player 0 [name Qualification exam] choose (1,5) move to (0 5)
    Send to player 0 [name: Qualification exam] infomation : (0 1 5 0 5)
    Send to player 1 [name: mamisan] infomation : (0 7 1 8 1)
Step 6:
    Send to player 1 [name: mamisan] a signal: ACTION
    Receive message form player 1 [name: mamisan]: 2 4 L
    Transform message form [number: 1] [name: mamisan]: 6 2 R
    Correct move!
    Player 1 [name mamisan] choose (6,2) move to (6 3)
    Send to player 0 [name: Qualification exam] infomation : (1 6 2 6 3)
    Send to player 1 [name: mamisan] infomation : (1 2 4 2 3)
Step 7:
    Send to player 0 [name: Qualification exam] a signal: ACTION
    Receive message form player 0 [name: Qualification exam]: 2 0 D
    Transform message form [number: 0] [name: Qualification exam]: 2 0 D
    Correct move!
    Player 0 [name Qualification exam] choose (2,0) move to (1 0)
    Send to player 0 [name: Qualification exam] infomation : (0 2 0 1 0)
    Send to player 1 [name: mamisan] infomation : (0 6 6 7 6)
Step 8:
    Send to player 1 [name: mamisan] a signal: ACTION
    Receive message form player 1 [name: mamisan]: 2 0 R
    Transform message form [number: 1] [name: mamisan]: 6 6 L
    Correct move!
    Player 1 [name mamisan] choose (6,6) move to (6 5)
    Send to player 0 [name: Qualification exam] infomation : (1 6 6 6 5)
    Send to player 1 [name: mamisan] infomation : (1 2 0 2 1)
Step 9:
    Send to player 0 [name: Qualification exam] a signal: ACTION
    Receive message form player 0 [name: Qualification exam]: 1 0 R
    Transform message form [number: 0] [name: Qualification exam]: 1 0 R
    Correct move!
    Player 0 [name Qualification exam] choose (1,0) move to (1 1)
    Send to player 0 [name: Qualification exam] infomation : (0 1 0 1 1)
    Send to player 1 [name: mamisan] infomation : (0 7 6 7 5)
Step 10:
    Send to player 1 [name: mamisan] a signal: ACTION
    Receive message form player 1 [name: mamisan]: 3 3 U
    Transform message form [number: 1] [name: mamisan]: 5 3 D
    Correct move!
    Player 1 [name mamisan] choose (5,3) move to (4 3)
    Send to player 0 [name: Qualification exam] infomation : (1 5 3 4 3)
    Send to player 1 [name: mamisan] infomation : (1 3 3 4 3)
Step 11:
    Send to player 0 [name: Qualification exam] a signal: ACTION
    Receive message form player 0 [name: Qualification exam]: 1 1 R
    Transform message form [number: 0] [name: Qualification exam]: 1 1 R
    Correct move!
    Player 0 [name Qualification exam] choose (1,1) move to (1 2)
    Send to player 0 [name: Qualification exam] infomation : (0 1 1 1 2)
    Send to player 1 [name: mamisan] infomation : (0 7 5 7 4)
Step 12:
    Send to player 1 [name: mamisan] a signal: ACTION
    Receive message form player 1 [name: mamisan]: 4 3 U
    Transform message form [number: 1] [name: mamisan]: 4 3 D
    Correct move!
    Player 1 [name mamisan] choose (4,3) move to (3 3)
    Send to player 0 [name: Qualification exam] infomation : (1 4 3 3 3)
    Send to player 1 [name: mamisan] infomation : (1 4 3 5 3)
Step 13:
    Send to player 0 [name: Qualification exam] a signal: ACTION
    Receive message form player 0 [name: Qualification exam]: 2 3 U
    Transform message form [number: 0] [name: Qualification exam]: 2 3 U
    Correct move!
    Player 0 [name Qualification exam] choose (2,3) move to (3 3)
    Send to player 0 [name: Qualification exam] infomation : (0 2 3 3 3)
    Send to player 1 [name: mamisan] infomation : (0 6 3 5 3)
Step 14:
    Send to player 1 [name: mamisan] a signal: ACTION
    Receive message form player 1 [name: mamisan]: 2 3 U
    Transform message form [number: 1] [name: mamisan]: 6 3 D
    Correct move!
    Player 1 [name mamisan] choose (6,3) move to (5 3)
    Send to player 0 [name: Qualification exam] infomation : (1 6 3 5 3)
    Send to player 1 [name: mamisan] infomation : (1 2 3 3 3)
Step 15:
    Send to player 0 [name: Qualification exam] a signal: ACTION
    Receive message form player 0 [name: Qualification exam]: 3 3 D
    Transform message form [number: 0] [name: Qualification exam]: 3 3 D
    Correct move!
    Player 0 [name Qualification exam] choose (3,3) move to (2 3)
    Send to player 0 [name: Qualification exam] infomation : (0 3 3 2 3)
    Send to player 1 [name: mamisan] infomation : (0 5 3 6 3)
Step 16:
    Send to player 1 [name: mamisan] a signal: ACTION
    Receive message form player 1 [name: mamisan]: 3 3 U
    Transform message form [number: 1] [name: mamisan]: 5 3 D
    Correct move!
    Player 1 [name mamisan] choose (5,3) move to (4 3)
    Send to player 0 [name: Qualification exam] infomation : (1 5 3 4 3)
    Send to player 1 [name: mamisan] infomation : (1 3 3 4 3)
Step 17:
    Send to player 0 [name: Qualification exam] a signal: ACTION
    Receive message form player 0 [name: Qualification exam]: 1 2 R
    Transform message form [number: 0] [name: Qualification exam]: 1 2 R
    Correct move!
    Player 0 [name Qualification exam] choose (1,2) move to (1 3)
    Send to player 0 [name: Qualification exam] infomation : (0 1 2 1 3)
    Send to player 1 [name: mamisan] infomation : (0 7 4 7 3)
Step 18:
    Send to player 1 [name: mamisan] a signal: ACTION
    Receive message form player 1 [name: mamisan]: 4 3 U
    Transform message form [number: 1] [name: mamisan]: 4 3 D
    Correct move!
    Player 1 [name mamisan] choose (4,3) move to (3 3)
    Send to player 0 [name: Qualification exam] infomation : (1 4 3 3 3)
    Send to player 1 [name: mamisan] infomation : (1 4 3 5 3)
Step 19:
    Send to player 0 [name: Qualification exam] a signal: ACTION
    Receive message form player 0 [name: Qualification exam]: 0 0 U
    Transform message form [number: 0] [name: Qualification exam]: 0 0 U
    Correct move!
    Player 0 [name Qualification exam] choose (0,0) move to (1 0)
    Send to player 0 [name: Qualification exam] infomation : (0 0 0 1 0)
    Send to player 1 [name: mamisan] infomation : (0 8 6 7 6)
Step 20:
    Send to player 1 [name: mamisan] a signal: ACTION
    Receive message form player 1 [name: mamisan]: 5 3 U
    Transform message form [number: 1] [name: mamisan]: 3 3 D
    Correct move!
    Player 1 [name mamisan] choose (3,3) move to (2 3)
    Send to player 0 [name: Qualification exam] infomation : (1 3 3 2 3)
    Send to player 1 [name: mamisan] infomation : (1 5 3 6 3)
Step 21:
    Send to player 0 [name: Qualification exam] a signal: ACTION
    Receive message form player 0 [name: Qualification exam]: 2 4 L
    Transform message form [number: 0] [name: Qualification exam]: 2 4 L
    Correct move!
    Player 0 [name Qualification exam] choose (2,4) move to (2 3)
    Send to player 0 [name: Qualification exam] infomation : (0 2 4 2 3)
    Send to player 1 [name: mamisan] infomation : (0 6 2 6 3)
Step 22:
    Send to player 1 [name: mamisan] a signal: ACTION
    Receive message form player 1 [name: mamisan]: 2 1 R
    Transform message form [number: 1] [name: mamisan]: 6 5 L
    Correct move!
    Player 1 [name mamisan] choose (6,5) move to (6 4)
    Send to player 0 [name: Qualification exam] infomation : (1 6 5 6 4)
    Send to player 1 [name: mamisan] infomation : (1 2 1 2 2)
Step 23:
    Send to player 0 [name: Qualification exam] a signal: ACTION
    Receive message form player 0 [name: Qualification exam]: 1 0 U
    Transform message form [number: 0] [name: Qualification exam]: 1 0 U
    Correct move!
    Player 0 [name Qualification exam] choose (1,0) move to (2 0)
    Send to player 0 [name: Qualification exam] infomation : (0 1 0 2 0)
    Send to player 1 [name: mamisan] infomation : (0 7 6 6 6)
Step 24:
    Send to player 1 [name: mamisan] a signal: ACTION
    Receive message form player 1 [name: mamisan]: 2 2 R
    Transform message form [number: 1] [name: mamisan]: 6 4 L
    Correct move!
    Player 1 [name mamisan] choose (6,4) move to (6 3)
    Send to player 0 [name: Qualification exam] infomation : (1 6 4 6 3)
    Send to player 1 [name: mamisan] infomation : (1 2 2 2 3)
Step 25:
    Send to player 0 [name: Qualification exam] a signal: ACTION
    Receive message form player 0 [name: Qualification exam]: 2 0 U
    Transform message form [number: 0] [name: Qualification exam]: 2 0 U
    Correct move!
    Player 0 [name Qualification exam] choose (2,0) move to (3 0)
    Send to player 0 [name: Qualification exam] infomation : (0 2 0 3 0)
    Send to player 1 [name: mamisan] infomation : (0 6 6 5 6)
Step 26:
    Send to player 1 [name: mamisan] a signal: ACTION
    Receive message form player 1 [name: mamisan]: 2 3 U
    Transform message form [number: 1] [name: mamisan]: 6 3 D
    Correct move!
    Player 1 [name mamisan] choose (6,3) move to (5 3)
    Send to player 0 [name: Qualification exam] infomation : (1 6 3 5 3)
    Send to player 1 [name: mamisan] infomation : (1 2 3 3 3)
Step 27:
    Send to player 0 [name: Qualification exam] a signal: ACTION
    Receive message form player 0 [name: Qualification exam]: 3 0 R
    Transform message form [number: 0] [name: Qualification exam]: 3 0 R
    Correct move!
    Player 0 [name Qualification exam] choose (3,0) move to (3 3)
    Send to player 0 [name: Qualification exam] infomation : (0 3 0 3 3)
    Send to player 1 [name: mamisan] infomation : (0 5 6 5 3)
Step 28:
    Send to player 1 [name: mamisan] a signal: ACTION
    Receive message form player 1 [name: mamisan]: 3 3 D
    Transform message form [number: 1] [name: mamisan]: 5 3 U
    Correct move!
    Player 1 [name mamisan] choose (5,3) move to (6 3)
    Send to player 0 [name: Qualification exam] infomation : (1 5 3 6 3)
    Send to player 1 [name: mamisan] infomation : (1 3 3 2 3)
Step 29:
    Send to player 0 [name: Qualification exam] a signal: ACTION
    Receive message form player 0 [name: Qualification exam]: 3 3 R
    Transform message form [number: 0] [name: Qualification exam]: 3 3 R
    Correct move!
    Player 0 [name Qualification exam] choose (3,3) move to (3 6)
    Send to player 0 [name: Qualification exam] infomation : (0 3 3 3 6)
    Send to player 1 [name: mamisan] infomation : (0 5 3 5 0)
Step 30:
    Send to player 1 [name: mamisan] a signal: ACTION
    Receive message form player 1 [name: mamisan]: 2 3 U
    Transform message form [number: 1] [name: mamisan]: 6 3 D
    Correct move!
    Player 1 [name mamisan] choose (6,3) move to (5 3)
    Send to player 0 [name: Qualification exam] infomation : (1 6 3 5 3)
    Send to player 1 [name: mamisan] infomation : (1 2 3 3 3)
Step 31:
    Send to player 0 [name: Qualification exam] a signal: ACTION
    Receive message form player 0 [name: Qualification exam]: 0 6 U
    Transform message form [number: 0] [name: Qualification exam]: 0 6 U
    Correct move!
    Player 0 [name Qualification exam] choose (0,6) move to (1 6)
    Send to player 0 [name: Qualification exam] infomation : (0 0 6 1 6)
    Send to player 1 [name: mamisan] infomation : (0 8 0 7 0)
Step 32:
    Send to player 1 [name: mamisan] a signal: ACTION
    Receive message form player 1 [name: mamisan]: 3 3 D
    Transform message form [number: 1] [name: mamisan]: 5 3 U
    Correct move!
    Player 1 [name mamisan] choose (5,3) move to (6 3)
    Send to player 0 [name: Qualification exam] infomation : (1 5 3 6 3)
    Send to player 1 [name: mamisan] infomation : (1 3 3 2 3)
Step 33:
    Send to player 0 [name: Qualification exam] a signal: ACTION
    Receive message form player 0 [name: Qualification exam]: 1 6 L
    Transform message form [number: 0] [name: Qualification exam]: 1 6 L
    Correct move!
    Player 0 [name Qualification exam] choose (1,6) move to (1 5)
    Send to player 0 [name: Qualification exam] infomation : (0 1 6 1 5)
    Send to player 1 [name: mamisan] infomation : (0 7 0 7 1)
Step 34:
    Send to player 1 [name: mamisan] a signal: ACTION
    Receive message form player 1 [name: mamisan]: 2 3 U
    Transform message form [number: 1] [name: mamisan]: 6 3 D
    Correct move!
    Player 1 [name mamisan] choose (6,3) move to (5 3)
    Send to player 0 [name: Qualification exam] infomation : (1 6 3 5 3)
    Send to player 1 [name: mamisan] infomation : (1 2 3 3 3)
Step 35:
    Send to player 0 [name: Qualification exam] a signal: ACTION
    Receive message form player 0 [name: Qualification exam]: 3 6 U
    Transform message form [number: 0] [name: Qualification exam]: 3 6 U
    Correct move!
    Player 0 [name Qualification exam] choose (3,6) move to (4 6)
    Send to player 0 [name: Qualification exam] infomation : (0 3 6 4 6)
    Send to player 1 [name: mamisan] infomation : (0 5 0 4 0)
Step 36:
    Send to player 1 [name: mamisan] a signal: ACTION
    Receive message form player 1 [name: mamisan]: 3 3 D
    Transform message form [number: 1] [name: mamisan]: 5 3 U
    Correct move!
    Player 1 [name mamisan] choose (5,3) move to (6 3)
    Send to player 0 [name: Qualification exam] infomation : (1 5 3 6 3)
    Send to player 1 [name: mamisan] infomation : (1 3 3 2 3)
Step 37:
    Send to player 0 [name: Qualification exam] a signal: ACTION
    Receive message form player 0 [name: Qualification exam]: 1 5 U
    Transform message form [number: 0] [name: Qualification exam]: 1 5 U
    Correct move!
    Player 0 [name Qualification exam] choose (1,5) move to (2 5)
    Send to player 0 [name: Qualification exam] infomation : (0 1 5 2 5)
    Send to player 1 [name: mamisan] infomation : (0 7 1 6 1)
Step 38:
    Send to player 1 [name: mamisan] a signal: ACTION
    Receive message form player 1 [name: mamisan]: 2 3 U
    Transform message form [number: 1] [name: mamisan]: 6 3 D
    Correct move!
    Player 1 [name mamisan] choose (6,3) move to (5 3)
    Send to player 0 [name: Qualification exam] infomation : (1 6 3 5 3)
    Send to player 1 [name: mamisan] infomation : (1 2 3 3 3)
Step 39:
    Send to player 0 [name: Qualification exam] a signal: ACTION
    Receive message form player 0 [name: Qualification exam]: 4 6 U
    Transform message form [number: 0] [name: Qualification exam]: 4 6 U
    Correct move!
    Player 0 [name Qualification exam] choose (4,6) move to (5 6)
    Send to player 0 [name: Qualification exam] infomation : (0 4 6 5 6)
    Send to player 1 [name: mamisan] infomation : (0 4 0 3 0)
Step 40:
    Send to player 1 [name: mamisan] a signal: ACTION
    Receive message form player 1 [name: mamisan]: 3 3 D
    Transform message form [number: 1] [name: mamisan]: 5 3 U
    Correct move!
    Player 1 [name mamisan] choose (5,3) move to (6 3)
    Send to player 0 [name: Qualification exam] infomation : (1 5 3 6 3)
    Send to player 1 [name: mamisan] infomation : (1 3 3 2 3)
Step 41:
    Send to player 0 [name: Qualification exam] a signal: ACTION
    Receive message form player 0 [name: Qualification exam]: 2 5 U
    Transform message form [number: 0] [name: Qualification exam]: 2 5 U
    Correct move!
    Player 0 [name Qualification exam] choose (2,5) move to (6 5)
    Send to player 0 [name: Qualification exam] infomation : (0 2 5 6 5)
    Send to player 1 [name: mamisan] infomation : (0 6 1 2 1)
Step 42:
    Send to player 1 [name: mamisan] a signal: ACTION
    Receive message form player 1 [name: mamisan]: 2 3 U
    Transform message form [number: 1] [name: mamisan]: 6 3 D
    Correct move!
    Player 1 [name mamisan] choose (6,3) move to (5 3)
    Send to player 0 [name: Qualification exam] infomation : (1 6 3 5 3)
    Send to player 1 [name: mamisan] infomation : (1 2 3 3 3)
Step 43:
    Send to player 0 [name: Qualification exam] a signal: ACTION
    Receive message form player 0 [name: Qualification exam]: 6 5 U
    Transform message form [number: 0] [name: Qualification exam]: 6 5 U
    Correct move!
    Player 0 [name Qualification exam] choose (6,5) move to (7 5)
    Send to player 0 [name: Qualification exam] infomation : (0 6 5 7 5)
    Send to player 1 [name: mamisan] infomation : (0 2 1 1 1)
Step 44:
    Send to player 1 [name: mamisan] a signal: ACTION
    Receive message form player 1 [name: mamisan]: 3 3 U
    Transform message form [number: 1] [name: mamisan]: 5 3 D
    Correct move!
    Player 1 [name mamisan] choose (5,3) move to (4 3)
    Send to player 0 [name: Qualification exam] infomation : (1 5 3 4 3)
    Send to player 1 [name: mamisan] infomation : (1 3 3 4 3)
Step 45:
    Send to player 0 [name: Qualification exam] a signal: ACTION
    Receive message form player 0 [name: Qualification exam]: 7 5 U
    Transform message form [number: 0] [name: Qualification exam]: 7 5 U
    Correct move!
    Player 0 [name Qualification exam] choose (7,5) move to (8 5)
    Send to player 0 [name: Qualification exam] infomation : (0 7 5 8 5)
    Send to player 1 [name: mamisan] infomation : (0 1 1 0 1)
Step 46:
    Send to player 1 [name: mamisan] a signal: ACTION
    Receive message form player 1 [name: mamisan]: 4 3 U
    Transform message form [number: 1] [name: mamisan]: 4 3 D
    Correct move!
    Player 1 [name mamisan] choose (4,3) move to (3 3)
    Send to player 0 [name: Qualification exam] infomation : (1 4 3 3 3)
    Send to player 1 [name: mamisan] infomation : (1 4 3 5 3)
Step 47:
    Send to player 0 [name: Qualification exam] a signal: ACTION
    Receive message form player 0 [name: Qualification exam]: 8 5 L
    Transform message form [number: 0] [name: Qualification exam]: 8 5 L
    Correct move!
    Player 0 [name Qualification exam] choose (8,5) move to (8 4)
    Send to player 0 [name: Qualification exam] infomation : (0 8 5 8 4)
    Send to player 1 [name: mamisan] infomation : (0 0 1 0 2)
Step 48:
    Send to player 1 [name: mamisan] a signal: ACTION
    Receive message form player 1 [name: mamisan]: 5 3 U
    Transform message form [number: 1] [name: mamisan]: 3 3 D
    Correct move!
    Player 1 [name mamisan] choose (3,3) move to (2 3)
    Send to player 0 [name: Qualification exam] infomation : (1 3 3 2 3)
    Send to player 1 [name: mamisan] infomation : (1 5 3 6 3)
Step 49:
    Send to player 0 [name: Qualification exam] a signal: ACTION
    Receive message form player 0 [name: Qualification exam]: 8 4 L
    Transform message form [number: 0] [name: Qualification exam]: 8 4 L
    Correct move!
    Player 0 [name Qualification exam] choose (8,4) move to (8 3)
    Send to player 0 [name: Qualification exam] infomation : (0 8 4 8 3)
    Send to player 1 [name: mamisan] infomation : (0 0 2 0 3)
    The Player 0 (name Qualification exam) win the game
Closing connections:
    Player 0 [name: Qualification exam] connection closed succueefully
    Player 1 [name: mamisan] connection closed succueefully
Total Steps: 49
End!
