Initialization:
    Waiting to connect ...
    AI0: Kotori? from 127.0.0.1 connected
    AI1: Lee Algebra from 127.0.0.1 connected
    Lee Algebra is the first player
    Kotori? is the second player
Step 1:
    Send to player 1 [name: Lee Algebra] a signal: ACTION
    Receive message form player 1 [name: Lee Algebra]: 2 0 R
    Transform message form [number: 1] [name: Lee Algebra]: 6 6 L
    Correct move!
    Player 1 [name Lee Algebra] choose (6,6) move to (6 5)
    Send to player 0 [name: Kotori?] infomation : (1 6 6 6 5)
    Send to player 1 [name: Lee Algebra] infomation : (1 2 0 2 1)
Step 2:
    Send to player 0 [name: Kotori?] a signal: ACTION
    Receive message form player 0 [name: Kotori?]: 2 4 D
    Transform message form [number: 0] [name: Kotori?]: 2 4 D
    Correct move!
    Player 0 [name Kotori?] choose (2,4) move to (1 4)
    Send to player 0 [name: Kotori?] infomation : (0 2 4 1 4)
    Send to player 1 [name: Lee Algebra] infomation : (0 6 2 7 2)
Step 3:
    Send to player 1 [name: Lee Algebra] a signal: ACTION
    Receive message form player 1 [name: Lee Algebra]: 0 6 L
    Transform message form [number: 1] [name: Lee Algebra]: 8 0 R
    Correct move!
    Player 1 [name Lee Algebra] choose (8,0) move to (8 1)
    Send to player 0 [name: Kotori?] infomation : (1 8 0 8 1)
    Send to player 1 [name: Lee Algebra] infomation : (1 0 6 0 5)
Step 4:
    Send to player 0 [name: Kotori?] a signal: ACTION
    Receive message form player 0 [name: Kotori?]: 2 0 D
    Transform message form [number: 0] [name: Kotori?]: 2 0 D
    Correct move!
    Player 0 [name Kotori?] choose (2,0) move to (1 0)
    Send to player 0 [name: Kotori?] infomation : (0 2 0 1 0)
    Send to player 1 [name: Lee Algebra] infomation : (0 6 6 7 6)
Step 5:
    Send to player 1 [name: Lee Algebra] a signal: ACTION
    Receive message form player 1 [name: Lee Algebra]: 0 0 U
    Transform message form [number: 1] [name: Lee Algebra]: 8 6 D
    Correct move!
    Player 1 [name Lee Algebra] choose (8,6) move to (7 6)
    Send to player 0 [name: Kotori?] infomation : (1 8 6 7 6)
    Send to player 1 [name: Lee Algebra] infomation : (1 0 0 1 0)
Step 6:
    Send to player 0 [name: Kotori?] a signal: ACTION
    Receive message form player 0 [name: Kotori?]: 1 5 D
    Transform message form [number: 0] [name: Kotori?]: 1 5 D
    Correct move!
    Player 0 [name Kotori?] choose (1,5) move to (0 5)
    Send to player 0 [name: Kotori?] infomation : (0 1 5 0 5)
    Send to player 1 [name: Lee Algebra] infomation : (0 7 1 8 1)
Step 7:
    Send to player 1 [name: Lee Algebra] a signal: ACTION
    Receive message form player 1 [name: Lee Algebra]: 0 5 L
    Transform message form [number: 1] [name: Lee Algebra]: 8 1 R
    Correct move!
    Player 1 [name Lee Algebra] choose (8,1) move to (8 2)
    Send to player 0 [name: Kotori?] infomation : (1 8 1 8 2)
    Send to player 1 [name: Lee Algebra] infomation : (1 0 5 0 4)
Step 8:
    Send to player 0 [name: Kotori?] a signal: ACTION
    Receive message form player 0 [name: Kotori?]: 1 4 R
    Transform message form [number: 0] [name: Kotori?]: 1 4 R
    Correct move!
    Player 0 [name Kotori?] choose (1,4) move to (1 5)
    Send to player 0 [name: Kotori?] infomation : (0 1 4 1 5)
    Send to player 1 [name: Lee Algebra] infomation : (0 7 2 7 1)
Step 9:
    Send to player 1 [name: Lee Algebra] a signal: ACTION
    Receive message form player 1 [name: Lee Algebra]: 1 0 U
    Transform message form [number: 1] [name: Lee Algebra]: 7 6 D
    Correct move!
    Player 1 [name Lee Algebra] choose (7,6) move to (6 6)
    Send to player 0 [name: Kotori?] infomation : (1 7 6 6 6)
    Send to player 1 [name: Lee Algebra] infomation : (1 1 0 2 0)
Step 10:
    Send to player 0 [name: Kotori?] a signal: ACTION
    Receive message form player 0 [name: Kotori?]: 2 2 L
    Transform message form [number: 0] [name: Kotori?]: 2 2 L
    Correct move!
    Player 0 [name Kotori?] choose (2,2) move to (2 1)
    Send to player 0 [name: Kotori?] infomation : (0 2 2 2 1)
    Send to player 1 [name: Lee Algebra] infomation : (0 6 4 6 5)
Step 11:
    Send to player 1 [name: Lee Algebra] a signal: ACTION
    Receive message form player 1 [name: Lee Algebra]: 2 6 U
    Transform message form [number: 1] [name: Lee Algebra]: 6 0 D
    Correct move!
    Player 1 [name Lee Algebra] choose (6,0) move to (5 0)
    Send to player 0 [name: Kotori?] infomation : (1 6 0 5 0)
    Send to player 1 [name: Lee Algebra] infomation : (1 2 6 3 6)
Step 12:
    Send to player 0 [name: Kotori?] a signal: ACTION
    Receive message form player 0 [name: Kotori?]: 2 1 L
    Transform message form [number: 0] [name: Kotori?]: 2 1 L
    Correct move!
    Player 0 [name Kotori?] choose (2,1) move to (2 0)
    Send to player 0 [name: Kotori?] infomation : (0 2 1 2 0)
    Send to player 1 [name: Lee Algebra] infomation : (0 6 5 6 6)
Step 13:
    Send to player 1 [name: Lee Algebra] a signal: ACTION
    Receive message form player 1 [name: Lee Algebra]: 0 4 U
    Transform message form [number: 1] [name: Lee Algebra]: 8 2 D
    Correct move!
    Player 1 [name Lee Algebra] choose (8,2) move to (7 2)
    Send to player 0 [name: Kotori?] infomation : (1 8 2 7 2)
    Send to player 1 [name: Lee Algebra] infomation : (1 0 4 1 4)
Step 14:
    Send to player 0 [name: Kotori?] a signal: ACTION
    Receive message form player 0 [name: Kotori?]: 1 1 D
    Transform message form [number: 0] [name: Kotori?]: 1 1 D
    Correct move!
    Player 0 [name Kotori?] choose (1,1) move to (0 1)
    Send to player 0 [name: Kotori?] infomation : (0 1 1 0 1)
    Send to player 1 [name: Lee Algebra] infomation : (0 7 5 8 5)
Step 15:
    Send to player 1 [name: Lee Algebra] a signal: ACTION
    Receive message form player 1 [name: Lee Algebra]: 1 5 D
    Transform message form [number: 1] [name: Lee Algebra]: 7 1 U
    Correct move!
    Player 1 [name Lee Algebra] choose (7,1) move to (8 1)
    Send to player 0 [name: Kotori?] infomation : (1 7 1 8 1)
    Send to player 1 [name: Lee Algebra] infomation : (1 1 5 0 5)
Step 16:
    Send to player 0 [name: Kotori?] a signal: ACTION
    Receive message form player 0 [name: Kotori?]: 0 1 R
    Transform message form [number: 0] [name: Kotori?]: 0 1 R
    Correct move!
    Player 0 [name Kotori?] choose (0,1) move to (0 2)
    Send to player 0 [name: Kotori?] infomation : (0 0 1 0 2)
    Send to player 1 [name: Lee Algebra] infomation : (0 8 5 8 4)
Step 17:
    Send to player 1 [name: Lee Algebra] a signal: ACTION
    Receive message form player 1 [name: Lee Algebra]: 1 1 R
    Transform message form [number: 1] [name: Lee Algebra]: 7 5 L
    Correct move!
    Player 1 [name Lee Algebra] choose (7,5) move to (7 4)
    Send to player 0 [name: Kotori?] infomation : (1 7 5 7 4)
    Send to player 1 [name: Lee Algebra] infomation : (1 1 1 1 2)
Step 18:
    Send to player 0 [name: Kotori?] a signal: ACTION
    Receive message form player 0 [name: Kotori?]: 0 2 L
    Transform message form [number: 0] [name: Kotori?]: 0 2 L
    Correct move!
    Player 0 [name Kotori?] choose (0,2) move to (0 1)
    Send to player 0 [name: Kotori?] infomation : (0 0 2 0 1)
    Send to player 1 [name: Lee Algebra] infomation : (0 8 4 8 5)
Step 19:
    Send to player 1 [name: Lee Algebra] a signal: ACTION
    Receive message form player 1 [name: Lee Algebra]: 2 1 D
    Transform message form [number: 1] [name: Lee Algebra]: 6 5 U
    Correct move!
    Player 1 [name Lee Algebra] choose (6,5) move to (7 5)
    Send to player 0 [name: Kotori?] infomation : (1 6 5 7 5)
    Send to player 1 [name: Lee Algebra] infomation : (1 2 1 1 1)
Step 20:
    Send to player 0 [name: Kotori?] a signal: ACTION
    Receive message form player 0 [name: Kotori?]: 0 1 U
    Transform message form [number: 0] [name: Kotori?]: 0 1 U
    Correct move!
    Player 0 [name Kotori?] choose (0,1) move to (1 1)
    Send to player 0 [name: Kotori?] infomation : (0 0 1 1 1)
    Send to player 1 [name: Lee Algebra] infomation : (0 8 5 7 5)
Step 21:
    Send to player 1 [name: Lee Algebra] a signal: ACTION
    Receive message form player 1 [name: Lee Algebra]: 1 2 D
    Transform message form [number: 1] [name: Lee Algebra]: 7 4 U
    Correct move!
    Player 1 [name Lee Algebra] choose (7,4) move to (8 4)
    Send to player 0 [name: Kotori?] infomation : (1 7 4 8 4)
    Send to player 1 [name: Lee Algebra] infomation : (1 1 2 0 2)
Step 22:
    Send to player 0 [name: Kotori?] a signal: ACTION
    Receive message form player 0 [name: Kotori?]: 1 5 R
    Transform message form [number: 0] [name: Kotori?]: 1 5 R
    Correct move!
    Player 0 [name Kotori?] choose (1,5) move to (1 6)
    Send to player 0 [name: Kotori?] infomation : (0 1 5 1 6)
    Send to player 1 [name: Lee Algebra] infomation : (0 7 1 7 0)
Step 23:
    Send to player 1 [name: Lee Algebra] a signal: ACTION
    Receive message form player 1 [name: Lee Algebra]: 1 1 R
    Transform message form [number: 1] [name: Lee Algebra]: 7 5 L
    Correct move!
    Player 1 [name Lee Algebra] choose (7,5) move to (7 4)
    Send to player 0 [name: Kotori?] infomation : (1 7 5 7 4)
    Send to player 1 [name: Lee Algebra] infomation : (1 1 1 1 2)
Step 24:
    Send to player 0 [name: Kotori?] a signal: ACTION
    Receive message form player 0 [name: Kotori?]: 0 0 R
    Transform message form [number: 0] [name: Kotori?]: 0 0 R
    Correct move!
    Player 0 [name Kotori?] choose (0,0) move to (0 1)
    Send to player 0 [name: Kotori?] infomation : (0 0 0 0 1)
    Send to player 1 [name: Lee Algebra] infomation : (0 8 6 8 5)
Step 25:
    Send to player 1 [name: Lee Algebra] a signal: ACTION
    Receive message form player 1 [name: Lee Algebra]: 0 5 L
    Transform message form [number: 1] [name: Lee Algebra]: 8 1 R
    Correct move!
    Player 1 [name Lee Algebra] choose (8,1) move to (8 2)
    Send to player 0 [name: Kotori?] infomation : (1 8 1 8 2)
    Send to player 1 [name: Lee Algebra] infomation : (1 0 5 0 4)
Step 26:
    Send to player 0 [name: Kotori?] a signal: ACTION
    Receive message form player 0 [name: Kotori?]: 1 0 D
    Transform message form [number: 0] [name: Kotori?]: 1 0 D
    Correct move!
    Player 0 [name Kotori?] choose (1,0) move to (0 0)
    Send to player 0 [name: Kotori?] infomation : (0 1 0 0 0)
    Send to player 1 [name: Lee Algebra] infomation : (0 7 6 8 6)
Step 27:
    Send to player 1 [name: Lee Algebra] a signal: ACTION
    Receive message form player 1 [name: Lee Algebra]: 1 2 R
    Transform message form [number: 1] [name: Lee Algebra]: 7 4 L
    Correct move!
    Player 1 [name Lee Algebra] choose (7,4) move to (7 3)
    Send to player 0 [name: Kotori?] infomation : (1 7 4 7 3)
    Send to player 1 [name: Lee Algebra] infomation : (1 1 2 1 3)
Step 28:
    Send to player 0 [name: Kotori?] a signal: ACTION
    Receive message form player 0 [name: Kotori?]: 2 0 D
    Transform message form [number: 0] [name: Kotori?]: 2 0 D
    Correct move!
    Player 0 [name Kotori?] choose (2,0) move to (1 0)
    Send to player 0 [name: Kotori?] infomation : (0 2 0 1 0)
    Send to player 1 [name: Lee Algebra] infomation : (0 6 6 7 6)
Step 29:
    Send to player 1 [name: Lee Algebra] a signal: ACTION
    Receive message form player 1 [name: Lee Algebra]: 2 0 R
    Transform message form [number: 1] [name: Lee Algebra]: 6 6 L
    Correct move!
    Player 1 [name Lee Algebra] choose (6,6) move to (6 5)
    Send to player 0 [name: Kotori?] infomation : (1 6 6 6 5)
    Send to player 1 [name: Lee Algebra] infomation : (1 2 0 2 1)
Step 30:
    Send to player 0 [name: Kotori?] a signal: ACTION
    Receive message form player 0 [name: Kotori?]: 0 5 L
    Transform message form [number: 0] [name: Kotori?]: 0 5 L
    Correct move!
    Player 0 [name Kotori?] choose (0,5) move to (0 4)
    Send to player 0 [name: Kotori?] infomation : (0 0 5 0 4)
    Send to player 1 [name: Lee Algebra] infomation : (0 8 1 8 2)
Step 31:
    Send to player 1 [name: Lee Algebra] a signal: ACTION
    Receive message form player 1 [name: Lee Algebra]: 2 1 U
    Transform message form [number: 1] [name: Lee Algebra]: 6 5 D
    Correct move!
    Player 1 [name Lee Algebra] choose (6,5) move to (2 5)
    Send to player 0 [name: Kotori?] infomation : (1 6 5 2 5)
    Send to player 1 [name: Lee Algebra] infomation : (1 2 1 6 1)
Step 32:
    Send to player 0 [name: Kotori?] a signal: ACTION
    Receive message form player 0 [name: Kotori?]: 0 6 L
    Transform message form [number: 0] [name: Kotori?]: 0 6 L
    Correct move!
    Player 0 [name Kotori?] choose (0,6) move to (0 5)
    Send to player 0 [name: Kotori?] infomation : (0 0 6 0 5)
    Send to player 1 [name: Lee Algebra] infomation : (0 8 0 8 1)
Step 33:
    Send to player 1 [name: Lee Algebra] a signal: ACTION
    Receive message form player 1 [name: Lee Algebra]: 6 1 L
    Transform message form [number: 1] [name: Lee Algebra]: 2 5 R
    Correct move!
    Player 1 [name Lee Algebra] choose (2,5) move to (2 6)
    Send to player 0 [name: Kotori?] infomation : (1 2 5 2 6)
    Send to player 1 [name: Lee Algebra] infomation : (1 6 1 6 0)
Step 34:
    Send to player 0 [name: Kotori?] a signal: ACTION
    Receive message form player 0 [name: Kotori?]: 1 6 L
    Transform message form [number: 0] [name: Kotori?]: 1 6 L
    Correct move!
    Player 0 [name Kotori?] choose (1,6) move to (1 5)
    Send to player 0 [name: Kotori?] infomation : (0 1 6 1 5)
    Send to player 1 [name: Lee Algebra] infomation : (0 7 0 7 1)
Step 35:
    Send to player 1 [name: Lee Algebra] a signal: ACTION
    Receive message form player 1 [name: Lee Algebra]: 6 0 R
    Transform message form [number: 1] [name: Lee Algebra]: 2 6 L
    Correct move!
    Player 1 [name Lee Algebra] choose (2,6) move to (2 5)
    Send to player 0 [name: Kotori?] infomation : (1 2 6 2 5)
    Send to player 1 [name: Lee Algebra] infomation : (1 6 0 6 1)
Step 36:
    Send to player 0 [name: Kotori?] a signal: ACTION
    Receive message form player 0 [name: Kotori?]: 1 5 R
    Transform message form [number: 0] [name: Kotori?]: 1 5 R
    Correct move!
    Player 0 [name Kotori?] choose (1,5) move to (1 6)
    Send to player 0 [name: Kotori?] infomation : (0 1 5 1 6)
    Send to player 1 [name: Lee Algebra] infomation : (0 7 1 7 0)
Step 37:
    Send to player 1 [name: Lee Algebra] a signal: ACTION
    Receive message form player 1 [name: Lee Algebra]: 6 1 R
    Transform message form [number: 1] [name: Lee Algebra]: 2 5 L
    Correct move!
    Player 1 [name Lee Algebra] choose (2,5) move to (2 4)
    Send to player 0 [name: Kotori?] infomation : (1 2 5 2 4)
    Send to player 1 [name: Lee Algebra] infomation : (1 6 1 6 2)
Step 38:
    Send to player 0 [name: Kotori?] a signal: ACTION
    Receive message form player 0 [name: Kotori?]: 0 5 R
    Transform message form [number: 0] [name: Kotori?]: 0 5 R
    Correct move!
    Player 0 [name Kotori?] choose (0,5) move to (0 6)
    Send to player 0 [name: Kotori?] infomation : (0 0 5 0 6)
    Send to player 1 [name: Lee Algebra] infomation : (0 8 1 8 0)
Step 39:
    Send to player 1 [name: Lee Algebra] a signal: ACTION
    Receive message form player 1 [name: Lee Algebra]: 6 2 U
    Transform message form [number: 1] [name: Lee Algebra]: 2 4 D
    Correct move!
    Player 1 [name Lee Algebra] choose (2,4) move to (1 4)
    Send to player 0 [name: Kotori?] infomation : (1 2 4 1 4)
    Send to player 1 [name: Lee Algebra] infomation : (1 6 2 7 2)
Step 40:
    Send to player 0 [name: Kotori?] a signal: ACTION
    Receive message form player 0 [name: Kotori?]: 0 1 R
    Transform message form [number: 0] [name: Kotori?]: 0 1 R
    Correct move!
    Player 0 [name Kotori?] choose (0,1) move to (0 2)
    Send to player 0 [name: Kotori?] infomation : (0 0 1 0 2)
    Send to player 1 [name: Lee Algebra] infomation : (0 8 5 8 4)
Step 41:
    Send to player 1 [name: Lee Algebra] a signal: ACTION
    Receive message form player 1 [name: Lee Algebra]: 7 2 U
    Transform message form [number: 1] [name: Lee Algebra]: 1 4 D
    Correct move!
    Player 1 [name Lee Algebra] choose (1,4) move to (0 4)
    Send to player 0 [name: Kotori?] infomation : (1 1 4 0 4)
    Send to player 1 [name: Lee Algebra] infomation : (1 7 2 8 2)
Step 42:
    Send to player 0 [name: Kotori?] a signal: ACTION
    Receive message form player 0 [name: Kotori?]: 0 2 L
    Transform message form [number: 0] [name: Kotori?]: 0 2 L
    Correct move!
    Player 0 [name Kotori?] choose (0,2) move to (0 1)
    Send to player 0 [name: Kotori?] infomation : (0 0 2 0 1)
    Send to player 1 [name: Lee Algebra] infomation : (0 8 4 8 5)
Step 43:
    Send to player 1 [name: Lee Algebra] a signal: ACTION
    Receive message form player 1 [name: Lee Algebra]: 8 2 R
    Transform message form [number: 1] [name: Lee Algebra]: 0 4 L
    Correct move!
    Player 1 [name Lee Algebra] choose (0,4) move to (0 3)
    Send to player 0 [name: Kotori?] infomation : (1 0 4 0 3)
    Send to player 1 [name: Lee Algebra] infomation : (1 8 2 8 3)
    The Player 1 (name Lee Algebra) win the game
Closing connections:
    Player 0 [name: Kotori?] connection closed succueefully
    Player 1 [name: Lee Algebra] connection closed succueefully
Total Steps: 43
End!
