Initialization:
    Waiting to connect ...
    AI0: Search from 127.0.0.1 connected
    AI1: CICI from 127.0.0.1 connected
    Search is the first player
    CICI is the second player
Step 1:
    Send to player 0 [name: Search] a signal: ACTION
    Receive message form player 0 [name: Search]: 0 0 U
    Transform message form [number: 0] [name: Search]: 0 0 U
    Correct move!
    Player 0 [name Search] choose (0,0) move to (1 0)
    Send to player 0 [name: Search] infomation : (0 0 0 1 0)
    Send to player 1 [name: CICI] infomation : (0 8 6 7 6)
Step 2:
    Send to player 1 [name: CICI] a signal: ACTION
    Receive message form player 1 [name: CICI]: 2 0 R
    Transform message form [number: 1] [name: CICI]: 6 6 L
    Correct move!
    Player 1 [name CICI] choose (6,6) move to (6 5)
    Send to player 0 [name: Search] infomation : (1 6 6 6 5)
    Send to player 1 [name: CICI] infomation : (1 2 0 2 1)
Step 3:
    Send to player 0 [name: Search] a signal: ACTION
    Receive message form player 0 [name: Search]: 2 0 R
    Transform message form [number: 0] [name: Search]: 2 0 R
    Correct move!
    Player 0 [name Search] choose (2,0) move to (2 1)
    Send to player 0 [name: Search] infomation : (0 2 0 2 1)
    Send to player 1 [name: CICI] infomation : (0 6 6 6 5)
Step 4:
    Send to player 1 [name: CICI] a signal: ACTION
    Receive message form player 1 [name: CICI]: 2 2 R
    Transform message form [number: 1] [name: CICI]: 6 4 L
    Correct move!
    Player 1 [name CICI] choose (6,4) move to (6 3)
    Send to player 0 [name: Search] infomation : (1 6 4 6 3)
    Send to player 1 [name: CICI] infomation : (1 2 2 2 3)
Step 5:
    Send to player 0 [name: Search] a signal: ACTION
    Receive message form player 0 [name: Search]: 1 1 D
    Transform message form [number: 0] [name: Search]: 1 1 D
    Correct move!
    Player 0 [name Search] choose (1,1) move to (0 1)
    Send to player 0 [name: Search] infomation : (0 1 1 0 1)
    Send to player 1 [name: CICI] infomation : (0 7 5 8 5)
Step 6:
    Send to player 1 [name: CICI] a signal: ACTION
    Receive message form player 1 [name: CICI]: 2 1 R
    Transform message form [number: 1] [name: CICI]: 6 5 L
    Correct move!
    Player 1 [name CICI] choose (6,5) move to (6 4)
    Send to player 0 [name: Search] infomation : (1 6 5 6 4)
    Send to player 1 [name: CICI] infomation : (1 2 1 2 2)
Step 7:
    Send to player 0 [name: Search] a signal: ACTION
    Receive message form player 0 [name: Search]: 2 6 U
    Transform message form [number: 0] [name: Search]: 2 6 U
    Correct move!
    Player 0 [name Search] choose (2,6) move to (3 6)
    Send to player 0 [name: Search] infomation : (0 2 6 3 6)
    Send to player 1 [name: CICI] infomation : (0 6 0 5 0)
Step 8:
    Send to player 1 [name: CICI] a signal: ACTION
    Receive message form player 1 [name: CICI]: 2 2 D
    Transform message form [number: 1] [name: CICI]: 6 4 U
    Correct move!
    Player 1 [name CICI] choose (6,4) move to (7 4)
    Send to player 0 [name: Search] infomation : (1 6 4 7 4)
    Send to player 1 [name: CICI] infomation : (1 2 2 1 2)
Step 9:
    Send to player 0 [name: Search] a signal: ACTION
    Receive message form player 0 [name: Search]: 1 5 D
    Transform message form [number: 0] [name: Search]: 1 5 D
    Correct move!
    Player 0 [name Search] choose (1,5) move to (0 5)
    Send to player 0 [name: Search] infomation : (0 1 5 0 5)
    Send to player 1 [name: CICI] infomation : (0 7 1 8 1)
Step 10:
    Send to player 1 [name: CICI] a signal: ACTION
    Receive message form player 1 [name: CICI]: 1 2 R
    Transform message form [number: 1] [name: CICI]: 7 4 L
    Correct move!
    Player 1 [name CICI] choose (7,4) move to (7 3)
    Send to player 0 [name: Search] infomation : (1 7 4 7 3)
    Send to player 1 [name: CICI] infomation : (1 1 2 1 3)
Step 11:
    Send to player 0 [name: Search] a signal: ACTION
    Receive message form player 0 [name: Search]: 0 5 L
    Transform message form [number: 0] [name: Search]: 0 5 L
    Correct move!
    Player 0 [name Search] choose (0,5) move to (0 4)
    Send to player 0 [name: Search] infomation : (0 0 5 0 4)
    Send to player 1 [name: CICI] infomation : (0 8 1 8 2)
Step 12:
    Send to player 1 [name: CICI] a signal: ACTION
    Receive message form player 1 [name: CICI]: 1 5 L
    Transform message form [number: 1] [name: CICI]: 7 1 R
    Correct move!
    Player 1 [name CICI] choose (7,1) move to (7 2)
    Send to player 0 [name: Search] infomation : (1 7 1 7 2)
    Send to player 1 [name: CICI] infomation : (1 1 5 1 4)
Step 13:
    Send to player 0 [name: Search] a signal: ACTION
    Receive message form player 0 [name: Search]: 2 1 D
    Transform message form [number: 0] [name: Search]: 2 1 D
    Correct move!
    Player 0 [name Search] choose (2,1) move to (1 1)
    Send to player 0 [name: Search] infomation : (0 2 1 1 1)
    Send to player 1 [name: CICI] infomation : (0 6 5 7 5)
Step 14:
    Send to player 1 [name: CICI] a signal: ACTION
    Receive message form player 1 [name: CICI]: 1 1 D
    Transform message form [number: 1] [name: CICI]: 7 5 U
    Correct move!
    Player 1 [name CICI] choose (7,5) move to (8 5)
    Send to player 0 [name: Search] infomation : (1 7 5 8 5)
    Send to player 1 [name: CICI] infomation : (1 1 1 0 1)
Step 15:
    Send to player 0 [name: Search] a signal: ACTION
    Receive message form player 0 [name: Search]: 1 1 R
    Transform message form [number: 0] [name: Search]: 1 1 R
    Correct move!
    Player 0 [name Search] choose (1,1) move to (1 2)
    Send to player 0 [name: Search] infomation : (0 1 1 1 2)
    Send to player 1 [name: CICI] infomation : (0 7 5 7 4)
Step 16:
    Send to player 1 [name: CICI] a signal: ACTION
    Receive message form player 1 [name: CICI]: 1 4 D
    Transform message form [number: 1] [name: CICI]: 7 2 U
    Correct move!
    Player 1 [name CICI] choose (7,2) move to (8 2)
    Send to player 0 [name: Search] infomation : (1 7 2 8 2)
    Send to player 1 [name: CICI] infomation : (1 1 4 0 4)
Step 17:
    Send to player 0 [name: Search] a signal: ACTION
    Receive message form player 0 [name: Search]: 1 2 R
    Transform message form [number: 0] [name: Search]: 1 2 R
    Correct move!
    Player 0 [name Search] choose (1,2) move to (1 3)
    Send to player 0 [name: Search] infomation : (0 1 2 1 3)
    Send to player 1 [name: CICI] infomation : (0 7 4 7 3)
Step 18:
    Send to player 1 [name: CICI] a signal: ACTION
    Receive message form player 1 [name: CICI]: 0 6 U
    Transform message form [number: 1] [name: CICI]: 8 0 D
    Correct move!
    Player 1 [name CICI] choose (8,0) move to (7 0)
    Send to player 0 [name: Search] infomation : (1 8 0 7 0)
    Send to player 1 [name: CICI] infomation : (1 0 6 1 6)
Step 19:
    Send to player 0 [name: Search] a signal: ACTION
    Receive message form player 0 [name: Search]: 0 1 R
    Transform message form [number: 0] [name: Search]: 0 1 R
    Correct move!
    Player 0 [name Search] choose (0,1) move to (0 2)
    Send to player 0 [name: Search] infomation : (0 0 1 0 2)
    Send to player 1 [name: CICI] infomation : (0 8 5 8 4)
Step 20:
    Send to player 1 [name: CICI] a signal: ACTION
    Receive message form player 1 [name: CICI]: 1 6 L
    Transform message form [number: 1] [name: CICI]: 7 0 R
    Correct move!
    Player 1 [name CICI] choose (7,0) move to (7 1)
    Send to player 0 [name: Search] infomation : (1 7 0 7 1)
    Send to player 1 [name: CICI] infomation : (1 1 6 1 5)
Step 21:
    Send to player 0 [name: Search] a signal: ACTION
    Receive message form player 0 [name: Search]: 3 6 L
    Transform message form [number: 0] [name: Search]: 3 6 L
    Correct move!
    Player 0 [name Search] choose (3,6) move to (3 5)
    Send to player 0 [name: Search] infomation : (0 3 6 3 5)
    Send to player 1 [name: CICI] infomation : (0 5 0 5 1)
Step 22:
    Send to player 1 [name: CICI] a signal: ACTION
    Receive message form player 1 [name: CICI]: 1 5 U
    Transform message form [number: 1] [name: CICI]: 7 1 D
    Correct move!
    Player 1 [name CICI] choose (7,1) move to (6 1)
    Send to player 0 [name: Search] infomation : (1 7 1 6 1)
    Send to player 1 [name: CICI] infomation : (1 1 5 2 5)
Step 23:
    Send to player 0 [name: Search] a signal: ACTION
    Receive message form player 0 [name: Search]: 3 5 L
    Transform message form [number: 0] [name: Search]: 3 5 L
    Correct move!
    Player 0 [name Search] choose (3,5) move to (3 4)
    Send to player 0 [name: Search] infomation : (0 3 5 3 4)
    Send to player 1 [name: CICI] infomation : (0 5 1 5 2)
Step 24:
    Send to player 1 [name: CICI] a signal: ACTION
    Receive message form player 1 [name: CICI]: 0 1 R
    Transform message form [number: 1] [name: CICI]: 8 5 L
    Correct move!
    Player 1 [name CICI] choose (8,5) move to (8 4)
    Send to player 0 [name: Search] infomation : (1 8 5 8 4)
    Send to player 1 [name: CICI] infomation : (1 0 1 0 2)
Step 25:
    Send to player 0 [name: Search] a signal: ACTION
    Receive message form player 0 [name: Search]: 0 6 U
    Transform message form [number: 0] [name: Search]: 0 6 U
    Correct move!
    Player 0 [name Search] choose (0,6) move to (1 6)
    Send to player 0 [name: Search] infomation : (0 0 6 1 6)
    Send to player 1 [name: CICI] infomation : (0 8 0 7 0)
Step 26:
    Send to player 1 [name: CICI] a signal: ACTION
    Receive message form player 1 [name: CICI]: 2 5 U
    Transform message form [number: 1] [name: CICI]: 6 1 D
    Correct move!
    Player 1 [name CICI] choose (6,1) move to (2 1)
    Send to player 0 [name: Search] infomation : (1 6 1 2 1)
    Send to player 1 [name: CICI] infomation : (1 2 5 6 5)
Step 27:
    Send to player 0 [name: Search] a signal: ACTION
    Receive message form player 0 [name: Search]: 2 2 R
    Transform message form [number: 0] [name: Search]: 2 2 R
    Correct move!
    Player 0 [name Search] choose (2,2) move to (2 3)
    Send to player 0 [name: Search] infomation : (0 2 2 2 3)
    Send to player 1 [name: CICI] infomation : (0 6 4 6 3)
Step 28:
    Send to player 1 [name: CICI] a signal: ACTION
    Receive message form player 1 [name: CICI]: 6 5 U
    Transform message form [number: 1] [name: CICI]: 2 1 D
    Correct move!
    Player 1 [name CICI] choose (2,1) move to (1 1)
    Send to player 0 [name: Search] infomation : (1 2 1 1 1)
    Send to player 1 [name: CICI] infomation : (1 6 5 7 5)
Step 29:
    Send to player 0 [name: Search] a signal: ACTION
    Receive message form player 0 [name: Search]: 1 0 U
    Transform message form [number: 0] [name: Search]: 1 0 U
    Correct move!
    Player 0 [name Search] choose (1,0) move to (2 0)
    Send to player 0 [name: Search] infomation : (0 1 0 2 0)
    Send to player 1 [name: CICI] infomation : (0 7 6 6 6)
Step 30:
    Send to player 1 [name: CICI] a signal: ACTION
    Receive message form player 1 [name: CICI]: 0 0 U
    Transform message form [number: 1] [name: CICI]: 8 6 D
    Correct move!
    Player 1 [name CICI] choose (8,6) move to (7 6)
    Send to player 0 [name: Search] infomation : (1 8 6 7 6)
    Send to player 1 [name: CICI] infomation : (1 0 0 1 0)
Step 31:
    Send to player 0 [name: Search] a signal: ACTION
    Receive message form player 0 [name: Search]: 1 6 U
    Transform message form [number: 0] [name: Search]: 1 6 U
    Correct move!
    Player 0 [name Search] choose (1,6) move to (2 6)
    Send to player 0 [name: Search] infomation : (0 1 6 2 6)
    Send to player 1 [name: CICI] infomation : (0 7 0 6 0)
Step 32:
    Send to player 1 [name: CICI] a signal: ACTION
    Receive message form player 1 [name: CICI]: 7 5 U
    Transform message form [number: 1] [name: CICI]: 1 1 D
    Correct move!
    Player 1 [name CICI] choose (1,1) move to (0 1)
    Send to player 0 [name: Search] infomation : (1 1 1 0 1)
    Send to player 1 [name: CICI] infomation : (1 7 5 8 5)
Step 33:
    Send to player 0 [name: Search] a signal: ACTION
    Receive message form player 0 [name: Search]: 0 2 U
    Transform message form [number: 0] [name: Search]: 0 2 U
    Correct move!
    Player 0 [name Search] choose (0,2) move to (1 2)
    Send to player 0 [name: Search] infomation : (0 0 2 1 2)
    Send to player 1 [name: CICI] infomation : (0 8 4 7 4)
Step 34:
    Send to player 1 [name: CICI] a signal: ACTION
    Receive message form player 1 [name: CICI]: 1 0 R
    Transform message form [number: 1] [name: CICI]: 7 6 L
    Correct move!
    Player 1 [name CICI] choose (7,6) move to (7 5)
    Send to player 0 [name: Search] infomation : (1 7 6 7 5)
    Send to player 1 [name: CICI] infomation : (1 1 0 1 1)
Step 35:
    Send to player 0 [name: Search] a signal: ACTION
    Receive message form player 0 [name: Search]: 2 6 L
    Transform message form [number: 0] [name: Search]: 2 6 L
    Correct move!
    Player 0 [name Search] choose (2,6) move to (2 5)
    Send to player 0 [name: Search] infomation : (0 2 6 2 5)
    Send to player 1 [name: CICI] infomation : (0 6 0 6 1)
Step 36:
    Send to player 1 [name: CICI] a signal: ACTION
    Receive message form player 1 [name: CICI]: 1 1 R
    Transform message form [number: 1] [name: CICI]: 7 5 L
    Correct move!
    Player 1 [name CICI] choose (7,5) move to (7 4)
    Send to player 0 [name: Search] infomation : (1 7 5 7 4)
    Send to player 1 [name: CICI] infomation : (1 1 1 1 2)
Step 37:
    Send to player 0 [name: Search] a signal: ACTION
    Receive message form player 0 [name: Search]: 2 5 U
    Transform message form [number: 0] [name: Search]: 2 5 U
    Correct move!
    Player 0 [name Search] choose (2,5) move to (6 5)
    Send to player 0 [name: Search] infomation : (0 2 5 6 5)
    Send to player 1 [name: CICI] infomation : (0 6 1 2 1)
Step 38:
    Send to player 1 [name: CICI] a signal: ACTION
    Receive message form player 1 [name: CICI]: 2 3 U
    Transform message form [number: 1] [name: CICI]: 6 3 D
    Correct move!
    Player 1 [name CICI] choose (6,3) move to (5 3)
    Send to player 0 [name: Search] infomation : (1 6 3 5 3)
    Send to player 1 [name: CICI] infomation : (1 2 3 3 3)
Step 39:
    Send to player 0 [name: Search] a signal: ACTION
    Receive message form player 0 [name: Search]: 6 5 U
    Transform message form [number: 0] [name: Search]: 6 5 U
    Correct move!
    Player 0 [name Search] choose (6,5) move to (7 5)
    Send to player 0 [name: Search] infomation : (0 6 5 7 5)
    Send to player 1 [name: CICI] infomation : (0 2 1 1 1)
Step 40:
    Send to player 1 [name: CICI] a signal: ACTION
    Receive message form player 1 [name: CICI]: 1 2 U
    Transform message form [number: 1] [name: CICI]: 7 4 D
    Correct move!
    Player 1 [name CICI] choose (7,4) move to (6 4)
    Send to player 0 [name: Search] infomation : (1 7 4 6 4)
    Send to player 1 [name: CICI] infomation : (1 1 2 2 2)
Step 41:
    Send to player 0 [name: Search] a signal: ACTION
    Receive message form player 0 [name: Search]: 7 5 U
    Transform message form [number: 0] [name: Search]: 7 5 U
    Correct move!
    Player 0 [name Search] choose (7,5) move to (8 5)
    Send to player 0 [name: Search] infomation : (0 7 5 8 5)
    Send to player 1 [name: CICI] infomation : (0 1 1 0 1)
Step 42:
    Send to player 1 [name: CICI] a signal: ACTION
    Receive message form player 1 [name: CICI]: 0 2 U
    Transform message form [number: 1] [name: CICI]: 8 4 D
    Correct move!
    Player 1 [name CICI] choose (8,4) move to (7 4)
    Send to player 0 [name: Search] infomation : (1 8 4 7 4)
    Send to player 1 [name: CICI] infomation : (1 0 2 1 2)
Step 43:
    Send to player 0 [name: Search] a signal: ACTION
    Receive message form player 0 [name: Search]: 2 0 U
    Transform message form [number: 0] [name: Search]: 2 0 U
    Correct move!
    Player 0 [name Search] choose (2,0) move to (3 0)
    Send to player 0 [name: Search] infomation : (0 2 0 3 0)
    Send to player 1 [name: CICI] infomation : (0 6 6 5 6)
Step 44:
    Send to player 1 [name: CICI] a signal: ACTION
    Receive message form player 1 [name: CICI]: 3 3 D
    Transform message form [number: 1] [name: CICI]: 5 3 U
    Correct move!
    Player 1 [name CICI] choose (5,3) move to (6 3)
    Send to player 0 [name: Search] infomation : (1 5 3 6 3)
    Send to player 1 [name: CICI] infomation : (1 3 3 2 3)
Step 45:
    Send to player 0 [name: Search] a signal: ACTION
    Receive message form player 0 [name: Search]: 3 0 R
    Transform message form [number: 0] [name: Search]: 3 0 R
    Correct move!
    Player 0 [name Search] choose (3,0) move to (3 3)
    Send to player 0 [name: Search] infomation : (0 3 0 3 3)
    Send to player 1 [name: CICI] infomation : (0 5 6 5 3)
Step 46:
    Send to player 1 [name: CICI] a signal: ACTION
    Receive message form player 1 [name: CICI]: 2 6 L
    Transform message form [number: 1] [name: CICI]: 6 0 R
    Correct move!
    Player 1 [name CICI] choose (6,0) move to (6 1)
    Send to player 0 [name: Search] infomation : (1 6 0 6 1)
    Send to player 1 [name: CICI] infomation : (1 2 6 2 5)
Step 47:
    Send to player 0 [name: Search] a signal: ACTION
    Receive message form player 0 [name: Search]: 3 3 U
    Transform message form [number: 0] [name: Search]: 3 3 U
    Correct move!
    Player 0 [name Search] choose (3,3) move to (4 3)
    Send to player 0 [name: Search] infomation : (0 3 3 4 3)
    Send to player 1 [name: CICI] infomation : (0 5 3 4 3)
Step 48:
    Send to player 1 [name: CICI] a signal: ACTION
    Receive message form player 1 [name: CICI]: 2 4 D
    Transform message form [number: 1] [name: CICI]: 6 2 U
    Correct move!
    Player 1 [name CICI] choose (6,2) move to (7 2)
    Send to player 0 [name: Search] infomation : (1 6 2 7 2)
    Send to player 1 [name: CICI] infomation : (1 2 4 1 4)
Step 49:
    Send to player 0 [name: Search] a signal: ACTION
    Receive message form player 0 [name: Search]: 4 3 U
    Transform message form [number: 0] [name: Search]: 4 3 U
    Correct move!
    Player 0 [name Search] choose (4,3) move to (5 3)
    Send to player 0 [name: Search] infomation : (0 4 3 5 3)
    Send to player 1 [name: CICI] infomation : (0 4 3 3 3)
Step 50:
    Send to player 1 [name: CICI] a signal: ACTION
    Receive message form player 1 [name: CICI]: 2 3 R
    Transform message form [number: 1] [name: CICI]: 6 3 L
    Correct move!
    Player 1 [name CICI] choose (6,3) move to (6 2)
    Send to player 0 [name: Search] infomation : (1 6 3 6 2)
    Send to player 1 [name: CICI] infomation : (1 2 3 2 4)
Step 51:
    Send to player 0 [name: Search] a signal: ACTION
    Receive message form player 0 [name: Search]: 2 3 L
    Transform message form [number: 0] [name: Search]: 2 3 L
    Correct move!
    Player 0 [name Search] choose (2,3) move to (2 2)
    Send to player 0 [name: Search] infomation : (0 2 3 2 2)
    Send to player 1 [name: CICI] infomation : (0 6 3 6 4)
Step 52:
    Send to player 1 [name: CICI] a signal: ACTION
    Receive message form player 1 [name: CICI]: 2 5 U
    Transform message form [number: 1] [name: CICI]: 6 1 D
    Correct move!
    Player 1 [name CICI] choose (6,1) move to (5 1)
    Send to player 0 [name: Search] infomation : (1 6 1 5 1)
    Send to player 1 [name: CICI] infomation : (1 2 5 3 5)
Step 53:
    Send to player 0 [name: Search] a signal: ACTION
    Receive message form player 0 [name: Search]: 2 2 L
    Transform message form [number: 0] [name: Search]: 2 2 L
    Correct move!
    Player 0 [name Search] choose (2,2) move to (2 1)
    Send to player 0 [name: Search] infomation : (0 2 2 2 1)
    Send to player 1 [name: CICI] infomation : (0 6 4 6 5)
Step 54:
    Send to player 1 [name: CICI] a signal: ACTION
    Receive message form player 1 [name: CICI]: 8 5 D
    Transform message form [number: 1] [name: CICI]: 0 1 U
    Correct move!
    Player 1 [name CICI] choose (0,1) move to (1 1)
    Send to player 0 [name: Search] infomation : (1 0 1 1 1)
    Send to player 1 [name: CICI] infomation : (1 8 5 7 5)
Step 55:
    Send to player 0 [name: Search] a signal: ACTION
    Receive message form player 0 [name: Search]: 1 2 D
    Transform message form [number: 0] [name: Search]: 1 2 D
    Correct move!
    Player 0 [name Search] choose (1,2) move to (0 2)
    Send to player 0 [name: Search] infomation : (0 1 2 0 2)
    Send to player 1 [name: CICI] infomation : (0 7 4 8 4)
Step 56:
    Send to player 1 [name: CICI] a signal: ACTION
    Receive message form player 1 [name: CICI]: 7 5 D
    Transform message form [number: 1] [name: CICI]: 1 1 U
    Correct move!
    Player 1 [name CICI] choose (1,1) move to (2 1)
    Send to player 0 [name: Search] infomation : (1 1 1 2 1)
    Send to player 1 [name: CICI] infomation : (1 7 5 6 5)
Step 57:
    Send to player 0 [name: Search] a signal: ACTION
    Receive message form player 0 [name: Search]: 5 3 R
    Transform message form [number: 0] [name: Search]: 5 3 R
    Correct move!
    Player 0 [name Search] choose (5,3) move to (5 6)
    Send to player 0 [name: Search] infomation : (0 5 3 5 6)
    Send to player 1 [name: CICI] infomation : (0 3 3 3 0)
Step 58:
    Send to player 1 [name: CICI] a signal: ACTION
    Receive message form player 1 [name: CICI]: 6 5 U
    Transform message form [number: 1] [name: CICI]: 2 1 D
    Correct move!
    Player 1 [name CICI] choose (2,1) move to (1 1)
    Send to player 0 [name: Search] infomation : (1 2 1 1 1)
    Send to player 1 [name: CICI] infomation : (1 6 5 7 5)
Step 59:
    Send to player 0 [name: Search] a signal: ACTION
    Receive message form player 0 [name: Search]: 5 6 L
    Transform message form [number: 0] [name: Search]: 5 6 L
    Correct move!
    Player 0 [name Search] choose (5,6) move to (5 3)
    Send to player 0 [name: Search] infomation : (0 5 6 5 3)
    Send to player 1 [name: CICI] infomation : (0 3 0 3 3)
Step 60:
    Send to player 1 [name: CICI] a signal: ACTION
    Receive message form player 1 [name: CICI]: 7 5 U
    Transform message form [number: 1] [name: CICI]: 1 1 D
    Correct move!
    Player 1 [name CICI] choose (1,1) move to (0 1)
    Send to player 0 [name: Search] infomation : (1 1 1 0 1)
    Send to player 1 [name: CICI] infomation : (1 7 5 8 5)
Step 61:
    Send to player 0 [name: Search] a signal: ACTION
    Receive message form player 0 [name: Search]: 0 2 U
    Transform message form [number: 0] [name: Search]: 0 2 U
    Correct move!
    Player 0 [name Search] choose (0,2) move to (1 2)
    Send to player 0 [name: Search] infomation : (0 0 2 1 2)
    Send to player 1 [name: CICI] infomation : (0 8 4 7 4)
Step 62:
    Send to player 1 [name: CICI] a signal: ACTION
    Receive message form player 1 [name: CICI]: 3 5 L
    Transform message form [number: 1] [name: CICI]: 5 1 R
    Correct move!
    Player 1 [name CICI] choose (5,1) move to (5 2)
    Send to player 0 [name: Search] infomation : (1 5 1 5 2)
    Send to player 1 [name: CICI] infomation : (1 3 5 3 4)
Step 63:
    Send to player 0 [name: Search] a signal: ACTION
    Receive message form player 0 [name: Search]: 5 3 R
    Transform message form [number: 0] [name: Search]: 5 3 R
    Correct move!
    Player 0 [name Search] choose (5,3) move to (5 6)
    Send to player 0 [name: Search] infomation : (0 5 3 5 6)
    Send to player 1 [name: CICI] infomation : (0 3 3 3 0)
Step 64:
    Send to player 1 [name: CICI] a signal: ACTION
    Receive message form player 1 [name: CICI]: 2 2 R
    Transform message form [number: 1] [name: CICI]: 6 4 L
    Correct move!
    Player 1 [name CICI] choose (6,4) move to (6 3)
    Send to player 0 [name: Search] infomation : (1 6 4 6 3)
    Send to player 1 [name: CICI] infomation : (1 2 2 2 3)
Step 65:
    Send to player 0 [name: Search] a signal: ACTION
    Receive message form player 0 [name: Search]: 5 6 U
    Transform message form [number: 0] [name: Search]: 5 6 U
    Correct move!
    Player 0 [name Search] choose (5,6) move to (6 6)
    Send to player 0 [name: Search] infomation : (0 5 6 6 6)
    Send to player 1 [name: CICI] infomation : (0 3 0 2 0)
Step 66:
    Send to player 1 [name: CICI] a signal: ACTION
    Receive message form player 1 [name: CICI]: 2 3 U
    Transform message form [number: 1] [name: CICI]: 6 3 D
    Correct move!
    Player 1 [name CICI] choose (6,3) move to (5 3)
    Send to player 0 [name: Search] infomation : (1 6 3 5 3)
    Send to player 1 [name: CICI] infomation : (1 2 3 3 3)
Step 67:
    Send to player 0 [name: Search] a signal: ACTION
    Receive message form player 0 [name: Search]: 6 6 L
    Transform message form [number: 0] [name: Search]: 6 6 L
    Correct move!
    Player 0 [name Search] choose (6,6) move to (6 5)
    Send to player 0 [name: Search] infomation : (0 6 6 6 5)
    Send to player 1 [name: CICI] infomation : (0 2 0 2 1)
Step 68:
    Send to player 1 [name: CICI] a signal: ACTION
    Receive message form player 1 [name: CICI]: 3 3 D
    Transform message form [number: 1] [name: CICI]: 5 3 U
    Correct move!
    Player 1 [name CICI] choose (5,3) move to (6 3)
    Send to player 0 [name: Search] infomation : (1 5 3 6 3)
    Send to player 1 [name: CICI] infomation : (1 3 3 2 3)
Step 69:
    Send to player 0 [name: Search] a signal: ACTION
    Receive message form player 0 [name: Search]: 3 4 U
    Transform message form [number: 0] [name: Search]: 3 4 U
    Correct move!
    Player 0 [name Search] choose (3,4) move to (4 4)
    Send to player 0 [name: Search] infomation : (0 3 4 4 4)
    Send to player 1 [name: CICI] infomation : (0 5 2 4 2)
Step 70:
    Send to player 1 [name: CICI] a signal: ACTION
    Receive message form player 1 [name: CICI]: 3 4 U
    Transform message form [number: 1] [name: CICI]: 5 2 D
    Correct move!
    Player 1 [name CICI] choose (5,2) move to (4 2)
    Send to player 0 [name: Search] infomation : (1 5 2 4 2)
    Send to player 1 [name: CICI] infomation : (1 3 4 4 4)
Step 71:
    Send to player 0 [name: Search] a signal: ACTION
    Receive message form player 0 [name: Search]: 6 5 U
    Transform message form [number: 0] [name: Search]: 6 5 U
    Correct move!
    Player 0 [name Search] choose (6,5) move to (7 5)
    Send to player 0 [name: Search] infomation : (0 6 5 7 5)
    Send to player 1 [name: CICI] infomation : (0 2 1 1 1)
Step 72:
    Send to player 1 [name: CICI] a signal: ACTION
    Receive message form player 1 [name: CICI]: 1 2 U
    Transform message form [number: 1] [name: CICI]: 7 4 D
    Correct move!
    Player 1 [name CICI] choose (7,4) move to (6 4)
    Send to player 0 [name: Search] infomation : (1 7 4 6 4)
    Send to player 1 [name: CICI] infomation : (1 1 2 2 2)
Step 73:
    Send to player 0 [name: Search] a signal: ACTION
    Receive message form player 0 [name: Search]: 8 5 L
    Transform message form [number: 0] [name: Search]: 8 5 L
    Correct move!
    Player 0 [name Search] choose (8,5) move to (8 4)
    Send to player 0 [name: Search] infomation : (0 8 5 8 4)
    Send to player 1 [name: CICI] infomation : (0 0 1 0 2)
Step 74:
    Send to player 1 [name: CICI] a signal: ACTION
    Receive message form player 1 [name: CICI]: 0 4 R
    Transform message form [number: 1] [name: CICI]: 8 2 L
    Correct move!
    Player 1 [name CICI] choose (8,2) move to (8 1)
    Send to player 0 [name: Search] infomation : (1 8 2 8 1)
    Send to player 1 [name: CICI] infomation : (1 0 4 0 5)
Step 75:
    Send to player 0 [name: Search] a signal: ACTION
    Receive message form player 0 [name: Search]: 8 4 L
    Transform message form [number: 0] [name: Search]: 8 4 L
    Correct move!
    Player 0 [name Search] choose (8,4) move to (8 3)
    Send to player 0 [name: Search] infomation : (0 8 4 8 3)
    Send to player 1 [name: CICI] infomation : (0 0 2 0 3)
    The Player 0 (name Search) win the game
Closing connections:
    Player 0 [name: Search] connection closed succueefully
    Player 1 [name: CICI] connection closed succueefully
Total Steps: 75
End!
