Initialization:
    Waiting to connect ...
    AI0: balala from 127.0.0.1 connected
    AI1: Good Luck My AI from 127.0.0.1 connected
    Good Luck My AI is the first player
    balala is the second player
Step 1:
    Send to player 1 [name: Good Luck My AI] a signal: ACTION
    Receive message form player 1 [name: Good Luck My AI]: 2 0 R
    Transform message form [number: 1] [name: Good Luck My AI]: 6 6 L
    Correct move!
    Player 1 [name Good Luck My AI] choose (6,6) move to (6 5)
    Send to player 0 [name: balala] infomation : (1 6 6 6 5)
    Send to player 1 [name: Good Luck My AI] infomation : (1 2 0 2 1)
Step 2:
    Send to player 0 [name: balala] a signal: ACTION
    Receive message form player 0 [name: balala]: 0 6 L
    Transform message form [number: 0] [name: balala]: 0 6 L
    Correct move!
    Player 0 [name balala] choose (0,6) move to (0 5)
    Send to player 0 [name: balala] infomation : (0 0 6 0 5)
    Send to player 1 [name: Good Luck My AI] infomation : (0 8 0 8 1)
Step 3:
    Send to player 1 [name: Good Luck My AI] a signal: ACTION
    Receive message form player 1 [name: Good Luck My AI]: 0 6 L
    Transform message form [number: 1] [name: Good Luck My AI]: 8 0 R
    Correct move!
    Player 1 [name Good Luck My AI] choose (8,0) move to (8 1)
    Send to player 0 [name: balala] infomation : (1 8 0 8 1)
    Send to player 1 [name: Good Luck My AI] infomation : (1 0 6 0 5)
Step 4:
    Send to player 0 [name: balala] a signal: ACTION
    Receive message form player 0 [name: balala]: 0 5 R
    Transform message form [number: 0] [name: balala]: 0 5 R
    Correct move!
    Player 0 [name balala] choose (0,5) move to (0 6)
    Send to player 0 [name: balala] infomation : (0 0 5 0 6)
    Send to player 1 [name: Good Luck My AI] infomation : (0 8 1 8 0)
Step 5:
    Send to player 1 [name: Good Luck My AI] a signal: ACTION
    Receive message form player 1 [name: Good Luck My AI]: 0 5 L
    Transform message form [number: 1] [name: Good Luck My AI]: 8 1 R
    Correct move!
    Player 1 [name Good Luck My AI] choose (8,1) move to (8 2)
    Send to player 0 [name: balala] infomation : (1 8 1 8 2)
    Send to player 1 [name: Good Luck My AI] infomation : (1 0 5 0 4)
Step 6:
    Send to player 0 [name: balala] a signal: ACTION
    Receive message form player 0 [name: balala]: 0 6 L
    Transform message form [number: 0] [name: balala]: 0 6 L
    Correct move!
    Player 0 [name balala] choose (0,6) move to (0 5)
    Send to player 0 [name: balala] infomation : (0 0 6 0 5)
    Send to player 1 [name: Good Luck My AI] infomation : (0 8 0 8 1)
Step 7:
    Send to player 1 [name: Good Luck My AI] a signal: ACTION
    Receive message form player 1 [name: Good Luck My AI]: 0 4 U
    Transform message form [number: 1] [name: Good Luck My AI]: 8 2 D
    Correct move!
    Player 1 [name Good Luck My AI] choose (8,2) move to (7 2)
    Send to player 0 [name: balala] infomation : (1 8 2 7 2)
    Send to player 1 [name: Good Luck My AI] infomation : (1 0 4 1 4)
Step 8:
    Send to player 0 [name: balala] a signal: ACTION
    Receive message form player 0 [name: balala]: 0 5 R
    Transform message form [number: 0] [name: balala]: 0 5 R
    Correct move!
    Player 0 [name balala] choose (0,5) move to (0 6)
    Send to player 0 [name: balala] infomation : (0 0 5 0 6)
    Send to player 1 [name: Good Luck My AI] infomation : (0 8 1 8 0)
Step 9:
    Send to player 1 [name: Good Luck My AI] a signal: ACTION
    Receive message form player 1 [name: Good Luck My AI]: 0 0 U
    Transform message form [number: 1] [name: Good Luck My AI]: 8 6 D
    Correct move!
    Player 1 [name Good Luck My AI] choose (8,6) move to (7 6)
    Send to player 0 [name: balala] infomation : (1 8 6 7 6)
    Send to player 1 [name: Good Luck My AI] infomation : (1 0 0 1 0)
Step 10:
    Send to player 0 [name: balala] a signal: ACTION
    Receive message form player 0 [name: balala]: 0 6 L
    Transform message form [number: 0] [name: balala]: 0 6 L
    Correct move!
    Player 0 [name balala] choose (0,6) move to (0 5)
    Send to player 0 [name: balala] infomation : (0 0 6 0 5)
    Send to player 1 [name: Good Luck My AI] infomation : (0 8 0 8 1)
Step 11:
    Send to player 1 [name: Good Luck My AI] a signal: ACTION
    Receive message form player 1 [name: Good Luck My AI]: 2 4 L
    Transform message form [number: 1] [name: Good Luck My AI]: 6 2 R
    Correct move!
    Player 1 [name Good Luck My AI] choose (6,2) move to (6 3)
    Send to player 0 [name: balala] infomation : (1 6 2 6 3)
    Send to player 1 [name: Good Luck My AI] infomation : (1 2 4 2 3)
Step 12:
    Send to player 0 [name: balala] a signal: ACTION
    Receive message form player 0 [name: balala]: 0 5 L
    Transform message form [number: 0] [name: balala]: 0 5 L
    Correct move!
    Player 0 [name balala] choose (0,5) move to (0 4)
    Send to player 0 [name: balala] infomation : (0 0 5 0 4)
    Send to player 1 [name: Good Luck My AI] infomation : (0 8 1 8 2)
Step 13:
    Send to player 1 [name: Good Luck My AI] a signal: ACTION
    Receive message form player 1 [name: Good Luck My AI]: 1 1 R
    Transform message form [number: 1] [name: Good Luck My AI]: 7 5 L
    Correct move!
    Player 1 [name Good Luck My AI] choose (7,5) move to (7 4)
    Send to player 0 [name: balala] infomation : (1 7 5 7 4)
    Send to player 1 [name: Good Luck My AI] infomation : (1 1 1 1 2)
Step 14:
    Send to player 0 [name: balala] a signal: ACTION
    Receive message form player 0 [name: balala]: 0 4 U
    Transform message form [number: 0] [name: balala]: 0 4 U
    Correct move!
    Player 0 [name balala] choose (0,4) move to (1 4)
    Send to player 0 [name: balala] infomation : (0 0 4 1 4)
    Send to player 1 [name: Good Luck My AI] infomation : (0 8 2 7 2)
Step 15:
    Send to player 1 [name: Good Luck My AI] a signal: ACTION
    Receive message form player 1 [name: Good Luck My AI]: 2 1 D
    Transform message form [number: 1] [name: Good Luck My AI]: 6 5 U
    Correct move!
    Player 1 [name Good Luck My AI] choose (6,5) move to (7 5)
    Send to player 0 [name: balala] infomation : (1 6 5 7 5)
    Send to player 1 [name: Good Luck My AI] infomation : (1 2 1 1 1)
Step 16:
    Send to player 0 [name: balala] a signal: ACTION
    Receive message form player 0 [name: balala]: 1 4 L
    Transform message form [number: 0] [name: balala]: 1 4 L
    Correct move!
    Player 0 [name balala] choose (1,4) move to (1 3)
    Send to player 0 [name: balala] infomation : (0 1 4 1 3)
    Send to player 1 [name: Good Luck My AI] infomation : (0 7 2 7 3)
Step 17:
    Send to player 1 [name: Good Luck My AI] a signal: ACTION
    Receive message form player 1 [name: Good Luck My AI]: 1 2 D
    Transform message form [number: 1] [name: Good Luck My AI]: 7 4 U
    Correct move!
    Player 1 [name Good Luck My AI] choose (7,4) move to (8 4)
    Send to player 0 [name: balala] infomation : (1 7 4 8 4)
    Send to player 1 [name: Good Luck My AI] infomation : (1 1 2 0 2)
Step 18:
    Send to player 0 [name: balala] a signal: ACTION
    Receive message form player 0 [name: balala]: 1 3 U
    Transform message form [number: 0] [name: balala]: 1 3 U
    Correct move!
    Player 0 [name balala] choose (1,3) move to (2 3)
    Send to player 0 [name: balala] infomation : (0 1 3 2 3)
    Send to player 1 [name: Good Luck My AI] infomation : (0 7 3 6 3)
Step 19:
    Send to player 1 [name: Good Luck My AI] a signal: ACTION
    Receive message form player 1 [name: Good Luck My AI]: 1 1 R
    Transform message form [number: 1] [name: Good Luck My AI]: 7 5 L
    Correct move!
    Player 1 [name Good Luck My AI] choose (7,5) move to (7 4)
    Send to player 0 [name: balala] infomation : (1 7 5 7 4)
    Send to player 1 [name: Good Luck My AI] infomation : (1 1 1 1 2)
Step 20:
    Send to player 0 [name: balala] a signal: ACTION
    Receive message form player 0 [name: balala]: 2 3 U
    Transform message form [number: 0] [name: balala]: 2 3 U
    Correct move!
    Player 0 [name balala] choose (2,3) move to (3 3)
    Send to player 0 [name: balala] infomation : (0 2 3 3 3)
    Send to player 1 [name: Good Luck My AI] infomation : (0 6 3 5 3)
Step 21:
    Send to player 1 [name: Good Luck My AI] a signal: ACTION
    Receive message form player 1 [name: Good Luck My AI]: 1 2 R
    Transform message form [number: 1] [name: Good Luck My AI]: 7 4 L
    Correct move!
    Player 1 [name Good Luck My AI] choose (7,4) move to (7 3)
    Send to player 0 [name: balala] infomation : (1 7 4 7 3)
    Send to player 1 [name: Good Luck My AI] infomation : (1 1 2 1 3)
Step 22:
    Send to player 0 [name: balala] a signal: ACTION
    Receive message form player 0 [name: balala]: 3 3 U
    Transform message form [number: 0] [name: balala]: 3 3 U
    Correct move!
    Player 0 [name balala] choose (3,3) move to (4 3)
    Send to player 0 [name: balala] infomation : (0 3 3 4 3)
    Send to player 1 [name: Good Luck My AI] infomation : (0 5 3 4 3)
Step 23:
    Send to player 1 [name: Good Luck My AI] a signal: ACTION
    Receive message form player 1 [name: Good Luck My AI]: 1 0 R
    Transform message form [number: 1] [name: Good Luck My AI]: 7 6 L
    Correct move!
    Player 1 [name Good Luck My AI] choose (7,6) move to (7 5)
    Send to player 0 [name: balala] infomation : (1 7 6 7 5)
    Send to player 1 [name: Good Luck My AI] infomation : (1 1 0 1 1)
Step 24:
    Send to player 0 [name: balala] a signal: ACTION
    Receive message form player 0 [name: balala]: 4 3 U
    Transform message form [number: 0] [name: balala]: 4 3 U
    Correct move!
    Player 0 [name balala] choose (4,3) move to (5 3)
    Send to player 0 [name: balala] infomation : (0 4 3 5 3)
    Send to player 1 [name: Good Luck My AI] infomation : (0 4 3 3 3)
Step 25:
    Send to player 1 [name: Good Luck My AI] a signal: ACTION
    Receive message form player 1 [name: Good Luck My AI]: 2 3 R
    Transform message form [number: 1] [name: Good Luck My AI]: 6 3 L
    Correct move!
    Player 1 [name Good Luck My AI] choose (6,3) move to (6 2)
    Send to player 0 [name: balala] infomation : (1 6 3 6 2)
    Send to player 1 [name: Good Luck My AI] infomation : (1 2 3 2 4)
Step 26:
    Send to player 0 [name: balala] a signal: ACTION
    Receive message form player 0 [name: balala]: 5 3 D
    Transform message form [number: 0] [name: balala]: 5 3 D
    Correct move!
    Player 0 [name balala] choose (5,3) move to (4 3)
    Send to player 0 [name: balala] infomation : (0 5 3 4 3)
    Send to player 1 [name: Good Luck My AI] infomation : (0 3 3 4 3)
Step 27:
    Send to player 1 [name: Good Luck My AI] a signal: ACTION
    Receive message form player 1 [name: Good Luck My AI]: 1 1 R
    Transform message form [number: 1] [name: Good Luck My AI]: 7 5 L
    Correct move!
    Player 1 [name Good Luck My AI] choose (7,5) move to (7 4)
    Send to player 0 [name: balala] infomation : (1 7 5 7 4)
    Send to player 1 [name: Good Luck My AI] infomation : (1 1 1 1 2)
Step 28:
    Send to player 0 [name: balala] a signal: ACTION
    Receive message form player 0 [name: balala]: 4 3 U
    Transform message form [number: 0] [name: balala]: 4 3 U
    Correct move!
    Player 0 [name balala] choose (4,3) move to (5 3)
    Send to player 0 [name: balala] infomation : (0 4 3 5 3)
    Send to player 1 [name: Good Luck My AI] infomation : (0 4 3 3 3)
Step 29:
    Send to player 1 [name: Good Luck My AI] a signal: ACTION
    Receive message form player 1 [name: Good Luck My AI]: 1 2 L
    Transform message form [number: 1] [name: Good Luck My AI]: 7 4 R
    Correct move!
    Player 1 [name Good Luck My AI] choose (7,4) move to (7 5)
    Send to player 0 [name: balala] infomation : (1 7 4 7 5)
    Send to player 1 [name: Good Luck My AI] infomation : (1 1 2 1 1)
Step 30:
    Send to player 0 [name: balala] a signal: ACTION
    Receive message form player 0 [name: balala]: 5 3 D
    Transform message form [number: 0] [name: balala]: 5 3 D
    Correct move!
    Player 0 [name balala] choose (5,3) move to (4 3)
    Send to player 0 [name: balala] infomation : (0 5 3 4 3)
    Send to player 1 [name: Good Luck My AI] infomation : (0 3 3 4 3)
Step 31:
    Send to player 1 [name: Good Luck My AI] a signal: ACTION
    Receive message form player 1 [name: Good Luck My AI]: 1 1 R
    Transform message form [number: 1] [name: Good Luck My AI]: 7 5 L
    Correct move!
    Player 1 [name Good Luck My AI] choose (7,5) move to (7 4)
    Send to player 0 [name: balala] infomation : (1 7 5 7 4)
    Send to player 1 [name: Good Luck My AI] infomation : (1 1 1 1 2)
Step 32:
    Send to player 0 [name: balala] a signal: ACTION
    Receive message form player 0 [name: balala]: 4 3 U
    Transform message form [number: 0] [name: balala]: 4 3 U
    Correct move!
    Player 0 [name balala] choose (4,3) move to (5 3)
    Send to player 0 [name: balala] infomation : (0 4 3 5 3)
    Send to player 1 [name: Good Luck My AI] infomation : (0 4 3 3 3)
Step 33:
    Send to player 1 [name: Good Luck My AI] a signal: ACTION
    Receive message form player 1 [name: Good Luck My AI]: 1 2 L
    Transform message form [number: 1] [name: Good Luck My AI]: 7 4 R
    Correct move!
    Player 1 [name Good Luck My AI] choose (7,4) move to (7 5)
    Send to player 0 [name: balala] infomation : (1 7 4 7 5)
    Send to player 1 [name: Good Luck My AI] infomation : (1 1 2 1 1)
Step 34:
    Send to player 0 [name: balala] a signal: ACTION
    Receive message form player 0 [name: balala]: 5 3 D
    Transform message form [number: 0] [name: balala]: 5 3 D
    Correct move!
    Player 0 [name balala] choose (5,3) move to (4 3)
    Send to player 0 [name: balala] infomation : (0 5 3 4 3)
    Send to player 1 [name: Good Luck My AI] infomation : (0 3 3 4 3)
Step 35:
    Send to player 1 [name: Good Luck My AI] a signal: ACTION
    Receive message form player 1 [name: Good Luck My AI]: 1 1 U
    Transform message form [number: 1] [name: Good Luck My AI]: 7 5 D
    Correct move!
    Player 1 [name Good Luck My AI] choose (7,5) move to (6 5)
    Send to player 0 [name: balala] infomation : (1 7 5 6 5)
    Send to player 1 [name: Good Luck My AI] infomation : (1 1 1 2 1)
Step 36:
    Send to player 0 [name: balala] a signal: ACTION
    Receive message form player 0 [name: balala]: 4 3 U
    Transform message form [number: 0] [name: balala]: 4 3 U
    Correct move!
    Player 0 [name balala] choose (4,3) move to (5 3)
    Send to player 0 [name: balala] infomation : (0 4 3 5 3)
    Send to player 1 [name: Good Luck My AI] infomation : (0 4 3 3 3)
Step 37:
    Send to player 1 [name: Good Luck My AI] a signal: ACTION
    Receive message form player 1 [name: Good Luck My AI]: 2 1 U
    Transform message form [number: 1] [name: Good Luck My AI]: 6 5 D
    Correct move!
    Player 1 [name Good Luck My AI] choose (6,5) move to (2 5)
    Send to player 0 [name: balala] infomation : (1 6 5 2 5)
    Send to player 1 [name: Good Luck My AI] infomation : (1 2 1 6 1)
Step 38:
    Send to player 0 [name: balala] a signal: ACTION
    Receive message form player 0 [name: balala]: 2 4 L
    Transform message form [number: 0] [name: balala]: 2 4 L
    Correct move!
    Player 0 [name balala] choose (2,4) move to (2 3)
    Send to player 0 [name: balala] infomation : (0 2 4 2 3)
    Send to player 1 [name: Good Luck My AI] infomation : (0 6 2 6 3)
Step 39:
    Send to player 1 [name: Good Luck My AI] a signal: ACTION
    Receive message form player 1 [name: Good Luck My AI]: 6 1 R
    Transform message form [number: 1] [name: Good Luck My AI]: 2 5 L
    Correct move!
    Player 1 [name Good Luck My AI] choose (2,5) move to (2 4)
    Send to player 0 [name: balala] infomation : (1 2 5 2 4)
    Send to player 1 [name: Good Luck My AI] infomation : (1 6 1 6 2)
Step 40:
    Send to player 0 [name: balala] a signal: ACTION
    Receive message form player 0 [name: balala]: 5 3 D
    Transform message form [number: 0] [name: balala]: 5 3 D
    Correct move!
    Player 0 [name balala] choose (5,3) move to (4 3)
    Send to player 0 [name: balala] infomation : (0 5 3 4 3)
    Send to player 1 [name: Good Luck My AI] infomation : (0 3 3 4 3)
Step 41:
    Send to player 1 [name: Good Luck My AI] a signal: ACTION
    Receive message form player 1 [name: Good Luck My AI]: 6 2 R
    Transform message form [number: 1] [name: Good Luck My AI]: 2 4 L
    Correct move!
    Player 1 [name Good Luck My AI] choose (2,4) move to (2 3)
    Send to player 0 [name: balala] infomation : (1 2 4 2 3)
    Send to player 1 [name: Good Luck My AI] infomation : (1 6 2 6 3)
Step 42:
    Send to player 0 [name: balala] a signal: ACTION
    Receive message form player 0 [name: balala]: 2 2 L
    Transform message form [number: 0] [name: balala]: 2 2 L
    Correct move!
    Player 0 [name balala] choose (2,2) move to (2 1)
    Send to player 0 [name: balala] infomation : (0 2 2 2 1)
    Send to player 1 [name: Good Luck My AI] infomation : (0 6 4 6 5)
Step 43:
    Send to player 1 [name: Good Luck My AI] a signal: ACTION
    Receive message form player 1 [name: Good Luck My AI]: 6 3 U
    Transform message form [number: 1] [name: Good Luck My AI]: 2 3 D
    Correct move!
    Player 1 [name Good Luck My AI] choose (2,3) move to (1 3)
    Send to player 0 [name: balala] infomation : (1 2 3 1 3)
    Send to player 1 [name: Good Luck My AI] infomation : (1 6 3 7 3)
Step 44:
    Send to player 0 [name: balala] a signal: ACTION
    Receive message form player 0 [name: balala]: 4 3 U
    Transform message form [number: 0] [name: balala]: 4 3 U
    Correct move!
    Player 0 [name balala] choose (4,3) move to (5 3)
    Send to player 0 [name: balala] infomation : (0 4 3 5 3)
    Send to player 1 [name: Good Luck My AI] infomation : (0 4 3 3 3)
Step 45:
    Send to player 1 [name: Good Luck My AI] a signal: ACTION
    Receive message form player 1 [name: Good Luck My AI]: 7 3 U
    Transform message form [number: 1] [name: Good Luck My AI]: 1 3 D
    Correct move!
    Player 1 [name Good Luck My AI] choose (1,3) move to (0 3)
    Send to player 0 [name: balala] infomation : (1 1 3 0 3)
    Send to player 1 [name: Good Luck My AI] infomation : (1 7 3 8 3)
    The Player 1 (name Good Luck My AI) win the game
Closing connections:
    Player 0 [name: balala] connection closed succueefully
    Player 1 [name: Good Luck My AI] connection closed succueefully
Total Steps: 45
End!
