Initialization:
    Waiting to connect ...
    AI0: Uchida Kotori from 127.0.0.1 connected
    AI1: hito wanaze kizutsu ke a tte from 127.0.0.1 connected
    Uchida Kotori is the first player
    hito wanaze kizutsu ke a tte is the second player
Step 1:
    Send to player 0 [name: Uchida Kotori] a signal: ACTION
    Receive message form player 0 [name: Uchida Kotori]: 0 6 U
    Transform message form [number: 0] [name: Uchida Kotori]: 0 6 U
    Correct move!
    Player 0 [name Uchida Kotori] choose (0,6) move to (1 6)
    Send to player 0 [name: Uchida Kotori] infomation : (0 0 6 1 6)
    Send to player 1 [name: hito wanaze kizutsu ke a tte] infomation : (0 8 0 7 0)
Step 2:
    Send to player 1 [name: hito wanaze kizutsu ke a tte] a signal: ACTION
    Receive message form player 1 [name: hito wanaze kizutsu ke a tte]: 2 2 D
    Transform message form [number: 1] [name: hito wanaze kizutsu ke a tte]: 6 4 U
    Correct move!
    Player 1 [name hito wanaze kizutsu ke a tte] choose (6,4) move to (7 4)
    Send to player 0 [name: Uchida Kotori] infomation : (1 6 4 7 4)
    Send to player 1 [name: hito wanaze kizutsu ke a tte] infomation : (1 2 2 1 2)
Step 3:
    Send to player 0 [name: Uchida Kotori] a signal: ACTION
    Receive message form player 0 [name: Uchida Kotori]: 0 0 U
    Transform message form [number: 0] [name: Uchida Kotori]: 0 0 U
    Correct move!
    Player 0 [name Uchida Kotori] choose (0,0) move to (1 0)
    Send to player 0 [name: Uchida Kotori] infomation : (0 0 0 1 0)
    Send to player 1 [name: hito wanaze kizutsu ke a tte] infomation : (0 8 6 7 6)
Step 4:
    Send to player 1 [name: hito wanaze kizutsu ke a tte] a signal: ACTION
    Receive message form player 1 [name: hito wanaze kizutsu ke a tte]: 2 0 R
    Transform message form [number: 1] [name: hito wanaze kizutsu ke a tte]: 6 6 L
    Correct move!
    Player 1 [name hito wanaze kizutsu ke a tte] choose (6,6) move to (6 5)
    Send to player 0 [name: Uchida Kotori] infomation : (1 6 6 6 5)
    Send to player 1 [name: hito wanaze kizutsu ke a tte] infomation : (1 2 0 2 1)
Step 5:
    Send to player 0 [name: Uchida Kotori] a signal: ACTION
    Receive message form player 0 [name: Uchida Kotori]: 1 5 U
    Transform message form [number: 0] [name: Uchida Kotori]: 1 5 U
    Correct move!
    Player 0 [name Uchida Kotori] choose (1,5) move to (2 5)
    Send to player 0 [name: Uchida Kotori] infomation : (0 1 5 2 5)
    Send to player 1 [name: hito wanaze kizutsu ke a tte] infomation : (0 7 1 6 1)
Step 6:
    Send to player 1 [name: hito wanaze kizutsu ke a tte] a signal: ACTION
    Receive message form player 1 [name: hito wanaze kizutsu ke a tte]: 2 1 R
    Transform message form [number: 1] [name: hito wanaze kizutsu ke a tte]: 6 5 L
    Correct move!
    Player 1 [name hito wanaze kizutsu ke a tte] choose (6,5) move to (6 4)
    Send to player 0 [name: Uchida Kotori] infomation : (1 6 5 6 4)
    Send to player 1 [name: hito wanaze kizutsu ke a tte] infomation : (1 2 1 2 2)
Step 7:
    Send to player 0 [name: Uchida Kotori] a signal: ACTION
    Receive message form player 0 [name: Uchida Kotori]: 2 2 R
    Transform message form [number: 0] [name: Uchida Kotori]: 2 2 R
    Correct move!
    Player 0 [name Uchida Kotori] choose (2,2) move to (2 3)
    Send to player 0 [name: Uchida Kotori] infomation : (0 2 2 2 3)
    Send to player 1 [name: hito wanaze kizutsu ke a tte] infomation : (0 6 4 6 3)
Step 8:
    Send to player 1 [name: hito wanaze kizutsu ke a tte] a signal: ACTION
    Receive message form player 1 [name: hito wanaze kizutsu ke a tte]: 2 2 R
    Transform message form [number: 1] [name: hito wanaze kizutsu ke a tte]: 6 4 L
    Correct move!
    Player 1 [name hito wanaze kizutsu ke a tte] choose (6,4) move to (6 3)
    Send to player 0 [name: Uchida Kotori] infomation : (1 6 4 6 3)
    Send to player 1 [name: hito wanaze kizutsu ke a tte] infomation : (1 2 2 2 3)
Step 9:
    Send to player 0 [name: Uchida Kotori] a signal: ACTION
    Receive message form player 0 [name: Uchida Kotori]: 2 3 L
    Transform message form [number: 0] [name: Uchida Kotori]: 2 3 L
    Correct move!
    Player 0 [name Uchida Kotori] choose (2,3) move to (2 2)
    Send to player 0 [name: Uchida Kotori] infomation : (0 2 3 2 2)
    Send to player 1 [name: hito wanaze kizutsu ke a tte] infomation : (0 6 3 6 4)
Step 10:
    Send to player 1 [name: hito wanaze kizutsu ke a tte] a signal: ACTION
    Receive message form player 1 [name: hito wanaze kizutsu ke a tte]: 2 3 U
    Transform message form [number: 1] [name: hito wanaze kizutsu ke a tte]: 6 3 D
    Correct move!
    Player 1 [name hito wanaze kizutsu ke a tte] choose (6,3) move to (5 3)
    Send to player 0 [name: Uchida Kotori] infomation : (1 6 3 5 3)
    Send to player 1 [name: hito wanaze kizutsu ke a tte] infomation : (1 2 3 3 3)
Step 11:
    Send to player 0 [name: Uchida Kotori] a signal: ACTION
    Receive message form player 0 [name: Uchida Kotori]: 2 2 R
    Transform message form [number: 0] [name: Uchida Kotori]: 2 2 R
    Correct move!
    Player 0 [name Uchida Kotori] choose (2,2) move to (2 3)
    Send to player 0 [name: Uchida Kotori] infomation : (0 2 2 2 3)
    Send to player 1 [name: hito wanaze kizutsu ke a tte] infomation : (0 6 4 6 3)
Step 12:
    Send to player 1 [name: hito wanaze kizutsu ke a tte] a signal: ACTION
    Receive message form player 1 [name: hito wanaze kizutsu ke a tte]: 3 3 U
    Transform message form [number: 1] [name: hito wanaze kizutsu ke a tte]: 5 3 D
    Correct move!
    Player 1 [name hito wanaze kizutsu ke a tte] choose (5,3) move to (4 3)
    Send to player 0 [name: Uchida Kotori] infomation : (1 5 3 4 3)
    Send to player 1 [name: hito wanaze kizutsu ke a tte] infomation : (1 3 3 4 3)
Step 13:
    Send to player 0 [name: Uchida Kotori] a signal: ACTION
    Receive message form player 0 [name: Uchida Kotori]: 1 1 R
    Transform message form [number: 0] [name: Uchida Kotori]: 1 1 R
    Correct move!
    Player 0 [name Uchida Kotori] choose (1,1) move to (1 2)
    Send to player 0 [name: Uchida Kotori] infomation : (0 1 1 1 2)
    Send to player 1 [name: hito wanaze kizutsu ke a tte] infomation : (0 7 5 7 4)
Step 14:
    Send to player 1 [name: hito wanaze kizutsu ke a tte] a signal: ACTION
    Receive message form player 1 [name: hito wanaze kizutsu ke a tte]: 4 3 U
    Transform message form [number: 1] [name: hito wanaze kizutsu ke a tte]: 4 3 D
    Correct move!
    Player 1 [name hito wanaze kizutsu ke a tte] choose (4,3) move to (3 3)
    Send to player 0 [name: Uchida Kotori] infomation : (1 4 3 3 3)
    Send to player 1 [name: hito wanaze kizutsu ke a tte] infomation : (1 4 3 5 3)
Step 15:
    Send to player 0 [name: Uchida Kotori] a signal: ACTION
    Receive message form player 0 [name: Uchida Kotori]: 2 3 L
    Transform message form [number: 0] [name: Uchida Kotori]: 2 3 L
    Correct move!
    Player 0 [name Uchida Kotori] choose (2,3) move to (2 2)
    Send to player 0 [name: Uchida Kotori] infomation : (0 2 3 2 2)
    Send to player 1 [name: hito wanaze kizutsu ke a tte] infomation : (0 6 3 6 4)
Step 16:
    Send to player 1 [name: hito wanaze kizutsu ke a tte] a signal: ACTION
    Receive message form player 1 [name: hito wanaze kizutsu ke a tte]: 5 3 U
    Transform message form [number: 1] [name: hito wanaze kizutsu ke a tte]: 3 3 D
    Correct move!
    Player 1 [name hito wanaze kizutsu ke a tte] choose (3,3) move to (2 3)
    Send to player 0 [name: Uchida Kotori] infomation : (1 3 3 2 3)
    Send to player 1 [name: hito wanaze kizutsu ke a tte] infomation : (1 5 3 6 3)
Step 17:
    Send to player 0 [name: Uchida Kotori] a signal: ACTION
    Receive message form player 0 [name: Uchida Kotori]: 2 4 D
    Transform message form [number: 0] [name: Uchida Kotori]: 2 4 D
    Correct move!
    Player 0 [name Uchida Kotori] choose (2,4) move to (1 4)
    Send to player 0 [name: Uchida Kotori] infomation : (0 2 4 1 4)
    Send to player 1 [name: hito wanaze kizutsu ke a tte] infomation : (0 6 2 7 2)
Step 18:
    Send to player 1 [name: hito wanaze kizutsu ke a tte] a signal: ACTION
    Receive message form player 1 [name: hito wanaze kizutsu ke a tte]: 6 3 U
    Transform message form [number: 1] [name: hito wanaze kizutsu ke a tte]: 2 3 D
    Correct move!
    Player 1 [name hito wanaze kizutsu ke a tte] choose (2,3) move to (1 3)
    Send to player 0 [name: Uchida Kotori] infomation : (1 2 3 1 3)
    Send to player 1 [name: hito wanaze kizutsu ke a tte] infomation : (1 6 3 7 3)
Step 19:
    Send to player 0 [name: Uchida Kotori] a signal: ACTION
    Receive message form player 0 [name: Uchida Kotori]: 1 4 U
    Transform message form [number: 0] [name: Uchida Kotori]: 1 4 U
    Correct move!
    Player 0 [name Uchida Kotori] choose (1,4) move to (2 4)
    Send to player 0 [name: Uchida Kotori] infomation : (0 1 4 2 4)
    Send to player 1 [name: hito wanaze kizutsu ke a tte] infomation : (0 7 2 6 2)
Step 20:
    Send to player 1 [name: hito wanaze kizutsu ke a tte] a signal: ACTION
    Receive message form player 1 [name: hito wanaze kizutsu ke a tte]: 7 3 U
    Transform message form [number: 1] [name: hito wanaze kizutsu ke a tte]: 1 3 D
    Correct move!
    Player 1 [name hito wanaze kizutsu ke a tte] choose (1,3) move to (0 3)
    Send to player 0 [name: Uchida Kotori] infomation : (1 1 3 0 3)
    Send to player 1 [name: hito wanaze kizutsu ke a tte] infomation : (1 7 3 8 3)
    The Player 1 (name hito wanaze kizutsu ke a tte) win the game
Closing connections:
    Player 0 [name: Uchida Kotori] connection closed succueefully
    Player 1 [name: hito wanaze kizutsu ke a tte] connection closed succueefully
Total Steps: 20
End!
