Initialization:
    Waiting to connect ...
    AI0: charles from 127.0.0.1 connected
    AI1: aaa from 127.0.0.1 connected
    charles is the first player
    aaa is the second player
Step 1:
    Send to player 0 [name: charles] a signal: ACTION
    Receive message form player 0 [name: charles]: 1 5 D
    Transform message form [number: 0] [name: charles]: 1 5 D
    Correct move!
    Player 0 [name charles] choose (1,5) move to (0 5)
    Send to player 0 [name: charles] infomation : (0 1 5 0 5)
    Send to player 1 [name: aaa] infomation : (0 7 1 8 1)
Step 2:
    Send to player 1 [name: aaa] a signal: ACTION
    Receive message form player 1 [name: aaa]: 2 4 D
    Transform message form [number: 1] [name: aaa]: 6 2 U
    Correct move!
    Player 1 [name aaa] choose (6,2) move to (7 2)
    Send to player 0 [name: charles] infomation : (1 6 2 7 2)
    Send to player 1 [name: aaa] infomation : (1 2 4 1 4)
Step 3:
    Send to player 0 [name: charles] a signal: ACTION
    Receive message form player 0 [name: charles]: 2 4 D
    Transform message form [number: 0] [name: charles]: 2 4 D
    Correct move!
    Player 0 [name charles] choose (2,4) move to (1 4)
    Send to player 0 [name: charles] infomation : (0 2 4 1 4)
    Send to player 1 [name: aaa] infomation : (0 6 2 7 2)
Step 4:
    Send to player 1 [name: aaa] a signal: ACTION
    Receive message form player 1 [name: aaa]: 1 5 D
    Transform message form [number: 1] [name: aaa]: 7 1 U
    Correct move!
    Player 1 [name aaa] choose (7,1) move to (8 1)
    Send to player 0 [name: charles] infomation : (1 7 1 8 1)
    Send to player 1 [name: aaa] infomation : (1 1 5 0 5)
Step 5:
    Send to player 0 [name: charles] a signal: ACTION
    Receive message form player 0 [name: charles]: 2 2 D
    Transform message form [number: 0] [name: charles]: 2 2 D
    Correct move!
    Player 0 [name charles] choose (2,2) move to (1 2)
    Send to player 0 [name: charles] infomation : (0 2 2 1 2)
    Send to player 1 [name: aaa] infomation : (0 6 4 7 4)
Step 6:
    Send to player 1 [name: aaa] a signal: ACTION
    Receive message form player 1 [name: aaa]: 2 2 D
    Transform message form [number: 1] [name: aaa]: 6 4 U
    Correct move!
    Player 1 [name aaa] choose (6,4) move to (7 4)
    Send to player 0 [name: charles] infomation : (1 6 4 7 4)
    Send to player 1 [name: aaa] infomation : (1 2 2 1 2)
Step 7:
    Send to player 0 [name: charles] a signal: ACTION
    Receive message form player 0 [name: charles]: 1 1 D
    Transform message form [number: 0] [name: charles]: 1 1 D
    Correct move!
    Player 0 [name charles] choose (1,1) move to (0 1)
    Send to player 0 [name: charles] infomation : (0 1 1 0 1)
    Send to player 1 [name: aaa] infomation : (0 7 5 8 5)
Step 8:
    Send to player 1 [name: aaa] a signal: ACTION
    Receive message form player 1 [name: aaa]: 2 0 R
    Transform message form [number: 1] [name: aaa]: 6 6 L
    Correct move!
    Player 1 [name aaa] choose (6,6) move to (6 5)
    Send to player 0 [name: charles] infomation : (1 6 6 6 5)
    Send to player 1 [name: aaa] infomation : (1 2 0 2 1)
Step 9:
    Send to player 0 [name: charles] a signal: ACTION
    Receive message form player 0 [name: charles]: 2 0 R
    Transform message form [number: 0] [name: charles]: 2 0 R
    Correct move!
    Player 0 [name charles] choose (2,0) move to (2 1)
    Send to player 0 [name: charles] infomation : (0 2 0 2 1)
    Send to player 1 [name: aaa] infomation : (0 6 6 6 5)
Step 10:
    Send to player 1 [name: aaa] a signal: ACTION
    Receive message form player 1 [name: aaa]: 2 1 R
    Transform message form [number: 1] [name: aaa]: 6 5 L
    Correct move!
    Player 1 [name aaa] choose (6,5) move to (6 4)
    Send to player 0 [name: charles] infomation : (1 6 5 6 4)
    Send to player 1 [name: aaa] infomation : (1 2 1 2 2)
Step 11:
    Send to player 0 [name: charles] a signal: ACTION
    Receive message form player 0 [name: charles]: 0 6 U
    Transform message form [number: 0] [name: charles]: 0 6 U
    Correct move!
    Player 0 [name charles] choose (0,6) move to (1 6)
    Send to player 0 [name: charles] infomation : (0 0 6 1 6)
    Send to player 1 [name: aaa] infomation : (0 8 0 7 0)
Step 12:
    Send to player 1 [name: aaa] a signal: ACTION
    Receive message form player 1 [name: aaa]: 1 1 D
    Transform message form [number: 1] [name: aaa]: 7 5 U
    Correct move!
    Player 1 [name aaa] choose (7,5) move to (8 5)
    Send to player 0 [name: charles] infomation : (1 7 5 8 5)
    Send to player 1 [name: aaa] infomation : (1 1 1 0 1)
Step 13:
    Send to player 0 [name: charles] a signal: ACTION
    Receive message form player 0 [name: charles]: 1 6 L
    Transform message form [number: 0] [name: charles]: 1 6 L
    Correct move!
    Player 0 [name charles] choose (1,6) move to (1 5)
    Send to player 0 [name: charles] infomation : (0 1 6 1 5)
    Send to player 1 [name: aaa] infomation : (0 7 0 7 1)
Step 14:
    Send to player 1 [name: aaa] a signal: ACTION
    Receive message form player 1 [name: aaa]: 0 0 U
    Transform message form [number: 1] [name: aaa]: 8 6 D
    Correct move!
    Player 1 [name aaa] choose (8,6) move to (7 6)
    Send to player 0 [name: charles] infomation : (1 8 6 7 6)
    Send to player 1 [name: aaa] infomation : (1 0 0 1 0)
Step 15:
    Send to player 0 [name: charles] a signal: ACTION
    Receive message form player 0 [name: charles]: 1 5 U
    Transform message form [number: 0] [name: charles]: 1 5 U
    Correct move!
    Player 0 [name charles] choose (1,5) move to (2 5)
    Send to player 0 [name: charles] infomation : (0 1 5 2 5)
    Send to player 1 [name: aaa] infomation : (0 7 1 6 1)
Step 16:
    Send to player 1 [name: aaa] a signal: ACTION
    Receive message form player 1 [name: aaa]: 1 0 U
    Transform message form [number: 1] [name: aaa]: 7 6 D
    Correct move!
    Player 1 [name aaa] choose (7,6) move to (6 6)
    Send to player 0 [name: charles] infomation : (1 7 6 6 6)
    Send to player 1 [name: aaa] infomation : (1 1 0 2 0)
Step 17:
    Send to player 0 [name: charles] a signal: ACTION
    Receive message form player 0 [name: charles]: 2 5 L
    Transform message form [number: 0] [name: charles]: 2 5 L
    Correct move!
    Player 0 [name charles] choose (2,5) move to (2 4)
    Send to player 0 [name: charles] infomation : (0 2 5 2 4)
    Send to player 1 [name: aaa] infomation : (0 6 1 6 2)
Step 18:
    Send to player 1 [name: aaa] a signal: ACTION
    Receive message form player 1 [name: aaa]: 2 0 U
    Transform message form [number: 1] [name: aaa]: 6 6 D
    Correct move!
    Player 1 [name aaa] choose (6,6) move to (5 6)
    Send to player 0 [name: charles] infomation : (1 6 6 5 6)
    Send to player 1 [name: aaa] infomation : (1 2 0 3 0)
Step 19:
    Send to player 0 [name: charles] a signal: ACTION
    Receive message form player 0 [name: charles]: 2 4 L
    Transform message form [number: 0] [name: charles]: 2 4 L
    Correct move!
    Player 0 [name charles] choose (2,4) move to (2 3)
    Send to player 0 [name: charles] infomation : (0 2 4 2 3)
    Send to player 1 [name: aaa] infomation : (0 6 2 6 3)
Step 20:
    Send to player 1 [name: aaa] a signal: ACTION
    Receive message form player 1 [name: aaa]: 3 0 U
    Transform message form [number: 1] [name: aaa]: 5 6 D
    Correct move!
    Player 1 [name aaa] choose (5,6) move to (4 6)
    Send to player 0 [name: charles] infomation : (1 5 6 4 6)
    Send to player 1 [name: aaa] infomation : (1 3 0 4 0)
Step 21:
    Send to player 0 [name: charles] a signal: ACTION
    Receive message form player 0 [name: charles]: 2 3 U
    Transform message form [number: 0] [name: charles]: 2 3 U
    Correct move!
    Player 0 [name charles] choose (2,3) move to (3 3)
    Send to player 0 [name: charles] infomation : (0 2 3 3 3)
    Send to player 1 [name: aaa] infomation : (0 6 3 5 3)
Step 22:
    Send to player 1 [name: aaa] a signal: ACTION
    Receive message form player 1 [name: aaa]: 0 6 U
    Transform message form [number: 1] [name: aaa]: 8 0 D
    Correct move!
    Player 1 [name aaa] choose (8,0) move to (7 0)
    Send to player 0 [name: charles] infomation : (1 8 0 7 0)
    Send to player 1 [name: aaa] infomation : (1 0 6 1 6)
Step 23:
    Send to player 0 [name: charles] a signal: ACTION
    Receive message form player 0 [name: charles]: 3 3 U
    Transform message form [number: 0] [name: charles]: 3 3 U
    Correct move!
    Player 0 [name charles] choose (3,3) move to (4 3)
    Send to player 0 [name: charles] infomation : (0 3 3 4 3)
    Send to player 1 [name: aaa] infomation : (0 5 3 4 3)
Step 24:
    Send to player 1 [name: aaa] a signal: ACTION
    Receive message form player 1 [name: aaa]: 4 0 U
    Transform message form [number: 1] [name: aaa]: 4 6 D
    Correct move!
    Player 1 [name aaa] choose (4,6) move to (3 6)
    Send to player 0 [name: charles] infomation : (1 4 6 3 6)
    Send to player 1 [name: aaa] infomation : (1 4 0 5 0)
Step 25:
    Send to player 0 [name: charles] a signal: ACTION
    Receive message form player 0 [name: charles]: 4 3 U
    Transform message form [number: 0] [name: charles]: 4 3 U
    Correct move!
    Player 0 [name charles] choose (4,3) move to (5 3)
    Send to player 0 [name: charles] infomation : (0 4 3 5 3)
    Send to player 1 [name: aaa] infomation : (0 4 3 3 3)
Step 26:
    Send to player 1 [name: aaa] a signal: ACTION
    Receive message form player 1 [name: aaa]: 5 0 U
    Transform message form [number: 1] [name: aaa]: 3 6 D
    Correct move!
    Player 1 [name aaa] choose (3,6) move to (2 6)
    Send to player 0 [name: charles] infomation : (1 3 6 2 6)
    Send to player 1 [name: aaa] infomation : (1 5 0 6 0)
Step 27:
    Send to player 0 [name: charles] a signal: ACTION
    Receive message form player 0 [name: charles]: 5 3 L
    Transform message form [number: 0] [name: charles]: 5 3 L
    Correct move!
    Player 0 [name charles] choose (5,3) move to (5 0)
    Send to player 0 [name: charles] infomation : (0 5 3 5 0)
    Send to player 1 [name: aaa] infomation : (0 3 3 3 6)
Step 28:
    Send to player 1 [name: aaa] a signal: ACTION
    Receive message form player 1 [name: aaa]: 6 0 U
    Transform message form [number: 1] [name: aaa]: 2 6 D
    Correct move!
    Player 1 [name aaa] choose (2,6) move to (1 6)
    Send to player 0 [name: charles] infomation : (1 2 6 1 6)
    Send to player 1 [name: aaa] infomation : (1 6 0 7 0)
Step 29:
    Send to player 0 [name: charles] a signal: ACTION
    Receive message form player 0 [name: charles]: 5 0 R
    Transform message form [number: 0] [name: charles]: 5 0 R
    Correct move!
    Player 0 [name charles] choose (5,0) move to (5 3)
    Send to player 0 [name: charles] infomation : (0 5 0 5 3)
    Send to player 1 [name: aaa] infomation : (0 3 6 3 3)
Step 30:
    Send to player 1 [name: aaa] a signal: ACTION
    Receive message form player 1 [name: aaa]: 7 0 R
    Transform message form [number: 1] [name: aaa]: 1 6 L
    Correct move!
    Player 1 [name aaa] choose (1,6) move to (1 5)
    Send to player 0 [name: charles] infomation : (1 1 6 1 5)
    Send to player 1 [name: aaa] infomation : (1 7 0 7 1)
Step 31:
    Send to player 0 [name: charles] a signal: ACTION
    Receive message form player 0 [name: charles]: 5 3 L
    Transform message form [number: 0] [name: charles]: 5 3 L
    Correct move!
    Player 0 [name charles] choose (5,3) move to (5 0)
    Send to player 0 [name: charles] infomation : (0 5 3 5 0)
    Send to player 1 [name: aaa] infomation : (0 3 3 3 6)
Step 32:
    Send to player 1 [name: aaa] a signal: ACTION
    Receive message form player 1 [name: aaa]: 7 1 R
    Transform message form [number: 1] [name: aaa]: 1 5 L
    Correct move!
    Player 1 [name aaa] choose (1,5) move to (1 4)
    Send to player 0 [name: charles] infomation : (1 1 5 1 4)
    Send to player 1 [name: aaa] infomation : (1 7 1 7 2)
Step 33:
    Send to player 0 [name: charles] a signal: ACTION
    Receive message form player 0 [name: charles]: 5 0 R
    Transform message form [number: 0] [name: charles]: 5 0 R
    Correct move!
    Player 0 [name charles] choose (5,0) move to (5 3)
    Send to player 0 [name: charles] infomation : (0 5 0 5 3)
    Send to player 1 [name: aaa] infomation : (0 3 6 3 3)
Step 34:
    Send to player 1 [name: aaa] a signal: ACTION
    Receive message form player 1 [name: aaa]: 7 2 L
    Transform message form [number: 1] [name: aaa]: 1 4 R
    Correct move!
    Player 1 [name aaa] choose (1,4) move to (1 5)
    Send to player 0 [name: charles] infomation : (1 1 4 1 5)
    Send to player 1 [name: aaa] infomation : (1 7 2 7 1)
Step 35:
    Send to player 0 [name: charles] a signal: ACTION
    Receive message form player 0 [name: charles]: 5 3 L
    Transform message form [number: 0] [name: charles]: 5 3 L
    Correct move!
    Player 0 [name charles] choose (5,3) move to (5 0)
    Send to player 0 [name: charles] infomation : (0 5 3 5 0)
    Send to player 1 [name: aaa] infomation : (0 3 3 3 6)
Step 36:
    Send to player 1 [name: aaa] a signal: ACTION
    Receive message form player 1 [name: aaa]: 7 1 U
    Transform message form [number: 1] [name: aaa]: 1 5 D
    Correct move!
    Player 1 [name aaa] choose (1,5) move to (0 5)
    Send to player 0 [name: charles] infomation : (1 1 5 0 5)
    Send to player 1 [name: aaa] infomation : (1 7 1 8 1)
Step 37:
    Send to player 0 [name: charles] a signal: ACTION
    Receive message form player 0 [name: charles]: 5 0 R
    Transform message form [number: 0] [name: charles]: 5 0 R
    Correct move!
    Player 0 [name charles] choose (5,0) move to (5 3)
    Send to player 0 [name: charles] infomation : (0 5 0 5 3)
    Send to player 1 [name: aaa] infomation : (0 3 6 3 3)
Step 38:
    Send to player 1 [name: aaa] a signal: ACTION
    Receive message form player 1 [name: aaa]: 8 1 R
    Transform message form [number: 1] [name: aaa]: 0 5 L
    Correct move!
    Player 1 [name aaa] choose (0,5) move to (0 4)
    Send to player 0 [name: charles] infomation : (1 0 5 0 4)
    Send to player 1 [name: aaa] infomation : (1 8 1 8 2)
Step 39:
    Send to player 0 [name: charles] a signal: ACTION
    Receive message form player 0 [name: charles]: 5 3 L
    Transform message form [number: 0] [name: charles]: 5 3 L
    Correct move!
    Player 0 [name charles] choose (5,3) move to (5 0)
    Send to player 0 [name: charles] infomation : (0 5 3 5 0)
    Send to player 1 [name: aaa] infomation : (0 3 3 3 6)
Step 40:
    Send to player 1 [name: aaa] a signal: ACTION
    Receive message form player 1 [name: aaa]: 8 2 R
    Transform message form [number: 1] [name: aaa]: 0 4 L
    Correct move!
    Player 1 [name aaa] choose (0,4) move to (0 3)
    Send to player 0 [name: charles] infomation : (1 0 4 0 3)
    Send to player 1 [name: aaa] infomation : (1 8 2 8 3)
    The Player 1 (name aaa) win the game
Closing connections:
    Player 0 [name: charles] connection closed succueefully
    Player 1 [name: aaa] connection closed succueefully
Total Steps: 40
End!
