Initialization:
    Waiting to connect ...
    AI0: aaa from 127.0.0.1 connected
    AI1: XIQCX from 127.0.0.1 connected
    aaa is the first player
    XIQCX is the second player
Step 1:
    Send to player 0 [name: aaa] a signal: ACTION
    Receive message form player 0 [name: aaa]: 2 4 D
    Transform message form [number: 0] [name: aaa]: 2 4 D
    Correct move!
    Player 0 [name aaa] choose (2,4) move to (1 4)
    Send to player 0 [name: aaa] infomation : (0 2 4 1 4)
    Send to player 1 [name: XIQCX] infomation : (0 6 2 7 2)
Step 2:
    Send to player 1 [name: XIQCX] a signal: ACTION
    Receive message form player 1 [name: XIQCX]: 1 5 L
    Transform message form [number: 1] [name: XIQCX]: 7 1 R
    Correct move!
    Player 1 [name XIQCX] choose (7,1) move to (7 2)
    Send to player 0 [name: aaa] infomation : (1 7 1 7 2)
    Send to player 1 [name: XIQCX] infomation : (1 1 5 1 4)
Step 3:
    Send to player 0 [name: aaa] a signal: ACTION
    Receive message form player 0 [name: aaa]: 1 5 D
    Transform message form [number: 0] [name: aaa]: 1 5 D
    Correct move!
    Player 0 [name aaa] choose (1,5) move to (0 5)
    Send to player 0 [name: aaa] infomation : (0 1 5 0 5)
    Send to player 1 [name: XIQCX] infomation : (0 7 1 8 1)
Step 4:
    Send to player 1 [name: XIQCX] a signal: ACTION
    Receive message form player 1 [name: XIQCX]: 1 1 R
    Transform message form [number: 1] [name: XIQCX]: 7 5 L
    Correct move!
    Player 1 [name XIQCX] choose (7,5) move to (7 4)
    Send to player 0 [name: aaa] infomation : (1 7 5 7 4)
    Send to player 1 [name: XIQCX] infomation : (1 1 1 1 2)
Step 5:
    Send to player 0 [name: aaa] a signal: ACTION
    Receive message form player 0 [name: aaa]: 2 2 D
    Transform message form [number: 0] [name: aaa]: 2 2 D
    Correct move!
    Player 0 [name aaa] choose (2,2) move to (1 2)
    Send to player 0 [name: aaa] infomation : (0 2 2 1 2)
    Send to player 1 [name: XIQCX] infomation : (0 6 4 7 4)
Step 6:
    Send to player 1 [name: XIQCX] a signal: ACTION
    Receive message form player 1 [name: XIQCX]: 2 6 L
    Transform message form [number: 1] [name: XIQCX]: 6 0 R
    Correct move!
    Player 1 [name XIQCX] choose (6,0) move to (6 1)
    Send to player 0 [name: aaa] infomation : (1 6 0 6 1)
    Send to player 1 [name: XIQCX] infomation : (1 2 6 2 5)
Step 7:
    Send to player 0 [name: aaa] a signal: ACTION
    Receive message form player 0 [name: aaa]: 2 0 R
    Transform message form [number: 0] [name: aaa]: 2 0 R
    Correct move!
    Player 0 [name aaa] choose (2,0) move to (2 1)
    Send to player 0 [name: aaa] infomation : (0 2 0 2 1)
    Send to player 1 [name: XIQCX] infomation : (0 6 6 6 5)
Step 8:
    Send to player 1 [name: XIQCX] a signal: ACTION
    Receive message form player 1 [name: XIQCX]: 2 5 U
    Transform message form [number: 1] [name: XIQCX]: 6 1 D
    Correct move!
    Player 1 [name XIQCX] choose (6,1) move to (5 1)
    Send to player 0 [name: aaa] infomation : (1 6 1 5 1)
    Send to player 1 [name: XIQCX] infomation : (1 2 5 3 5)
Step 9:
    Send to player 0 [name: aaa] a signal: ACTION
    Receive message form player 0 [name: aaa]: 2 1 R
    Transform message form [number: 0] [name: aaa]: 2 1 R
    Correct move!
    Player 0 [name aaa] choose (2,1) move to (2 2)
    Send to player 0 [name: aaa] infomation : (0 2 1 2 2)
    Send to player 1 [name: XIQCX] infomation : (0 6 5 6 4)
Step 10:
    Send to player 1 [name: XIQCX] a signal: ACTION
    Receive message form player 1 [name: XIQCX]: 1 2 R
    Transform message form [number: 1] [name: XIQCX]: 7 4 L
    Correct move!
    Player 1 [name XIQCX] choose (7,4) move to (7 3)
    Send to player 0 [name: aaa] infomation : (1 7 4 7 3)
    Send to player 1 [name: XIQCX] infomation : (1 1 2 1 3)
Step 11:
    Send to player 0 [name: aaa] a signal: ACTION
    Receive message form player 0 [name: aaa]: 1 1 D
    Transform message form [number: 0] [name: aaa]: 1 1 D
    Correct move!
    Player 0 [name aaa] choose (1,1) move to (0 1)
    Send to player 0 [name: aaa] infomation : (0 1 1 0 1)
    Send to player 1 [name: XIQCX] infomation : (0 7 5 8 5)
Step 12:
    Send to player 1 [name: XIQCX] a signal: ACTION
    Receive message form player 1 [name: XIQCX]: 0 0 U
    Transform message form [number: 1] [name: XIQCX]: 8 6 D
    Correct move!
    Player 1 [name XIQCX] choose (8,6) move to (7 6)
    Send to player 0 [name: aaa] infomation : (1 8 6 7 6)
    Send to player 1 [name: XIQCX] infomation : (1 0 0 1 0)
Step 13:
    Send to player 0 [name: aaa] a signal: ACTION
    Receive message form player 0 [name: aaa]: 0 6 U
    Transform message form [number: 0] [name: aaa]: 0 6 U
    Correct move!
    Player 0 [name aaa] choose (0,6) move to (1 6)
    Send to player 0 [name: aaa] infomation : (0 0 6 1 6)
    Send to player 1 [name: XIQCX] infomation : (0 8 0 7 0)
Step 14:
    Send to player 1 [name: XIQCX] a signal: ACTION
    Receive message form player 1 [name: XIQCX]: 3 5 D
    Transform message form [number: 1] [name: XIQCX]: 5 1 U
    Correct move!
    Player 1 [name XIQCX] choose (5,1) move to (6 1)
    Send to player 0 [name: aaa] infomation : (1 5 1 6 1)
    Send to player 1 [name: XIQCX] infomation : (1 3 5 2 5)
Step 15:
    Send to player 0 [name: aaa] a signal: ACTION
    Receive message form player 0 [name: aaa]: 2 6 U
    Transform message form [number: 0] [name: aaa]: 2 6 U
    Correct move!
    Player 0 [name aaa] choose (2,6) move to (3 6)
    Send to player 0 [name: aaa] infomation : (0 2 6 3 6)
    Send to player 1 [name: XIQCX] infomation : (0 6 0 5 0)
Step 16:
    Send to player 1 [name: XIQCX] a signal: ACTION
    Receive message form player 1 [name: XIQCX]: 2 5 U
    Transform message form [number: 1] [name: XIQCX]: 6 1 D
    Correct move!
    Player 1 [name XIQCX] choose (6,1) move to (5 1)
    Send to player 0 [name: aaa] infomation : (1 6 1 5 1)
    Send to player 1 [name: XIQCX] infomation : (1 2 5 3 5)
Step 17:
    Send to player 0 [name: aaa] a signal: ACTION
    Receive message form player 0 [name: aaa]: 1 6 U
    Transform message form [number: 0] [name: aaa]: 1 6 U
    Correct move!
    Player 0 [name aaa] choose (1,6) move to (2 6)
    Send to player 0 [name: aaa] infomation : (0 1 6 2 6)
    Send to player 1 [name: XIQCX] infomation : (0 7 0 6 0)
Step 18:
    Send to player 1 [name: XIQCX] a signal: ACTION
    Receive message form player 1 [name: XIQCX]: 1 3 U
    Transform message form [number: 1] [name: XIQCX]: 7 3 D
    Correct move!
    Player 1 [name XIQCX] choose (7,3) move to (6 3)
    Send to player 0 [name: aaa] infomation : (1 7 3 6 3)
    Send to player 1 [name: XIQCX] infomation : (1 1 3 2 3)
Step 19:
    Send to player 0 [name: aaa] a signal: ACTION
    Receive message form player 0 [name: aaa]: 3 6 L
    Transform message form [number: 0] [name: aaa]: 3 6 L
    Correct move!
    Player 0 [name aaa] choose (3,6) move to (3 5)
    Send to player 0 [name: aaa] infomation : (0 3 6 3 5)
    Send to player 1 [name: XIQCX] infomation : (0 5 0 5 1)
Step 20:
    Send to player 1 [name: XIQCX] a signal: ACTION
    Receive message form player 1 [name: XIQCX]: 3 5 U
    Transform message form [number: 1] [name: XIQCX]: 5 1 D
    Correct move!
    Player 1 [name XIQCX] choose (5,1) move to (4 1)
    Send to player 0 [name: aaa] infomation : (1 5 1 4 1)
    Send to player 1 [name: XIQCX] infomation : (1 3 5 4 5)
Step 21:
    Send to player 0 [name: aaa] a signal: ACTION
    Receive message form player 0 [name: aaa]: 2 6 U
    Transform message form [number: 0] [name: aaa]: 2 6 U
    Correct move!
    Player 0 [name aaa] choose (2,6) move to (3 6)
    Send to player 0 [name: aaa] infomation : (0 2 6 3 6)
    Send to player 1 [name: XIQCX] infomation : (0 6 0 5 0)
Step 22:
    Send to player 1 [name: XIQCX] a signal: ACTION
    Receive message form player 1 [name: XIQCX]: 2 0 U
    Transform message form [number: 1] [name: XIQCX]: 6 6 D
    Correct move!
    Player 1 [name XIQCX] choose (6,6) move to (5 6)
    Send to player 0 [name: aaa] infomation : (1 6 6 5 6)
    Send to player 1 [name: XIQCX] infomation : (1 2 0 3 0)
Step 23:
    Send to player 0 [name: aaa] a signal: ACTION
    Receive message form player 0 [name: aaa]: 0 0 U
    Transform message form [number: 0] [name: aaa]: 0 0 U
    Correct move!
    Player 0 [name aaa] choose (0,0) move to (1 0)
    Send to player 0 [name: aaa] infomation : (0 0 0 1 0)
    Send to player 1 [name: XIQCX] infomation : (0 8 6 7 6)
Step 24:
    Send to player 1 [name: XIQCX] a signal: ACTION
    Receive message form player 1 [name: XIQCX]: 3 0 U
    Transform message form [number: 1] [name: XIQCX]: 5 6 D
    Correct move!
    Player 1 [name XIQCX] choose (5,6) move to (4 6)
    Send to player 0 [name: aaa] infomation : (1 5 6 4 6)
    Send to player 1 [name: XIQCX] infomation : (1 3 0 4 0)
Step 25:
    Send to player 0 [name: aaa] a signal: ACTION
    Receive message form player 0 [name: aaa]: 3 6 D
    Transform message form [number: 0] [name: aaa]: 3 6 D
    Correct move!
    Player 0 [name aaa] choose (3,6) move to (2 6)
    Send to player 0 [name: aaa] infomation : (0 3 6 2 6)
    Send to player 1 [name: XIQCX] infomation : (0 5 0 6 0)
Step 26:
    Send to player 1 [name: XIQCX] a signal: ACTION
    Receive message form player 1 [name: XIQCX]: 1 4 R
    Transform message form [number: 1] [name: XIQCX]: 7 2 L
    Correct move!
    Player 1 [name XIQCX] choose (7,2) move to (7 1)
    Send to player 0 [name: aaa] infomation : (1 7 2 7 1)
    Send to player 1 [name: XIQCX] infomation : (1 1 4 1 5)
Step 27:
    Send to player 0 [name: aaa] a signal: ACTION
    Receive message form player 0 [name: aaa]: 3 5 U
    Transform message form [number: 0] [name: aaa]: 3 5 U
    Correct move!
    Player 0 [name aaa] choose (3,5) move to (4 5)
    Send to player 0 [name: aaa] infomation : (0 3 5 4 5)
    Send to player 1 [name: XIQCX] infomation : (0 5 1 4 1)
Step 28:
    Send to player 1 [name: XIQCX] a signal: ACTION
    Receive message form player 1 [name: XIQCX]: 2 3 U
    Transform message form [number: 1] [name: XIQCX]: 6 3 D
    Correct move!
    Player 1 [name XIQCX] choose (6,3) move to (5 3)
    Send to player 0 [name: aaa] infomation : (1 6 3 5 3)
    Send to player 1 [name: XIQCX] infomation : (1 2 3 3 3)
Step 29:
    Send to player 0 [name: aaa] a signal: ACTION
    Receive message form player 0 [name: aaa]: 4 5 R
    Transform message form [number: 0] [name: aaa]: 4 5 R
    cannot eat or move
    Cannot eat or cannot move: ['4', '5', 'R']
    The limit of invalid action of player 0 (name aaa) is 2
Step 30:
    Send to player 1 [name: XIQCX] a signal: ACTION
    Receive message form player 1 [name: XIQCX]: 2 4 R
    Transform message form [number: 1] [name: XIQCX]: 6 2 L
    Correct move!
    Player 1 [name XIQCX] choose (6,2) move to (6 1)
    Send to player 0 [name: aaa] infomation : (1 6 2 6 1)
    Send to player 1 [name: XIQCX] infomation : (1 2 4 2 5)
Step 31:
    Send to player 0 [name: aaa] a signal: ACTION
    Receive message form player 0 [name: aaa]: 4 5 R
    Transform message form [number: 0] [name: aaa]: 4 5 R
    cannot eat or move
    Cannot eat or cannot move: ['4', '5', 'R']
    The limit of invalid action of player 0 (name aaa) is 1
Step 32:
    Send to player 1 [name: XIQCX] a signal: ACTION
    Receive message form player 1 [name: XIQCX]: 2 5 R
    Transform message form [number: 1] [name: XIQCX]: 6 1 L
    Correct move!
    Player 1 [name XIQCX] choose (6,1) move to (6 0)
    Send to player 0 [name: aaa] infomation : (1 6 1 6 0)
    Send to player 1 [name: XIQCX] infomation : (1 2 5 2 6)
Step 33:
    Send to player 0 [name: aaa] a signal: ACTION
    Receive message form player 0 [name: aaa]: 4 5 R
    Transform message form [number: 0] [name: aaa]: 4 5 R
    cannot eat or move
    Cannot eat or cannot move: ['4', '5', 'R']
    The limit of invalid action of player 0 (name aaa) is 0
    The Player 1 (name XIQCX) win the game
Closing connections:
    Player 0 [name: aaa] connection closed succueefully
    Player 1 [name: XIQCX] connection closed succueefully
Total Steps: 33
End!
