Initialization:
    Waiting to connect ...
    AI0: WAIT17 - 4 from 127.0.0.1 connected
    AI1: CICI from 127.0.0.1 connected
    WAIT17 - 4 is the first player
    CICI is the second player
Step 1:
    Send to player 0 [name: WAIT17 - 4] a signal: ACTION
    Receive message form player 0 [name: WAIT17 - 4]: 0 0 U
    Transform message form [number: 0] [name: WAIT17 - 4]: 0 0 U
    Correct move!
    Player 0 [name WAIT17 - 4] choose (0,0) move to (1 0)
    Send to player 0 [name: WAIT17 - 4] infomation : (0 0 0 1 0)
    Send to player 1 [name: CICI] infomation : (0 8 6 7 6)
Step 2:
    Send to player 1 [name: CICI] a signal: ACTION
    Receive message form player 1 [name: CICI]: 2 0 R
    Transform message form [number: 1] [name: CICI]: 6 6 L
    Correct move!
    Player 1 [name CICI] choose (6,6) move to (6 5)
    Send to player 0 [name: WAIT17 - 4] infomation : (1 6 6 6 5)
    Send to player 1 [name: CICI] infomation : (1 2 0 2 1)
Step 3:
    Send to player 0 [name: WAIT17 - 4] a signal: ACTION
    Receive message form player 0 [name: WAIT17 - 4]: 2 0 R
    Transform message form [number: 0] [name: WAIT17 - 4]: 2 0 R
    Correct move!
    Player 0 [name WAIT17 - 4] choose (2,0) move to (2 1)
    Send to player 0 [name: WAIT17 - 4] infomation : (0 2 0 2 1)
    Send to player 1 [name: CICI] infomation : (0 6 6 6 5)
Step 4:
    Send to player 1 [name: CICI] a signal: ACTION
    Receive message form player 1 [name: CICI]: 2 2 R
    Transform message form [number: 1] [name: CICI]: 6 4 L
    Correct move!
    Player 1 [name CICI] choose (6,4) move to (6 3)
    Send to player 0 [name: WAIT17 - 4] infomation : (1 6 4 6 3)
    Send to player 1 [name: CICI] infomation : (1 2 2 2 3)
Step 5:
    Send to player 0 [name: WAIT17 - 4] a signal: ACTION
    Receive message form player 0 [name: WAIT17 - 4]: 1 0 U
    Transform message form [number: 0] [name: WAIT17 - 4]: 1 0 U
    Correct move!
    Player 0 [name WAIT17 - 4] choose (1,0) move to (2 0)
    Send to player 0 [name: WAIT17 - 4] infomation : (0 1 0 2 0)
    Send to player 1 [name: CICI] infomation : (0 7 6 6 6)
Step 6:
    Send to player 1 [name: CICI] a signal: ACTION
    Receive message form player 1 [name: CICI]: 2 1 R
    Transform message form [number: 1] [name: CICI]: 6 5 L
    Correct move!
    Player 1 [name CICI] choose (6,5) move to (6 4)
    Send to player 0 [name: WAIT17 - 4] infomation : (1 6 5 6 4)
    Send to player 1 [name: CICI] infomation : (1 2 1 2 2)
Step 7:
    Send to player 0 [name: WAIT17 - 4] a signal: ACTION
    Receive message form player 0 [name: WAIT17 - 4]: 2 0 U
    Transform message form [number: 0] [name: WAIT17 - 4]: 2 0 U
    Correct move!
    Player 0 [name WAIT17 - 4] choose (2,0) move to (3 0)
    Send to player 0 [name: WAIT17 - 4] infomation : (0 2 0 3 0)
    Send to player 1 [name: CICI] infomation : (0 6 6 5 6)
Step 8:
    Send to player 1 [name: CICI] a signal: ACTION
    Receive message form player 1 [name: CICI]: 2 2 D
    Transform message form [number: 1] [name: CICI]: 6 4 U
    Correct move!
    Player 1 [name CICI] choose (6,4) move to (7 4)
    Send to player 0 [name: WAIT17 - 4] infomation : (1 6 4 7 4)
    Send to player 1 [name: CICI] infomation : (1 2 2 1 2)
Step 9:
    Send to player 0 [name: WAIT17 - 4] a signal: ACTION
    Receive message form player 0 [name: WAIT17 - 4]: 3 0 U
    Transform message form [number: 0] [name: WAIT17 - 4]: 3 0 U
    Correct move!
    Player 0 [name WAIT17 - 4] choose (3,0) move to (4 0)
    Send to player 0 [name: WAIT17 - 4] infomation : (0 3 0 4 0)
    Send to player 1 [name: CICI] infomation : (0 5 6 4 6)
Step 10:
    Send to player 1 [name: CICI] a signal: ACTION
    Receive message form player 1 [name: CICI]: 1 2 R
    Transform message form [number: 1] [name: CICI]: 7 4 L
    Correct move!
    Player 1 [name CICI] choose (7,4) move to (7 3)
    Send to player 0 [name: WAIT17 - 4] infomation : (1 7 4 7 3)
    Send to player 1 [name: CICI] infomation : (1 1 2 1 3)
Step 11:
    Send to player 0 [name: WAIT17 - 4] a signal: ACTION
    Receive message form player 0 [name: WAIT17 - 4]: 4 0 U
    Transform message form [number: 0] [name: WAIT17 - 4]: 4 0 U
    Correct move!
    Player 0 [name WAIT17 - 4] choose (4,0) move to (5 0)
    Send to player 0 [name: WAIT17 - 4] infomation : (0 4 0 5 0)
    Send to player 1 [name: CICI] infomation : (0 4 6 3 6)
Step 12:
    Send to player 1 [name: CICI] a signal: ACTION
    Receive message form player 1 [name: CICI]: 2 6 L
    Transform message form [number: 1] [name: CICI]: 6 0 R
    Correct move!
    Player 1 [name CICI] choose (6,0) move to (6 1)
    Send to player 0 [name: WAIT17 - 4] infomation : (1 6 0 6 1)
    Send to player 1 [name: CICI] infomation : (1 2 6 2 5)
Step 13:
    Send to player 0 [name: WAIT17 - 4] a signal: ACTION
    Receive message form player 0 [name: WAIT17 - 4]: 5 0 U
    Transform message form [number: 0] [name: WAIT17 - 4]: 5 0 U
    Correct move!
    Player 0 [name WAIT17 - 4] choose (5,0) move to (6 0)
    Send to player 0 [name: WAIT17 - 4] infomation : (0 5 0 6 0)
    Send to player 1 [name: CICI] infomation : (0 3 6 2 6)
Step 14:
    Send to player 1 [name: CICI] a signal: ACTION
    Receive message form player 1 [name: CICI]: 2 5 U
    Transform message form [number: 1] [name: CICI]: 6 1 D
    Correct move!
    Player 1 [name CICI] choose (6,1) move to (5 1)
    Send to player 0 [name: WAIT17 - 4] infomation : (1 6 1 5 1)
    Send to player 1 [name: CICI] infomation : (1 2 5 3 5)
Step 15:
    Send to player 0 [name: WAIT17 - 4] a signal: ACTION
    Receive message form player 0 [name: WAIT17 - 4]: 6 0 D
    Transform message form [number: 0] [name: WAIT17 - 4]: 6 0 D
    Correct move!
    Player 0 [name WAIT17 - 4] choose (6,0) move to (5 0)
    Send to player 0 [name: WAIT17 - 4] infomation : (0 6 0 5 0)
    Send to player 1 [name: CICI] infomation : (0 2 6 3 6)
Step 16:
    Send to player 1 [name: CICI] a signal: ACTION
    Receive message form player 1 [name: CICI]: 1 5 L
    Transform message form [number: 1] [name: CICI]: 7 1 R
    Correct move!
    Player 1 [name CICI] choose (7,1) move to (7 2)
    Send to player 0 [name: WAIT17 - 4] infomation : (1 7 1 7 2)
    Send to player 1 [name: CICI] infomation : (1 1 5 1 4)
Step 17:
    Send to player 0 [name: WAIT17 - 4] a signal: ACTION
    Receive message form player 0 [name: WAIT17 - 4]: 0 6 U
    Transform message form [number: 0] [name: WAIT17 - 4]: 0 6 U
    Correct move!
    Player 0 [name WAIT17 - 4] choose (0,6) move to (1 6)
    Send to player 0 [name: WAIT17 - 4] infomation : (0 0 6 1 6)
    Send to player 1 [name: CICI] infomation : (0 8 0 7 0)
Step 18:
    Send to player 1 [name: CICI] a signal: ACTION
    Receive message form player 1 [name: CICI]: 1 1 D
    Transform message form [number: 1] [name: CICI]: 7 5 U
    Correct move!
    Player 1 [name CICI] choose (7,5) move to (8 5)
    Send to player 0 [name: WAIT17 - 4] infomation : (1 7 5 8 5)
    Send to player 1 [name: CICI] infomation : (1 1 1 0 1)
Step 19:
    Send to player 0 [name: WAIT17 - 4] a signal: ACTION
    Receive message form player 0 [name: WAIT17 - 4]: 2 4 L
    Transform message form [number: 0] [name: WAIT17 - 4]: 2 4 L
    Correct move!
    Player 0 [name WAIT17 - 4] choose (2,4) move to (2 3)
    Send to player 0 [name: WAIT17 - 4] infomation : (0 2 4 2 3)
    Send to player 1 [name: CICI] infomation : (0 6 2 6 3)
Step 20:
    Send to player 1 [name: CICI] a signal: ACTION
    Receive message form player 1 [name: CICI]: 1 4 D
    Transform message form [number: 1] [name: CICI]: 7 2 U
    Correct move!
    Player 1 [name CICI] choose (7,2) move to (8 2)
    Send to player 0 [name: WAIT17 - 4] infomation : (1 7 2 8 2)
    Send to player 1 [name: CICI] infomation : (1 1 4 0 4)
Step 21:
    Send to player 0 [name: WAIT17 - 4] a signal: ACTION
    Receive message form player 0 [name: WAIT17 - 4]: 1 5 D
    Transform message form [number: 0] [name: WAIT17 - 4]: 1 5 D
    Correct move!
    Player 0 [name WAIT17 - 4] choose (1,5) move to (0 5)
    Send to player 0 [name: WAIT17 - 4] infomation : (0 1 5 0 5)
    Send to player 1 [name: CICI] infomation : (0 7 1 8 1)
Step 22:
    Send to player 1 [name: CICI] a signal: ACTION
    Receive message form player 1 [name: CICI]: 0 6 U
    Transform message form [number: 1] [name: CICI]: 8 0 D
    Correct move!
    Player 1 [name CICI] choose (8,0) move to (7 0)
    Send to player 0 [name: WAIT17 - 4] infomation : (1 8 0 7 0)
    Send to player 1 [name: CICI] infomation : (1 0 6 1 6)
Step 23:
    Send to player 0 [name: WAIT17 - 4] a signal: ACTION
    Receive message form player 0 [name: WAIT17 - 4]: 2 1 L
    Transform message form [number: 0] [name: WAIT17 - 4]: 2 1 L
    Correct move!
    Player 0 [name WAIT17 - 4] choose (2,1) move to (2 0)
    Send to player 0 [name: WAIT17 - 4] infomation : (0 2 1 2 0)
    Send to player 1 [name: CICI] infomation : (0 6 5 6 6)
Step 24:
    Send to player 1 [name: CICI] a signal: ACTION
    Receive message form player 1 [name: CICI]: 1 6 U
    Transform message form [number: 1] [name: CICI]: 7 0 D
    Correct move!
    Player 1 [name CICI] choose (7,0) move to (6 0)
    Send to player 0 [name: WAIT17 - 4] infomation : (1 7 0 6 0)
    Send to player 1 [name: CICI] infomation : (1 1 6 2 6)
Step 25:
    Send to player 0 [name: WAIT17 - 4] a signal: ACTION
    Receive message form player 0 [name: WAIT17 - 4]: 2 0 D
    Transform message form [number: 0] [name: WAIT17 - 4]: 2 0 D
    Correct move!
    Player 0 [name WAIT17 - 4] choose (2,0) move to (1 0)
    Send to player 0 [name: WAIT17 - 4] infomation : (0 2 0 1 0)
    Send to player 1 [name: CICI] infomation : (0 6 6 7 6)
Step 26:
    Send to player 1 [name: CICI] a signal: ACTION
    Receive message form player 1 [name: CICI]: 2 6 U
    Transform message form [number: 1] [name: CICI]: 6 0 D
    Correct move!
    Player 1 [name CICI] choose (6,0) move to (5 0)
    Send to player 0 [name: WAIT17 - 4] infomation : (1 6 0 5 0)
    Send to player 1 [name: CICI] infomation : (1 2 6 3 6)
Step 27:
    Send to player 0 [name: WAIT17 - 4] a signal: ACTION
    Receive message form player 0 [name: WAIT17 - 4]: 1 0 D
    Transform message form [number: 0] [name: WAIT17 - 4]: 1 0 D
    Correct move!
    Player 0 [name WAIT17 - 4] choose (1,0) move to (0 0)
    Send to player 0 [name: WAIT17 - 4] infomation : (0 1 0 0 0)
    Send to player 1 [name: CICI] infomation : (0 7 6 8 6)
Step 28:
    Send to player 1 [name: CICI] a signal: ACTION
    Receive message form player 1 [name: CICI]: 0 1 R
    Transform message form [number: 1] [name: CICI]: 8 5 L
    Correct move!
    Player 1 [name CICI] choose (8,5) move to (8 4)
    Send to player 0 [name: WAIT17 - 4] infomation : (1 8 5 8 4)
    Send to player 1 [name: CICI] infomation : (1 0 1 0 2)
Step 29:
    Send to player 0 [name: WAIT17 - 4] a signal: ACTION
    Receive message form player 0 [name: WAIT17 - 4]: 1 1 D
    Transform message form [number: 0] [name: WAIT17 - 4]: 1 1 D
    Correct move!
    Player 0 [name WAIT17 - 4] choose (1,1) move to (0 1)
    Send to player 0 [name: WAIT17 - 4] infomation : (0 1 1 0 1)
    Send to player 1 [name: CICI] infomation : (0 7 5 8 5)
Step 30:
    Send to player 1 [name: CICI] a signal: ACTION
    Receive message form player 1 [name: CICI]: 3 6 U
    Transform message form [number: 1] [name: CICI]: 5 0 D
    Correct move!
    Player 1 [name CICI] choose (5,0) move to (4 0)
    Send to player 0 [name: WAIT17 - 4] infomation : (1 5 0 4 0)
    Send to player 1 [name: CICI] infomation : (1 3 6 4 6)
Step 31:
    Send to player 0 [name: WAIT17 - 4] a signal: ACTION
    Receive message form player 0 [name: WAIT17 - 4]: 0 1 R
    Transform message form [number: 0] [name: WAIT17 - 4]: 0 1 R
    Correct move!
    Player 0 [name WAIT17 - 4] choose (0,1) move to (0 2)
    Send to player 0 [name: WAIT17 - 4] infomation : (0 0 1 0 2)
    Send to player 1 [name: CICI] infomation : (0 8 5 8 4)
Step 32:
    Send to player 1 [name: CICI] a signal: ACTION
    Receive message form player 1 [name: CICI]: 4 6 U
    Transform message form [number: 1] [name: CICI]: 4 0 D
    Correct move!
    Player 1 [name CICI] choose (4,0) move to (3 0)
    Send to player 0 [name: WAIT17 - 4] infomation : (1 4 0 3 0)
    Send to player 1 [name: CICI] infomation : (1 4 6 5 6)
Step 33:
    Send to player 0 [name: WAIT17 - 4] a signal: ACTION
    Receive message form player 0 [name: WAIT17 - 4]: 0 2 L
    Transform message form [number: 0] [name: WAIT17 - 4]: 0 2 L
    Correct move!
    Player 0 [name WAIT17 - 4] choose (0,2) move to (0 1)
    Send to player 0 [name: WAIT17 - 4] infomation : (0 0 2 0 1)
    Send to player 1 [name: CICI] infomation : (0 8 4 8 5)
Step 34:
    Send to player 1 [name: CICI] a signal: ACTION
    Receive message form player 1 [name: CICI]: 5 6 L
    Transform message form [number: 1] [name: CICI]: 3 0 R
    Correct move!
    Player 1 [name CICI] choose (3,0) move to (3 3)
    Send to player 0 [name: WAIT17 - 4] infomation : (1 3 0 3 3)
    Send to player 1 [name: CICI] infomation : (1 5 6 5 3)
Step 35:
    Send to player 0 [name: WAIT17 - 4] a signal: ACTION
    Receive message form player 0 [name: WAIT17 - 4]: 2 6 L
    Transform message form [number: 0] [name: WAIT17 - 4]: 2 6 L
    Correct move!
    Player 0 [name WAIT17 - 4] choose (2,6) move to (2 5)
    Send to player 0 [name: WAIT17 - 4] infomation : (0 2 6 2 5)
    Send to player 1 [name: CICI] infomation : (0 6 0 6 1)
Step 36:
    Send to player 1 [name: CICI] a signal: ACTION
    Receive message form player 1 [name: CICI]: 5 3 U
    Transform message form [number: 1] [name: CICI]: 3 3 D
    Correct move!
    Player 1 [name CICI] choose (3,3) move to (2 3)
    Send to player 0 [name: WAIT17 - 4] infomation : (1 3 3 2 3)
    Send to player 1 [name: CICI] infomation : (1 5 3 6 3)
Step 37:
    Send to player 0 [name: WAIT17 - 4] a signal: ACTION
    Receive message form player 0 [name: WAIT17 - 4]: 2 5 U
    Transform message form [number: 0] [name: WAIT17 - 4]: 2 5 U
    Correct move!
    Player 0 [name WAIT17 - 4] choose (2,5) move to (3 5)
    Send to player 0 [name: WAIT17 - 4] infomation : (0 2 5 3 5)
    Send to player 1 [name: CICI] infomation : (0 6 1 5 1)
Step 38:
    Send to player 1 [name: CICI] a signal: ACTION
    Receive message form player 1 [name: CICI]: 6 3 U
    Transform message form [number: 1] [name: CICI]: 2 3 D
    Correct move!
    Player 1 [name CICI] choose (2,3) move to (1 3)
    Send to player 0 [name: WAIT17 - 4] infomation : (1 2 3 1 3)
    Send to player 1 [name: CICI] infomation : (1 6 3 7 3)
Step 39:
    Send to player 0 [name: WAIT17 - 4] a signal: ACTION
    Receive message form player 0 [name: WAIT17 - 4]: 3 5 L
    Transform message form [number: 0] [name: WAIT17 - 4]: 3 5 L
    Correct move!
    Player 0 [name WAIT17 - 4] choose (3,5) move to (3 4)
    Send to player 0 [name: WAIT17 - 4] infomation : (0 3 5 3 4)
    Send to player 1 [name: CICI] infomation : (0 5 1 5 2)
Step 40:
    Send to player 1 [name: CICI] a signal: ACTION
    Receive message form player 1 [name: CICI]: 1 3 L
    Transform message form [number: 1] [name: CICI]: 7 3 R
    Correct move!
    Player 1 [name CICI] choose (7,3) move to (7 4)
    Send to player 0 [name: WAIT17 - 4] infomation : (1 7 3 7 4)
    Send to player 1 [name: CICI] infomation : (1 1 3 1 2)
Step 41:
    Send to player 0 [name: WAIT17 - 4] a signal: ACTION
    Receive message form player 0 [name: WAIT17 - 4]: 2 2 R
    Transform message form [number: 0] [name: WAIT17 - 4]: 2 2 R
    Correct move!
    Player 0 [name WAIT17 - 4] choose (2,2) move to (2 3)
    Send to player 0 [name: WAIT17 - 4] infomation : (0 2 2 2 3)
    Send to player 1 [name: CICI] infomation : (0 6 4 6 3)
Step 42:
    Send to player 1 [name: CICI] a signal: ACTION
    Receive message form player 1 [name: CICI]: 7 3 U
    Transform message form [number: 1] [name: CICI]: 1 3 D
    Correct move!
    Player 1 [name CICI] choose (1,3) move to (0 3)
    Send to player 0 [name: WAIT17 - 4] infomation : (1 1 3 0 3)
    Send to player 1 [name: CICI] infomation : (1 7 3 8 3)
    The Player 1 (name CICI) win the game
Closing connections:
    Player 0 [name: WAIT17 - 4] connection closed succueefully
    Player 1 [name: CICI] connection closed succueefully
Total Steps: 42
End!
