Initialization:
    Waiting to connect ...
    AI0: WAIT17 - 4 from 127.0.0.1 connected
    AI1: DC乄mobula from 127.0.0.1 connected
    WAIT17 - 4 is the first player
    DC乄mobula is the second player
Step 1:
    Send to player 0 [name: WAIT17 - 4] a signal: ACTION
    Receive message form player 0 [name: WAIT17 - 4]: 0 0 U
    Transform message form [number: 0] [name: WAIT17 - 4]: 0 0 U
    Correct move!
    Player 0 [name WAIT17 - 4] choose (0,0) move to (1 0)
    Send to player 0 [name: WAIT17 - 4] infomation : (0 0 0 1 0)
    Send to player 1 [name: DC乄mobula] infomation : (0 8 6 7 6)
Step 2:
    Send to player 1 [name: DC乄mobula] a signal: ACTION
    Receive message form player 1 [name: DC乄mobula]: 1 5 D
    Transform message form [number: 1] [name: DC乄mobula]: 7 1 U
    Correct move!
    Player 1 [name DC乄mobula] choose (7,1) move to (8 1)
    Send to player 0 [name: WAIT17 - 4] infomation : (1 7 1 8 1)
    Send to player 1 [name: DC乄mobula] infomation : (1 1 5 0 5)
Step 3:
    Send to player 0 [name: WAIT17 - 4] a signal: ACTION
    Receive message form player 0 [name: WAIT17 - 4]: 2 0 R
    Transform message form [number: 0] [name: WAIT17 - 4]: 2 0 R
    Correct move!
    Player 0 [name WAIT17 - 4] choose (2,0) move to (2 1)
    Send to player 0 [name: WAIT17 - 4] infomation : (0 2 0 2 1)
    Send to player 1 [name: DC乄mobula] infomation : (0 6 6 6 5)
Step 4:
    Send to player 1 [name: DC乄mobula] a signal: ACTION
    Receive message form player 1 [name: DC乄mobula]: 2 2 R
    Transform message form [number: 1] [name: DC乄mobula]: 6 4 L
    Correct move!
    Player 1 [name DC乄mobula] choose (6,4) move to (6 3)
    Send to player 0 [name: WAIT17 - 4] infomation : (1 6 4 6 3)
    Send to player 1 [name: DC乄mobula] infomation : (1 2 2 2 3)
Step 5:
    Send to player 0 [name: WAIT17 - 4] a signal: ACTION
    Receive message form player 0 [name: WAIT17 - 4]: 1 0 U
    Transform message form [number: 0] [name: WAIT17 - 4]: 1 0 U
    Correct move!
    Player 0 [name WAIT17 - 4] choose (1,0) move to (2 0)
    Send to player 0 [name: WAIT17 - 4] infomation : (0 1 0 2 0)
    Send to player 1 [name: DC乄mobula] infomation : (0 7 6 6 6)
Step 6:
    Send to player 1 [name: DC乄mobula] a signal: ACTION
    Receive message form player 1 [name: DC乄mobula]: 1 1 D
    Transform message form [number: 1] [name: DC乄mobula]: 7 5 U
    Correct move!
    Player 1 [name DC乄mobula] choose (7,5) move to (8 5)
    Send to player 0 [name: WAIT17 - 4] infomation : (1 7 5 8 5)
    Send to player 1 [name: DC乄mobula] infomation : (1 1 1 0 1)
Step 7:
    Send to player 0 [name: WAIT17 - 4] a signal: ACTION
    Receive message form player 0 [name: WAIT17 - 4]: 2 0 U
    Transform message form [number: 0] [name: WAIT17 - 4]: 2 0 U
    Correct move!
    Player 0 [name WAIT17 - 4] choose (2,0) move to (3 0)
    Send to player 0 [name: WAIT17 - 4] infomation : (0 2 0 3 0)
    Send to player 1 [name: DC乄mobula] infomation : (0 6 6 5 6)
Step 8:
    Send to player 1 [name: DC乄mobula] a signal: ACTION
    Receive message form player 1 [name: DC乄mobula]: 2 0 R
    Transform message form [number: 1] [name: DC乄mobula]: 6 6 L
    Correct move!
    Player 1 [name DC乄mobula] choose (6,6) move to (6 5)
    Send to player 0 [name: WAIT17 - 4] infomation : (1 6 6 6 5)
    Send to player 1 [name: DC乄mobula] infomation : (1 2 0 2 1)
Step 9:
    Send to player 0 [name: WAIT17 - 4] a signal: ACTION
    Receive message form player 0 [name: WAIT17 - 4]: 3 0 U
    Transform message form [number: 0] [name: WAIT17 - 4]: 3 0 U
    Correct move!
    Player 0 [name WAIT17 - 4] choose (3,0) move to (4 0)
    Send to player 0 [name: WAIT17 - 4] infomation : (0 3 0 4 0)
    Send to player 1 [name: DC乄mobula] infomation : (0 5 6 4 6)
Step 10:
    Send to player 1 [name: DC乄mobula] a signal: ACTION
    Receive message form player 1 [name: DC乄mobula]: 2 1 R
    Transform message form [number: 1] [name: DC乄mobula]: 6 5 L
    Correct move!
    Player 1 [name DC乄mobula] choose (6,5) move to (6 4)
    Send to player 0 [name: WAIT17 - 4] infomation : (1 6 5 6 4)
    Send to player 1 [name: DC乄mobula] infomation : (1 2 1 2 2)
Step 11:
    Send to player 0 [name: WAIT17 - 4] a signal: ACTION
    Receive message form player 0 [name: WAIT17 - 4]: 4 0 U
    Transform message form [number: 0] [name: WAIT17 - 4]: 4 0 U
    Correct move!
    Player 0 [name WAIT17 - 4] choose (4,0) move to (5 0)
    Send to player 0 [name: WAIT17 - 4] infomation : (0 4 0 5 0)
    Send to player 1 [name: DC乄mobula] infomation : (0 4 6 3 6)
Step 12:
    Send to player 1 [name: DC乄mobula] a signal: ACTION
    Receive message form player 1 [name: DC乄mobula]: 2 2 D
    Transform message form [number: 1] [name: DC乄mobula]: 6 4 U
    Correct move!
    Player 1 [name DC乄mobula] choose (6,4) move to (7 4)
    Send to player 0 [name: WAIT17 - 4] infomation : (1 6 4 7 4)
    Send to player 1 [name: DC乄mobula] infomation : (1 2 2 1 2)
Step 13:
    Send to player 0 [name: WAIT17 - 4] a signal: ACTION
    Receive message form player 0 [name: WAIT17 - 4]: 5 0 U
    Transform message form [number: 0] [name: WAIT17 - 4]: 5 0 U
    Correct move!
    Player 0 [name WAIT17 - 4] choose (5,0) move to (6 0)
    Send to player 0 [name: WAIT17 - 4] infomation : (0 5 0 6 0)
    Send to player 1 [name: DC乄mobula] infomation : (0 3 6 2 6)
Step 14:
    Send to player 1 [name: DC乄mobula] a signal: ACTION
    Receive message form player 1 [name: DC乄mobula]: 1 2 R
    Transform message form [number: 1] [name: DC乄mobula]: 7 4 L
    Correct move!
    Player 1 [name DC乄mobula] choose (7,4) move to (7 3)
    Send to player 0 [name: WAIT17 - 4] infomation : (1 7 4 7 3)
    Send to player 1 [name: DC乄mobula] infomation : (1 1 2 1 3)
Step 15:
    Send to player 0 [name: WAIT17 - 4] a signal: ACTION
    Receive message form player 0 [name: WAIT17 - 4]: 0 6 U
    Transform message form [number: 0] [name: WAIT17 - 4]: 0 6 U
    Correct move!
    Player 0 [name WAIT17 - 4] choose (0,6) move to (1 6)
    Send to player 0 [name: WAIT17 - 4] infomation : (0 0 6 1 6)
    Send to player 1 [name: DC乄mobula] infomation : (0 8 0 7 0)
Step 16:
    Send to player 1 [name: DC乄mobula] a signal: ACTION
    Receive message form player 1 [name: DC乄mobula]: 0 0 U
    Transform message form [number: 1] [name: DC乄mobula]: 8 6 D
    Correct move!
    Player 1 [name DC乄mobula] choose (8,6) move to (7 6)
    Send to player 0 [name: WAIT17 - 4] infomation : (1 8 6 7 6)
    Send to player 1 [name: DC乄mobula] infomation : (1 0 0 1 0)
Step 17:
    Send to player 0 [name: WAIT17 - 4] a signal: ACTION
    Receive message form player 0 [name: WAIT17 - 4]: 2 6 L
    Transform message form [number: 0] [name: WAIT17 - 4]: 2 6 L
    Correct move!
    Player 0 [name WAIT17 - 4] choose (2,6) move to (2 5)
    Send to player 0 [name: WAIT17 - 4] infomation : (0 2 6 2 5)
    Send to player 1 [name: DC乄mobula] infomation : (0 6 0 6 1)
Step 18:
    Send to player 1 [name: DC乄mobula] a signal: ACTION
    Receive message form player 1 [name: DC乄mobula]: 1 0 U
    Transform message form [number: 1] [name: DC乄mobula]: 7 6 D
    Correct move!
    Player 1 [name DC乄mobula] choose (7,6) move to (6 6)
    Send to player 0 [name: WAIT17 - 4] infomation : (1 7 6 6 6)
    Send to player 1 [name: DC乄mobula] infomation : (1 1 0 2 0)
Step 19:
    Send to player 0 [name: WAIT17 - 4] a signal: ACTION
    Receive message form player 0 [name: WAIT17 - 4]: 1 6 U
    Transform message form [number: 0] [name: WAIT17 - 4]: 1 6 U
    Correct move!
    Player 0 [name WAIT17 - 4] choose (1,6) move to (2 6)
    Send to player 0 [name: WAIT17 - 4] infomation : (0 1 6 2 6)
    Send to player 1 [name: DC乄mobula] infomation : (0 7 0 6 0)
Step 20:
    Send to player 1 [name: DC乄mobula] a signal: ACTION
    Receive message form player 1 [name: DC乄mobula]: 2 0 U
    Transform message form [number: 1] [name: DC乄mobula]: 6 6 D
    Correct move!
    Player 1 [name DC乄mobula] choose (6,6) move to (5 6)
    Send to player 0 [name: WAIT17 - 4] infomation : (1 6 6 5 6)
    Send to player 1 [name: DC乄mobula] infomation : (1 2 0 3 0)
Step 21:
    Send to player 0 [name: WAIT17 - 4] a signal: ACTION
    Receive message form player 0 [name: WAIT17 - 4]: 2 6 U
    Transform message form [number: 0] [name: WAIT17 - 4]: 2 6 U
    Correct move!
    Player 0 [name WAIT17 - 4] choose (2,6) move to (3 6)
    Send to player 0 [name: WAIT17 - 4] infomation : (0 2 6 3 6)
    Send to player 1 [name: DC乄mobula] infomation : (0 6 0 5 0)
Step 22:
    Send to player 1 [name: DC乄mobula] a signal: ACTION
    Receive message form player 1 [name: DC乄mobula]: 3 0 R
    Transform message form [number: 1] [name: DC乄mobula]: 5 6 L
    Correct move!
    Player 1 [name DC乄mobula] choose (5,6) move to (5 3)
    Send to player 0 [name: WAIT17 - 4] infomation : (1 5 6 5 3)
    Send to player 1 [name: DC乄mobula] infomation : (1 3 0 3 3)
Step 23:
    Send to player 0 [name: WAIT17 - 4] a signal: ACTION
    Receive message form player 0 [name: WAIT17 - 4]: 3 6 U
    Transform message form [number: 0] [name: WAIT17 - 4]: 3 6 U
    Correct move!
    Player 0 [name WAIT17 - 4] choose (3,6) move to (4 6)
    Send to player 0 [name: WAIT17 - 4] infomation : (0 3 6 4 6)
    Send to player 1 [name: DC乄mobula] infomation : (0 5 0 4 0)
Step 24:
    Send to player 1 [name: DC乄mobula] a signal: ACTION
    Receive message form player 1 [name: DC乄mobula]: 0 6 U
    Transform message form [number: 1] [name: DC乄mobula]: 8 0 D
    Correct move!
    Player 1 [name DC乄mobula] choose (8,0) move to (7 0)
    Send to player 0 [name: WAIT17 - 4] infomation : (1 8 0 7 0)
    Send to player 1 [name: DC乄mobula] infomation : (1 0 6 1 6)
Step 25:
    Send to player 0 [name: WAIT17 - 4] a signal: ACTION
    Receive message form player 0 [name: WAIT17 - 4]: 6 0 D
    Transform message form [number: 0] [name: WAIT17 - 4]: 6 0 D
    Correct move!
    Player 0 [name WAIT17 - 4] choose (6,0) move to (5 0)
    Send to player 0 [name: WAIT17 - 4] infomation : (0 6 0 5 0)
    Send to player 1 [name: DC乄mobula] infomation : (0 2 6 3 6)
Step 26:
    Send to player 1 [name: DC乄mobula] a signal: ACTION
    Receive message form player 1 [name: DC乄mobula]: 3 3 R
    Transform message form [number: 1] [name: DC乄mobula]: 5 3 L
    Correct move!
    Player 1 [name DC乄mobula] choose (5,3) move to (5 0)
    Send to player 0 [name: WAIT17 - 4] infomation : (1 5 3 5 0)
    Send to player 1 [name: DC乄mobula] infomation : (1 3 3 3 6)
Step 27:
    Send to player 0 [name: WAIT17 - 4] a signal: ACTION
    Receive message form player 0 [name: WAIT17 - 4]: 4 6 U
    Transform message form [number: 0] [name: WAIT17 - 4]: 4 6 U
    Correct move!
    Player 0 [name WAIT17 - 4] choose (4,6) move to (5 6)
    Send to player 0 [name: WAIT17 - 4] infomation : (0 4 6 5 6)
    Send to player 1 [name: DC乄mobula] infomation : (0 4 0 3 0)
Step 28:
    Send to player 1 [name: DC乄mobula] a signal: ACTION
    Receive message form player 1 [name: DC乄mobula]: 3 6 U
    Transform message form [number: 1] [name: DC乄mobula]: 5 0 D
    Correct move!
    Player 1 [name DC乄mobula] choose (5,0) move to (4 0)
    Send to player 0 [name: WAIT17 - 4] infomation : (1 5 0 4 0)
    Send to player 1 [name: DC乄mobula] infomation : (1 3 6 4 6)
Step 29:
    Send to player 0 [name: WAIT17 - 4] a signal: ACTION
    Receive message form player 0 [name: WAIT17 - 4]: 5 6 U
    Transform message form [number: 0] [name: WAIT17 - 4]: 5 6 U
    Correct move!
    Player 0 [name WAIT17 - 4] choose (5,6) move to (6 6)
    Send to player 0 [name: WAIT17 - 4] infomation : (0 5 6 6 6)
    Send to player 1 [name: DC乄mobula] infomation : (0 3 0 2 0)
Step 30:
    Send to player 1 [name: DC乄mobula] a signal: ACTION
    Receive message form player 1 [name: DC乄mobula]: 2 4 R
    Transform message form [number: 1] [name: DC乄mobula]: 6 2 L
    Correct move!
    Player 1 [name DC乄mobula] choose (6,2) move to (6 1)
    Send to player 0 [name: WAIT17 - 4] infomation : (1 6 2 6 1)
    Send to player 1 [name: DC乄mobula] infomation : (1 2 4 2 5)
Step 31:
    Send to player 0 [name: WAIT17 - 4] a signal: ACTION
    Receive message form player 0 [name: WAIT17 - 4]: 1 1 D
    Transform message form [number: 0] [name: WAIT17 - 4]: 1 1 D
    Correct move!
    Player 0 [name WAIT17 - 4] choose (1,1) move to (0 1)
    Send to player 0 [name: WAIT17 - 4] infomation : (0 1 1 0 1)
    Send to player 1 [name: DC乄mobula] infomation : (0 7 5 8 5)
Step 32:
    Send to player 1 [name: DC乄mobula] a signal: ACTION
    Receive message form player 1 [name: DC乄mobula]: 1 6 U
    Transform message form [number: 1] [name: DC乄mobula]: 7 0 D
    Correct move!
    Player 1 [name DC乄mobula] choose (7,0) move to (6 0)
    Send to player 0 [name: WAIT17 - 4] infomation : (1 7 0 6 0)
    Send to player 1 [name: DC乄mobula] infomation : (1 1 6 2 6)
Step 33:
    Send to player 0 [name: WAIT17 - 4] a signal: ACTION
    Receive message form player 0 [name: WAIT17 - 4]: 0 1 R
    Transform message form [number: 0] [name: WAIT17 - 4]: 0 1 R
    Correct move!
    Player 0 [name WAIT17 - 4] choose (0,1) move to (0 2)
    Send to player 0 [name: WAIT17 - 4] infomation : (0 0 1 0 2)
    Send to player 1 [name: DC乄mobula] infomation : (0 8 5 8 4)
Step 34:
    Send to player 1 [name: DC乄mobula] a signal: ACTION
    Receive message form player 1 [name: DC乄mobula]: 2 6 U
    Transform message form [number: 1] [name: DC乄mobula]: 6 0 D
    Correct move!
    Player 1 [name DC乄mobula] choose (6,0) move to (5 0)
    Send to player 0 [name: WAIT17 - 4] infomation : (1 6 0 5 0)
    Send to player 1 [name: DC乄mobula] infomation : (1 2 6 3 6)
Step 35:
    Send to player 0 [name: WAIT17 - 4] a signal: ACTION
    Receive message form player 0 [name: WAIT17 - 4]: 2 2 R
    Transform message form [number: 0] [name: WAIT17 - 4]: 2 2 R
    Correct move!
    Player 0 [name WAIT17 - 4] choose (2,2) move to (2 3)
    Send to player 0 [name: WAIT17 - 4] infomation : (0 2 2 2 3)
    Send to player 1 [name: DC乄mobula] infomation : (0 6 4 6 3)
Step 36:
    Send to player 1 [name: DC乄mobula] a signal: ACTION
    Receive message form player 1 [name: DC乄mobula]: 4 6 L
    Transform message form [number: 1] [name: DC乄mobula]: 4 0 R
    Correct move!
    Player 1 [name DC乄mobula] choose (4,0) move to (4 3)
    Send to player 0 [name: WAIT17 - 4] infomation : (1 4 0 4 3)
    Send to player 1 [name: DC乄mobula] infomation : (1 4 6 4 3)
Step 37:
    Send to player 0 [name: WAIT17 - 4] a signal: ACTION
    Receive message form player 0 [name: WAIT17 - 4]: 2 1 R
    Transform message form [number: 0] [name: WAIT17 - 4]: 2 1 R
    Correct move!
    Player 0 [name WAIT17 - 4] choose (2,1) move to (2 2)
    Send to player 0 [name: WAIT17 - 4] infomation : (0 2 1 2 2)
    Send to player 1 [name: DC乄mobula] infomation : (0 6 5 6 4)
Step 38:
    Send to player 1 [name: DC乄mobula] a signal: ACTION
    Receive message form player 1 [name: DC乄mobula]: 4 3 U
    Transform message form [number: 1] [name: DC乄mobula]: 4 3 D
    Correct move!
    Player 1 [name DC乄mobula] choose (4,3) move to (3 3)
    Send to player 0 [name: WAIT17 - 4] infomation : (1 4 3 3 3)
    Send to player 1 [name: DC乄mobula] infomation : (1 4 3 5 3)
Step 39:
    Send to player 0 [name: WAIT17 - 4] a signal: ACTION
    Receive message form player 0 [name: WAIT17 - 4]: 2 5 U
    Transform message form [number: 0] [name: WAIT17 - 4]: 2 5 U
    Correct move!
    Player 0 [name WAIT17 - 4] choose (2,5) move to (3 5)
    Send to player 0 [name: WAIT17 - 4] infomation : (0 2 5 3 5)
    Send to player 1 [name: DC乄mobula] infomation : (0 6 1 5 1)
Step 40:
    Send to player 1 [name: DC乄mobula] a signal: ACTION
    Receive message form player 1 [name: DC乄mobula]: 3 6 L
    Transform message form [number: 1] [name: DC乄mobula]: 5 0 R
    Correct move!
    Player 1 [name DC乄mobula] choose (5,0) move to (5 3)
    Send to player 0 [name: WAIT17 - 4] infomation : (1 5 0 5 3)
    Send to player 1 [name: DC乄mobula] infomation : (1 3 6 3 3)
Step 41:
    Send to player 0 [name: WAIT17 - 4] a signal: ACTION
    Receive message form player 0 [name: WAIT17 - 4]: 3 5 L
    Transform message form [number: 0] [name: WAIT17 - 4]: 3 5 L
    Correct move!
    Player 0 [name WAIT17 - 4] choose (3,5) move to (3 4)
    Send to player 0 [name: WAIT17 - 4] infomation : (0 3 5 3 4)
    Send to player 1 [name: DC乄mobula] infomation : (0 5 1 5 2)
Step 42:
    Send to player 1 [name: DC乄mobula] a signal: ACTION
    Receive message form player 1 [name: DC乄mobula]: 2 5 R
    Transform message form [number: 1] [name: DC乄mobula]: 6 1 L
    Correct move!
    Player 1 [name DC乄mobula] choose (6,1) move to (6 0)
    Send to player 0 [name: WAIT17 - 4] infomation : (1 6 1 6 0)
    Send to player 1 [name: DC乄mobula] infomation : (1 2 5 2 6)
Step 43:
    Send to player 0 [name: WAIT17 - 4] a signal: ACTION
    Receive message form player 0 [name: WAIT17 - 4]: 2 3 D
    Transform message form [number: 0] [name: WAIT17 - 4]: 2 3 D
    Correct move!
    Player 0 [name WAIT17 - 4] choose (2,3) move to (1 3)
    Send to player 0 [name: WAIT17 - 4] infomation : (0 2 3 1 3)
    Send to player 1 [name: DC乄mobula] infomation : (0 6 3 7 3)
Step 44:
    Send to player 1 [name: DC乄mobula] a signal: ACTION
    Receive message form player 1 [name: DC乄mobula]: 2 6 U
    Transform message form [number: 1] [name: DC乄mobula]: 6 0 D
    Correct move!
    Player 1 [name DC乄mobula] choose (6,0) move to (5 0)
    Send to player 0 [name: WAIT17 - 4] infomation : (1 6 0 5 0)
    Send to player 1 [name: DC乄mobula] infomation : (1 2 6 3 6)
Step 45:
    Send to player 0 [name: WAIT17 - 4] a signal: ACTION
    Receive message form player 0 [name: WAIT17 - 4]: 2 2 R
    Transform message form [number: 0] [name: WAIT17 - 4]: 2 2 R
    Correct move!
    Player 0 [name WAIT17 - 4] choose (2,2) move to (2 3)
    Send to player 0 [name: WAIT17 - 4] infomation : (0 2 2 2 3)
    Send to player 1 [name: DC乄mobula] infomation : (0 6 4 6 3)
Step 46:
    Send to player 1 [name: DC乄mobula] a signal: ACTION
    Receive message form player 1 [name: DC乄mobula]: 5 3 R
    Transform message form [number: 1] [name: DC乄mobula]: 3 3 L
    Correct move!
    Player 1 [name DC乄mobula] choose (3,3) move to (3 0)
    Send to player 0 [name: WAIT17 - 4] infomation : (1 3 3 3 0)
    Send to player 1 [name: DC乄mobula] infomation : (1 5 3 5 6)
Step 47:
    Send to player 0 [name: WAIT17 - 4] a signal: ACTION
    Receive message form player 0 [name: WAIT17 - 4]: 2 3 U
    Transform message form [number: 0] [name: WAIT17 - 4]: 2 3 U
    Correct move!
    Player 0 [name WAIT17 - 4] choose (2,3) move to (3 3)
    Send to player 0 [name: WAIT17 - 4] infomation : (0 2 3 3 3)
    Send to player 1 [name: DC乄mobula] infomation : (0 6 3 5 3)
Step 48:
    Send to player 1 [name: DC乄mobula] a signal: ACTION
    Receive message form player 1 [name: DC乄mobula]: 3 6 U
    Transform message form [number: 1] [name: DC乄mobula]: 5 0 D
    Correct move!
    Player 1 [name DC乄mobula] choose (5,0) move to (4 0)
    Send to player 0 [name: WAIT17 - 4] infomation : (1 5 0 4 0)
    Send to player 1 [name: DC乄mobula] infomation : (1 3 6 4 6)
Step 49:
    Send to player 0 [name: WAIT17 - 4] a signal: ACTION
    Receive message form player 0 [name: WAIT17 - 4]: 3 4 U
    Transform message form [number: 0] [name: WAIT17 - 4]: 3 4 U
    Correct move!
    Player 0 [name WAIT17 - 4] choose (3,4) move to (4 4)
    Send to player 0 [name: WAIT17 - 4] infomation : (0 3 4 4 4)
    Send to player 1 [name: DC乄mobula] infomation : (0 5 2 4 2)
Step 50:
    Send to player 1 [name: DC乄mobula] a signal: ACTION
    Receive message form player 1 [name: DC乄mobula]: 5 6 U
    Transform message form [number: 1] [name: DC乄mobula]: 3 0 D
    Correct move!
    Player 1 [name DC乄mobula] choose (3,0) move to (2 0)
    Send to player 0 [name: WAIT17 - 4] infomation : (1 3 0 2 0)
    Send to player 1 [name: DC乄mobula] infomation : (1 5 6 6 6)
Step 51:
    Send to player 0 [name: WAIT17 - 4] a signal: ACTION
    Receive message form player 0 [name: WAIT17 - 4]: 4 4 U
    Transform message form [number: 0] [name: WAIT17 - 4]: 4 4 U
    Correct move!
    Player 0 [name WAIT17 - 4] choose (4,4) move to (5 4)
    Send to player 0 [name: WAIT17 - 4] infomation : (0 4 4 5 4)
    Send to player 1 [name: DC乄mobula] infomation : (0 4 2 3 2)
Step 52:
    Send to player 1 [name: DC乄mobula] a signal: ACTION
    Receive message form player 1 [name: DC乄mobula]: 3 3 R
    Transform message form [number: 1] [name: DC乄mobula]: 5 3 L
    Correct move!
    Player 1 [name DC乄mobula] choose (5,3) move to (5 0)
    Send to player 0 [name: WAIT17 - 4] infomation : (1 5 3 5 0)
    Send to player 1 [name: DC乄mobula] infomation : (1 3 3 3 6)
Step 53:
    Send to player 0 [name: WAIT17 - 4] a signal: ACTION
    Receive message form player 0 [name: WAIT17 - 4]: 3 3 U
    Transform message form [number: 0] [name: WAIT17 - 4]: 3 3 U
    Correct move!
    Player 0 [name WAIT17 - 4] choose (3,3) move to (4 3)
    Send to player 0 [name: WAIT17 - 4] infomation : (0 3 3 4 3)
    Send to player 1 [name: DC乄mobula] infomation : (0 5 3 4 3)
Step 54:
    Send to player 1 [name: DC乄mobula] a signal: ACTION
    Receive message form player 1 [name: DC乄mobula]: 6 6 U
    Transform message form [number: 1] [name: DC乄mobula]: 2 0 D
    Correct move!
    Player 1 [name DC乄mobula] choose (2,0) move to (1 0)
    Send to player 0 [name: WAIT17 - 4] infomation : (1 2 0 1 0)
    Send to player 1 [name: DC乄mobula] infomation : (1 6 6 7 6)
Step 55:
    Send to player 0 [name: WAIT17 - 4] a signal: ACTION
    Receive message form player 0 [name: WAIT17 - 4]: 4 3 U
    Transform message form [number: 0] [name: WAIT17 - 4]: 4 3 U
    Correct move!
    Player 0 [name WAIT17 - 4] choose (4,3) move to (5 3)
    Send to player 0 [name: WAIT17 - 4] infomation : (0 4 3 5 3)
    Send to player 1 [name: DC乄mobula] infomation : (0 4 3 3 3)
Step 56:
    Send to player 1 [name: DC乄mobula] a signal: ACTION
    Receive message form player 1 [name: DC乄mobula]: 7 6 U
    Transform message form [number: 1] [name: DC乄mobula]: 1 0 D
    Correct move!
    Player 1 [name DC乄mobula] choose (1,0) move to (0 0)
    Send to player 0 [name: WAIT17 - 4] infomation : (1 1 0 0 0)
    Send to player 1 [name: DC乄mobula] infomation : (1 7 6 8 6)
Step 57:
    Send to player 0 [name: WAIT17 - 4] a signal: ACTION
    Receive message form player 0 [name: WAIT17 - 4]: 0 2 U
    Transform message form [number: 0] [name: WAIT17 - 4]: 0 2 U
    Correct move!
    Player 0 [name WAIT17 - 4] choose (0,2) move to (1 2)
    Send to player 0 [name: WAIT17 - 4] infomation : (0 0 2 1 2)
    Send to player 1 [name: DC乄mobula] infomation : (0 8 4 7 4)
Step 58:
    Send to player 1 [name: DC乄mobula] a signal: ACTION
    Receive message form player 1 [name: DC乄mobula]: 2 3 R
    Transform message form [number: 1] [name: DC乄mobula]: 6 3 L
    Correct move!
    Player 1 [name DC乄mobula] choose (6,3) move to (6 2)
    Send to player 0 [name: WAIT17 - 4] infomation : (1 6 3 6 2)
    Send to player 1 [name: DC乄mobula] infomation : (1 2 3 2 4)
Step 59:
    Send to player 0 [name: WAIT17 - 4] a signal: ACTION
    Receive message form player 0 [name: WAIT17 - 4]: 1 2 U
    Transform message form [number: 0] [name: WAIT17 - 4]: 1 2 U
    Correct move!
    Player 0 [name WAIT17 - 4] choose (1,2) move to (2 2)
    Send to player 0 [name: WAIT17 - 4] infomation : (0 1 2 2 2)
    Send to player 1 [name: DC乄mobula] infomation : (0 7 4 6 4)
Step 60:
    Send to player 1 [name: DC乄mobula] a signal: ACTION
    Receive message form player 1 [name: DC乄mobula]: 8 6 L
    Transform message form [number: 1] [name: DC乄mobula]: 0 0 R
    Correct move!
    Player 1 [name DC乄mobula] choose (0,0) move to (0 1)
    Send to player 0 [name: WAIT17 - 4] infomation : (1 0 0 0 1)
    Send to player 1 [name: DC乄mobula] infomation : (1 8 6 8 5)
Step 61:
    Send to player 0 [name: WAIT17 - 4] a signal: ACTION
    Receive message form player 0 [name: WAIT17 - 4]: 1 3 L
    Transform message form [number: 0] [name: WAIT17 - 4]: 1 3 L
    Correct move!
    Player 0 [name WAIT17 - 4] choose (1,3) move to (1 2)
    Send to player 0 [name: WAIT17 - 4] infomation : (0 1 3 1 2)
    Send to player 1 [name: DC乄mobula] infomation : (0 7 3 7 4)
Step 62:
    Send to player 1 [name: DC乄mobula] a signal: ACTION
    Receive message form player 1 [name: DC乄mobula]: 8 5 D
    Transform message form [number: 1] [name: DC乄mobula]: 0 1 U
    Correct move!
    Player 1 [name DC乄mobula] choose (0,1) move to (1 1)
    Send to player 0 [name: WAIT17 - 4] infomation : (1 0 1 1 1)
    Send to player 1 [name: DC乄mobula] infomation : (1 8 5 7 5)
Step 63:
    Send to player 0 [name: WAIT17 - 4] a signal: ACTION
    Receive message form player 0 [name: WAIT17 - 4]: 1 2 D
    Transform message form [number: 0] [name: WAIT17 - 4]: 1 2 D
    Correct move!
    Player 0 [name WAIT17 - 4] choose (1,2) move to (0 2)
    Send to player 0 [name: WAIT17 - 4] infomation : (0 1 2 0 2)
    Send to player 1 [name: DC乄mobula] infomation : (0 7 4 8 4)
Step 64:
    Send to player 1 [name: DC乄mobula] a signal: ACTION
    Receive message form player 1 [name: DC乄mobula]: 7 5 L
    Transform message form [number: 1] [name: DC乄mobula]: 1 1 R
    Correct move!
    Player 1 [name DC乄mobula] choose (1,1) move to (1 2)
    Send to player 0 [name: WAIT17 - 4] infomation : (1 1 1 1 2)
    Send to player 1 [name: DC乄mobula] infomation : (1 7 5 7 4)
Step 65:
    Send to player 0 [name: WAIT17 - 4] a signal: ACTION
    Receive message form player 0 [name: WAIT17 - 4]: 2 4 L
    Transform message form [number: 0] [name: WAIT17 - 4]: 2 4 L
    Correct move!
    Player 0 [name WAIT17 - 4] choose (2,4) move to (2 3)
    Send to player 0 [name: WAIT17 - 4] infomation : (0 2 4 2 3)
    Send to player 1 [name: DC乄mobula] infomation : (0 6 2 6 3)
Step 66:
    Send to player 1 [name: DC乄mobula] a signal: ACTION
    Receive message form player 1 [name: DC乄mobula]: 7 4 U
    Transform message form [number: 1] [name: DC乄mobula]: 1 2 D
    Correct move!
    Player 1 [name DC乄mobula] choose (1,2) move to (0 2)
    Send to player 0 [name: WAIT17 - 4] infomation : (1 1 2 0 2)
    Send to player 1 [name: DC乄mobula] infomation : (1 7 4 8 4)
Step 67:
    Send to player 0 [name: WAIT17 - 4] a signal: ACTION
    Receive message form player 0 [name: WAIT17 - 4]: 2 2 D
    Transform message form [number: 0] [name: WAIT17 - 4]: 2 2 D
    Correct move!
    Player 0 [name WAIT17 - 4] choose (2,2) move to (1 2)
    Send to player 0 [name: WAIT17 - 4] infomation : (0 2 2 1 2)
    Send to player 1 [name: DC乄mobula] infomation : (0 6 4 7 4)
Step 68:
    Send to player 1 [name: DC乄mobula] a signal: ACTION
    Receive message form player 1 [name: DC乄mobula]: 8 4 L
    Transform message form [number: 1] [name: DC乄mobula]: 0 2 R
    Correct move!
    Player 1 [name DC乄mobula] choose (0,2) move to (0 3)
    Send to player 0 [name: WAIT17 - 4] infomation : (1 0 2 0 3)
    Send to player 1 [name: DC乄mobula] infomation : (1 8 4 8 3)
    The Player 1 (name DC乄mobula) win the game
Closing connections:
    Player 0 [name: WAIT17 - 4] connection closed succueefully
    Player 1 [name: DC乄mobula] connection closed succueefully
Total Steps: 68
End!
