Initialization:
    Waiting to connect ...
    AI0: greatwall1995 from 127.0.0.1 connected
    AI1: HY_ZYH_Final from 127.0.0.1 connected
    HY_ZYH_Final is the first player
    greatwall1995 is the second player
Step 1:
    Send to player 1 [name: HY_ZYH_Final] a signal: ACTION
    Receive message form player 1 [name: HY_ZYH_Final]: 1 1 D
    Transform message form [number: 1] [name: HY_ZYH_Final]: 7 5 U
    Correct move!
    Player 1 [name HY_ZYH_Final] choose (7,5) move to (8 5)
    Send to player 0 [name: greatwall1995] infomation : (1 7 5 8 5)
    Send to player 1 [name: HY_ZYH_Final] infomation : (1 1 1 0 1)
Step 2:
    Send to player 0 [name: greatwall1995] a signal: ACTION
    Receive message form player 0 [name: greatwall1995]: 1 1 D
    Transform message form [number: 0] [name: greatwall1995]: 1 1 D
    Correct move!
    Player 0 [name greatwall1995] choose (1,1) move to (0 1)
    Send to player 0 [name: greatwall1995] infomation : (0 1 1 0 1)
    Send to player 1 [name: HY_ZYH_Final] infomation : (0 7 5 8 5)
Step 3:
    Send to player 1 [name: HY_ZYH_Final] a signal: ACTION
    Receive message form player 1 [name: HY_ZYH_Final]: 2 0 R
    Transform message form [number: 1] [name: HY_ZYH_Final]: 6 6 L
    Correct move!
    Player 1 [name HY_ZYH_Final] choose (6,6) move to (6 5)
    Send to player 0 [name: greatwall1995] infomation : (1 6 6 6 5)
    Send to player 1 [name: HY_ZYH_Final] infomation : (1 2 0 2 1)
Step 4:
    Send to player 0 [name: greatwall1995] a signal: ACTION
    Receive message form player 0 [name: greatwall1995]: 1 5 L
    Transform message form [number: 0] [name: greatwall1995]: 1 5 L
    Correct move!
    Player 0 [name greatwall1995] choose (1,5) move to (1 4)
    Send to player 0 [name: greatwall1995] infomation : (0 1 5 1 4)
    Send to player 1 [name: HY_ZYH_Final] infomation : (0 7 1 7 2)
Step 5:
    Send to player 1 [name: HY_ZYH_Final] a signal: ACTION
    Receive message form player 1 [name: HY_ZYH_Final]: 2 1 D
    Transform message form [number: 1] [name: HY_ZYH_Final]: 6 5 U
    Correct move!
    Player 1 [name HY_ZYH_Final] choose (6,5) move to (7 5)
    Send to player 0 [name: greatwall1995] infomation : (1 6 5 7 5)
    Send to player 1 [name: HY_ZYH_Final] infomation : (1 2 1 1 1)
Step 6:
    Send to player 0 [name: greatwall1995] a signal: ACTION
    Receive message form player 0 [name: greatwall1995]: 2 0 R
    Transform message form [number: 0] [name: greatwall1995]: 2 0 R
    Correct move!
    Player 0 [name greatwall1995] choose (2,0) move to (2 1)
    Send to player 0 [name: greatwall1995] infomation : (0 2 0 2 1)
    Send to player 1 [name: HY_ZYH_Final] infomation : (0 6 6 6 5)
Step 7:
    Send to player 1 [name: HY_ZYH_Final] a signal: ACTION
    Receive message form player 1 [name: HY_ZYH_Final]: 1 5 D
    Transform message form [number: 1] [name: HY_ZYH_Final]: 7 1 U
    Correct move!
    Player 1 [name HY_ZYH_Final] choose (7,1) move to (8 1)
    Send to player 0 [name: greatwall1995] infomation : (1 7 1 8 1)
    Send to player 1 [name: HY_ZYH_Final] infomation : (1 1 5 0 5)
Step 8:
    Send to player 0 [name: greatwall1995] a signal: ACTION
    Receive message form player 0 [name: greatwall1995]: 2 1 D
    Transform message form [number: 0] [name: greatwall1995]: 2 1 D
    Correct move!
    Player 0 [name greatwall1995] choose (2,1) move to (1 1)
    Send to player 0 [name: greatwall1995] infomation : (0 2 1 1 1)
    Send to player 1 [name: HY_ZYH_Final] infomation : (0 6 5 7 5)
Step 9:
    Send to player 1 [name: HY_ZYH_Final] a signal: ACTION
    Receive message form player 1 [name: HY_ZYH_Final]: 1 1 R
    Transform message form [number: 1] [name: HY_ZYH_Final]: 7 5 L
    Correct move!
    Player 1 [name HY_ZYH_Final] choose (7,5) move to (7 4)
    Send to player 0 [name: greatwall1995] infomation : (1 7 5 7 4)
    Send to player 1 [name: HY_ZYH_Final] infomation : (1 1 1 1 2)
Step 10:
    Send to player 0 [name: greatwall1995] a signal: ACTION
    Receive message form player 0 [name: greatwall1995]: 2 6 U
    Transform message form [number: 0] [name: greatwall1995]: 2 6 U
    Correct move!
    Player 0 [name greatwall1995] choose (2,6) move to (3 6)
    Send to player 0 [name: greatwall1995] infomation : (0 2 6 3 6)
    Send to player 1 [name: HY_ZYH_Final] infomation : (0 6 0 5 0)
Step 11:
    Send to player 1 [name: HY_ZYH_Final] a signal: ACTION
    Receive message form player 1 [name: HY_ZYH_Final]: 1 2 R
    Transform message form [number: 1] [name: HY_ZYH_Final]: 7 4 L
    Correct move!
    Player 1 [name HY_ZYH_Final] choose (7,4) move to (7 3)
    Send to player 0 [name: greatwall1995] infomation : (1 7 4 7 3)
    Send to player 1 [name: HY_ZYH_Final] infomation : (1 1 2 1 3)
Step 12:
    Send to player 0 [name: greatwall1995] a signal: ACTION
    Receive message form player 0 [name: greatwall1995]: 3 6 L
    Transform message form [number: 0] [name: greatwall1995]: 3 6 L
    Correct move!
    Player 0 [name greatwall1995] choose (3,6) move to (3 5)
    Send to player 0 [name: greatwall1995] infomation : (0 3 6 3 5)
    Send to player 1 [name: HY_ZYH_Final] infomation : (0 5 0 5 1)
Step 13:
    Send to player 1 [name: HY_ZYH_Final] a signal: ACTION
    Receive message form player 1 [name: HY_ZYH_Final]: 0 1 R
    Transform message form [number: 1] [name: HY_ZYH_Final]: 8 5 L
    Correct move!
    Player 1 [name HY_ZYH_Final] choose (8,5) move to (8 4)
    Send to player 0 [name: greatwall1995] infomation : (1 8 5 8 4)
    Send to player 1 [name: HY_ZYH_Final] infomation : (1 0 1 0 2)
Step 14:
    Send to player 0 [name: greatwall1995] a signal: ACTION
    Receive message form player 0 [name: greatwall1995]: 2 4 R
    Transform message form [number: 0] [name: greatwall1995]: 2 4 R
    Correct move!
    Player 0 [name greatwall1995] choose (2,4) move to (2 5)
    Send to player 0 [name: greatwall1995] infomation : (0 2 4 2 5)
    Send to player 1 [name: HY_ZYH_Final] infomation : (0 6 2 6 1)
Step 15:
    Send to player 1 [name: HY_ZYH_Final] a signal: ACTION
    Receive message form player 1 [name: HY_ZYH_Final]: 0 5 L
    Transform message form [number: 1] [name: HY_ZYH_Final]: 8 1 R
    Correct move!
    Player 1 [name HY_ZYH_Final] choose (8,1) move to (8 2)
    Send to player 0 [name: greatwall1995] infomation : (1 8 1 8 2)
    Send to player 1 [name: HY_ZYH_Final] infomation : (1 0 5 0 4)
Step 16:
    Send to player 0 [name: greatwall1995] a signal: ACTION
    Receive message form player 0 [name: greatwall1995]: 0 0 U
    Transform message form [number: 0] [name: greatwall1995]: 0 0 U
    Correct move!
    Player 0 [name greatwall1995] choose (0,0) move to (1 0)
    Send to player 0 [name: greatwall1995] infomation : (0 0 0 1 0)
    Send to player 1 [name: HY_ZYH_Final] infomation : (0 8 6 7 6)
Step 17:
    Send to player 1 [name: HY_ZYH_Final] a signal: ACTION
    Receive message from AI1 timeout. AI0 wins.
    Receive message from AI1 timeout. AI0 wins.
Total Steps: 17
End!
