Initialization:
    Waiting to connect ...
    AI0: balala from 127.0.0.1 connected
    AI1: Biu from 127.0.0.1 connected
    Biu is the first player
    balala is the second player
Step 1:
    Send to player 1 [name: Biu] a signal: ACTION
    Receive message form player 1 [name: Biu]: 0 6 U
    Transform message form [number: 1] [name: Biu]: 8 0 D
    Correct move!
    Player 1 [name Biu] choose (8,0) move to (7 0)
    Send to player 0 [name: balala] infomation : (1 8 0 7 0)
    Send to player 1 [name: Biu] infomation : (1 0 6 1 6)
Step 2:
    Send to player 0 [name: balala] a signal: ACTION
    Receive message form player 0 [name: balala]: 0 0 R
    Transform message form [number: 0] [name: balala]: 0 0 R
    Correct move!
    Player 0 [name balala] choose (0,0) move to (0 1)
    Send to player 0 [name: balala] infomation : (0 0 0 0 1)
    Send to player 1 [name: Biu] infomation : (0 8 6 8 5)
Step 3:
    Send to player 1 [name: Biu] a signal: ACTION
    Receive message form player 1 [name: Biu]: 0 0 U
    Transform message form [number: 1] [name: Biu]: 8 6 D
    Correct move!
    Player 1 [name Biu] choose (8,6) move to (7 6)
    Send to player 0 [name: balala] infomation : (1 8 6 7 6)
    Send to player 1 [name: Biu] infomation : (1 0 0 1 0)
Step 4:
    Send to player 0 [name: balala] a signal: ACTION
    Receive message form player 0 [name: balala]: 0 1 R
    Transform message form [number: 0] [name: balala]: 0 1 R
    Correct move!
    Player 0 [name balala] choose (0,1) move to (0 2)
    Send to player 0 [name: balala] infomation : (0 0 1 0 2)
    Send to player 1 [name: Biu] infomation : (0 8 5 8 4)
Step 5:
    Send to player 1 [name: Biu] a signal: ACTION
    Receive message form player 1 [name: Biu]: 2 0 R
    Transform message form [number: 1] [name: Biu]: 6 6 L
    Correct move!
    Player 1 [name Biu] choose (6,6) move to (6 5)
    Send to player 0 [name: balala] infomation : (1 6 6 6 5)
    Send to player 1 [name: Biu] infomation : (1 2 0 2 1)
Step 6:
    Send to player 0 [name: balala] a signal: ACTION
    Receive message form player 0 [name: balala]: 0 2 L
    Transform message form [number: 0] [name: balala]: 0 2 L
    Correct move!
    Player 0 [name balala] choose (0,2) move to (0 1)
    Send to player 0 [name: balala] infomation : (0 0 2 0 1)
    Send to player 1 [name: Biu] infomation : (0 8 4 8 5)
Step 7:
    Send to player 1 [name: Biu] a signal: ACTION
    Receive message form player 1 [name: Biu]: 1 0 U
    Transform message form [number: 1] [name: Biu]: 7 6 D
    Correct move!
    Player 1 [name Biu] choose (7,6) move to (6 6)
    Send to player 0 [name: balala] infomation : (1 7 6 6 6)
    Send to player 1 [name: Biu] infomation : (1 1 0 2 0)
Step 8:
    Send to player 0 [name: balala] a signal: ACTION
    Receive message form player 0 [name: balala]: 0 1 R
    Transform message form [number: 0] [name: balala]: 0 1 R
    Correct move!
    Player 0 [name balala] choose (0,1) move to (0 2)
    Send to player 0 [name: balala] infomation : (0 0 1 0 2)
    Send to player 1 [name: Biu] infomation : (0 8 5 8 4)
Step 9:
    Send to player 1 [name: Biu] a signal: ACTION
    Receive message form player 1 [name: Biu]: 2 0 U
    Transform message form [number: 1] [name: Biu]: 6 6 D
    Correct move!
    Player 1 [name Biu] choose (6,6) move to (5 6)
    Send to player 0 [name: balala] infomation : (1 6 6 5 6)
    Send to player 1 [name: Biu] infomation : (1 2 0 3 0)
Step 10:
    Send to player 0 [name: balala] a signal: ACTION
    Receive message form player 0 [name: balala]: 0 2 L
    Transform message form [number: 0] [name: balala]: 0 2 L
    Correct move!
    Player 0 [name balala] choose (0,2) move to (0 1)
    Send to player 0 [name: balala] infomation : (0 0 2 0 1)
    Send to player 1 [name: Biu] infomation : (0 8 4 8 5)
Step 11:
    Send to player 1 [name: Biu] a signal: ACTION
    Receive message form player 1 [name: Biu]: 3 0 R
    Transform message form [number: 1] [name: Biu]: 5 6 L
    Correct move!
    Player 1 [name Biu] choose (5,6) move to (5 3)
    Send to player 0 [name: balala] infomation : (1 5 6 5 3)
    Send to player 1 [name: Biu] infomation : (1 3 0 3 3)
Step 12:
    Send to player 0 [name: balala] a signal: ACTION
    Receive message form player 0 [name: balala]: 0 1 R
    Transform message form [number: 0] [name: balala]: 0 1 R
    Correct move!
    Player 0 [name balala] choose (0,1) move to (0 2)
    Send to player 0 [name: balala] infomation : (0 0 1 0 2)
    Send to player 1 [name: Biu] infomation : (0 8 5 8 4)
Step 13:
    Send to player 1 [name: Biu] a signal: ACTION
    Receive message form player 1 [name: Biu]: 3 3 U
    Transform message form [number: 1] [name: Biu]: 5 3 D
    Correct move!
    Player 1 [name Biu] choose (5,3) move to (4 3)
    Send to player 0 [name: balala] infomation : (1 5 3 4 3)
    Send to player 1 [name: Biu] infomation : (1 3 3 4 3)
Step 14:
    Send to player 0 [name: balala] a signal: ACTION
    Receive message form player 0 [name: balala]: 0 2 L
    Transform message form [number: 0] [name: balala]: 0 2 L
    Correct move!
    Player 0 [name balala] choose (0,2) move to (0 1)
    Send to player 0 [name: balala] infomation : (0 0 2 0 1)
    Send to player 1 [name: Biu] infomation : (0 8 4 8 5)
Step 15:
    Send to player 1 [name: Biu] a signal: ACTION
    Receive message form player 1 [name: Biu]: 4 3 U
    Transform message form [number: 1] [name: Biu]: 4 3 D
    Correct move!
    Player 1 [name Biu] choose (4,3) move to (3 3)
    Send to player 0 [name: balala] infomation : (1 4 3 3 3)
    Send to player 1 [name: Biu] infomation : (1 4 3 5 3)
Step 16:
    Send to player 0 [name: balala] a signal: ACTION
    Receive message form player 0 [name: balala]: 0 1 R
    Transform message form [number: 0] [name: balala]: 0 1 R
    Correct move!
    Player 0 [name balala] choose (0,1) move to (0 2)
    Send to player 0 [name: balala] infomation : (0 0 1 0 2)
    Send to player 1 [name: Biu] infomation : (0 8 5 8 4)
Step 17:
    Send to player 1 [name: Biu] a signal: ACTION
    Receive message form player 1 [name: Biu]: 5 3 U
    Transform message form [number: 1] [name: Biu]: 3 3 D
    Correct move!
    Player 1 [name Biu] choose (3,3) move to (2 3)
    Send to player 0 [name: balala] infomation : (1 3 3 2 3)
    Send to player 1 [name: Biu] infomation : (1 5 3 6 3)
Step 18:
    Send to player 0 [name: balala] a signal: ACTION
    Receive message form player 0 [name: balala]: 2 4 R
    Transform message form [number: 0] [name: balala]: 2 4 R
    Correct move!
    Player 0 [name balala] choose (2,4) move to (2 5)
    Send to player 0 [name: balala] infomation : (0 2 4 2 5)
    Send to player 1 [name: Biu] infomation : (0 6 2 6 1)
Step 19:
    Send to player 1 [name: Biu] a signal: ACTION
    Receive message form player 1 [name: Biu]: 6 3 R
    Transform message form [number: 1] [name: Biu]: 2 3 L
    Correct move!
    Player 1 [name Biu] choose (2,3) move to (2 2)
    Send to player 0 [name: balala] infomation : (1 2 3 2 2)
    Send to player 1 [name: Biu] infomation : (1 6 3 6 4)
Step 20:
    Send to player 0 [name: balala] a signal: ACTION
    Receive message form player 0 [name: balala]: 0 2 L
    Transform message form [number: 0] [name: balala]: 0 2 L
    Correct move!
    Player 0 [name balala] choose (0,2) move to (0 1)
    Send to player 0 [name: balala] infomation : (0 0 2 0 1)
    Send to player 1 [name: Biu] infomation : (0 8 4 8 5)
Step 21:
    Send to player 1 [name: Biu] a signal: ACTION
    Receive message form player 1 [name: Biu]: 6 4 L
    Transform message form [number: 1] [name: Biu]: 2 2 R
    Correct move!
    Player 1 [name Biu] choose (2,2) move to (2 3)
    Send to player 0 [name: balala] infomation : (1 2 2 2 3)
    Send to player 1 [name: Biu] infomation : (1 6 4 6 3)
Step 22:
    Send to player 0 [name: balala] a signal: ACTION
    Receive message form player 0 [name: balala]: 0 1 R
    Transform message form [number: 0] [name: balala]: 0 1 R
    Correct move!
    Player 0 [name balala] choose (0,1) move to (0 2)
    Send to player 0 [name: balala] infomation : (0 0 1 0 2)
    Send to player 1 [name: Biu] infomation : (0 8 5 8 4)
Step 23:
    Send to player 1 [name: Biu] a signal: ACTION
    Receive message form player 1 [name: Biu]: 2 6 U
    Transform message form [number: 1] [name: Biu]: 6 0 D
    Correct move!
    Player 1 [name Biu] choose (6,0) move to (5 0)
    Send to player 0 [name: balala] infomation : (1 6 0 5 0)
    Send to player 1 [name: Biu] infomation : (1 2 6 3 6)
Step 24:
    Send to player 0 [name: balala] a signal: ACTION
    Receive message form player 0 [name: balala]: 0 2 L
    Transform message form [number: 0] [name: balala]: 0 2 L
    Correct move!
    Player 0 [name balala] choose (0,2) move to (0 1)
    Send to player 0 [name: balala] infomation : (0 0 2 0 1)
    Send to player 1 [name: Biu] infomation : (0 8 4 8 5)
Step 25:
    Send to player 1 [name: Biu] a signal: ACTION
    Receive message form player 1 [name: Biu]: 1 6 U
    Transform message form [number: 1] [name: Biu]: 7 0 D
    Correct move!
    Player 1 [name Biu] choose (7,0) move to (6 0)
    Send to player 0 [name: balala] infomation : (1 7 0 6 0)
    Send to player 1 [name: Biu] infomation : (1 1 6 2 6)
Step 26:
    Send to player 0 [name: balala] a signal: ACTION
    Receive message form player 0 [name: balala]: 0 1 R
    Transform message form [number: 0] [name: balala]: 0 1 R
    Correct move!
    Player 0 [name balala] choose (0,1) move to (0 2)
    Send to player 0 [name: balala] infomation : (0 0 1 0 2)
    Send to player 1 [name: Biu] infomation : (0 8 5 8 4)
Step 27:
    Send to player 1 [name: Biu] a signal: ACTION
    Receive message form player 1 [name: Biu]: 2 6 L
    Transform message form [number: 1] [name: Biu]: 6 0 R
    Correct move!
    Player 1 [name Biu] choose (6,0) move to (6 1)
    Send to player 0 [name: balala] infomation : (1 6 0 6 1)
    Send to player 1 [name: Biu] infomation : (1 2 6 2 5)
Step 28:
    Send to player 0 [name: balala] a signal: ACTION
    Receive message form player 0 [name: balala]: 0 2 L
    Transform message form [number: 0] [name: balala]: 0 2 L
    Correct move!
    Player 0 [name balala] choose (0,2) move to (0 1)
    Send to player 0 [name: balala] infomation : (0 0 2 0 1)
    Send to player 1 [name: Biu] infomation : (0 8 4 8 5)
Step 29:
    Send to player 1 [name: Biu] a signal: ACTION
    Receive message form player 1 [name: Biu]: 6 3 U
    Transform message form [number: 1] [name: Biu]: 2 3 D
    Correct move!
    Player 1 [name Biu] choose (2,3) move to (1 3)
    Send to player 0 [name: balala] infomation : (1 2 3 1 3)
    Send to player 1 [name: Biu] infomation : (1 6 3 7 3)
Step 30:
    Send to player 0 [name: balala] a signal: ACTION
    Receive message form player 0 [name: balala]: 0 6 L
    Transform message form [number: 0] [name: balala]: 0 6 L
    Correct move!
    Player 0 [name balala] choose (0,6) move to (0 5)
    Send to player 0 [name: balala] infomation : (0 0 6 0 5)
    Send to player 1 [name: Biu] infomation : (0 8 0 8 1)
Step 31:
    Send to player 1 [name: Biu] a signal: ACTION
    Receive message form player 1 [name: Biu]: 7 3 U
    Transform message form [number: 1] [name: Biu]: 1 3 D
    Correct move!
    Player 1 [name Biu] choose (1,3) move to (0 3)
    Send to player 0 [name: balala] infomation : (1 1 3 0 3)
    Send to player 1 [name: Biu] infomation : (1 7 3 8 3)
    The Player 1 (name Biu) win the game
Closing connections:
    Player 0 [name: balala] connection closed succueefully
    Player 1 [name: Biu] connection closed succueefully
Total Steps: 31
End!
