Initialization:
    Waiting to connect ...
    AI0: mamisan from 127.0.0.1 connected
    AI1: ZHAZHA from 127.0.0.1 connected
    ZHAZHA is the first player
    mamisan is the second player
Step 1:
    Send to player 1 [name: ZHAZHA] a signal: ACTION
    Receive message form player 1 [name: ZHAZHA]: 1 5 L
    Transform message form [number: 1] [name: ZHAZHA]: 7 1 R
    Correct move!
    Player 1 [name ZHAZHA] choose (7,1) move to (7 2)
    Send to player 0 [name: mamisan] infomation : (1 7 1 7 2)
    Send to player 1 [name: ZHAZHA] infomation : (1 1 5 1 4)
Step 2:
    Send to player 0 [name: mamisan] a signal: ACTION
    Receive message form player 0 [name: mamisan]: 2 2 R
    Transform message form [number: 0] [name: mamisan]: 2 2 R
    Correct move!
    Player 0 [name mamisan] choose (2,2) move to (2 3)
    Send to player 0 [name: mamisan] infomation : (0 2 2 2 3)
    Send to player 1 [name: ZHAZHA] infomation : (0 6 4 6 3)
Step 3:
    Send to player 1 [name: ZHAZHA] a signal: ACTION
    Receive message form player 1 [name: ZHAZHA]: 1 4 D
    Transform message form [number: 1] [name: ZHAZHA]: 7 2 U
    Correct move!
    Player 1 [name ZHAZHA] choose (7,2) move to (8 2)
    Send to player 0 [name: mamisan] infomation : (1 7 2 8 2)
    Send to player 1 [name: ZHAZHA] infomation : (1 1 4 0 4)
Step 4:
    Send to player 0 [name: mamisan] a signal: ACTION
    Receive message form player 0 [name: mamisan]: 2 3 U
    Transform message form [number: 0] [name: mamisan]: 2 3 U
    Correct move!
    Player 0 [name mamisan] choose (2,3) move to (3 3)
    Send to player 0 [name: mamisan] infomation : (0 2 3 3 3)
    Send to player 1 [name: ZHAZHA] infomation : (0 6 3 5 3)
Step 5:
    Send to player 1 [name: ZHAZHA] a signal: ACTION
    Receive message form player 1 [name: ZHAZHA]: 2 0 R
    Transform message form [number: 1] [name: ZHAZHA]: 6 6 L
    Correct move!
    Player 1 [name ZHAZHA] choose (6,6) move to (6 5)
    Send to player 0 [name: mamisan] infomation : (1 6 6 6 5)
    Send to player 1 [name: ZHAZHA] infomation : (1 2 0 2 1)
Step 6:
    Send to player 0 [name: mamisan] a signal: ACTION
    Receive message form player 0 [name: mamisan]: 3 3 U
    Transform message form [number: 0] [name: mamisan]: 3 3 U
    Correct move!
    Player 0 [name mamisan] choose (3,3) move to (4 3)
    Send to player 0 [name: mamisan] infomation : (0 3 3 4 3)
    Send to player 1 [name: ZHAZHA] infomation : (0 5 3 4 3)
Step 7:
    Send to player 1 [name: ZHAZHA] a signal: ACTION
    Receive message form player 1 [name: ZHAZHA]: 1 1 R
    Transform message form [number: 1] [name: ZHAZHA]: 7 5 L
    Correct move!
    Player 1 [name ZHAZHA] choose (7,5) move to (7 4)
    Send to player 0 [name: mamisan] infomation : (1 7 5 7 4)
    Send to player 1 [name: ZHAZHA] infomation : (1 1 1 1 2)
Step 8:
    Send to player 0 [name: mamisan] a signal: ACTION
    Receive message form player 0 [name: mamisan]: 4 3 U
    Transform message form [number: 0] [name: mamisan]: 4 3 U
    Correct move!
    Player 0 [name mamisan] choose (4,3) move to (5 3)
    Send to player 0 [name: mamisan] infomation : (0 4 3 5 3)
    Send to player 1 [name: ZHAZHA] infomation : (0 4 3 3 3)
Step 9:
    Send to player 1 [name: ZHAZHA] a signal: ACTION
    Receive message form player 1 [name: ZHAZHA]: 1 2 D
    Transform message form [number: 1] [name: ZHAZHA]: 7 4 U
    Correct move!
    Player 1 [name ZHAZHA] choose (7,4) move to (8 4)
    Send to player 0 [name: mamisan] infomation : (1 7 4 8 4)
    Send to player 1 [name: ZHAZHA] infomation : (1 1 2 0 2)
Step 10:
    Send to player 0 [name: mamisan] a signal: ACTION
    Receive message form player 0 [name: mamisan]: 5 3 U
    Transform message form [number: 0] [name: mamisan]: 5 3 U
    Correct move!
    Player 0 [name mamisan] choose (5,3) move to (6 3)
    Send to player 0 [name: mamisan] infomation : (0 5 3 6 3)
    Send to player 1 [name: ZHAZHA] infomation : (0 3 3 2 3)
Step 11:
    Send to player 1 [name: ZHAZHA] a signal: ACTION
    Receive message form player 1 [name: ZHAZHA]: 2 1 D
    Transform message form [number: 1] [name: ZHAZHA]: 6 5 U
    Correct move!
    Player 1 [name ZHAZHA] choose (6,5) move to (7 5)
    Send to player 0 [name: mamisan] infomation : (1 6 5 7 5)
    Send to player 1 [name: ZHAZHA] infomation : (1 2 1 1 1)
Step 12:
    Send to player 0 [name: mamisan] a signal: ACTION
    Receive message form player 0 [name: mamisan]: 6 3 U
    Transform message form [number: 0] [name: mamisan]: 6 3 U
    Correct move!
    Player 0 [name mamisan] choose (6,3) move to (7 3)
    Send to player 0 [name: mamisan] infomation : (0 6 3 7 3)
    Send to player 1 [name: ZHAZHA] infomation : (0 2 3 1 3)
Step 13:
    Send to player 1 [name: ZHAZHA] a signal: ACTION
    Receive message form player 1 [name: ZHAZHA]: 1 1 R
    Transform message form [number: 1] [name: ZHAZHA]: 7 5 L
    Correct move!
    Player 1 [name ZHAZHA] choose (7,5) move to (7 4)
    Send to player 0 [name: mamisan] infomation : (1 7 5 7 4)
    Send to player 1 [name: ZHAZHA] infomation : (1 1 1 1 2)
Step 14:
    Send to player 0 [name: mamisan] a signal: ACTION
    Receive message form player 0 [name: mamisan]: 7 3 U
    Transform message form [number: 0] [name: mamisan]: 7 3 U
    Correct move!
    Player 0 [name mamisan] choose (7,3) move to (8 3)
    Send to player 0 [name: mamisan] infomation : (0 7 3 8 3)
    Send to player 1 [name: ZHAZHA] infomation : (0 1 3 0 3)
    The Player 0 (name mamisan) win the game
Closing connections:
    Player 0 [name: mamisan] connection closed succueefully
    Player 1 [name: ZHAZHA] connection closed succueefully
Total Steps: 14
End!
